[0m[[0m[0mdebug[0m] [0m[0mRunning TaskDef(project3.SemanticAnalyzerTest, org.scalatest.tools.Framework$$anon$1@440e3c1c, false, [SuiteSelector])[0m
[0m[[0m[0mdebug[0m] [0m[0mRunning TaskDef(project3.InterpretTest, org.scalatest.tools.Framework$$anon$1@440e3c1c, false, [SuiteSelector])[0m
[0m[[0m[0mdebug[0m] [0m[0mRunning TaskDef(project3.ParserTest, org.scalatest.tools.Framework$$anon$1@440e3c1c, false, [SuiteSelector])[0m
[0m[[0m[0mdebug[0m] [0m[0mRunning TaskDef(project3.CompilerTest, org.scalatest.tools.Framework$$anon$1@440e3c1c, false, [SuiteSelector])[0m
[0m[[0m[0minfo[0m] [0m[0m[36mRun completed in 1 second, 421 milliseconds.[0m[0m
[0m[[0m[0minfo[0m] [0m[0m[36mTotal number of tests run: 7[0m[0m
[0m[[0m[0minfo[0m] [0m[0m[36mSuites: completed 4, aborted 0[0m[0m
[0m[[0m[0minfo[0m] [0m[0m[36mTests: succeeded 6, failed 1, canceled 0, ignored 0, pending 0[0m[0m
[0m[[0m[0minfo[0m] [0m[0m[31m*** 1 TEST FAILED ***[0m[0m
[0m[[0m[0mdebug[0m] [0m[0mPassed tests:[0m
[0m[[0m[0mdebug[0m] [0m[0m	project3.CompilerTest[0m
[0m[[0m[0mdebug[0m] [0m[0m	project3.ParserTest[0m
[0m[[0m[0mdebug[0m] [0m[0m	project3.InterpretTest[0m
[0m[[0m[31merror[0m] [0m[0mFailed tests:[0m
[0m[[0m[31merror[0m] [0m[0m	project3.SemanticAnalyzerTest[0m
[0m[[0m[31merror[0m] [0m[0m(Test / [31mtest[0m) sbt.TestsFailedException: Tests unsuccessful[0m
