<?xml version='1.0' encoding='UTF-8'?>
<testsuite hostname="pal-nat186-62-201.itap.purdue.edu" name="project3.ParserTest" tests="9" errors="0" failures="1" skipped="0" time="0.05" timestamp="2020-02-10T18:09:18">
                     <properties>
[...]
</properties>
                     <testcase classname="project3.ParserTest" name="SingleDigit" time="0.01">
                                                 
                                               </testcase><testcase classname="project3.ParserTest" name="GenericPrecedence" time="0.001">
                                                 
                                               </testcase><testcase classname="project3.ParserTest" name="ParseType" time="0.003">
                                                 
                                               </testcase><testcase classname="project3.ParserTest" name="ParseOptionalType" time="0.0">
                                                 
                                               </testcase><testcase classname="project3.ParserTest" name="IfWithoutElse" time="0.004">
                                                 
                                               </testcase><testcase classname="project3.ParserTest" name="DummyVars" time="0.001">
                                                 
                                               </testcase><testcase classname="project3.ParserTest" name="Arrays" time="0.029">
                                                 <failure message="LetRec(List(),Let(a,UnknownType,ArrayDec(Lit(10),ArrayType(ArrayType(Int))),Let(x$1,UnknownType,Prim(block-set,List(Ref(a), Lit(0), ArrayDec(Lit(10),ArrayType(Int)))),Let(x$2,UnknownType,Prim(block-set,List(App(Ref(a),List(Lit(0))), Lit(0), Lit(42))),App(App(Ref(a),List(Lit(0))),List(Lit(0))))))) did not equal LetRec(List(),Let(a,UnknownType,ArrayDec(Lit(10),ArrayType(ArrayType(Int))),Let(x$2,UnknownType,Prim(block-set,List(Ref(a), Lit(0), ArrayDec(Lit(10),ArrayType(Int)))),Let(x$1,UnknownType,Prim(block-set,List(App(Ref(a),List(Lit(0))), Lit(0), Lit(42))),App(App(Ref(a),List(Lit(0))),List(Lit(0))))))) Invalid result" type="org.scalatest.exceptions.TestFailedException">org.scalatest.exceptions.TestFailedException: LetRec(List(),Let(a,UnknownType,ArrayDec(Lit(10),ArrayType(ArrayType(Int))),Let(x$1,UnknownType,Prim(block-set,List(Ref(a), Lit(0), ArrayDec(Lit(10),ArrayType(Int)))),Let(x$2,UnknownType,Prim(block-set,List(App(Ref(a),List(Lit(0))), Lit(0), Lit(42))),App(App(Ref(a),List(Lit(0))),List(Lit(0))))))) did not equal LetRec(List(),Let(a,UnknownType,ArrayDec(Lit(10),ArrayType(ArrayType(Int))),Let(x$2,UnknownType,Prim(block-set,List(Ref(a), Lit(0), ArrayDec(Lit(10),ArrayType(Int)))),Let(x$1,UnknownType,Prim(block-set,List(App(Ref(a),List(Lit(0))), Lit(0), Lit(42))),App(App(Ref(a),List(Lit(0))),List(Lit(0))))))) Invalid result
	at org.scalatest.Assertions.newAssertionFailedException(Assertions.scala:528)
	at org.scalatest.Assertions.newAssertionFailedException$(Assertions.scala:527)
	at org.scalatest.FunSuite.newAssertionFailedException(FunSuite.scala:1560)
	at org.scalatest.Assertions$AssertionsHelper.macroAssert(Assertions.scala:501)
	at project3.ParserTest.testArrayParser(ParserTest.scala:28)
	at project3.ParserTest.$anonfun$new$7(ParserTest.scala:38)
	at org.scalatest.OutcomeOf.outcomeOf(OutcomeOf.scala:85)
	at org.scalatest.OutcomeOf.outcomeOf$(OutcomeOf.scala:83)
	at org.scalatest.OutcomeOf$.outcomeOf(OutcomeOf.scala:104)
	at org.scalatest.Transformer.apply(Transformer.scala:22)
	at org.scalatest.Transformer.apply(Transformer.scala:20)
	at org.scalatest.FunSuiteLike$$anon$1.apply(FunSuiteLike.scala:186)
	at org.scalatest.TestSuite.withFixture(TestSuite.scala:196)
	at org.scalatest.TestSuite.withFixture$(TestSuite.scala:195)
	at org.scalatest.FunSuite.withFixture(FunSuite.scala:1560)
	at org.scalatest.FunSuiteLike.invokeWithFixture$1(FunSuiteLike.scala:184)
	at org.scalatest.FunSuiteLike.$anonfun$runTest$1(FunSuiteLike.scala:196)
	at org.scalatest.SuperEngine.runTestImpl(Engine.scala:289)
	at org.scalatest.FunSuiteLike.runTest(FunSuiteLike.scala:196)
	at org.scalatest.FunSuiteLike.runTest$(FunSuiteLike.scala:178)
	at org.scalatest.FunSuite.runTest(FunSuite.scala:1560)
	at org.scalatest.FunSuiteLike.$anonfun$runTests$1(FunSuiteLike.scala:229)
	at org.scalatest.SuperEngine.$anonfun$runTestsInBranch$1(Engine.scala:396)
	at scala.collection.immutable.List.foreach(List.scala:392)
	at org.scalatest.SuperEngine.traverseSubNodes$1(Engine.scala:384)
	at org.scalatest.SuperEngine.runTestsInBranch(Engine.scala:379)
	at org.scalatest.SuperEngine.runTestsImpl(Engine.scala:461)
	at org.scalatest.FunSuiteLike.runTests(FunSuiteLike.scala:229)
	at org.scalatest.FunSuiteLike.runTests$(FunSuiteLike.scala:228)
	at org.scalatest.FunSuite.runTests(FunSuite.scala:1560)
	at org.scalatest.Suite.run(Suite.scala:1147)
	at org.scalatest.Suite.run$(Suite.scala:1129)
	at org.scalatest.FunSuite.org$scalatest$FunSuiteLike$$super$run(FunSuite.scala:1560)
	at org.scalatest.FunSuiteLike.$anonfun$run$1(FunSuiteLike.scala:233)
	at org.scalatest.SuperEngine.runImpl(Engine.scala:521)
	at org.scalatest.FunSuiteLike.run(FunSuiteLike.scala:233)
	at org.scalatest.FunSuiteLike.run$(FunSuiteLike.scala:232)
	at org.scalatest.FunSuite.run(FunSuite.scala:1560)
	at org.scalatest.tools.Framework.org$scalatest$tools$Framework$$runSuite(Framework.scala:314)
	at org.scalatest.tools.Framework$ScalaTestTask.execute(Framework.scala:507)
	at sbt.TestRunner.runTest$1(TestFramework.scala:113)
	at sbt.TestRunner.run(TestFramework.scala:124)
	at sbt.TestFramework$$anon$2$$anonfun$$lessinit$greater$1.$anonfun$apply$1(TestFramework.scala:282)
	at sbt.TestFramework$.sbt$TestFramework$$withContextLoader(TestFramework.scala:246)
	at sbt.TestFramework$$anon$2$$anonfun$$lessinit$greater$1.apply(TestFramework.scala:282)
	at sbt.TestFramework$$anon$2$$anonfun$$lessinit$greater$1.apply(TestFramework.scala:282)
	at sbt.TestFunction.apply(TestFramework.scala:294)
	at sbt.Tests$.processRunnable$1(Tests.scala:347)
	at sbt.Tests$.$anonfun$makeSerial$1(Tests.scala:353)
	at sbt.std.Transform$$anon$3.$anonfun$apply$2(System.scala:46)
	at sbt.std.Transform$$anon$4.work(System.scala:67)
	at sbt.Execute.$anonfun$submit$2(Execute.scala:269)
	at sbt.internal.util.ErrorHandling$.wideConvert(ErrorHandling.scala:16)
	at sbt.Execute.work(Execute.scala:278)
	at sbt.Execute.$anonfun$submit$1(Execute.scala:269)
	at sbt.ConcurrentRestrictions$$anon$4.$anonfun$submitValid$1(ConcurrentRestrictions.scala:178)
	at sbt.CompletionService$$anon$2.call(CompletionService.scala:37)
	at java.base/java.util.concurrent.FutureTask.run(FutureTask.java:264)
	at java.base/java.util.concurrent.Executors$RunnableAdapter.call(Executors.java:515)
	at java.base/java.util.concurrent.FutureTask.run(FutureTask.java:264)
	at java.base/java.util.concurrent.ThreadPoolExecutor.runWorker(ThreadPoolExecutor.java:1128)
	at java.base/java.util.concurrent.ThreadPoolExecutor$Worker.run(ThreadPoolExecutor.java:628)
	at java.base/java.lang.Thread.run(Thread.java:830)
</failure>
                                               </testcase><testcase classname="project3.ParserTest" name="Loops" time="0.001">
                                                 
                                               </testcase><testcase classname="project3.ParserTest" name="Num" time="0.001">
                                                 
                                               </testcase>
                     <system-out><![CDATA[]]></system-out>
                     <system-err><![CDATA[]]></system-err>
                   </testsuite>