<?xml version='1.0' encoding='UTF-8'?>
<testsuite hostname="Stevens-MacBook-Pro.local" name="miniscala.test.CMScalaToCPS_Blackbox" tests="82" errors="0" failures="0" skipped="0" time="0.959" timestamp="2020-02-20T18:20:43">
                     <properties>
[...]
</properties>
                     <testcase classname="miniscala.test.CMScalaToCPS_Blackbox" name="blackBoxTestsIfVarFiveEqualsFive" time="0.043">
                                                 
                                               </testcase><testcase classname="miniscala.test.CMScalaToCPS_Blackbox" name="blackBoxTestsIfsInsideIfsInsideIfs2" time="0.014">
                                                 
                                               </testcase><testcase classname="miniscala.test.CMScalaToCPS_Blackbox" name="blackBoxTestsIfsInsideIfsInsideIfs3" time="0.004">
                                                 
                                               </testcase><testcase classname="miniscala.test.CMScalaToCPS_Blackbox" name="blackBoxTestsIfsInsideIfsInsideIfs4" time="0.005">
                                                 
                                               </testcase><testcase classname="miniscala.test.CMScalaToCPS_Blackbox" name="blackBoxTestsIfsInsideIfsInsideIfs5" time="0.003">
                                                 
                                               </testcase><testcase classname="miniscala.test.CMScalaToCPS_Blackbox" name="blackBoxTestsIfsInsideIfsInsideIfs" time="0.005">
                                                 
                                               </testcase><testcase classname="miniscala.test.CMScalaToCPS_Blackbox" name="blackBoxTestsValW1" time="0.002">
                                                 
                                               </testcase><testcase classname="miniscala.test.CMScalaToCPS_Blackbox" name="blackBoxTestsValW2" time="0.006">
                                                 
                                               </testcase><testcase classname="miniscala.test.CMScalaToCPS_Blackbox" name="blackBoxTestsVarW1" time="0.001">
                                                 
                                               </testcase><testcase classname="miniscala.test.CMScalaToCPS_Blackbox" name="blackBoxTestsVarW2" time="0.003">
                                                 
                                               </testcase><testcase classname="miniscala.test.CMScalaToCPS_Blackbox" name="testLibFunctions3" time="0.168">
                                                 
                                               </testcase><testcase classname="miniscala.test.CMScalaToCPS_Blackbox" name="testSideEffectingCondition" time="0.005">
                                                 
                                               </testcase><testcase classname="miniscala.test.CMScalaToCPS_Blackbox" name="testPrimitiveLogic3" time="0.003">
                                                 
                                               </testcase><testcase classname="miniscala.test.CMScalaToCPS_Blackbox" name="testPrimitiveLogic4" time="0.004">
                                                 
                                               </testcase><testcase classname="miniscala.test.CMScalaToCPS_Blackbox" name="testPrimitiveLogic5" time="0.004">
                                                 
                                               </testcase><testcase classname="miniscala.test.CMScalaToCPS_Blackbox" name="testPrimitiveLogic6" time="0.003">
                                                 
                                               </testcase><testcase classname="miniscala.test.CMScalaToCPS_Blackbox" name="testPrimitiveLogic7" time="0.003">
                                                 
                                               </testcase><testcase classname="miniscala.test.CMScalaToCPS_Blackbox" name="testPrimitiveLogic8" time="0.002">
                                                 
                                               </testcase><testcase classname="miniscala.test.CMScalaToCPS_Blackbox" name="testPrimitiveLogic9" time="0.003">
                                                 
                                               </testcase><testcase classname="miniscala.test.CMScalaToCPS_Blackbox" name="blackBoxTestsWhileLoop1" time="0.003">
                                                 
                                               </testcase><testcase classname="miniscala.test.CMScalaToCPS_Blackbox" name="blackBoxTestsWhileLoop2" time="0.017">
                                                 
                                               </testcase><testcase classname="miniscala.test.CMScalaToCPS_Blackbox" name="blackBoxTestsWhileLoop3" time="0.002">
                                                 
                                               </testcase><testcase classname="miniscala.test.CMScalaToCPS_Blackbox" name="blackBoxTestsWhileLoop4" time="0.006">
                                                 
                                               </testcase><testcase classname="miniscala.test.CMScalaToCPS_Blackbox" name="blackBoxTestsWhileLoop5" time="0.011">
                                                 
                                               </testcase><testcase classname="miniscala.test.CMScalaToCPS_Blackbox" name="blackBoxTestsWhileLoop6" time="0.004">
                                                 
                                               </testcase><testcase classname="miniscala.test.CMScalaToCPS_Blackbox" name="blackBoxTestsWhileLoop7" time="0.003">
                                                 
                                               </testcase><testcase classname="miniscala.test.CMScalaToCPS_Blackbox" name="blackBoxTestsIfThreeEqualsTwo" time="0.001">
                                                 
                                               </testcase><testcase classname="miniscala.test.CMScalaToCPS_Blackbox" name="testLibLists10" time="0.057">
                                                 
                                               </testcase><testcase classname="miniscala.test.CMScalaToCPS_Blackbox" name="testLibLists11" time="0.051">
                                                 
                                               </testcase><testcase classname="miniscala.test.CMScalaToCPS_Blackbox" name="testLibLists12" time="0.045">
                                                 
                                               </testcase><testcase classname="miniscala.test.CMScalaToCPS_Blackbox" name="testLibLists13" time="0.034">
                                                 
                                               </testcase><testcase classname="miniscala.test.CMScalaToCPS_Blackbox" name="testConditional1" time="0.004">
                                                 
                                               </testcase><testcase classname="miniscala.test.CMScalaToCPS_Blackbox" name="testConditional2" time="0.002">
                                                 
                                               </testcase><testcase classname="miniscala.test.CMScalaToCPS_Blackbox" name="testConditional4" time="0.001">
                                                 
                                               </testcase><testcase classname="miniscala.test.CMScalaToCPS_Blackbox" name="blackBoxTestTestTestingTestSTEVE2" time="0.002">
                                                 
                                               </testcase><testcase classname="miniscala.test.CMScalaToCPS_Blackbox" name="blackBoxTestsIfVarFiveEqualsThree" time="0.002">
                                                 
                                               </testcase><testcase classname="miniscala.test.CMScalaToCPS_Blackbox" name="testLibStrings1" time="0.033">
                                                 
                                               </testcase><testcase classname="miniscala.test.CMScalaToCPS_Blackbox" name="testLibStrings2" time="0.04">
                                                 
                                               </testcase><testcase classname="miniscala.test.CMScalaToCPS_Blackbox" name="testLibStrings3" time="0.053">
                                                 
                                               </testcase><testcase classname="miniscala.test.CMScalaToCPS_Blackbox" name="testLibLists1" time="0.033">
                                                 
                                               </testcase><testcase classname="miniscala.test.CMScalaToCPS_Blackbox" name="testLibLists2" time="0.035">
                                                 
                                               </testcase><testcase classname="miniscala.test.CMScalaToCPS_Blackbox" name="testLibLists3" time="0.022">
                                                 
                                               </testcase><testcase classname="miniscala.test.CMScalaToCPS_Blackbox" name="testLibLists4" time="0.028">
                                                 
                                               </testcase><testcase classname="miniscala.test.CMScalaToCPS_Blackbox" name="testLibLists5" time="0.028">
                                                 
                                               </testcase><testcase classname="miniscala.test.CMScalaToCPS_Blackbox" name="testLibLists6" time="0.032">
                                                 
                                               </testcase><testcase classname="miniscala.test.CMScalaToCPS_Blackbox" name="testLibLists7" time="0.02">
                                                 
                                               </testcase><testcase classname="miniscala.test.CMScalaToCPS_Blackbox" name="testLibLists8" time="0.015">
                                                 
                                               </testcase><testcase classname="miniscala.test.CMScalaToCPS_Blackbox" name="testLibLists9" time="0.017">
                                                 
                                               </testcase><testcase classname="miniscala.test.CMScalaToCPS_Blackbox" name="blackBoxTestsIfThreeNotEqualsTwo" time="0.004">
                                                 
                                               </testcase><testcase classname="miniscala.test.CMScalaToCPS_Blackbox" name="blackBoxTestTestTestingTestSTEVE" time="0.001">
                                                 
                                               </testcase><testcase classname="miniscala.test.CMScalaToCPS_Blackbox" name="testPrimitiveArithmetic1" time="0.001">
                                                 
                                               </testcase><testcase classname="miniscala.test.CMScalaToCPS_Blackbox" name="testPrimitiveArithmetic2" time="0.001">
                                                 
                                               </testcase><testcase classname="miniscala.test.CMScalaToCPS_Blackbox" name="testPrimitiveArithmetic3" time="0.001">
                                                 
                                               </testcase><testcase classname="miniscala.test.CMScalaToCPS_Blackbox" name="testPrimitiveArithmetic4" time="0.002">
                                                 
                                               </testcase><testcase classname="miniscala.test.CMScalaToCPS_Blackbox" name="testPrimitiveArithmetic5" time="0.001">
                                                 
                                               </testcase><testcase classname="miniscala.test.CMScalaToCPS_Blackbox" name="testPrimitiveArithmetic6" time="0.001">
                                                 
                                               </testcase><testcase classname="miniscala.test.CMScalaToCPS_Blackbox" name="testPrimitiveArithmetic7" time="0.001">
                                                 
                                               </testcase><testcase classname="miniscala.test.CMScalaToCPS_Blackbox" name="testPrimitiveArithmetic8" time="0.001">
                                                 
                                               </testcase><testcase classname="miniscala.test.CMScalaToCPS_Blackbox" name="testPrimitiveArithmetic9" time="0.002">
                                                 
                                               </testcase><testcase classname="miniscala.test.CMScalaToCPS_Blackbox" name="testPrimitiveArithmetic10" time="0.001">
                                                 
                                               </testcase><testcase classname="miniscala.test.CMScalaToCPS_Blackbox" name="testPrimitiveBlocks1" time="0.001">
                                                 
                                               </testcase><testcase classname="miniscala.test.CMScalaToCPS_Blackbox" name="testPrimitiveBlocks2" time="0.002">
                                                 
                                               </testcase><testcase classname="miniscala.test.CMScalaToCPS_Blackbox" name="testPrimitiveBlocks3" time="0.002">
                                                 
                                               </testcase><testcase classname="miniscala.test.CMScalaToCPS_Blackbox" name="testPrimitiveBlocks4" time="0.001">
                                                 
                                               </testcase><testcase classname="miniscala.test.CMScalaToCPS_Blackbox" name="testPrimitiveBlocks5" time="0.002">
                                                 
                                               </testcase><testcase classname="miniscala.test.CMScalaToCPS_Blackbox" name="testPrimitiveBlocks7" time="0.001">
                                                 
                                               </testcase><testcase classname="miniscala.test.CMScalaToCPS_Blackbox" name="testPrimitiveLogic10" time="0.001">
                                                 
                                               </testcase><testcase classname="miniscala.test.CMScalaToCPS_Blackbox" name="testPrimitiveLogic11" time="0.001">
                                                 
                                               </testcase><testcase classname="miniscala.test.CMScalaToCPS_Blackbox" name="testPrimitiveLogic12" time="0.003">
                                                 
                                               </testcase><testcase classname="miniscala.test.CMScalaToCPS_Blackbox" name="testPrimitiveLogic13" time="0.002">
                                                 
                                               </testcase><testcase classname="miniscala.test.CMScalaToCPS_Blackbox" name="testPrimitiveLogic14" time="0.001">
                                                 
                                               </testcase><testcase classname="miniscala.test.CMScalaToCPS_Blackbox" name="testPrimitiveLogic15" time="0.001">
                                                 
                                               </testcase><testcase classname="miniscala.test.CMScalaToCPS_Blackbox" name="testPrimitiveLogic16" time="0.001">
                                                 
                                               </testcase><testcase classname="miniscala.test.CMScalaToCPS_Blackbox" name="testPrimitiveLogic17" time="0.001">
                                                 
                                               </testcase><testcase classname="miniscala.test.CMScalaToCPS_Blackbox" name="testPrimitiveLogic18" time="0.003">
                                                 
                                               </testcase><testcase classname="miniscala.test.CMScalaToCPS_Blackbox" name="testPrimitiveLogic19" time="0.003">
                                                 
                                               </testcase><testcase classname="miniscala.test.CMScalaToCPS_Blackbox" name="testPrimitiveLogic22" time="0.001">
                                                 
                                               </testcase><testcase classname="miniscala.test.CMScalaToCPS_Blackbox" name="blackBoxTestsIfsInsideIfs" time="0.001">
                                                 
                                               </testcase><testcase classname="miniscala.test.CMScalaToCPS_Blackbox" name="testPrimitiveLog20" time="0.002">
                                                 
                                               </testcase><testcase classname="miniscala.test.CMScalaToCPS_Blackbox" name="testPrimitiveLog21" time="0.002">
                                                 
                                               </testcase><testcase classname="miniscala.test.CMScalaToCPS_Blackbox" name="testLetrec" time="0.013">
                                                 
                                               </testcase><testcase classname="miniscala.test.CMScalaToCPS_Blackbox" name="testAppOrder" time="0.015">
                                                 
                                               </testcase>
                     <system-out><![CDATA[]]></system-out>
                     <system-err><![CDATA[]]></system-err>
                   </testsuite>