<?xml version='1.0' encoding='UTF-8'?>
<testsuite hostname="Stevens-MacBook-Pro.local" name="miniscala.test.CMScalaToCPS_Blackbox" tests="59" errors="0" failures="59" skipped="0" time="1.151" timestamp="2020-02-15T20:44:31">
                     <properties>
[...]
</properties>
                     <testcase classname="miniscala.test.CMScalaToCPS_Blackbox" name="testLibFunctions3" time="0.236">
                                                 <failure message="scala.MatchError: Prim(byte-write,List(Prim(char-&gt;int,List(Ref(c))))) (of class miniscala.CMScalaTreeModule$Prim)" type="sbt.ForkMain$ForkError">sbt.ForkMain$ForkError: scala.MatchError: Prim(byte-write,List(Prim(char-&gt;int,List(Ref(c))))) (of class miniscala.CMScalaTreeModule$Prim)
	at miniscala.CMScalaToCPSTranslator$.tail(CMScalaToCPSTranslator.scala:117)
	at miniscala.CMScalaToCPSTranslator$.$anonfun$nonTail$2(CMScalaToCPSTranslator.scala:36)
	at scala.collection.immutable.List.map(List.scala:286)
	at miniscala.CMScalaToCPSTranslator$.nonTail(CMScalaToCPSTranslator.scala:33)
	at miniscala.CMScalaToCPSTranslator$.apply(CMScalaToCPSTranslator.scala:12)
	at miniscala.CMScalaToCPSTranslator$.apply(CMScalaToCPSTranslator.scala:6)
	at scala.Function1.$anonfun$andThen$1(Function1.scala:57)
	at miniscala.test.infrastructure.CompilerTest.compileInner(CompilerTest.scala:37)
	at miniscala.test.infrastructure.CompilerTest.$anonfun$compileUsingPipelineAndRedirect$1(CompilerTest.scala:44)
	at miniscala.test.infrastructure.SandboxedTest$$anon$1.run(SandboxedTest.scala:24)
	at java.base/java.security.AccessController.doPrivileged(AccessController.java:391)
	at miniscala.test.infrastructure.SandboxedTest.sandboxedTest(SandboxedTest.scala:34)
	at miniscala.test.infrastructure.SandboxedTest.sandboxedTestWithRedirectedIO(SandboxedTest.scala:45)
	at miniscala.test.infrastructure.CompilerTest.compileUsingPipelineAndRedirect(CompilerTest.scala:44)
	at miniscala.test.infrastructure.CompilerTest.compileUsingPipelineAndRedirect$(CompilerTest.scala:43)
	at miniscala.test.infrastructure.CPSTest.compileUsingPipelineAndRedirect(CPSTest.scala:11)
	at miniscala.test.infrastructure.CPSHighTest.testCPSHighProgramOutput(CPSHighTest.scala:33)
	at miniscala.test.CMScalaToCPS_Blackbox.$anonfun$compileAndInterpret$1(CMScalaToCPS_Blackbox.scala:9)
	at miniscala.test.CMScalaToCPS_Blackbox.$anonfun$compileAndInterpret$1$adapted(CMScalaToCPS_Blackbox.scala:9)
	at miniscala.test.ok.LibraryOKTests.$anonfun$compileAndInterpretWithLib$1(LibraryOKTests.scala:19)
	at miniscala.test.ok.LibraryOKTests.$anonfun$compileAndInterpretWithLib$1$adapted(LibraryOKTests.scala:19)
	at miniscala.test.ok.LibraryOKTests.testLibFunctions3(LibraryOKTests.scala:22)
	at miniscala.test.ok.LibraryOKTests.testLibFunctions3$(LibraryOKTests.scala:21)
	at miniscala.test.CMScalaToCPS_Blackbox.testLibFunctions3(CMScalaToCPS_Blackbox.scala:7)
	at java.base/jdk.internal.reflect.NativeMethodAccessorImpl.invoke0(Native Method)
	at java.base/jdk.internal.reflect.NativeMethodAccessorImpl.invoke(NativeMethodAccessorImpl.java:62)
	at java.base/jdk.internal.reflect.DelegatingMethodAccessorImpl.invoke(DelegatingMethodAccessorImpl.java:43)
	at java.base/java.lang.reflect.Method.invoke(Method.java:567)
	at org.junit.runners.model.FrameworkMethod$1.runReflectiveCall(FrameworkMethod.java:47)
	at org.junit.internal.runners.model.ReflectiveCallable.run(ReflectiveCallable.java:12)
	at org.junit.runners.model.FrameworkMethod.invokeExplosively(FrameworkMethod.java:44)
	at org.junit.internal.runners.statements.InvokeMethod.evaluate(InvokeMethod.java:17)
	at org.junit.runners.ParentRunner.runLeaf(ParentRunner.java:271)
	at org.junit.runners.BlockJUnit4ClassRunner.runChild(BlockJUnit4ClassRunner.java:70)
	at org.junit.runners.BlockJUnit4ClassRunner.runChild(BlockJUnit4ClassRunner.java:50)
	at org.junit.runners.ParentRunner$3.run(ParentRunner.java:238)
	at org.junit.runners.ParentRunner$1.schedule(ParentRunner.java:63)
	at org.junit.runners.ParentRunner.runChildren(ParentRunner.java:236)
	at org.junit.runners.ParentRunner.access$000(ParentRunner.java:53)
	at org.junit.runners.ParentRunner$2.evaluate(ParentRunner.java:229)
	at org.junit.runners.ParentRunner.run(ParentRunner.java:309)
	at org.junit.runners.Suite.runChild(Suite.java:127)
	at org.junit.runners.Suite.runChild(Suite.java:26)
	at org.junit.runners.ParentRunner$3.run(ParentRunner.java:238)
	at org.junit.runners.ParentRunner$1.schedule(ParentRunner.java:63)
	at org.junit.runners.ParentRunner.runChildren(ParentRunner.java:236)
	at org.junit.runners.ParentRunner.access$000(ParentRunner.java:53)
	at org.junit.runners.ParentRunner$2.evaluate(ParentRunner.java:229)
	at org.junit.runners.ParentRunner.run(ParentRunner.java:309)
	at org.junit.runner.JUnitCore.run(JUnitCore.java:160)
	at org.junit.runner.JUnitCore.run(JUnitCore.java:138)
	at com.novocode.junit.JUnitRunner$1.execute(JUnitRunner.java:132)
	at sbt.ForkMain$Run.lambda$runTest$1(ForkMain.java:304)
	at java.base/java.util.concurrent.FutureTask.run(FutureTask.java:264)
	at java.base/java.util.concurrent.ThreadPoolExecutor.runWorker(ThreadPoolExecutor.java:1128)
	at java.base/java.util.concurrent.ThreadPoolExecutor$Worker.run(ThreadPoolExecutor.java:628)
	at java.base/java.lang.Thread.run(Thread.java:830)
</failure>
                                               </testcase><testcase classname="miniscala.test.CMScalaToCPS_Blackbox" name="testSideEffectingCondition" time="0.013">
                                                 <failure message="scala.MatchError: Prim(byte-write,List(Lit(10))) (of class miniscala.CMScalaTreeModule$Prim)" type="sbt.ForkMain$ForkError">sbt.ForkMain$ForkError: scala.MatchError: Prim(byte-write,List(Lit(10))) (of class miniscala.CMScalaTreeModule$Prim)
	at miniscala.CMScalaToCPSTranslator$.nonTail(CMScalaToCPSTranslator.scala:17)
	at miniscala.CMScalaToCPSTranslator$.nonTail_$times(CMScalaToCPSTranslator.scala:112)
	at miniscala.CMScalaToCPSTranslator$.cond(CMScalaToCPSTranslator.scala:154)
	at miniscala.CMScalaToCPSTranslator$.$anonfun$tail$3(CMScalaToCPSTranslator.scala:125)
	at miniscala.CMScalaToCPSTranslator$.tempLetC(CMScalaToCPSTranslator.scala:169)
	at miniscala.CMScalaToCPSTranslator$.$anonfun$tail$2(CMScalaToCPSTranslator.scala:124)
	at miniscala.CMScalaToCPSTranslator$.tempLetC(CMScalaToCPSTranslator.scala:169)
	at miniscala.CMScalaToCPSTranslator$.tail(CMScalaToCPSTranslator.scala:123)
	at miniscala.CMScalaToCPSTranslator$.tail(CMScalaToCPSTranslator.scala:123)
	at miniscala.CMScalaToCPSTranslator$.$anonfun$nonTail$9(CMScalaToCPSTranslator.scala:93)
	at miniscala.CMScalaToCPSTranslator$.tempLetC(CMScalaToCPSTranslator.scala:169)
	at miniscala.CMScalaToCPSTranslator$.nonTail(CMScalaToCPSTranslator.scala:92)
	at miniscala.CMScalaToCPSTranslator$.apply(CMScalaToCPSTranslator.scala:12)
	at miniscala.CMScalaToCPSTranslator$.apply(CMScalaToCPSTranslator.scala:6)
	at scala.Function1.$anonfun$andThen$1(Function1.scala:57)
	at miniscala.test.infrastructure.CompilerTest.compileInner(CompilerTest.scala:37)
	at miniscala.test.infrastructure.CompilerTest.$anonfun$compileUsingPipelineAndRedirect$1(CompilerTest.scala:44)
	at miniscala.test.infrastructure.SandboxedTest$$anon$1.run(SandboxedTest.scala:24)
	at java.base/java.security.AccessController.doPrivileged(AccessController.java:391)
	at miniscala.test.infrastructure.SandboxedTest.sandboxedTest(SandboxedTest.scala:34)
	at miniscala.test.infrastructure.SandboxedTest.sandboxedTestWithRedirectedIO(SandboxedTest.scala:45)
	at miniscala.test.infrastructure.CompilerTest.compileUsingPipelineAndRedirect(CompilerTest.scala:44)
	at miniscala.test.infrastructure.CompilerTest.compileUsingPipelineAndRedirect$(CompilerTest.scala:43)
	at miniscala.test.infrastructure.CPSTest.compileUsingPipelineAndRedirect(CPSTest.scala:11)
	at miniscala.test.infrastructure.CPSHighTest.testCPSHighProgramOutput(CPSHighTest.scala:33)
	at miniscala.test.CMScalaToCPS_Blackbox.$anonfun$compileAndInterpret$1(CMScalaToCPS_Blackbox.scala:9)
	at miniscala.test.CMScalaToCPS_Blackbox.$anonfun$compileAndInterpret$1$adapted(CMScalaToCPS_Blackbox.scala:9)
	at miniscala.test.ok.ConditionalOKTests.testSideEffectingCondition(ConditionalOKTests.scala:23)
	at miniscala.test.ok.ConditionalOKTests.testSideEffectingCondition$(ConditionalOKTests.scala:22)
	at miniscala.test.CMScalaToCPS_Blackbox.testSideEffectingCondition(CMScalaToCPS_Blackbox.scala:7)
	at java.base/jdk.internal.reflect.NativeMethodAccessorImpl.invoke0(Native Method)
	at java.base/jdk.internal.reflect.NativeMethodAccessorImpl.invoke(NativeMethodAccessorImpl.java:62)
	at java.base/jdk.internal.reflect.DelegatingMethodAccessorImpl.invoke(DelegatingMethodAccessorImpl.java:43)
	at java.base/java.lang.reflect.Method.invoke(Method.java:567)
	at org.junit.runners.model.FrameworkMethod$1.runReflectiveCall(FrameworkMethod.java:47)
	at org.junit.internal.runners.model.ReflectiveCallable.run(ReflectiveCallable.java:12)
	at org.junit.runners.model.FrameworkMethod.invokeExplosively(FrameworkMethod.java:44)
	at org.junit.internal.runners.statements.InvokeMethod.evaluate(InvokeMethod.java:17)
	at org.junit.runners.ParentRunner.runLeaf(ParentRunner.java:271)
	at org.junit.runners.BlockJUnit4ClassRunner.runChild(BlockJUnit4ClassRunner.java:70)
	at org.junit.runners.BlockJUnit4ClassRunner.runChild(BlockJUnit4ClassRunner.java:50)
	at org.junit.runners.ParentRunner$3.run(ParentRunner.java:238)
	at org.junit.runners.ParentRunner$1.schedule(ParentRunner.java:63)
	at org.junit.runners.ParentRunner.runChildren(ParentRunner.java:236)
	at org.junit.runners.ParentRunner.access$000(ParentRunner.java:53)
	at org.junit.runners.ParentRunner$2.evaluate(ParentRunner.java:229)
	at org.junit.runners.ParentRunner.run(ParentRunner.java:309)
	at org.junit.runners.Suite.runChild(Suite.java:127)
	at org.junit.runners.Suite.runChild(Suite.java:26)
	at org.junit.runners.ParentRunner$3.run(ParentRunner.java:238)
	at org.junit.runners.ParentRunner$1.schedule(ParentRunner.java:63)
	at org.junit.runners.ParentRunner.runChildren(ParentRunner.java:236)
	at org.junit.runners.ParentRunner.access$000(ParentRunner.java:53)
	at org.junit.runners.ParentRunner$2.evaluate(ParentRunner.java:229)
	at org.junit.runners.ParentRunner.run(ParentRunner.java:309)
	at org.junit.runner.JUnitCore.run(JUnitCore.java:160)
	at org.junit.runner.JUnitCore.run(JUnitCore.java:138)
	at com.novocode.junit.JUnitRunner$1.execute(JUnitRunner.java:132)
	at sbt.ForkMain$Run.lambda$runTest$1(ForkMain.java:304)
	at java.base/java.util.concurrent.FutureTask.run(FutureTask.java:264)
	at java.base/java.util.concurrent.ThreadPoolExecutor.runWorker(ThreadPoolExecutor.java:1128)
	at java.base/java.util.concurrent.ThreadPoolExecutor$Worker.run(ThreadPoolExecutor.java:628)
	at java.base/java.lang.Thread.run(Thread.java:830)
</failure>
                                               </testcase><testcase classname="miniscala.test.CMScalaToCPS_Blackbox" name="testPrimitiveLogic3" time="0.003">
                                                 <failure message="scala.MatchError: Prim(byte-write,List(Lit(10))) (of class miniscala.CMScalaTreeModule$Prim)" type="sbt.ForkMain$ForkError">sbt.ForkMain$ForkError: scala.MatchError: Prim(byte-write,List(Lit(10))) (of class miniscala.CMScalaTreeModule$Prim)
	at miniscala.CMScalaToCPSTranslator$.tail(CMScalaToCPSTranslator.scala:117)
	at miniscala.CMScalaToCPSTranslator$.$anonfun$nonTail$2(CMScalaToCPSTranslator.scala:36)
	at scala.collection.immutable.List.map(List.scala:286)
	at miniscala.CMScalaToCPSTranslator$.nonTail(CMScalaToCPSTranslator.scala:33)
	at miniscala.CMScalaToCPSTranslator$.apply(CMScalaToCPSTranslator.scala:12)
	at miniscala.CMScalaToCPSTranslator$.apply(CMScalaToCPSTranslator.scala:6)
	at scala.Function1.$anonfun$andThen$1(Function1.scala:57)
	at miniscala.test.infrastructure.CompilerTest.compileInner(CompilerTest.scala:37)
	at miniscala.test.infrastructure.CompilerTest.$anonfun$compileUsingPipelineAndRedirect$1(CompilerTest.scala:44)
	at miniscala.test.infrastructure.SandboxedTest$$anon$1.run(SandboxedTest.scala:24)
	at java.base/java.security.AccessController.doPrivileged(AccessController.java:391)
	at miniscala.test.infrastructure.SandboxedTest.sandboxedTest(SandboxedTest.scala:34)
	at miniscala.test.infrastructure.SandboxedTest.sandboxedTestWithRedirectedIO(SandboxedTest.scala:45)
	at miniscala.test.infrastructure.CompilerTest.compileUsingPipelineAndRedirect(CompilerTest.scala:44)
	at miniscala.test.infrastructure.CompilerTest.compileUsingPipelineAndRedirect$(CompilerTest.scala:43)
	at miniscala.test.infrastructure.CPSTest.compileUsingPipelineAndRedirect(CPSTest.scala:11)
	at miniscala.test.infrastructure.CPSHighTest.testCPSHighProgramOutput(CPSHighTest.scala:33)
	at miniscala.test.CMScalaToCPS_Blackbox.$anonfun$compileAndInterpret$1(CMScalaToCPS_Blackbox.scala:9)
	at miniscala.test.CMScalaToCPS_Blackbox.$anonfun$compileAndInterpret$1$adapted(CMScalaToCPS_Blackbox.scala:9)
	at miniscala.test.ok.PrimitivesOKTests.testPrimitiveLogic3(PrimitivesOKTests.scala:162)
	at miniscala.test.ok.PrimitivesOKTests.testPrimitiveLogic3$(PrimitivesOKTests.scala:161)
	at miniscala.test.CMScalaToCPS_Blackbox.testPrimitiveLogic3(CMScalaToCPS_Blackbox.scala:7)
	at java.base/jdk.internal.reflect.NativeMethodAccessorImpl.invoke0(Native Method)
	at java.base/jdk.internal.reflect.NativeMethodAccessorImpl.invoke(NativeMethodAccessorImpl.java:62)
	at java.base/jdk.internal.reflect.DelegatingMethodAccessorImpl.invoke(DelegatingMethodAccessorImpl.java:43)
	at java.base/java.lang.reflect.Method.invoke(Method.java:567)
	at org.junit.runners.model.FrameworkMethod$1.runReflectiveCall(FrameworkMethod.java:47)
	at org.junit.internal.runners.model.ReflectiveCallable.run(ReflectiveCallable.java:12)
	at org.junit.runners.model.FrameworkMethod.invokeExplosively(FrameworkMethod.java:44)
	at org.junit.internal.runners.statements.InvokeMethod.evaluate(InvokeMethod.java:17)
	at org.junit.runners.ParentRunner.runLeaf(ParentRunner.java:271)
	at org.junit.runners.BlockJUnit4ClassRunner.runChild(BlockJUnit4ClassRunner.java:70)
	at org.junit.runners.BlockJUnit4ClassRunner.runChild(BlockJUnit4ClassRunner.java:50)
	at org.junit.runners.ParentRunner$3.run(ParentRunner.java:238)
	at org.junit.runners.ParentRunner$1.schedule(ParentRunner.java:63)
	at org.junit.runners.ParentRunner.runChildren(ParentRunner.java:236)
	at org.junit.runners.ParentRunner.access$000(ParentRunner.java:53)
	at org.junit.runners.ParentRunner$2.evaluate(ParentRunner.java:229)
	at org.junit.runners.ParentRunner.run(ParentRunner.java:309)
	at org.junit.runners.Suite.runChild(Suite.java:127)
	at org.junit.runners.Suite.runChild(Suite.java:26)
	at org.junit.runners.ParentRunner$3.run(ParentRunner.java:238)
	at org.junit.runners.ParentRunner$1.schedule(ParentRunner.java:63)
	at org.junit.runners.ParentRunner.runChildren(ParentRunner.java:236)
	at org.junit.runners.ParentRunner.access$000(ParentRunner.java:53)
	at org.junit.runners.ParentRunner$2.evaluate(ParentRunner.java:229)
	at org.junit.runners.ParentRunner.run(ParentRunner.java:309)
	at org.junit.runner.JUnitCore.run(JUnitCore.java:160)
	at org.junit.runner.JUnitCore.run(JUnitCore.java:138)
	at com.novocode.junit.JUnitRunner$1.execute(JUnitRunner.java:132)
	at sbt.ForkMain$Run.lambda$runTest$1(ForkMain.java:304)
	at java.base/java.util.concurrent.FutureTask.run(FutureTask.java:264)
	at java.base/java.util.concurrent.ThreadPoolExecutor.runWorker(ThreadPoolExecutor.java:1128)
	at java.base/java.util.concurrent.ThreadPoolExecutor$Worker.run(ThreadPoolExecutor.java:628)
	at java.base/java.lang.Thread.run(Thread.java:830)
</failure>
                                               </testcase><testcase classname="miniscala.test.CMScalaToCPS_Blackbox" name="testPrimitiveLogic4" time="0.003">
                                                 <failure message="scala.MatchError: Prim(byte-write,List(Lit(10))) (of class miniscala.CMScalaTreeModule$Prim)" type="sbt.ForkMain$ForkError">sbt.ForkMain$ForkError: scala.MatchError: Prim(byte-write,List(Lit(10))) (of class miniscala.CMScalaTreeModule$Prim)
	at miniscala.CMScalaToCPSTranslator$.tail(CMScalaToCPSTranslator.scala:117)
	at miniscala.CMScalaToCPSTranslator$.$anonfun$nonTail$2(CMScalaToCPSTranslator.scala:36)
	at scala.collection.immutable.List.map(List.scala:286)
	at miniscala.CMScalaToCPSTranslator$.nonTail(CMScalaToCPSTranslator.scala:33)
	at miniscala.CMScalaToCPSTranslator$.apply(CMScalaToCPSTranslator.scala:12)
	at miniscala.CMScalaToCPSTranslator$.apply(CMScalaToCPSTranslator.scala:6)
	at scala.Function1.$anonfun$andThen$1(Function1.scala:57)
	at miniscala.test.infrastructure.CompilerTest.compileInner(CompilerTest.scala:37)
	at miniscala.test.infrastructure.CompilerTest.$anonfun$compileUsingPipelineAndRedirect$1(CompilerTest.scala:44)
	at miniscala.test.infrastructure.SandboxedTest$$anon$1.run(SandboxedTest.scala:24)
	at java.base/java.security.AccessController.doPrivileged(AccessController.java:391)
	at miniscala.test.infrastructure.SandboxedTest.sandboxedTest(SandboxedTest.scala:34)
	at miniscala.test.infrastructure.SandboxedTest.sandboxedTestWithRedirectedIO(SandboxedTest.scala:45)
	at miniscala.test.infrastructure.CompilerTest.compileUsingPipelineAndRedirect(CompilerTest.scala:44)
	at miniscala.test.infrastructure.CompilerTest.compileUsingPipelineAndRedirect$(CompilerTest.scala:43)
	at miniscala.test.infrastructure.CPSTest.compileUsingPipelineAndRedirect(CPSTest.scala:11)
	at miniscala.test.infrastructure.CPSHighTest.testCPSHighProgramOutput(CPSHighTest.scala:33)
	at miniscala.test.CMScalaToCPS_Blackbox.$anonfun$compileAndInterpret$1(CMScalaToCPS_Blackbox.scala:9)
	at miniscala.test.CMScalaToCPS_Blackbox.$anonfun$compileAndInterpret$1$adapted(CMScalaToCPS_Blackbox.scala:9)
	at miniscala.test.ok.PrimitivesOKTests.testPrimitiveLogic4(PrimitivesOKTests.scala:170)
	at miniscala.test.ok.PrimitivesOKTests.testPrimitiveLogic4$(PrimitivesOKTests.scala:169)
	at miniscala.test.CMScalaToCPS_Blackbox.testPrimitiveLogic4(CMScalaToCPS_Blackbox.scala:7)
	at java.base/jdk.internal.reflect.NativeMethodAccessorImpl.invoke0(Native Method)
	at java.base/jdk.internal.reflect.NativeMethodAccessorImpl.invoke(NativeMethodAccessorImpl.java:62)
	at java.base/jdk.internal.reflect.DelegatingMethodAccessorImpl.invoke(DelegatingMethodAccessorImpl.java:43)
	at java.base/java.lang.reflect.Method.invoke(Method.java:567)
	at org.junit.runners.model.FrameworkMethod$1.runReflectiveCall(FrameworkMethod.java:47)
	at org.junit.internal.runners.model.ReflectiveCallable.run(ReflectiveCallable.java:12)
	at org.junit.runners.model.FrameworkMethod.invokeExplosively(FrameworkMethod.java:44)
	at org.junit.internal.runners.statements.InvokeMethod.evaluate(InvokeMethod.java:17)
	at org.junit.runners.ParentRunner.runLeaf(ParentRunner.java:271)
	at org.junit.runners.BlockJUnit4ClassRunner.runChild(BlockJUnit4ClassRunner.java:70)
	at org.junit.runners.BlockJUnit4ClassRunner.runChild(BlockJUnit4ClassRunner.java:50)
	at org.junit.runners.ParentRunner$3.run(ParentRunner.java:238)
	at org.junit.runners.ParentRunner$1.schedule(ParentRunner.java:63)
	at org.junit.runners.ParentRunner.runChildren(ParentRunner.java:236)
	at org.junit.runners.ParentRunner.access$000(ParentRunner.java:53)
	at org.junit.runners.ParentRunner$2.evaluate(ParentRunner.java:229)
	at org.junit.runners.ParentRunner.run(ParentRunner.java:309)
	at org.junit.runners.Suite.runChild(Suite.java:127)
	at org.junit.runners.Suite.runChild(Suite.java:26)
	at org.junit.runners.ParentRunner$3.run(ParentRunner.java:238)
	at org.junit.runners.ParentRunner$1.schedule(ParentRunner.java:63)
	at org.junit.runners.ParentRunner.runChildren(ParentRunner.java:236)
	at org.junit.runners.ParentRunner.access$000(ParentRunner.java:53)
	at org.junit.runners.ParentRunner$2.evaluate(ParentRunner.java:229)
	at org.junit.runners.ParentRunner.run(ParentRunner.java:309)
	at org.junit.runner.JUnitCore.run(JUnitCore.java:160)
	at org.junit.runner.JUnitCore.run(JUnitCore.java:138)
	at com.novocode.junit.JUnitRunner$1.execute(JUnitRunner.java:132)
	at sbt.ForkMain$Run.lambda$runTest$1(ForkMain.java:304)
	at java.base/java.util.concurrent.FutureTask.run(FutureTask.java:264)
	at java.base/java.util.concurrent.ThreadPoolExecutor.runWorker(ThreadPoolExecutor.java:1128)
	at java.base/java.util.concurrent.ThreadPoolExecutor$Worker.run(ThreadPoolExecutor.java:628)
	at java.base/java.lang.Thread.run(Thread.java:830)
</failure>
                                               </testcase><testcase classname="miniscala.test.CMScalaToCPS_Blackbox" name="testPrimitiveLogic5" time="0.015">
                                                 <failure message="scala.MatchError: Prim(byte-write,List(Lit(10))) (of class miniscala.CMScalaTreeModule$Prim)" type="sbt.ForkMain$ForkError">sbt.ForkMain$ForkError: scala.MatchError: Prim(byte-write,List(Lit(10))) (of class miniscala.CMScalaTreeModule$Prim)
	at miniscala.CMScalaToCPSTranslator$.tail(CMScalaToCPSTranslator.scala:117)
	at miniscala.CMScalaToCPSTranslator$.$anonfun$nonTail$2(CMScalaToCPSTranslator.scala:36)
	at scala.collection.immutable.List.map(List.scala:286)
	at miniscala.CMScalaToCPSTranslator$.nonTail(CMScalaToCPSTranslator.scala:33)
	at miniscala.CMScalaToCPSTranslator$.apply(CMScalaToCPSTranslator.scala:12)
	at miniscala.CMScalaToCPSTranslator$.apply(CMScalaToCPSTranslator.scala:6)
	at scala.Function1.$anonfun$andThen$1(Function1.scala:57)
	at miniscala.test.infrastructure.CompilerTest.compileInner(CompilerTest.scala:37)
	at miniscala.test.infrastructure.CompilerTest.$anonfun$compileUsingPipelineAndRedirect$1(CompilerTest.scala:44)
	at miniscala.test.infrastructure.SandboxedTest$$anon$1.run(SandboxedTest.scala:24)
	at java.base/java.security.AccessController.doPrivileged(AccessController.java:391)
	at miniscala.test.infrastructure.SandboxedTest.sandboxedTest(SandboxedTest.scala:34)
	at miniscala.test.infrastructure.SandboxedTest.sandboxedTestWithRedirectedIO(SandboxedTest.scala:45)
	at miniscala.test.infrastructure.CompilerTest.compileUsingPipelineAndRedirect(CompilerTest.scala:44)
	at miniscala.test.infrastructure.CompilerTest.compileUsingPipelineAndRedirect$(CompilerTest.scala:43)
	at miniscala.test.infrastructure.CPSTest.compileUsingPipelineAndRedirect(CPSTest.scala:11)
	at miniscala.test.infrastructure.CPSHighTest.testCPSHighProgramOutput(CPSHighTest.scala:33)
	at miniscala.test.CMScalaToCPS_Blackbox.$anonfun$compileAndInterpret$1(CMScalaToCPS_Blackbox.scala:9)
	at miniscala.test.CMScalaToCPS_Blackbox.$anonfun$compileAndInterpret$1$adapted(CMScalaToCPS_Blackbox.scala:9)
	at miniscala.test.ok.PrimitivesOKTests.testPrimitiveLogic5(PrimitivesOKTests.scala:178)
	at miniscala.test.ok.PrimitivesOKTests.testPrimitiveLogic5$(PrimitivesOKTests.scala:177)
	at miniscala.test.CMScalaToCPS_Blackbox.testPrimitiveLogic5(CMScalaToCPS_Blackbox.scala:7)
	at java.base/jdk.internal.reflect.NativeMethodAccessorImpl.invoke0(Native Method)
	at java.base/jdk.internal.reflect.NativeMethodAccessorImpl.invoke(NativeMethodAccessorImpl.java:62)
	at java.base/jdk.internal.reflect.DelegatingMethodAccessorImpl.invoke(DelegatingMethodAccessorImpl.java:43)
	at java.base/java.lang.reflect.Method.invoke(Method.java:567)
	at org.junit.runners.model.FrameworkMethod$1.runReflectiveCall(FrameworkMethod.java:47)
	at org.junit.internal.runners.model.ReflectiveCallable.run(ReflectiveCallable.java:12)
	at org.junit.runners.model.FrameworkMethod.invokeExplosively(FrameworkMethod.java:44)
	at org.junit.internal.runners.statements.InvokeMethod.evaluate(InvokeMethod.java:17)
	at org.junit.runners.ParentRunner.runLeaf(ParentRunner.java:271)
	at org.junit.runners.BlockJUnit4ClassRunner.runChild(BlockJUnit4ClassRunner.java:70)
	at org.junit.runners.BlockJUnit4ClassRunner.runChild(BlockJUnit4ClassRunner.java:50)
	at org.junit.runners.ParentRunner$3.run(ParentRunner.java:238)
	at org.junit.runners.ParentRunner$1.schedule(ParentRunner.java:63)
	at org.junit.runners.ParentRunner.runChildren(ParentRunner.java:236)
	at org.junit.runners.ParentRunner.access$000(ParentRunner.java:53)
	at org.junit.runners.ParentRunner$2.evaluate(ParentRunner.java:229)
	at org.junit.runners.ParentRunner.run(ParentRunner.java:309)
	at org.junit.runners.Suite.runChild(Suite.java:127)
	at org.junit.runners.Suite.runChild(Suite.java:26)
	at org.junit.runners.ParentRunner$3.run(ParentRunner.java:238)
	at org.junit.runners.ParentRunner$1.schedule(ParentRunner.java:63)
	at org.junit.runners.ParentRunner.runChildren(ParentRunner.java:236)
	at org.junit.runners.ParentRunner.access$000(ParentRunner.java:53)
	at org.junit.runners.ParentRunner$2.evaluate(ParentRunner.java:229)
	at org.junit.runners.ParentRunner.run(ParentRunner.java:309)
	at org.junit.runner.JUnitCore.run(JUnitCore.java:160)
	at org.junit.runner.JUnitCore.run(JUnitCore.java:138)
	at com.novocode.junit.JUnitRunner$1.execute(JUnitRunner.java:132)
	at sbt.ForkMain$Run.lambda$runTest$1(ForkMain.java:304)
	at java.base/java.util.concurrent.FutureTask.run(FutureTask.java:264)
	at java.base/java.util.concurrent.ThreadPoolExecutor.runWorker(ThreadPoolExecutor.java:1128)
	at java.base/java.util.concurrent.ThreadPoolExecutor$Worker.run(ThreadPoolExecutor.java:628)
	at java.base/java.lang.Thread.run(Thread.java:830)
</failure>
                                               </testcase><testcase classname="miniscala.test.CMScalaToCPS_Blackbox" name="testPrimitiveLogic6" time="0.007">
                                                 <failure message="scala.MatchError: Prim(byte-write,List(Lit(10))) (of class miniscala.CMScalaTreeModule$Prim)" type="sbt.ForkMain$ForkError">sbt.ForkMain$ForkError: scala.MatchError: Prim(byte-write,List(Lit(10))) (of class miniscala.CMScalaTreeModule$Prim)
	at miniscala.CMScalaToCPSTranslator$.tail(CMScalaToCPSTranslator.scala:117)
	at miniscala.CMScalaToCPSTranslator$.$anonfun$nonTail$2(CMScalaToCPSTranslator.scala:36)
	at scala.collection.immutable.List.map(List.scala:286)
	at miniscala.CMScalaToCPSTranslator$.nonTail(CMScalaToCPSTranslator.scala:33)
	at miniscala.CMScalaToCPSTranslator$.apply(CMScalaToCPSTranslator.scala:12)
	at miniscala.CMScalaToCPSTranslator$.apply(CMScalaToCPSTranslator.scala:6)
	at scala.Function1.$anonfun$andThen$1(Function1.scala:57)
	at miniscala.test.infrastructure.CompilerTest.compileInner(CompilerTest.scala:37)
	at miniscala.test.infrastructure.CompilerTest.$anonfun$compileUsingPipelineAndRedirect$1(CompilerTest.scala:44)
	at miniscala.test.infrastructure.SandboxedTest$$anon$1.run(SandboxedTest.scala:24)
	at java.base/java.security.AccessController.doPrivileged(AccessController.java:391)
	at miniscala.test.infrastructure.SandboxedTest.sandboxedTest(SandboxedTest.scala:34)
	at miniscala.test.infrastructure.SandboxedTest.sandboxedTestWithRedirectedIO(SandboxedTest.scala:45)
	at miniscala.test.infrastructure.CompilerTest.compileUsingPipelineAndRedirect(CompilerTest.scala:44)
	at miniscala.test.infrastructure.CompilerTest.compileUsingPipelineAndRedirect$(CompilerTest.scala:43)
	at miniscala.test.infrastructure.CPSTest.compileUsingPipelineAndRedirect(CPSTest.scala:11)
	at miniscala.test.infrastructure.CPSHighTest.testCPSHighProgramOutput(CPSHighTest.scala:33)
	at miniscala.test.CMScalaToCPS_Blackbox.$anonfun$compileAndInterpret$1(CMScalaToCPS_Blackbox.scala:9)
	at miniscala.test.CMScalaToCPS_Blackbox.$anonfun$compileAndInterpret$1$adapted(CMScalaToCPS_Blackbox.scala:9)
	at miniscala.test.ok.PrimitivesOKTests.testPrimitiveLogic6(PrimitivesOKTests.scala:186)
	at miniscala.test.ok.PrimitivesOKTests.testPrimitiveLogic6$(PrimitivesOKTests.scala:185)
	at miniscala.test.CMScalaToCPS_Blackbox.testPrimitiveLogic6(CMScalaToCPS_Blackbox.scala:7)
	at java.base/jdk.internal.reflect.NativeMethodAccessorImpl.invoke0(Native Method)
	at java.base/jdk.internal.reflect.NativeMethodAccessorImpl.invoke(NativeMethodAccessorImpl.java:62)
	at java.base/jdk.internal.reflect.DelegatingMethodAccessorImpl.invoke(DelegatingMethodAccessorImpl.java:43)
	at java.base/java.lang.reflect.Method.invoke(Method.java:567)
	at org.junit.runners.model.FrameworkMethod$1.runReflectiveCall(FrameworkMethod.java:47)
	at org.junit.internal.runners.model.ReflectiveCallable.run(ReflectiveCallable.java:12)
	at org.junit.runners.model.FrameworkMethod.invokeExplosively(FrameworkMethod.java:44)
	at org.junit.internal.runners.statements.InvokeMethod.evaluate(InvokeMethod.java:17)
	at org.junit.runners.ParentRunner.runLeaf(ParentRunner.java:271)
	at org.junit.runners.BlockJUnit4ClassRunner.runChild(BlockJUnit4ClassRunner.java:70)
	at org.junit.runners.BlockJUnit4ClassRunner.runChild(BlockJUnit4ClassRunner.java:50)
	at org.junit.runners.ParentRunner$3.run(ParentRunner.java:238)
	at org.junit.runners.ParentRunner$1.schedule(ParentRunner.java:63)
	at org.junit.runners.ParentRunner.runChildren(ParentRunner.java:236)
	at org.junit.runners.ParentRunner.access$000(ParentRunner.java:53)
	at org.junit.runners.ParentRunner$2.evaluate(ParentRunner.java:229)
	at org.junit.runners.ParentRunner.run(ParentRunner.java:309)
	at org.junit.runners.Suite.runChild(Suite.java:127)
	at org.junit.runners.Suite.runChild(Suite.java:26)
	at org.junit.runners.ParentRunner$3.run(ParentRunner.java:238)
	at org.junit.runners.ParentRunner$1.schedule(ParentRunner.java:63)
	at org.junit.runners.ParentRunner.runChildren(ParentRunner.java:236)
	at org.junit.runners.ParentRunner.access$000(ParentRunner.java:53)
	at org.junit.runners.ParentRunner$2.evaluate(ParentRunner.java:229)
	at org.junit.runners.ParentRunner.run(ParentRunner.java:309)
	at org.junit.runner.JUnitCore.run(JUnitCore.java:160)
	at org.junit.runner.JUnitCore.run(JUnitCore.java:138)
	at com.novocode.junit.JUnitRunner$1.execute(JUnitRunner.java:132)
	at sbt.ForkMain$Run.lambda$runTest$1(ForkMain.java:304)
	at java.base/java.util.concurrent.FutureTask.run(FutureTask.java:264)
	at java.base/java.util.concurrent.ThreadPoolExecutor.runWorker(ThreadPoolExecutor.java:1128)
	at java.base/java.util.concurrent.ThreadPoolExecutor$Worker.run(ThreadPoolExecutor.java:628)
	at java.base/java.lang.Thread.run(Thread.java:830)
</failure>
                                               </testcase><testcase classname="miniscala.test.CMScalaToCPS_Blackbox" name="testPrimitiveLogic7" time="0.013">
                                                 <failure message="scala.MatchError: Prim(byte-write,List(Lit(10))) (of class miniscala.CMScalaTreeModule$Prim)" type="sbt.ForkMain$ForkError">sbt.ForkMain$ForkError: scala.MatchError: Prim(byte-write,List(Lit(10))) (of class miniscala.CMScalaTreeModule$Prim)
	at miniscala.CMScalaToCPSTranslator$.tail(CMScalaToCPSTranslator.scala:117)
	at miniscala.CMScalaToCPSTranslator$.$anonfun$nonTail$2(CMScalaToCPSTranslator.scala:36)
	at scala.collection.immutable.List.map(List.scala:286)
	at miniscala.CMScalaToCPSTranslator$.nonTail(CMScalaToCPSTranslator.scala:33)
	at miniscala.CMScalaToCPSTranslator$.apply(CMScalaToCPSTranslator.scala:12)
	at miniscala.CMScalaToCPSTranslator$.apply(CMScalaToCPSTranslator.scala:6)
	at scala.Function1.$anonfun$andThen$1(Function1.scala:57)
	at miniscala.test.infrastructure.CompilerTest.compileInner(CompilerTest.scala:37)
	at miniscala.test.infrastructure.CompilerTest.$anonfun$compileUsingPipelineAndRedirect$1(CompilerTest.scala:44)
	at miniscala.test.infrastructure.SandboxedTest$$anon$1.run(SandboxedTest.scala:24)
	at java.base/java.security.AccessController.doPrivileged(AccessController.java:391)
	at miniscala.test.infrastructure.SandboxedTest.sandboxedTest(SandboxedTest.scala:34)
	at miniscala.test.infrastructure.SandboxedTest.sandboxedTestWithRedirectedIO(SandboxedTest.scala:45)
	at miniscala.test.infrastructure.CompilerTest.compileUsingPipelineAndRedirect(CompilerTest.scala:44)
	at miniscala.test.infrastructure.CompilerTest.compileUsingPipelineAndRedirect$(CompilerTest.scala:43)
	at miniscala.test.infrastructure.CPSTest.compileUsingPipelineAndRedirect(CPSTest.scala:11)
	at miniscala.test.infrastructure.CPSHighTest.testCPSHighProgramOutput(CPSHighTest.scala:33)
	at miniscala.test.CMScalaToCPS_Blackbox.$anonfun$compileAndInterpret$1(CMScalaToCPS_Blackbox.scala:9)
	at miniscala.test.CMScalaToCPS_Blackbox.$anonfun$compileAndInterpret$1$adapted(CMScalaToCPS_Blackbox.scala:9)
	at miniscala.test.ok.PrimitivesOKTests.testPrimitiveLogic7(PrimitivesOKTests.scala:194)
	at miniscala.test.ok.PrimitivesOKTests.testPrimitiveLogic7$(PrimitivesOKTests.scala:193)
	at miniscala.test.CMScalaToCPS_Blackbox.testPrimitiveLogic7(CMScalaToCPS_Blackbox.scala:7)
	at java.base/jdk.internal.reflect.NativeMethodAccessorImpl.invoke0(Native Method)
	at java.base/jdk.internal.reflect.NativeMethodAccessorImpl.invoke(NativeMethodAccessorImpl.java:62)
	at java.base/jdk.internal.reflect.DelegatingMethodAccessorImpl.invoke(DelegatingMethodAccessorImpl.java:43)
	at java.base/java.lang.reflect.Method.invoke(Method.java:567)
	at org.junit.runners.model.FrameworkMethod$1.runReflectiveCall(FrameworkMethod.java:47)
	at org.junit.internal.runners.model.ReflectiveCallable.run(ReflectiveCallable.java:12)
	at org.junit.runners.model.FrameworkMethod.invokeExplosively(FrameworkMethod.java:44)
	at org.junit.internal.runners.statements.InvokeMethod.evaluate(InvokeMethod.java:17)
	at org.junit.runners.ParentRunner.runLeaf(ParentRunner.java:271)
	at org.junit.runners.BlockJUnit4ClassRunner.runChild(BlockJUnit4ClassRunner.java:70)
	at org.junit.runners.BlockJUnit4ClassRunner.runChild(BlockJUnit4ClassRunner.java:50)
	at org.junit.runners.ParentRunner$3.run(ParentRunner.java:238)
	at org.junit.runners.ParentRunner$1.schedule(ParentRunner.java:63)
	at org.junit.runners.ParentRunner.runChildren(ParentRunner.java:236)
	at org.junit.runners.ParentRunner.access$000(ParentRunner.java:53)
	at org.junit.runners.ParentRunner$2.evaluate(ParentRunner.java:229)
	at org.junit.runners.ParentRunner.run(ParentRunner.java:309)
	at org.junit.runners.Suite.runChild(Suite.java:127)
	at org.junit.runners.Suite.runChild(Suite.java:26)
	at org.junit.runners.ParentRunner$3.run(ParentRunner.java:238)
	at org.junit.runners.ParentRunner$1.schedule(ParentRunner.java:63)
	at org.junit.runners.ParentRunner.runChildren(ParentRunner.java:236)
	at org.junit.runners.ParentRunner.access$000(ParentRunner.java:53)
	at org.junit.runners.ParentRunner$2.evaluate(ParentRunner.java:229)
	at org.junit.runners.ParentRunner.run(ParentRunner.java:309)
	at org.junit.runner.JUnitCore.run(JUnitCore.java:160)
	at org.junit.runner.JUnitCore.run(JUnitCore.java:138)
	at com.novocode.junit.JUnitRunner$1.execute(JUnitRunner.java:132)
	at sbt.ForkMain$Run.lambda$runTest$1(ForkMain.java:304)
	at java.base/java.util.concurrent.FutureTask.run(FutureTask.java:264)
	at java.base/java.util.concurrent.ThreadPoolExecutor.runWorker(ThreadPoolExecutor.java:1128)
	at java.base/java.util.concurrent.ThreadPoolExecutor$Worker.run(ThreadPoolExecutor.java:628)
	at java.base/java.lang.Thread.run(Thread.java:830)
</failure>
                                               </testcase><testcase classname="miniscala.test.CMScalaToCPS_Blackbox" name="testPrimitiveLogic8" time="0.005">
                                                 <failure message="scala.MatchError: Prim(byte-write,List(Lit(10))) (of class miniscala.CMScalaTreeModule$Prim)" type="sbt.ForkMain$ForkError">sbt.ForkMain$ForkError: scala.MatchError: Prim(byte-write,List(Lit(10))) (of class miniscala.CMScalaTreeModule$Prim)
	at miniscala.CMScalaToCPSTranslator$.tail(CMScalaToCPSTranslator.scala:117)
	at miniscala.CMScalaToCPSTranslator$.$anonfun$nonTail$2(CMScalaToCPSTranslator.scala:36)
	at scala.collection.immutable.List.map(List.scala:286)
	at miniscala.CMScalaToCPSTranslator$.nonTail(CMScalaToCPSTranslator.scala:33)
	at miniscala.CMScalaToCPSTranslator$.apply(CMScalaToCPSTranslator.scala:12)
	at miniscala.CMScalaToCPSTranslator$.apply(CMScalaToCPSTranslator.scala:6)
	at scala.Function1.$anonfun$andThen$1(Function1.scala:57)
	at miniscala.test.infrastructure.CompilerTest.compileInner(CompilerTest.scala:37)
	at miniscala.test.infrastructure.CompilerTest.$anonfun$compileUsingPipelineAndRedirect$1(CompilerTest.scala:44)
	at miniscala.test.infrastructure.SandboxedTest$$anon$1.run(SandboxedTest.scala:24)
	at java.base/java.security.AccessController.doPrivileged(AccessController.java:391)
	at miniscala.test.infrastructure.SandboxedTest.sandboxedTest(SandboxedTest.scala:34)
	at miniscala.test.infrastructure.SandboxedTest.sandboxedTestWithRedirectedIO(SandboxedTest.scala:45)
	at miniscala.test.infrastructure.CompilerTest.compileUsingPipelineAndRedirect(CompilerTest.scala:44)
	at miniscala.test.infrastructure.CompilerTest.compileUsingPipelineAndRedirect$(CompilerTest.scala:43)
	at miniscala.test.infrastructure.CPSTest.compileUsingPipelineAndRedirect(CPSTest.scala:11)
	at miniscala.test.infrastructure.CPSHighTest.testCPSHighProgramOutput(CPSHighTest.scala:33)
	at miniscala.test.CMScalaToCPS_Blackbox.$anonfun$compileAndInterpret$1(CMScalaToCPS_Blackbox.scala:9)
	at miniscala.test.CMScalaToCPS_Blackbox.$anonfun$compileAndInterpret$1$adapted(CMScalaToCPS_Blackbox.scala:9)
	at miniscala.test.ok.PrimitivesOKTests.testPrimitiveLogic8(PrimitivesOKTests.scala:202)
	at miniscala.test.ok.PrimitivesOKTests.testPrimitiveLogic8$(PrimitivesOKTests.scala:201)
	at miniscala.test.CMScalaToCPS_Blackbox.testPrimitiveLogic8(CMScalaToCPS_Blackbox.scala:7)
	at java.base/jdk.internal.reflect.NativeMethodAccessorImpl.invoke0(Native Method)
	at java.base/jdk.internal.reflect.NativeMethodAccessorImpl.invoke(NativeMethodAccessorImpl.java:62)
	at java.base/jdk.internal.reflect.DelegatingMethodAccessorImpl.invoke(DelegatingMethodAccessorImpl.java:43)
	at java.base/java.lang.reflect.Method.invoke(Method.java:567)
	at org.junit.runners.model.FrameworkMethod$1.runReflectiveCall(FrameworkMethod.java:47)
	at org.junit.internal.runners.model.ReflectiveCallable.run(ReflectiveCallable.java:12)
	at org.junit.runners.model.FrameworkMethod.invokeExplosively(FrameworkMethod.java:44)
	at org.junit.internal.runners.statements.InvokeMethod.evaluate(InvokeMethod.java:17)
	at org.junit.runners.ParentRunner.runLeaf(ParentRunner.java:271)
	at org.junit.runners.BlockJUnit4ClassRunner.runChild(BlockJUnit4ClassRunner.java:70)
	at org.junit.runners.BlockJUnit4ClassRunner.runChild(BlockJUnit4ClassRunner.java:50)
	at org.junit.runners.ParentRunner$3.run(ParentRunner.java:238)
	at org.junit.runners.ParentRunner$1.schedule(ParentRunner.java:63)
	at org.junit.runners.ParentRunner.runChildren(ParentRunner.java:236)
	at org.junit.runners.ParentRunner.access$000(ParentRunner.java:53)
	at org.junit.runners.ParentRunner$2.evaluate(ParentRunner.java:229)
	at org.junit.runners.ParentRunner.run(ParentRunner.java:309)
	at org.junit.runners.Suite.runChild(Suite.java:127)
	at org.junit.runners.Suite.runChild(Suite.java:26)
	at org.junit.runners.ParentRunner$3.run(ParentRunner.java:238)
	at org.junit.runners.ParentRunner$1.schedule(ParentRunner.java:63)
	at org.junit.runners.ParentRunner.runChildren(ParentRunner.java:236)
	at org.junit.runners.ParentRunner.access$000(ParentRunner.java:53)
	at org.junit.runners.ParentRunner$2.evaluate(ParentRunner.java:229)
	at org.junit.runners.ParentRunner.run(ParentRunner.java:309)
	at org.junit.runner.JUnitCore.run(JUnitCore.java:160)
	at org.junit.runner.JUnitCore.run(JUnitCore.java:138)
	at com.novocode.junit.JUnitRunner$1.execute(JUnitRunner.java:132)
	at sbt.ForkMain$Run.lambda$runTest$1(ForkMain.java:304)
	at java.base/java.util.concurrent.FutureTask.run(FutureTask.java:264)
	at java.base/java.util.concurrent.ThreadPoolExecutor.runWorker(ThreadPoolExecutor.java:1128)
	at java.base/java.util.concurrent.ThreadPoolExecutor$Worker.run(ThreadPoolExecutor.java:628)
	at java.base/java.lang.Thread.run(Thread.java:830)
</failure>
                                               </testcase><testcase classname="miniscala.test.CMScalaToCPS_Blackbox" name="testPrimitiveLogic9" time="0.004">
                                                 <failure message="scala.MatchError: Prim(byte-write,List(Lit(10))) (of class miniscala.CMScalaTreeModule$Prim)" type="sbt.ForkMain$ForkError">sbt.ForkMain$ForkError: scala.MatchError: Prim(byte-write,List(Lit(10))) (of class miniscala.CMScalaTreeModule$Prim)
	at miniscala.CMScalaToCPSTranslator$.tail(CMScalaToCPSTranslator.scala:117)
	at miniscala.CMScalaToCPSTranslator$.$anonfun$nonTail$2(CMScalaToCPSTranslator.scala:36)
	at scala.collection.immutable.List.map(List.scala:286)
	at miniscala.CMScalaToCPSTranslator$.nonTail(CMScalaToCPSTranslator.scala:33)
	at miniscala.CMScalaToCPSTranslator$.apply(CMScalaToCPSTranslator.scala:12)
	at miniscala.CMScalaToCPSTranslator$.apply(CMScalaToCPSTranslator.scala:6)
	at scala.Function1.$anonfun$andThen$1(Function1.scala:57)
	at miniscala.test.infrastructure.CompilerTest.compileInner(CompilerTest.scala:37)
	at miniscala.test.infrastructure.CompilerTest.$anonfun$compileUsingPipelineAndRedirect$1(CompilerTest.scala:44)
	at miniscala.test.infrastructure.SandboxedTest$$anon$1.run(SandboxedTest.scala:24)
	at java.base/java.security.AccessController.doPrivileged(AccessController.java:391)
	at miniscala.test.infrastructure.SandboxedTest.sandboxedTest(SandboxedTest.scala:34)
	at miniscala.test.infrastructure.SandboxedTest.sandboxedTestWithRedirectedIO(SandboxedTest.scala:45)
	at miniscala.test.infrastructure.CompilerTest.compileUsingPipelineAndRedirect(CompilerTest.scala:44)
	at miniscala.test.infrastructure.CompilerTest.compileUsingPipelineAndRedirect$(CompilerTest.scala:43)
	at miniscala.test.infrastructure.CPSTest.compileUsingPipelineAndRedirect(CPSTest.scala:11)
	at miniscala.test.infrastructure.CPSHighTest.testCPSHighProgramOutput(CPSHighTest.scala:33)
	at miniscala.test.CMScalaToCPS_Blackbox.$anonfun$compileAndInterpret$1(CMScalaToCPS_Blackbox.scala:9)
	at miniscala.test.CMScalaToCPS_Blackbox.$anonfun$compileAndInterpret$1$adapted(CMScalaToCPS_Blackbox.scala:9)
	at miniscala.test.ok.PrimitivesOKTests.testPrimitiveLogic9(PrimitivesOKTests.scala:210)
	at miniscala.test.ok.PrimitivesOKTests.testPrimitiveLogic9$(PrimitivesOKTests.scala:209)
	at miniscala.test.CMScalaToCPS_Blackbox.testPrimitiveLogic9(CMScalaToCPS_Blackbox.scala:7)
	at java.base/jdk.internal.reflect.NativeMethodAccessorImpl.invoke0(Native Method)
	at java.base/jdk.internal.reflect.NativeMethodAccessorImpl.invoke(NativeMethodAccessorImpl.java:62)
	at java.base/jdk.internal.reflect.DelegatingMethodAccessorImpl.invoke(DelegatingMethodAccessorImpl.java:43)
	at java.base/java.lang.reflect.Method.invoke(Method.java:567)
	at org.junit.runners.model.FrameworkMethod$1.runReflectiveCall(FrameworkMethod.java:47)
	at org.junit.internal.runners.model.ReflectiveCallable.run(ReflectiveCallable.java:12)
	at org.junit.runners.model.FrameworkMethod.invokeExplosively(FrameworkMethod.java:44)
	at org.junit.internal.runners.statements.InvokeMethod.evaluate(InvokeMethod.java:17)
	at org.junit.runners.ParentRunner.runLeaf(ParentRunner.java:271)
	at org.junit.runners.BlockJUnit4ClassRunner.runChild(BlockJUnit4ClassRunner.java:70)
	at org.junit.runners.BlockJUnit4ClassRunner.runChild(BlockJUnit4ClassRunner.java:50)
	at org.junit.runners.ParentRunner$3.run(ParentRunner.java:238)
	at org.junit.runners.ParentRunner$1.schedule(ParentRunner.java:63)
	at org.junit.runners.ParentRunner.runChildren(ParentRunner.java:236)
	at org.junit.runners.ParentRunner.access$000(ParentRunner.java:53)
	at org.junit.runners.ParentRunner$2.evaluate(ParentRunner.java:229)
	at org.junit.runners.ParentRunner.run(ParentRunner.java:309)
	at org.junit.runners.Suite.runChild(Suite.java:127)
	at org.junit.runners.Suite.runChild(Suite.java:26)
	at org.junit.runners.ParentRunner$3.run(ParentRunner.java:238)
	at org.junit.runners.ParentRunner$1.schedule(ParentRunner.java:63)
	at org.junit.runners.ParentRunner.runChildren(ParentRunner.java:236)
	at org.junit.runners.ParentRunner.access$000(ParentRunner.java:53)
	at org.junit.runners.ParentRunner$2.evaluate(ParentRunner.java:229)
	at org.junit.runners.ParentRunner.run(ParentRunner.java:309)
	at org.junit.runner.JUnitCore.run(JUnitCore.java:160)
	at org.junit.runner.JUnitCore.run(JUnitCore.java:138)
	at com.novocode.junit.JUnitRunner$1.execute(JUnitRunner.java:132)
	at sbt.ForkMain$Run.lambda$runTest$1(ForkMain.java:304)
	at java.base/java.util.concurrent.FutureTask.run(FutureTask.java:264)
	at java.base/java.util.concurrent.ThreadPoolExecutor.runWorker(ThreadPoolExecutor.java:1128)
	at java.base/java.util.concurrent.ThreadPoolExecutor$Worker.run(ThreadPoolExecutor.java:628)
	at java.base/java.lang.Thread.run(Thread.java:830)
</failure>
                                               </testcase><testcase classname="miniscala.test.CMScalaToCPS_Blackbox" name="testLibLists10" time="0.098">
                                                 <failure message="scala.MatchError: Prim(byte-write,List(Prim(char-&gt;int,List(Ref(c))))) (of class miniscala.CMScalaTreeModule$Prim)" type="sbt.ForkMain$ForkError">sbt.ForkMain$ForkError: scala.MatchError: Prim(byte-write,List(Prim(char-&gt;int,List(Ref(c))))) (of class miniscala.CMScalaTreeModule$Prim)
	at miniscala.CMScalaToCPSTranslator$.tail(CMScalaToCPSTranslator.scala:117)
	at miniscala.CMScalaToCPSTranslator$.$anonfun$nonTail$2(CMScalaToCPSTranslator.scala:36)
	at scala.collection.immutable.List.map(List.scala:286)
	at miniscala.CMScalaToCPSTranslator$.nonTail(CMScalaToCPSTranslator.scala:33)
	at miniscala.CMScalaToCPSTranslator$.apply(CMScalaToCPSTranslator.scala:12)
	at miniscala.CMScalaToCPSTranslator$.apply(CMScalaToCPSTranslator.scala:6)
	at scala.Function1.$anonfun$andThen$1(Function1.scala:57)
	at miniscala.test.infrastructure.CompilerTest.compileInner(CompilerTest.scala:37)
	at miniscala.test.infrastructure.CompilerTest.$anonfun$compileUsingPipelineAndRedirect$1(CompilerTest.scala:44)
	at miniscala.test.infrastructure.SandboxedTest$$anon$1.run(SandboxedTest.scala:24)
	at java.base/java.security.AccessController.doPrivileged(AccessController.java:391)
	at miniscala.test.infrastructure.SandboxedTest.sandboxedTest(SandboxedTest.scala:34)
	at miniscala.test.infrastructure.SandboxedTest.sandboxedTestWithRedirectedIO(SandboxedTest.scala:45)
	at miniscala.test.infrastructure.CompilerTest.compileUsingPipelineAndRedirect(CompilerTest.scala:44)
	at miniscala.test.infrastructure.CompilerTest.compileUsingPipelineAndRedirect$(CompilerTest.scala:43)
	at miniscala.test.infrastructure.CPSTest.compileUsingPipelineAndRedirect(CPSTest.scala:11)
	at miniscala.test.infrastructure.CPSHighTest.testCPSHighProgramOutput(CPSHighTest.scala:33)
	at miniscala.test.CMScalaToCPS_Blackbox.$anonfun$compileAndInterpret$1(CMScalaToCPS_Blackbox.scala:9)
	at miniscala.test.CMScalaToCPS_Blackbox.$anonfun$compileAndInterpret$1$adapted(CMScalaToCPS_Blackbox.scala:9)
	at miniscala.test.ok.LibraryOKTests.$anonfun$compileAndInterpretWithLib$1(LibraryOKTests.scala:19)
	at miniscala.test.ok.LibraryOKTests.$anonfun$compileAndInterpretWithLib$1$adapted(LibraryOKTests.scala:19)
	at miniscala.test.ok.LibraryOKTests.testLibLists10(LibraryOKTests.scala:105)
	at miniscala.test.ok.LibraryOKTests.testLibLists10$(LibraryOKTests.scala:104)
	at miniscala.test.CMScalaToCPS_Blackbox.testLibLists10(CMScalaToCPS_Blackbox.scala:7)
	at java.base/jdk.internal.reflect.NativeMethodAccessorImpl.invoke0(Native Method)
	at java.base/jdk.internal.reflect.NativeMethodAccessorImpl.invoke(NativeMethodAccessorImpl.java:62)
	at java.base/jdk.internal.reflect.DelegatingMethodAccessorImpl.invoke(DelegatingMethodAccessorImpl.java:43)
	at java.base/java.lang.reflect.Method.invoke(Method.java:567)
	at org.junit.runners.model.FrameworkMethod$1.runReflectiveCall(FrameworkMethod.java:47)
	at org.junit.internal.runners.model.ReflectiveCallable.run(ReflectiveCallable.java:12)
	at org.junit.runners.model.FrameworkMethod.invokeExplosively(FrameworkMethod.java:44)
	at org.junit.internal.runners.statements.InvokeMethod.evaluate(InvokeMethod.java:17)
	at org.junit.runners.ParentRunner.runLeaf(ParentRunner.java:271)
	at org.junit.runners.BlockJUnit4ClassRunner.runChild(BlockJUnit4ClassRunner.java:70)
	at org.junit.runners.BlockJUnit4ClassRunner.runChild(BlockJUnit4ClassRunner.java:50)
	at org.junit.runners.ParentRunner$3.run(ParentRunner.java:238)
	at org.junit.runners.ParentRunner$1.schedule(ParentRunner.java:63)
	at org.junit.runners.ParentRunner.runChildren(ParentRunner.java:236)
	at org.junit.runners.ParentRunner.access$000(ParentRunner.java:53)
	at org.junit.runners.ParentRunner$2.evaluate(ParentRunner.java:229)
	at org.junit.runners.ParentRunner.run(ParentRunner.java:309)
	at org.junit.runners.Suite.runChild(Suite.java:127)
	at org.junit.runners.Suite.runChild(Suite.java:26)
	at org.junit.runners.ParentRunner$3.run(ParentRunner.java:238)
	at org.junit.runners.ParentRunner$1.schedule(ParentRunner.java:63)
	at org.junit.runners.ParentRunner.runChildren(ParentRunner.java:236)
	at org.junit.runners.ParentRunner.access$000(ParentRunner.java:53)
	at org.junit.runners.ParentRunner$2.evaluate(ParentRunner.java:229)
	at org.junit.runners.ParentRunner.run(ParentRunner.java:309)
	at org.junit.runner.JUnitCore.run(JUnitCore.java:160)
	at org.junit.runner.JUnitCore.run(JUnitCore.java:138)
	at com.novocode.junit.JUnitRunner$1.execute(JUnitRunner.java:132)
	at sbt.ForkMain$Run.lambda$runTest$1(ForkMain.java:304)
	at java.base/java.util.concurrent.FutureTask.run(FutureTask.java:264)
	at java.base/java.util.concurrent.ThreadPoolExecutor.runWorker(ThreadPoolExecutor.java:1128)
	at java.base/java.util.concurrent.ThreadPoolExecutor$Worker.run(ThreadPoolExecutor.java:628)
	at java.base/java.lang.Thread.run(Thread.java:830)
</failure>
                                               </testcase><testcase classname="miniscala.test.CMScalaToCPS_Blackbox" name="testLibLists11" time="0.078">
                                                 <failure message="scala.MatchError: Prim(byte-write,List(Prim(char-&gt;int,List(Ref(c))))) (of class miniscala.CMScalaTreeModule$Prim)" type="sbt.ForkMain$ForkError">sbt.ForkMain$ForkError: scala.MatchError: Prim(byte-write,List(Prim(char-&gt;int,List(Ref(c))))) (of class miniscala.CMScalaTreeModule$Prim)
	at miniscala.CMScalaToCPSTranslator$.tail(CMScalaToCPSTranslator.scala:117)
	at miniscala.CMScalaToCPSTranslator$.$anonfun$nonTail$2(CMScalaToCPSTranslator.scala:36)
	at scala.collection.immutable.List.map(List.scala:286)
	at miniscala.CMScalaToCPSTranslator$.nonTail(CMScalaToCPSTranslator.scala:33)
	at miniscala.CMScalaToCPSTranslator$.apply(CMScalaToCPSTranslator.scala:12)
	at miniscala.CMScalaToCPSTranslator$.apply(CMScalaToCPSTranslator.scala:6)
	at scala.Function1.$anonfun$andThen$1(Function1.scala:57)
	at miniscala.test.infrastructure.CompilerTest.compileInner(CompilerTest.scala:37)
	at miniscala.test.infrastructure.CompilerTest.$anonfun$compileUsingPipelineAndRedirect$1(CompilerTest.scala:44)
	at miniscala.test.infrastructure.SandboxedTest$$anon$1.run(SandboxedTest.scala:24)
	at java.base/java.security.AccessController.doPrivileged(AccessController.java:391)
	at miniscala.test.infrastructure.SandboxedTest.sandboxedTest(SandboxedTest.scala:34)
	at miniscala.test.infrastructure.SandboxedTest.sandboxedTestWithRedirectedIO(SandboxedTest.scala:45)
	at miniscala.test.infrastructure.CompilerTest.compileUsingPipelineAndRedirect(CompilerTest.scala:44)
	at miniscala.test.infrastructure.CompilerTest.compileUsingPipelineAndRedirect$(CompilerTest.scala:43)
	at miniscala.test.infrastructure.CPSTest.compileUsingPipelineAndRedirect(CPSTest.scala:11)
	at miniscala.test.infrastructure.CPSHighTest.testCPSHighProgramOutput(CPSHighTest.scala:33)
	at miniscala.test.CMScalaToCPS_Blackbox.$anonfun$compileAndInterpret$1(CMScalaToCPS_Blackbox.scala:9)
	at miniscala.test.CMScalaToCPS_Blackbox.$anonfun$compileAndInterpret$1$adapted(CMScalaToCPS_Blackbox.scala:9)
	at miniscala.test.ok.LibraryOKTests.$anonfun$compileAndInterpretWithLib$1(LibraryOKTests.scala:19)
	at miniscala.test.ok.LibraryOKTests.$anonfun$compileAndInterpretWithLib$1$adapted(LibraryOKTests.scala:19)
	at miniscala.test.ok.LibraryOKTests.testLibLists11(LibraryOKTests.scala:111)
	at miniscala.test.ok.LibraryOKTests.testLibLists11$(LibraryOKTests.scala:110)
	at miniscala.test.CMScalaToCPS_Blackbox.testLibLists11(CMScalaToCPS_Blackbox.scala:7)
	at java.base/jdk.internal.reflect.NativeMethodAccessorImpl.invoke0(Native Method)
	at java.base/jdk.internal.reflect.NativeMethodAccessorImpl.invoke(NativeMethodAccessorImpl.java:62)
	at java.base/jdk.internal.reflect.DelegatingMethodAccessorImpl.invoke(DelegatingMethodAccessorImpl.java:43)
	at java.base/java.lang.reflect.Method.invoke(Method.java:567)
	at org.junit.runners.model.FrameworkMethod$1.runReflectiveCall(FrameworkMethod.java:47)
	at org.junit.internal.runners.model.ReflectiveCallable.run(ReflectiveCallable.java:12)
	at org.junit.runners.model.FrameworkMethod.invokeExplosively(FrameworkMethod.java:44)
	at org.junit.internal.runners.statements.InvokeMethod.evaluate(InvokeMethod.java:17)
	at org.junit.runners.ParentRunner.runLeaf(ParentRunner.java:271)
	at org.junit.runners.BlockJUnit4ClassRunner.runChild(BlockJUnit4ClassRunner.java:70)
	at org.junit.runners.BlockJUnit4ClassRunner.runChild(BlockJUnit4ClassRunner.java:50)
	at org.junit.runners.ParentRunner$3.run(ParentRunner.java:238)
	at org.junit.runners.ParentRunner$1.schedule(ParentRunner.java:63)
	at org.junit.runners.ParentRunner.runChildren(ParentRunner.java:236)
	at org.junit.runners.ParentRunner.access$000(ParentRunner.java:53)
	at org.junit.runners.ParentRunner$2.evaluate(ParentRunner.java:229)
	at org.junit.runners.ParentRunner.run(ParentRunner.java:309)
	at org.junit.runners.Suite.runChild(Suite.java:127)
	at org.junit.runners.Suite.runChild(Suite.java:26)
	at org.junit.runners.ParentRunner$3.run(ParentRunner.java:238)
	at org.junit.runners.ParentRunner$1.schedule(ParentRunner.java:63)
	at org.junit.runners.ParentRunner.runChildren(ParentRunner.java:236)
	at org.junit.runners.ParentRunner.access$000(ParentRunner.java:53)
	at org.junit.runners.ParentRunner$2.evaluate(ParentRunner.java:229)
	at org.junit.runners.ParentRunner.run(ParentRunner.java:309)
	at org.junit.runner.JUnitCore.run(JUnitCore.java:160)
	at org.junit.runner.JUnitCore.run(JUnitCore.java:138)
	at com.novocode.junit.JUnitRunner$1.execute(JUnitRunner.java:132)
	at sbt.ForkMain$Run.lambda$runTest$1(ForkMain.java:304)
	at java.base/java.util.concurrent.FutureTask.run(FutureTask.java:264)
	at java.base/java.util.concurrent.ThreadPoolExecutor.runWorker(ThreadPoolExecutor.java:1128)
	at java.base/java.util.concurrent.ThreadPoolExecutor$Worker.run(ThreadPoolExecutor.java:628)
	at java.base/java.lang.Thread.run(Thread.java:830)
</failure>
                                               </testcase><testcase classname="miniscala.test.CMScalaToCPS_Blackbox" name="testLibLists12" time="0.063">
                                                 <failure message="scala.MatchError: Prim(byte-write,List(Prim(char-&gt;int,List(Ref(c))))) (of class miniscala.CMScalaTreeModule$Prim)" type="sbt.ForkMain$ForkError">sbt.ForkMain$ForkError: scala.MatchError: Prim(byte-write,List(Prim(char-&gt;int,List(Ref(c))))) (of class miniscala.CMScalaTreeModule$Prim)
	at miniscala.CMScalaToCPSTranslator$.tail(CMScalaToCPSTranslator.scala:117)
	at miniscala.CMScalaToCPSTranslator$.$anonfun$nonTail$2(CMScalaToCPSTranslator.scala:36)
	at scala.collection.immutable.List.map(List.scala:286)
	at miniscala.CMScalaToCPSTranslator$.nonTail(CMScalaToCPSTranslator.scala:33)
	at miniscala.CMScalaToCPSTranslator$.apply(CMScalaToCPSTranslator.scala:12)
	at miniscala.CMScalaToCPSTranslator$.apply(CMScalaToCPSTranslator.scala:6)
	at scala.Function1.$anonfun$andThen$1(Function1.scala:57)
	at miniscala.test.infrastructure.CompilerTest.compileInner(CompilerTest.scala:37)
	at miniscala.test.infrastructure.CompilerTest.$anonfun$compileUsingPipelineAndRedirect$1(CompilerTest.scala:44)
	at miniscala.test.infrastructure.SandboxedTest$$anon$1.run(SandboxedTest.scala:24)
	at java.base/java.security.AccessController.doPrivileged(AccessController.java:391)
	at miniscala.test.infrastructure.SandboxedTest.sandboxedTest(SandboxedTest.scala:34)
	at miniscala.test.infrastructure.SandboxedTest.sandboxedTestWithRedirectedIO(SandboxedTest.scala:45)
	at miniscala.test.infrastructure.CompilerTest.compileUsingPipelineAndRedirect(CompilerTest.scala:44)
	at miniscala.test.infrastructure.CompilerTest.compileUsingPipelineAndRedirect$(CompilerTest.scala:43)
	at miniscala.test.infrastructure.CPSTest.compileUsingPipelineAndRedirect(CPSTest.scala:11)
	at miniscala.test.infrastructure.CPSHighTest.testCPSHighProgramOutput(CPSHighTest.scala:33)
	at miniscala.test.CMScalaToCPS_Blackbox.$anonfun$compileAndInterpret$1(CMScalaToCPS_Blackbox.scala:9)
	at miniscala.test.CMScalaToCPS_Blackbox.$anonfun$compileAndInterpret$1$adapted(CMScalaToCPS_Blackbox.scala:9)
	at miniscala.test.ok.LibraryOKTests.$anonfun$compileAndInterpretWithLib$1(LibraryOKTests.scala:19)
	at miniscala.test.ok.LibraryOKTests.$anonfun$compileAndInterpretWithLib$1$adapted(LibraryOKTests.scala:19)
	at miniscala.test.ok.LibraryOKTests.testLibLists12(LibraryOKTests.scala:121)
	at miniscala.test.ok.LibraryOKTests.testLibLists12$(LibraryOKTests.scala:120)
	at miniscala.test.CMScalaToCPS_Blackbox.testLibLists12(CMScalaToCPS_Blackbox.scala:7)
	at java.base/jdk.internal.reflect.NativeMethodAccessorImpl.invoke0(Native Method)
	at java.base/jdk.internal.reflect.NativeMethodAccessorImpl.invoke(NativeMethodAccessorImpl.java:62)
	at java.base/jdk.internal.reflect.DelegatingMethodAccessorImpl.invoke(DelegatingMethodAccessorImpl.java:43)
	at java.base/java.lang.reflect.Method.invoke(Method.java:567)
	at org.junit.runners.model.FrameworkMethod$1.runReflectiveCall(FrameworkMethod.java:47)
	at org.junit.internal.runners.model.ReflectiveCallable.run(ReflectiveCallable.java:12)
	at org.junit.runners.model.FrameworkMethod.invokeExplosively(FrameworkMethod.java:44)
	at org.junit.internal.runners.statements.InvokeMethod.evaluate(InvokeMethod.java:17)
	at org.junit.runners.ParentRunner.runLeaf(ParentRunner.java:271)
	at org.junit.runners.BlockJUnit4ClassRunner.runChild(BlockJUnit4ClassRunner.java:70)
	at org.junit.runners.BlockJUnit4ClassRunner.runChild(BlockJUnit4ClassRunner.java:50)
	at org.junit.runners.ParentRunner$3.run(ParentRunner.java:238)
	at org.junit.runners.ParentRunner$1.schedule(ParentRunner.java:63)
	at org.junit.runners.ParentRunner.runChildren(ParentRunner.java:236)
	at org.junit.runners.ParentRunner.access$000(ParentRunner.java:53)
	at org.junit.runners.ParentRunner$2.evaluate(ParentRunner.java:229)
	at org.junit.runners.ParentRunner.run(ParentRunner.java:309)
	at org.junit.runners.Suite.runChild(Suite.java:127)
	at org.junit.runners.Suite.runChild(Suite.java:26)
	at org.junit.runners.ParentRunner$3.run(ParentRunner.java:238)
	at org.junit.runners.ParentRunner$1.schedule(ParentRunner.java:63)
	at org.junit.runners.ParentRunner.runChildren(ParentRunner.java:236)
	at org.junit.runners.ParentRunner.access$000(ParentRunner.java:53)
	at org.junit.runners.ParentRunner$2.evaluate(ParentRunner.java:229)
	at org.junit.runners.ParentRunner.run(ParentRunner.java:309)
	at org.junit.runner.JUnitCore.run(JUnitCore.java:160)
	at org.junit.runner.JUnitCore.run(JUnitCore.java:138)
	at com.novocode.junit.JUnitRunner$1.execute(JUnitRunner.java:132)
	at sbt.ForkMain$Run.lambda$runTest$1(ForkMain.java:304)
	at java.base/java.util.concurrent.FutureTask.run(FutureTask.java:264)
	at java.base/java.util.concurrent.ThreadPoolExecutor.runWorker(ThreadPoolExecutor.java:1128)
	at java.base/java.util.concurrent.ThreadPoolExecutor$Worker.run(ThreadPoolExecutor.java:628)
	at java.base/java.lang.Thread.run(Thread.java:830)
</failure>
                                               </testcase><testcase classname="miniscala.test.CMScalaToCPS_Blackbox" name="testLibLists13" time="0.042">
                                                 <failure message="scala.MatchError: Prim(byte-write,List(Prim(char-&gt;int,List(Ref(c))))) (of class miniscala.CMScalaTreeModule$Prim)" type="sbt.ForkMain$ForkError">sbt.ForkMain$ForkError: scala.MatchError: Prim(byte-write,List(Prim(char-&gt;int,List(Ref(c))))) (of class miniscala.CMScalaTreeModule$Prim)
	at miniscala.CMScalaToCPSTranslator$.tail(CMScalaToCPSTranslator.scala:117)
	at miniscala.CMScalaToCPSTranslator$.$anonfun$nonTail$2(CMScalaToCPSTranslator.scala:36)
	at scala.collection.immutable.List.map(List.scala:286)
	at miniscala.CMScalaToCPSTranslator$.nonTail(CMScalaToCPSTranslator.scala:33)
	at miniscala.CMScalaToCPSTranslator$.apply(CMScalaToCPSTranslator.scala:12)
	at miniscala.CMScalaToCPSTranslator$.apply(CMScalaToCPSTranslator.scala:6)
	at scala.Function1.$anonfun$andThen$1(Function1.scala:57)
	at miniscala.test.infrastructure.CompilerTest.compileInner(CompilerTest.scala:37)
	at miniscala.test.infrastructure.CompilerTest.$anonfun$compileUsingPipelineAndRedirect$1(CompilerTest.scala:44)
	at miniscala.test.infrastructure.SandboxedTest$$anon$1.run(SandboxedTest.scala:24)
	at java.base/java.security.AccessController.doPrivileged(AccessController.java:391)
	at miniscala.test.infrastructure.SandboxedTest.sandboxedTest(SandboxedTest.scala:34)
	at miniscala.test.infrastructure.SandboxedTest.sandboxedTestWithRedirectedIO(SandboxedTest.scala:45)
	at miniscala.test.infrastructure.CompilerTest.compileUsingPipelineAndRedirect(CompilerTest.scala:44)
	at miniscala.test.infrastructure.CompilerTest.compileUsingPipelineAndRedirect$(CompilerTest.scala:43)
	at miniscala.test.infrastructure.CPSTest.compileUsingPipelineAndRedirect(CPSTest.scala:11)
	at miniscala.test.infrastructure.CPSHighTest.testCPSHighProgramOutput(CPSHighTest.scala:33)
	at miniscala.test.CMScalaToCPS_Blackbox.$anonfun$compileAndInterpret$1(CMScalaToCPS_Blackbox.scala:9)
	at miniscala.test.CMScalaToCPS_Blackbox.$anonfun$compileAndInterpret$1$adapted(CMScalaToCPS_Blackbox.scala:9)
	at miniscala.test.ok.LibraryOKTests.$anonfun$compileAndInterpretWithLib$1(LibraryOKTests.scala:19)
	at miniscala.test.ok.LibraryOKTests.$anonfun$compileAndInterpretWithLib$1$adapted(LibraryOKTests.scala:19)
	at miniscala.test.ok.LibraryOKTests.testLibLists13(LibraryOKTests.scala:127)
	at miniscala.test.ok.LibraryOKTests.testLibLists13$(LibraryOKTests.scala:126)
	at miniscala.test.CMScalaToCPS_Blackbox.testLibLists13(CMScalaToCPS_Blackbox.scala:7)
	at java.base/jdk.internal.reflect.NativeMethodAccessorImpl.invoke0(Native Method)
	at java.base/jdk.internal.reflect.NativeMethodAccessorImpl.invoke(NativeMethodAccessorImpl.java:62)
	at java.base/jdk.internal.reflect.DelegatingMethodAccessorImpl.invoke(DelegatingMethodAccessorImpl.java:43)
	at java.base/java.lang.reflect.Method.invoke(Method.java:567)
	at org.junit.runners.model.FrameworkMethod$1.runReflectiveCall(FrameworkMethod.java:47)
	at org.junit.internal.runners.model.ReflectiveCallable.run(ReflectiveCallable.java:12)
	at org.junit.runners.model.FrameworkMethod.invokeExplosively(FrameworkMethod.java:44)
	at org.junit.internal.runners.statements.InvokeMethod.evaluate(InvokeMethod.java:17)
	at org.junit.runners.ParentRunner.runLeaf(ParentRunner.java:271)
	at org.junit.runners.BlockJUnit4ClassRunner.runChild(BlockJUnit4ClassRunner.java:70)
	at org.junit.runners.BlockJUnit4ClassRunner.runChild(BlockJUnit4ClassRunner.java:50)
	at org.junit.runners.ParentRunner$3.run(ParentRunner.java:238)
	at org.junit.runners.ParentRunner$1.schedule(ParentRunner.java:63)
	at org.junit.runners.ParentRunner.runChildren(ParentRunner.java:236)
	at org.junit.runners.ParentRunner.access$000(ParentRunner.java:53)
	at org.junit.runners.ParentRunner$2.evaluate(ParentRunner.java:229)
	at org.junit.runners.ParentRunner.run(ParentRunner.java:309)
	at org.junit.runners.Suite.runChild(Suite.java:127)
	at org.junit.runners.Suite.runChild(Suite.java:26)
	at org.junit.runners.ParentRunner$3.run(ParentRunner.java:238)
	at org.junit.runners.ParentRunner$1.schedule(ParentRunner.java:63)
	at org.junit.runners.ParentRunner.runChildren(ParentRunner.java:236)
	at org.junit.runners.ParentRunner.access$000(ParentRunner.java:53)
	at org.junit.runners.ParentRunner$2.evaluate(ParentRunner.java:229)
	at org.junit.runners.ParentRunner.run(ParentRunner.java:309)
	at org.junit.runner.JUnitCore.run(JUnitCore.java:160)
	at org.junit.runner.JUnitCore.run(JUnitCore.java:138)
	at com.novocode.junit.JUnitRunner$1.execute(JUnitRunner.java:132)
	at sbt.ForkMain$Run.lambda$runTest$1(ForkMain.java:304)
	at java.base/java.util.concurrent.FutureTask.run(FutureTask.java:264)
	at java.base/java.util.concurrent.ThreadPoolExecutor.runWorker(ThreadPoolExecutor.java:1128)
	at java.base/java.util.concurrent.ThreadPoolExecutor$Worker.run(ThreadPoolExecutor.java:628)
	at java.base/java.lang.Thread.run(Thread.java:830)
</failure>
                                               </testcase><testcase classname="miniscala.test.CMScalaToCPS_Blackbox" name="testConditional1" time="0.001">
                                                 <failure message="scala.MatchError: Prim(byte-write,List(Prim(char-&gt;int,List(Lit('
'))))) (of class miniscala.CMScalaTreeModule$Prim)" type="sbt.ForkMain$ForkError">sbt.ForkMain$ForkError: scala.MatchError: Prim(byte-write,List(Prim(char-&gt;int,List(Lit('
'))))) (of class miniscala.CMScalaTreeModule$Prim)
	at miniscala.CMScalaToCPSTranslator$.nonTail(CMScalaToCPSTranslator.scala:17)
	at miniscala.CMScalaToCPSTranslator$.$anonfun$nonTail$1(CMScalaToCPSTranslator.scala:21)
	at miniscala.CMScalaToCPSTranslator$.nonTail(CMScalaToCPSTranslator.scala:92)
	at miniscala.CMScalaToCPSTranslator$.$anonfun$nonTail$1(CMScalaToCPSTranslator.scala:21)
	at miniscala.CMScalaToCPSTranslator$.nonTail(CMScalaToCPSTranslator.scala:92)
	at miniscala.CMScalaToCPSTranslator$.apply(CMScalaToCPSTranslator.scala:12)
	at miniscala.CMScalaToCPSTranslator$.apply(CMScalaToCPSTranslator.scala:6)
	at scala.Function1.$anonfun$andThen$1(Function1.scala:57)
	at miniscala.test.infrastructure.CompilerTest.compileInner(CompilerTest.scala:37)
	at miniscala.test.infrastructure.CompilerTest.$anonfun$compileUsingPipelineAndRedirect$1(CompilerTest.scala:44)
	at miniscala.test.infrastructure.SandboxedTest$$anon$1.run(SandboxedTest.scala:24)
	at java.base/java.security.AccessController.doPrivileged(AccessController.java:391)
	at miniscala.test.infrastructure.SandboxedTest.sandboxedTest(SandboxedTest.scala:34)
	at miniscala.test.infrastructure.SandboxedTest.sandboxedTestWithRedirectedIO(SandboxedTest.scala:45)
	at miniscala.test.infrastructure.CompilerTest.compileUsingPipelineAndRedirect(CompilerTest.scala:44)
	at miniscala.test.infrastructure.CompilerTest.compileUsingPipelineAndRedirect$(CompilerTest.scala:43)
	at miniscala.test.infrastructure.CPSTest.compileUsingPipelineAndRedirect(CPSTest.scala:11)
	at miniscala.test.infrastructure.CPSHighTest.testCPSHighProgramOutput(CPSHighTest.scala:33)
	at miniscala.test.CMScalaToCPS_Blackbox.$anonfun$compileAndInterpret$1(CMScalaToCPS_Blackbox.scala:9)
	at miniscala.test.CMScalaToCPS_Blackbox.$anonfun$compileAndInterpret$1$adapted(CMScalaToCPS_Blackbox.scala:9)
	at miniscala.test.ok.ConditionalOKTests.testConditional1(ConditionalOKTests.scala:8)
	at miniscala.test.ok.ConditionalOKTests.testConditional1$(ConditionalOKTests.scala:7)
	at miniscala.test.CMScalaToCPS_Blackbox.testConditional1(CMScalaToCPS_Blackbox.scala:7)
	at java.base/jdk.internal.reflect.NativeMethodAccessorImpl.invoke0(Native Method)
	at java.base/jdk.internal.reflect.NativeMethodAccessorImpl.invoke(NativeMethodAccessorImpl.java:62)
	at java.base/jdk.internal.reflect.DelegatingMethodAccessorImpl.invoke(DelegatingMethodAccessorImpl.java:43)
	at java.base/java.lang.reflect.Method.invoke(Method.java:567)
	at org.junit.runners.model.FrameworkMethod$1.runReflectiveCall(FrameworkMethod.java:47)
	at org.junit.internal.runners.model.ReflectiveCallable.run(ReflectiveCallable.java:12)
	at org.junit.runners.model.FrameworkMethod.invokeExplosively(FrameworkMethod.java:44)
	at org.junit.internal.runners.statements.InvokeMethod.evaluate(InvokeMethod.java:17)
	at org.junit.runners.ParentRunner.runLeaf(ParentRunner.java:271)
	at org.junit.runners.BlockJUnit4ClassRunner.runChild(BlockJUnit4ClassRunner.java:70)
	at org.junit.runners.BlockJUnit4ClassRunner.runChild(BlockJUnit4ClassRunner.java:50)
	at org.junit.runners.ParentRunner$3.run(ParentRunner.java:238)
	at org.junit.runners.ParentRunner$1.schedule(ParentRunner.java:63)
	at org.junit.runners.ParentRunner.runChildren(ParentRunner.java:236)
	at org.junit.runners.ParentRunner.access$000(ParentRunner.java:53)
	at org.junit.runners.ParentRunner$2.evaluate(ParentRunner.java:229)
	at org.junit.runners.ParentRunner.run(ParentRunner.java:309)
	at org.junit.runners.Suite.runChild(Suite.java:127)
	at org.junit.runners.Suite.runChild(Suite.java:26)
	at org.junit.runners.ParentRunner$3.run(ParentRunner.java:238)
	at org.junit.runners.ParentRunner$1.schedule(ParentRunner.java:63)
	at org.junit.runners.ParentRunner.runChildren(ParentRunner.java:236)
	at org.junit.runners.ParentRunner.access$000(ParentRunner.java:53)
	at org.junit.runners.ParentRunner$2.evaluate(ParentRunner.java:229)
	at org.junit.runners.ParentRunner.run(ParentRunner.java:309)
	at org.junit.runner.JUnitCore.run(JUnitCore.java:160)
	at org.junit.runner.JUnitCore.run(JUnitCore.java:138)
	at com.novocode.junit.JUnitRunner$1.execute(JUnitRunner.java:132)
	at sbt.ForkMain$Run.lambda$runTest$1(ForkMain.java:304)
	at java.base/java.util.concurrent.FutureTask.run(FutureTask.java:264)
	at java.base/java.util.concurrent.ThreadPoolExecutor.runWorker(ThreadPoolExecutor.java:1128)
	at java.base/java.util.concurrent.ThreadPoolExecutor$Worker.run(ThreadPoolExecutor.java:628)
	at java.base/java.lang.Thread.run(Thread.java:830)
</failure>
                                               </testcase><testcase classname="miniscala.test.CMScalaToCPS_Blackbox" name="testConditional2" time="0.001">
                                                 <failure message="scala.MatchError: Prim(byte-write,List(Prim(char-&gt;int,List(Lit('
'))))) (of class miniscala.CMScalaTreeModule$Prim)" type="sbt.ForkMain$ForkError">sbt.ForkMain$ForkError: scala.MatchError: Prim(byte-write,List(Prim(char-&gt;int,List(Lit('
'))))) (of class miniscala.CMScalaTreeModule$Prim)
	at miniscala.CMScalaToCPSTranslator$.nonTail(CMScalaToCPSTranslator.scala:17)
	at miniscala.CMScalaToCPSTranslator$.$anonfun$nonTail$1(CMScalaToCPSTranslator.scala:21)
	at miniscala.CMScalaToCPSTranslator$.nonTail(CMScalaToCPSTranslator.scala:92)
	at miniscala.CMScalaToCPSTranslator$.$anonfun$nonTail$1(CMScalaToCPSTranslator.scala:21)
	at miniscala.CMScalaToCPSTranslator$.nonTail(CMScalaToCPSTranslator.scala:92)
	at miniscala.CMScalaToCPSTranslator$.apply(CMScalaToCPSTranslator.scala:12)
	at miniscala.CMScalaToCPSTranslator$.apply(CMScalaToCPSTranslator.scala:6)
	at scala.Function1.$anonfun$andThen$1(Function1.scala:57)
	at miniscala.test.infrastructure.CompilerTest.compileInner(CompilerTest.scala:37)
	at miniscala.test.infrastructure.CompilerTest.$anonfun$compileUsingPipelineAndRedirect$1(CompilerTest.scala:44)
	at miniscala.test.infrastructure.SandboxedTest$$anon$1.run(SandboxedTest.scala:24)
	at java.base/java.security.AccessController.doPrivileged(AccessController.java:391)
	at miniscala.test.infrastructure.SandboxedTest.sandboxedTest(SandboxedTest.scala:34)
	at miniscala.test.infrastructure.SandboxedTest.sandboxedTestWithRedirectedIO(SandboxedTest.scala:45)
	at miniscala.test.infrastructure.CompilerTest.compileUsingPipelineAndRedirect(CompilerTest.scala:44)
	at miniscala.test.infrastructure.CompilerTest.compileUsingPipelineAndRedirect$(CompilerTest.scala:43)
	at miniscala.test.infrastructure.CPSTest.compileUsingPipelineAndRedirect(CPSTest.scala:11)
	at miniscala.test.infrastructure.CPSHighTest.testCPSHighProgramOutput(CPSHighTest.scala:33)
	at miniscala.test.CMScalaToCPS_Blackbox.$anonfun$compileAndInterpret$1(CMScalaToCPS_Blackbox.scala:9)
	at miniscala.test.CMScalaToCPS_Blackbox.$anonfun$compileAndInterpret$1$adapted(CMScalaToCPS_Blackbox.scala:9)
	at miniscala.test.ok.ConditionalOKTests.testConditional2(ConditionalOKTests.scala:15)
	at miniscala.test.ok.ConditionalOKTests.testConditional2$(ConditionalOKTests.scala:14)
	at miniscala.test.CMScalaToCPS_Blackbox.testConditional2(CMScalaToCPS_Blackbox.scala:7)
	at java.base/jdk.internal.reflect.NativeMethodAccessorImpl.invoke0(Native Method)
	at java.base/jdk.internal.reflect.NativeMethodAccessorImpl.invoke(NativeMethodAccessorImpl.java:62)
	at java.base/jdk.internal.reflect.DelegatingMethodAccessorImpl.invoke(DelegatingMethodAccessorImpl.java:43)
	at java.base/java.lang.reflect.Method.invoke(Method.java:567)
	at org.junit.runners.model.FrameworkMethod$1.runReflectiveCall(FrameworkMethod.java:47)
	at org.junit.internal.runners.model.ReflectiveCallable.run(ReflectiveCallable.java:12)
	at org.junit.runners.model.FrameworkMethod.invokeExplosively(FrameworkMethod.java:44)
	at org.junit.internal.runners.statements.InvokeMethod.evaluate(InvokeMethod.java:17)
	at org.junit.runners.ParentRunner.runLeaf(ParentRunner.java:271)
	at org.junit.runners.BlockJUnit4ClassRunner.runChild(BlockJUnit4ClassRunner.java:70)
	at org.junit.runners.BlockJUnit4ClassRunner.runChild(BlockJUnit4ClassRunner.java:50)
	at org.junit.runners.ParentRunner$3.run(ParentRunner.java:238)
	at org.junit.runners.ParentRunner$1.schedule(ParentRunner.java:63)
	at org.junit.runners.ParentRunner.runChildren(ParentRunner.java:236)
	at org.junit.runners.ParentRunner.access$000(ParentRunner.java:53)
	at org.junit.runners.ParentRunner$2.evaluate(ParentRunner.java:229)
	at org.junit.runners.ParentRunner.run(ParentRunner.java:309)
	at org.junit.runners.Suite.runChild(Suite.java:127)
	at org.junit.runners.Suite.runChild(Suite.java:26)
	at org.junit.runners.ParentRunner$3.run(ParentRunner.java:238)
	at org.junit.runners.ParentRunner$1.schedule(ParentRunner.java:63)
	at org.junit.runners.ParentRunner.runChildren(ParentRunner.java:236)
	at org.junit.runners.ParentRunner.access$000(ParentRunner.java:53)
	at org.junit.runners.ParentRunner$2.evaluate(ParentRunner.java:229)
	at org.junit.runners.ParentRunner.run(ParentRunner.java:309)
	at org.junit.runner.JUnitCore.run(JUnitCore.java:160)
	at org.junit.runner.JUnitCore.run(JUnitCore.java:138)
	at com.novocode.junit.JUnitRunner$1.execute(JUnitRunner.java:132)
	at sbt.ForkMain$Run.lambda$runTest$1(ForkMain.java:304)
	at java.base/java.util.concurrent.FutureTask.run(FutureTask.java:264)
	at java.base/java.util.concurrent.ThreadPoolExecutor.runWorker(ThreadPoolExecutor.java:1128)
	at java.base/java.util.concurrent.ThreadPoolExecutor$Worker.run(ThreadPoolExecutor.java:628)
	at java.base/java.lang.Thread.run(Thread.java:830)
</failure>
                                               </testcase><testcase classname="miniscala.test.CMScalaToCPS_Blackbox" name="testConditional4" time="0.001">
                                                 <failure message="scala.MatchError: Prim(byte-write,List(Prim(char-&gt;int,List(Lit('K'))))) (of class miniscala.CMScalaTreeModule$Prim)" type="sbt.ForkMain$ForkError">sbt.ForkMain$ForkError: scala.MatchError: Prim(byte-write,List(Prim(char-&gt;int,List(Lit('K'))))) (of class miniscala.CMScalaTreeModule$Prim)
	at miniscala.CMScalaToCPSTranslator$.tail(CMScalaToCPSTranslator.scala:117)
	at miniscala.CMScalaToCPSTranslator$.$anonfun$nonTail$9(CMScalaToCPSTranslator.scala:93)
	at miniscala.CMScalaToCPSTranslator$.tempLetC(CMScalaToCPSTranslator.scala:169)
	at miniscala.CMScalaToCPSTranslator$.nonTail(CMScalaToCPSTranslator.scala:92)
	at miniscala.CMScalaToCPSTranslator$.apply(CMScalaToCPSTranslator.scala:12)
	at miniscala.CMScalaToCPSTranslator$.apply(CMScalaToCPSTranslator.scala:6)
	at scala.Function1.$anonfun$andThen$1(Function1.scala:57)
	at miniscala.test.infrastructure.CompilerTest.compileInner(CompilerTest.scala:37)
	at miniscala.test.infrastructure.CompilerTest.$anonfun$compileUsingPipelineAndRedirect$1(CompilerTest.scala:44)
	at miniscala.test.infrastructure.SandboxedTest$$anon$1.run(SandboxedTest.scala:24)
	at java.base/java.security.AccessController.doPrivileged(AccessController.java:391)
	at miniscala.test.infrastructure.SandboxedTest.sandboxedTest(SandboxedTest.scala:34)
	at miniscala.test.infrastructure.SandboxedTest.sandboxedTestWithRedirectedIO(SandboxedTest.scala:45)
	at miniscala.test.infrastructure.CompilerTest.compileUsingPipelineAndRedirect(CompilerTest.scala:44)
	at miniscala.test.infrastructure.CompilerTest.compileUsingPipelineAndRedirect$(CompilerTest.scala:43)
	at miniscala.test.infrastructure.CPSTest.compileUsingPipelineAndRedirect(CPSTest.scala:11)
	at miniscala.test.infrastructure.CPSHighTest.testCPSHighProgramOutput(CPSHighTest.scala:33)
	at miniscala.test.CMScalaToCPS_Blackbox.$anonfun$compileAndInterpret$1(CMScalaToCPS_Blackbox.scala:9)
	at miniscala.test.CMScalaToCPS_Blackbox.$anonfun$compileAndInterpret$1$adapted(CMScalaToCPS_Blackbox.scala:9)
	at miniscala.test.ok.ConditionalOKTests.testConditional4(ConditionalOKTests.scala:39)
	at miniscala.test.ok.ConditionalOKTests.testConditional4$(ConditionalOKTests.scala:38)
	at miniscala.test.CMScalaToCPS_Blackbox.testConditional4(CMScalaToCPS_Blackbox.scala:7)
	at java.base/jdk.internal.reflect.NativeMethodAccessorImpl.invoke0(Native Method)
	at java.base/jdk.internal.reflect.NativeMethodAccessorImpl.invoke(NativeMethodAccessorImpl.java:62)
	at java.base/jdk.internal.reflect.DelegatingMethodAccessorImpl.invoke(DelegatingMethodAccessorImpl.java:43)
	at java.base/java.lang.reflect.Method.invoke(Method.java:567)
	at org.junit.runners.model.FrameworkMethod$1.runReflectiveCall(FrameworkMethod.java:47)
	at org.junit.internal.runners.model.ReflectiveCallable.run(ReflectiveCallable.java:12)
	at org.junit.runners.model.FrameworkMethod.invokeExplosively(FrameworkMethod.java:44)
	at org.junit.internal.runners.statements.InvokeMethod.evaluate(InvokeMethod.java:17)
	at org.junit.runners.ParentRunner.runLeaf(ParentRunner.java:271)
	at org.junit.runners.BlockJUnit4ClassRunner.runChild(BlockJUnit4ClassRunner.java:70)
	at org.junit.runners.BlockJUnit4ClassRunner.runChild(BlockJUnit4ClassRunner.java:50)
	at org.junit.runners.ParentRunner$3.run(ParentRunner.java:238)
	at org.junit.runners.ParentRunner$1.schedule(ParentRunner.java:63)
	at org.junit.runners.ParentRunner.runChildren(ParentRunner.java:236)
	at org.junit.runners.ParentRunner.access$000(ParentRunner.java:53)
	at org.junit.runners.ParentRunner$2.evaluate(ParentRunner.java:229)
	at org.junit.runners.ParentRunner.run(ParentRunner.java:309)
	at org.junit.runners.Suite.runChild(Suite.java:127)
	at org.junit.runners.Suite.runChild(Suite.java:26)
	at org.junit.runners.ParentRunner$3.run(ParentRunner.java:238)
	at org.junit.runners.ParentRunner$1.schedule(ParentRunner.java:63)
	at org.junit.runners.ParentRunner.runChildren(ParentRunner.java:236)
	at org.junit.runners.ParentRunner.access$000(ParentRunner.java:53)
	at org.junit.runners.ParentRunner$2.evaluate(ParentRunner.java:229)
	at org.junit.runners.ParentRunner.run(ParentRunner.java:309)
	at org.junit.runner.JUnitCore.run(JUnitCore.java:160)
	at org.junit.runner.JUnitCore.run(JUnitCore.java:138)
	at com.novocode.junit.JUnitRunner$1.execute(JUnitRunner.java:132)
	at sbt.ForkMain$Run.lambda$runTest$1(ForkMain.java:304)
	at java.base/java.util.concurrent.FutureTask.run(FutureTask.java:264)
	at java.base/java.util.concurrent.ThreadPoolExecutor.runWorker(ThreadPoolExecutor.java:1128)
	at java.base/java.util.concurrent.ThreadPoolExecutor$Worker.run(ThreadPoolExecutor.java:628)
	at java.base/java.lang.Thread.run(Thread.java:830)
</failure>
                                               </testcase><testcase classname="miniscala.test.CMScalaToCPS_Blackbox" name="testLibStrings1" time="0.047">
[...]
	at java.base/java.lang.Thread.run(Thread.java:830)
</failure>
                                               </testcase><testcase classname="miniscala.test.CMScalaToCPS_Blackbox" name="testPrimitiveLog20" time="0.0">
                                                 <failure message="scala.MatchError: Prim(byte-write,List(Lit(10))) (of class miniscala.CMScalaTreeModule$Prim)" type="sbt.ForkMain$ForkError">sbt.ForkMain$ForkError: scala.MatchError: Prim(byte-write,List(Lit(10))) (of class miniscala.CMScalaTreeModule$Prim)
	at miniscala.CMScalaToCPSTranslator$.tail(CMScalaToCPSTranslator.scala:117)
	at miniscala.CMScalaToCPSTranslator$.$anonfun$nonTail$2(CMScalaToCPSTranslator.scala:36)
	at scala.collection.immutable.List.map(List.scala:286)
	at miniscala.CMScalaToCPSTranslator$.nonTail(CMScalaToCPSTranslator.scala:33)
	at miniscala.CMScalaToCPSTranslator$.apply(CMScalaToCPSTranslator.scala:12)
	at miniscala.CMScalaToCPSTranslator$.apply(CMScalaToCPSTranslator.scala:6)
	at scala.Function1.$anonfun$andThen$1(Function1.scala:57)
	at miniscala.test.infrastructure.CompilerTest.compileInner(CompilerTest.scala:37)
	at miniscala.test.infrastructure.CompilerTest.$anonfun$compileUsingPipelineAndRedirect$1(CompilerTest.scala:44)
	at miniscala.test.infrastructure.SandboxedTest$$anon$1.run(SandboxedTest.scala:24)
	at java.base/java.security.AccessController.doPrivileged(AccessController.java:391)
	at miniscala.test.infrastructure.SandboxedTest.sandboxedTest(SandboxedTest.scala:34)
	at miniscala.test.infrastructure.SandboxedTest.sandboxedTestWithRedirectedIO(SandboxedTest.scala:45)
	at miniscala.test.infrastructure.CompilerTest.compileUsingPipelineAndRedirect(CompilerTest.scala:44)
	at miniscala.test.infrastructure.CompilerTest.compileUsingPipelineAndRedirect$(CompilerTest.scala:43)
	at miniscala.test.infrastructure.CPSTest.compileUsingPipelineAndRedirect(CPSTest.scala:11)
	at miniscala.test.infrastructure.CPSHighTest.testCPSHighProgramOutput(CPSHighTest.scala:33)
	at miniscala.test.CMScalaToCPS_Blackbox.$anonfun$compileAndInterpret$1(CMScalaToCPS_Blackbox.scala:9)
	at miniscala.test.CMScalaToCPS_Blackbox.$anonfun$compileAndInterpret$1$adapted(CMScalaToCPS_Blackbox.scala:9)
	at miniscala.test.ok.PrimitivesOKTests.testPrimitiveLog20(PrimitivesOKTests.scala:299)
	at miniscala.test.ok.PrimitivesOKTests.testPrimitiveLog20$(PrimitivesOKTests.scala:298)
	at miniscala.test.CMScalaToCPS_Blackbox.testPrimitiveLog20(CMScalaToCPS_Blackbox.scala:7)
	at java.base/jdk.internal.reflect.NativeMethodAccessorImpl.invoke0(Native Method)
	at java.base/jdk.internal.reflect.NativeMethodAccessorImpl.invoke(NativeMethodAccessorImpl.java:62)
	at java.base/jdk.internal.reflect.DelegatingMethodAccessorImpl.invoke(DelegatingMethodAccessorImpl.java:43)
	at java.base/java.lang.reflect.Method.invoke(Method.java:567)
	at org.junit.runners.model.FrameworkMethod$1.runReflectiveCall(FrameworkMethod.java:47)
	at org.junit.internal.runners.model.ReflectiveCallable.run(ReflectiveCallable.java:12)
	at org.junit.runners.model.FrameworkMethod.invokeExplosively(FrameworkMethod.java:44)
	at org.junit.internal.runners.statements.InvokeMethod.evaluate(InvokeMethod.java:17)
	at org.junit.runners.ParentRunner.runLeaf(ParentRunner.java:271)
	at org.junit.runners.BlockJUnit4ClassRunner.runChild(BlockJUnit4ClassRunner.java:70)
	at org.junit.runners.BlockJUnit4ClassRunner.runChild(BlockJUnit4ClassRunner.java:50)
	at org.junit.runners.ParentRunner$3.run(ParentRunner.java:238)
	at org.junit.runners.ParentRunner$1.schedule(ParentRunner.java:63)
	at org.junit.runners.ParentRunner.runChildren(ParentRunner.java:236)
	at org.junit.runners.ParentRunner.access$000(ParentRunner.java:53)
	at org.junit.runners.ParentRunner$2.evaluate(ParentRunner.java:229)
	at org.junit.runners.ParentRunner.run(ParentRunner.java:309)
	at org.junit.runners.Suite.runChild(Suite.java:127)
	at org.junit.runners.Suite.runChild(Suite.java:26)
	at org.junit.runners.ParentRunner$3.run(ParentRunner.java:238)
	at org.junit.runners.ParentRunner$1.schedule(ParentRunner.java:63)
	at org.junit.runners.ParentRunner.runChildren(ParentRunner.java:236)
	at org.junit.runners.ParentRunner.access$000(ParentRunner.java:53)
	at org.junit.runners.ParentRunner$2.evaluate(ParentRunner.java:229)
	at org.junit.runners.ParentRunner.run(ParentRunner.java:309)
	at org.junit.runner.JUnitCore.run(JUnitCore.java:160)
	at org.junit.runner.JUnitCore.run(JUnitCore.java:138)
	at com.novocode.junit.JUnitRunner$1.execute(JUnitRunner.java:132)
	at sbt.ForkMain$Run.lambda$runTest$1(ForkMain.java:304)
	at java.base/java.util.concurrent.FutureTask.run(FutureTask.java:264)
	at java.base/java.util.concurrent.ThreadPoolExecutor.runWorker(ThreadPoolExecutor.java:1128)
	at java.base/java.util.concurrent.ThreadPoolExecutor$Worker.run(ThreadPoolExecutor.java:628)
	at java.base/java.lang.Thread.run(Thread.java:830)
</failure>
                                               </testcase><testcase classname="miniscala.test.CMScalaToCPS_Blackbox" name="testPrimitiveLog21" time="0.002">
                                                 <failure message="scala.MatchError: Prim(byte-write,List(Lit(10))) (of class miniscala.CMScalaTreeModule$Prim)" type="sbt.ForkMain$ForkError">sbt.ForkMain$ForkError: scala.MatchError: Prim(byte-write,List(Lit(10))) (of class miniscala.CMScalaTreeModule$Prim)
	at miniscala.CMScalaToCPSTranslator$.tail(CMScalaToCPSTranslator.scala:117)
	at miniscala.CMScalaToCPSTranslator$.$anonfun$nonTail$2(CMScalaToCPSTranslator.scala:36)
	at scala.collection.immutable.List.map(List.scala:286)
	at miniscala.CMScalaToCPSTranslator$.nonTail(CMScalaToCPSTranslator.scala:33)
	at miniscala.CMScalaToCPSTranslator$.apply(CMScalaToCPSTranslator.scala:12)
	at miniscala.CMScalaToCPSTranslator$.apply(CMScalaToCPSTranslator.scala:6)
	at scala.Function1.$anonfun$andThen$1(Function1.scala:57)
	at miniscala.test.infrastructure.CompilerTest.compileInner(CompilerTest.scala:37)
	at miniscala.test.infrastructure.CompilerTest.$anonfun$compileUsingPipelineAndRedirect$1(CompilerTest.scala:44)
	at miniscala.test.infrastructure.SandboxedTest$$anon$1.run(SandboxedTest.scala:24)
	at java.base/java.security.AccessController.doPrivileged(AccessController.java:391)
	at miniscala.test.infrastructure.SandboxedTest.sandboxedTest(SandboxedTest.scala:34)
	at miniscala.test.infrastructure.SandboxedTest.sandboxedTestWithRedirectedIO(SandboxedTest.scala:45)
	at miniscala.test.infrastructure.CompilerTest.compileUsingPipelineAndRedirect(CompilerTest.scala:44)
	at miniscala.test.infrastructure.CompilerTest.compileUsingPipelineAndRedirect$(CompilerTest.scala:43)
	at miniscala.test.infrastructure.CPSTest.compileUsingPipelineAndRedirect(CPSTest.scala:11)
	at miniscala.test.infrastructure.CPSHighTest.testCPSHighProgramOutput(CPSHighTest.scala:33)
	at miniscala.test.CMScalaToCPS_Blackbox.$anonfun$compileAndInterpret$1(CMScalaToCPS_Blackbox.scala:9)
	at miniscala.test.CMScalaToCPS_Blackbox.$anonfun$compileAndInterpret$1$adapted(CMScalaToCPS_Blackbox.scala:9)
	at miniscala.test.ok.PrimitivesOKTests.testPrimitiveLog21(PrimitivesOKTests.scala:307)
	at miniscala.test.ok.PrimitivesOKTests.testPrimitiveLog21$(PrimitivesOKTests.scala:306)
	at miniscala.test.CMScalaToCPS_Blackbox.testPrimitiveLog21(CMScalaToCPS_Blackbox.scala:7)
	at java.base/jdk.internal.reflect.NativeMethodAccessorImpl.invoke0(Native Method)
	at java.base/jdk.internal.reflect.NativeMethodAccessorImpl.invoke(NativeMethodAccessorImpl.java:62)
	at java.base/jdk.internal.reflect.DelegatingMethodAccessorImpl.invoke(DelegatingMethodAccessorImpl.java:43)
	at java.base/java.lang.reflect.Method.invoke(Method.java:567)
	at org.junit.runners.model.FrameworkMethod$1.runReflectiveCall(FrameworkMethod.java:47)
	at org.junit.internal.runners.model.ReflectiveCallable.run(ReflectiveCallable.java:12)
	at org.junit.runners.model.FrameworkMethod.invokeExplosively(FrameworkMethod.java:44)
	at org.junit.internal.runners.statements.InvokeMethod.evaluate(InvokeMethod.java:17)
	at org.junit.runners.ParentRunner.runLeaf(ParentRunner.java:271)
	at org.junit.runners.BlockJUnit4ClassRunner.runChild(BlockJUnit4ClassRunner.java:70)
	at org.junit.runners.BlockJUnit4ClassRunner.runChild(BlockJUnit4ClassRunner.java:50)
	at org.junit.runners.ParentRunner$3.run(ParentRunner.java:238)
	at org.junit.runners.ParentRunner$1.schedule(ParentRunner.java:63)
	at org.junit.runners.ParentRunner.runChildren(ParentRunner.java:236)
	at org.junit.runners.ParentRunner.access$000(ParentRunner.java:53)
	at org.junit.runners.ParentRunner$2.evaluate(ParentRunner.java:229)
	at org.junit.runners.ParentRunner.run(ParentRunner.java:309)
	at org.junit.runners.Suite.runChild(Suite.java:127)
	at org.junit.runners.Suite.runChild(Suite.java:26)
	at org.junit.runners.ParentRunner$3.run(ParentRunner.java:238)
	at org.junit.runners.ParentRunner$1.schedule(ParentRunner.java:63)
	at org.junit.runners.ParentRunner.runChildren(ParentRunner.java:236)
	at org.junit.runners.ParentRunner.access$000(ParentRunner.java:53)
	at org.junit.runners.ParentRunner$2.evaluate(ParentRunner.java:229)
	at org.junit.runners.ParentRunner.run(ParentRunner.java:309)
	at org.junit.runner.JUnitCore.run(JUnitCore.java:160)
	at org.junit.runner.JUnitCore.run(JUnitCore.java:138)
	at com.novocode.junit.JUnitRunner$1.execute(JUnitRunner.java:132)
	at sbt.ForkMain$Run.lambda$runTest$1(ForkMain.java:304)
	at java.base/java.util.concurrent.FutureTask.run(FutureTask.java:264)
	at java.base/java.util.concurrent.ThreadPoolExecutor.runWorker(ThreadPoolExecutor.java:1128)
	at java.base/java.util.concurrent.ThreadPoolExecutor$Worker.run(ThreadPoolExecutor.java:628)
	at java.base/java.lang.Thread.run(Thread.java:830)
</failure>
                                               </testcase><testcase classname="miniscala.test.CMScalaToCPS_Blackbox" name="testLetrec" time="0.024">
                                                 <failure message="scala.MatchError: Prim(byte-write,List(Prim(char-&gt;int,List(Ref(c))))) (of class miniscala.CMScalaTreeModule$Prim)" type="sbt.ForkMain$ForkError">sbt.ForkMain$ForkError: scala.MatchError: Prim(byte-write,List(Prim(char-&gt;int,List(Ref(c))))) (of class miniscala.CMScalaTreeModule$Prim)
	at miniscala.CMScalaToCPSTranslator$.tail(CMScalaToCPSTranslator.scala:117)
	at miniscala.CMScalaToCPSTranslator$.$anonfun$nonTail$2(CMScalaToCPSTranslator.scala:36)
	at scala.collection.immutable.List.map(List.scala:286)
	at miniscala.CMScalaToCPSTranslator$.nonTail(CMScalaToCPSTranslator.scala:33)
	at miniscala.CMScalaToCPSTranslator$.apply(CMScalaToCPSTranslator.scala:12)
	at miniscala.CMScalaToCPSTranslator$.apply(CMScalaToCPSTranslator.scala:6)
	at scala.Function1.$anonfun$andThen$1(Function1.scala:57)
	at miniscala.test.infrastructure.CompilerTest.compileInner(CompilerTest.scala:37)
	at miniscala.test.infrastructure.CompilerTest.$anonfun$compileUsingPipelineAndRedirect$1(CompilerTest.scala:44)
	at miniscala.test.infrastructure.SandboxedTest$$anon$1.run(SandboxedTest.scala:24)
	at java.base/java.security.AccessController.doPrivileged(AccessController.java:391)
	at miniscala.test.infrastructure.SandboxedTest.sandboxedTest(SandboxedTest.scala:34)
	at miniscala.test.infrastructure.SandboxedTest.sandboxedTestWithRedirectedIO(SandboxedTest.scala:45)
	at miniscala.test.infrastructure.CompilerTest.compileUsingPipelineAndRedirect(CompilerTest.scala:44)
	at miniscala.test.infrastructure.CompilerTest.compileUsingPipelineAndRedirect$(CompilerTest.scala:43)
	at miniscala.test.infrastructure.CPSTest.compileUsingPipelineAndRedirect(CPSTest.scala:11)
	at miniscala.test.infrastructure.CPSHighTest.testCPSHighProgramOutput(CPSHighTest.scala:33)
	at miniscala.test.CMScalaToCPS_Blackbox.$anonfun$compileAndInterpret$1(CMScalaToCPS_Blackbox.scala:9)
	at miniscala.test.CMScalaToCPS_Blackbox.$anonfun$compileAndInterpret$1$adapted(CMScalaToCPS_Blackbox.scala:9)
	at miniscala.test.ok.LibraryOKTests.$anonfun$compileAndInterpretWithLib$1(LibraryOKTests.scala:19)
	at miniscala.test.ok.LibraryOKTests.$anonfun$compileAndInterpretWithLib$1$adapted(LibraryOKTests.scala:19)
	at miniscala.test.ok.ConstructsOKTests.testLetrec(ConstructsOKTests.scala:20)
	at miniscala.test.ok.ConstructsOKTests.testLetrec$(ConstructsOKTests.scala:19)
	at miniscala.test.CMScalaToCPS_Blackbox.testLetrec(CMScalaToCPS_Blackbox.scala:7)
	at java.base/jdk.internal.reflect.NativeMethodAccessorImpl.invoke0(Native Method)
	at java.base/jdk.internal.reflect.NativeMethodAccessorImpl.invoke(NativeMethodAccessorImpl.java:62)
	at java.base/jdk.internal.reflect.DelegatingMethodAccessorImpl.invoke(DelegatingMethodAccessorImpl.java:43)
	at java.base/java.lang.reflect.Method.invoke(Method.java:567)
	at org.junit.runners.model.FrameworkMethod$1.runReflectiveCall(FrameworkMethod.java:47)
	at org.junit.internal.runners.model.ReflectiveCallable.run(ReflectiveCallable.java:12)
	at org.junit.runners.model.FrameworkMethod.invokeExplosively(FrameworkMethod.java:44)
	at org.junit.internal.runners.statements.InvokeMethod.evaluate(InvokeMethod.java:17)
	at org.junit.runners.ParentRunner.runLeaf(ParentRunner.java:271)
	at org.junit.runners.BlockJUnit4ClassRunner.runChild(BlockJUnit4ClassRunner.java:70)
	at org.junit.runners.BlockJUnit4ClassRunner.runChild(BlockJUnit4ClassRunner.java:50)
	at org.junit.runners.ParentRunner$3.run(ParentRunner.java:238)
	at org.junit.runners.ParentRunner$1.schedule(ParentRunner.java:63)
	at org.junit.runners.ParentRunner.runChildren(ParentRunner.java:236)
	at org.junit.runners.ParentRunner.access$000(ParentRunner.java:53)
	at org.junit.runners.ParentRunner$2.evaluate(ParentRunner.java:229)
	at org.junit.runners.ParentRunner.run(ParentRunner.java:309)
	at org.junit.runners.Suite.runChild(Suite.java:127)
	at org.junit.runners.Suite.runChild(Suite.java:26)
	at org.junit.runners.ParentRunner$3.run(ParentRunner.java:238)
	at org.junit.runners.ParentRunner$1.schedule(ParentRunner.java:63)
	at org.junit.runners.ParentRunner.runChildren(ParentRunner.java:236)
	at org.junit.runners.ParentRunner.access$000(ParentRunner.java:53)
	at org.junit.runners.ParentRunner$2.evaluate(ParentRunner.java:229)
	at org.junit.runners.ParentRunner.run(ParentRunner.java:309)
	at org.junit.runner.JUnitCore.run(JUnitCore.java:160)
	at org.junit.runner.JUnitCore.run(JUnitCore.java:138)
	at com.novocode.junit.JUnitRunner$1.execute(JUnitRunner.java:132)
	at sbt.ForkMain$Run.lambda$runTest$1(ForkMain.java:304)
	at java.base/java.util.concurrent.FutureTask.run(FutureTask.java:264)
	at java.base/java.util.concurrent.ThreadPoolExecutor.runWorker(ThreadPoolExecutor.java:1128)
	at java.base/java.util.concurrent.ThreadPoolExecutor$Worker.run(ThreadPoolExecutor.java:628)
	at java.base/java.lang.Thread.run(Thread.java:830)
</failure>
                                               </testcase><testcase classname="miniscala.test.CMScalaToCPS_Blackbox" name="testAppOrder" time="0.031">
                                                 <failure message="scala.MatchError: Prim(byte-write,List(Prim(char-&gt;int,List(Ref(c))))) (of class miniscala.CMScalaTreeModule$Prim)" type="sbt.ForkMain$ForkError">sbt.ForkMain$ForkError: scala.MatchError: Prim(byte-write,List(Prim(char-&gt;int,List(Ref(c))))) (of class miniscala.CMScalaTreeModule$Prim)
	at miniscala.CMScalaToCPSTranslator$.tail(CMScalaToCPSTranslator.scala:117)
	at miniscala.CMScalaToCPSTranslator$.$anonfun$nonTail$2(CMScalaToCPSTranslator.scala:36)
	at scala.collection.immutable.List.map(List.scala:286)
	at miniscala.CMScalaToCPSTranslator$.nonTail(CMScalaToCPSTranslator.scala:33)
	at miniscala.CMScalaToCPSTranslator$.apply(CMScalaToCPSTranslator.scala:12)
	at miniscala.CMScalaToCPSTranslator$.apply(CMScalaToCPSTranslator.scala:6)
	at scala.Function1.$anonfun$andThen$1(Function1.scala:57)
	at miniscala.test.infrastructure.CompilerTest.compileInner(CompilerTest.scala:37)
	at miniscala.test.infrastructure.CompilerTest.$anonfun$compileUsingPipelineAndRedirect$1(CompilerTest.scala:44)
	at miniscala.test.infrastructure.SandboxedTest$$anon$1.run(SandboxedTest.scala:24)
	at java.base/java.security.AccessController.doPrivileged(AccessController.java:391)
	at miniscala.test.infrastructure.SandboxedTest.sandboxedTest(SandboxedTest.scala:34)
	at miniscala.test.infrastructure.SandboxedTest.sandboxedTestWithRedirectedIO(SandboxedTest.scala:45)
	at miniscala.test.infrastructure.CompilerTest.compileUsingPipelineAndRedirect(CompilerTest.scala:44)
	at miniscala.test.infrastructure.CompilerTest.compileUsingPipelineAndRedirect$(CompilerTest.scala:43)
	at miniscala.test.infrastructure.CPSTest.compileUsingPipelineAndRedirect(CPSTest.scala:11)
	at miniscala.test.infrastructure.CPSHighTest.testCPSHighProgramOutput(CPSHighTest.scala:33)
	at miniscala.test.CMScalaToCPS_Blackbox.$anonfun$compileAndInterpret$1(CMScalaToCPS_Blackbox.scala:9)
	at miniscala.test.CMScalaToCPS_Blackbox.$anonfun$compileAndInterpret$1$adapted(CMScalaToCPS_Blackbox.scala:9)
	at miniscala.test.ok.LibraryOKTests.$anonfun$compileAndInterpretWithLib$1(LibraryOKTests.scala:19)
	at miniscala.test.ok.LibraryOKTests.$anonfun$compileAndInterpretWithLib$1$adapted(LibraryOKTests.scala:19)
	at miniscala.test.ok.ConstructsOKTests.testAppOrder(ConstructsOKTests.scala:9)
	at miniscala.test.ok.ConstructsOKTests.testAppOrder$(ConstructsOKTests.scala:8)
	at miniscala.test.CMScalaToCPS_Blackbox.testAppOrder(CMScalaToCPS_Blackbox.scala:7)
	at java.base/jdk.internal.reflect.NativeMethodAccessorImpl.invoke0(Native Method)
	at java.base/jdk.internal.reflect.NativeMethodAccessorImpl.invoke(NativeMethodAccessorImpl.java:62)
	at java.base/jdk.internal.reflect.DelegatingMethodAccessorImpl.invoke(DelegatingMethodAccessorImpl.java:43)
	at java.base/java.lang.reflect.Method.invoke(Method.java:567)
	at org.junit.runners.model.FrameworkMethod$1.runReflectiveCall(FrameworkMethod.java:47)
	at org.junit.internal.runners.model.ReflectiveCallable.run(ReflectiveCallable.java:12)
	at org.junit.runners.model.FrameworkMethod.invokeExplosively(FrameworkMethod.java:44)
	at org.junit.internal.runners.statements.InvokeMethod.evaluate(InvokeMethod.java:17)
	at org.junit.runners.ParentRunner.runLeaf(ParentRunner.java:271)
	at org.junit.runners.BlockJUnit4ClassRunner.runChild(BlockJUnit4ClassRunner.java:70)
	at org.junit.runners.BlockJUnit4ClassRunner.runChild(BlockJUnit4ClassRunner.java:50)
	at org.junit.runners.ParentRunner$3.run(ParentRunner.java:238)
	at org.junit.runners.ParentRunner$1.schedule(ParentRunner.java:63)
	at org.junit.runners.ParentRunner.runChildren(ParentRunner.java:236)
	at org.junit.runners.ParentRunner.access$000(ParentRunner.java:53)
	at org.junit.runners.ParentRunner$2.evaluate(ParentRunner.java:229)
	at org.junit.runners.ParentRunner.run(ParentRunner.java:309)
	at org.junit.runners.Suite.runChild(Suite.java:127)
	at org.junit.runners.Suite.runChild(Suite.java:26)
	at org.junit.runners.ParentRunner$3.run(ParentRunner.java:238)
	at org.junit.runners.ParentRunner$1.schedule(ParentRunner.java:63)
	at org.junit.runners.ParentRunner.runChildren(ParentRunner.java:236)
	at org.junit.runners.ParentRunner.access$000(ParentRunner.java:53)
	at org.junit.runners.ParentRunner$2.evaluate(ParentRunner.java:229)
	at org.junit.runners.ParentRunner.run(ParentRunner.java:309)
	at org.junit.runner.JUnitCore.run(JUnitCore.java:160)
	at org.junit.runner.JUnitCore.run(JUnitCore.java:138)
	at com.novocode.junit.JUnitRunner$1.execute(JUnitRunner.java:132)
	at sbt.ForkMain$Run.lambda$runTest$1(ForkMain.java:304)
	at java.base/java.util.concurrent.FutureTask.run(FutureTask.java:264)
	at java.base/java.util.concurrent.ThreadPoolExecutor.runWorker(ThreadPoolExecutor.java:1128)
	at java.base/java.util.concurrent.ThreadPoolExecutor$Worker.run(ThreadPoolExecutor.java:628)
	at java.base/java.lang.Thread.run(Thread.java:830)
</failure>
                                               </testcase>
                     <system-out><![CDATA[]]></system-out>
                     <system-err><![CDATA[]]></system-err>
                   </testsuite>