<?xml version='1.0' encoding='UTF-8'?>
<testsuite hostname="Stevens-MacBook-Pro.local" name="miniscala.test.CMScalaToCPS_Whitebox_NonTail" tests="9" errors="0" failures="0" skipped="0" time="0.067" timestamp="2020-02-20T18:20:42">
                     <properties>
[...]
</properties>
                     <testcase classname="miniscala.test.CMScalaToCPS_Whitebox_NonTail" name="testNonTailWhile" time="0.01">
                                                 
                                               </testcase><testcase classname="miniscala.test.CMScalaToCPS_Whitebox_NonTail" name="testNonTailValAndVarWhile" time="0.005">
                                                 
                                               </testcase><testcase classname="miniscala.test.CMScalaToCPS_Whitebox_NonTail" name="testNonTailWhileInsideIf" time="0.024">
                                                 
                                               </testcase><testcase classname="miniscala.test.CMScalaToCPS_Whitebox_NonTail" name="testNonTailMultiLet" time="0.004">
                                                 
                                               </testcase><testcase classname="miniscala.test.CMScalaToCPS_Whitebox_NonTail" name="testNonTailMultiVarDec2" time="0.01">
                                                 
                                               </testcase><testcase classname="miniscala.test.CMScalaToCPS_Whitebox_NonTail" name="testNonTailLiteral" time="0.003">
                                                 
                                               </testcase><testcase classname="miniscala.test.CMScalaToCPS_Whitebox_NonTail" name="testNonTailMultiVarDecIf" time="0.004">
                                                 
                                               </testcase><testcase classname="miniscala.test.CMScalaToCPS_Whitebox_NonTail" name="testNonTailMultiVarDecNotIf" time="0.005">
                                                 
                                               </testcase><testcase classname="miniscala.test.CMScalaToCPS_Whitebox_NonTail" name="testNonTailMultiVarDec" time="0.002">
                                                 
                                               </testcase>
                     <system-out><![CDATA[]]></system-out>
                     <system-err><![CDATA[]]></system-err>
                   </testsuite>