<?xml version='1.0' encoding='UTF-8'?>
<testsuite hostname="Stevens-MacBook-Pro.local" name="miniscala.test.CPSValueRepresentation_Whitebox" tests="1" errors="0" failures="1" skipped="0" time="0.294" timestamp="2020-03-08T16:17:04">
                     <properties>
[...]
</properties>
                     <testcase classname="miniscala.test.CPSValueRepresentation_Whitebox" name="testValueReprOnePlusTwo" time="0.294">
                                                 <failure message="java.lang.AssertionError: assertion failed: 
Output is different: (whitespace is always ignored)
source: 
1 + 2
output: 

vall v$1 = 3;
vall v$2 = 5;
valp v$3 = v$1 + v$2;
vall v$4 = 1;
valp v$5 = v$3 - v$4;
vall v$6 = 1;
halt(v$5)
expected output: 
vall v$1 = 3;
vall v$2 = 5;
valp v$3 = v$1 + v$2;
vall v$4 = 1;
valp v$5 = v$3 - v$4;
vall v$6 = 1;
vall v$7 = 1;
valp v$8 = v$6 &gt;&gt; v$7;
halt(v$8)" type="sbt.ForkMain$ForkError">sbt.ForkMain$ForkError: java.lang.AssertionError: assertion failed: 
Output is different: (whitespace is always ignored)
source: 
1 + 2
output: 

vall v$1 = 3;
vall v$2 = 5;
valp v$3 = v$1 + v$2;
vall v$4 = 1;
valp v$5 = v$3 - v$4;
vall v$6 = 1;
halt(v$5)
expected output: 
vall v$1 = 3;
vall v$2 = 5;
valp v$3 = v$1 + v$2;
vall v$4 = 1;
valp v$5 = v$3 - v$4;
vall v$6 = 1;
vall v$7 = 1;
valp v$8 = v$6 &gt;&gt; v$7;
halt(v$8)
	at scala.Predef$.assert(Predef.scala:223)
	at miniscala.test.infrastructure.BasicTest.assertEqual(BasicTest.scala:24)
	at miniscala.test.infrastructure.BasicTest.assertEqual$(BasicTest.scala:10)
	at miniscala.test.infrastructure.CPSTest.assertEqual(CPSTest.scala:11)
	at miniscala.test.infrastructure.CPSLowTest.testCPSLowTreeEquality(CPSLowTest.scala:26)
	at miniscala.test.CPSValueRepresentation_Whitebox.testValueReprOnePlusTwo(CPSValueRepresentation_Whitebox.scala:16)
	at java.base/jdk.internal.reflect.NativeMethodAccessorImpl.invoke0(Native Method)
	at java.base/jdk.internal.reflect.NativeMethodAccessorImpl.invoke(NativeMethodAccessorImpl.java:62)
	at java.base/jdk.internal.reflect.DelegatingMethodAccessorImpl.invoke(DelegatingMethodAccessorImpl.java:43)
	at java.base/java.lang.reflect.Method.invoke(Method.java:567)
	at org.junit.runners.model.FrameworkMethod$1.runReflectiveCall(FrameworkMethod.java:47)
	at org.junit.internal.runners.model.ReflectiveCallable.run(ReflectiveCallable.java:12)
	at org.junit.runners.model.FrameworkMethod.invokeExplosively(FrameworkMethod.java:44)
	at org.junit.internal.runners.statements.InvokeMethod.evaluate(InvokeMethod.java:17)
	at org.junit.runners.ParentRunner.runLeaf(ParentRunner.java:271)
	at org.junit.runners.BlockJUnit4ClassRunner.runChild(BlockJUnit4ClassRunner.java:70)
	at org.junit.runners.BlockJUnit4ClassRunner.runChild(BlockJUnit4ClassRunner.java:50)
	at org.junit.runners.ParentRunner$3.run(ParentRunner.java:238)
	at org.junit.runners.ParentRunner$1.schedule(ParentRunner.java:63)
	at org.junit.runners.ParentRunner.runChildren(ParentRunner.java:236)
	at org.junit.runners.ParentRunner.access$000(ParentRunner.java:53)
	at org.junit.runners.ParentRunner$2.evaluate(ParentRunner.java:229)
	at org.junit.runners.ParentRunner.run(ParentRunner.java:309)
	at org.junit.runners.Suite.runChild(Suite.java:127)
	at org.junit.runners.Suite.runChild(Suite.java:26)
	at org.junit.runners.ParentRunner$3.run(ParentRunner.java:238)
	at org.junit.runners.ParentRunner$1.schedule(ParentRunner.java:63)
	at org.junit.runners.ParentRunner.runChildren(ParentRunner.java:236)
	at org.junit.runners.ParentRunner.access$000(ParentRunner.java:53)
	at org.junit.runners.ParentRunner$2.evaluate(ParentRunner.java:229)
	at org.junit.runners.ParentRunner.run(ParentRunner.java:309)
	at org.junit.runner.JUnitCore.run(JUnitCore.java:160)
	at org.junit.runner.JUnitCore.run(JUnitCore.java:138)
	at com.novocode.junit.JUnitRunner$1.execute(JUnitRunner.java:132)
	at sbt.ForkMain$Run.lambda$runTest$1(ForkMain.java:304)
	at java.base/java.util.concurrent.FutureTask.run(FutureTask.java:264)
	at java.base/java.util.concurrent.ThreadPoolExecutor.runWorker(ThreadPoolExecutor.java:1128)
	at java.base/java.util.concurrent.ThreadPoolExecutor$Worker.run(ThreadPoolExecutor.java:628)
	at java.base/java.lang.Thread.run(Thread.java:830)
</failure>
                                               </testcase>
                     <system-out><![CDATA[]]></system-out>
                     <system-err><![CDATA[]]></system-err>
                   </testsuite>