<?xml version='1.0' encoding='UTF-8'?>
<testsuite hostname="Stevens-MacBook-Pro.local" name="miniscala.test.CPSValueRepresentation_Blackbox" tests="59" errors="0" failures="10" skipped="0" time="1.554" timestamp="2020-03-18T00:09:09">
                     <properties>
[...]
</properties>
                     <testcase classname="miniscala.test.CPSValueRepresentation_Blackbox" name="testLibFunctions3" time="0.423">
                                                 <failure message="java.util.NoSuchElementException: key not found: f" type="sbt.ForkMain$ForkError">sbt.ForkMain$ForkError: java.util.NoSuchElementException: key not found: f
	at scala.collection.immutable.Map$EmptyMap$.apply(Map.scala:101)
	at scala.collection.immutable.Map$EmptyMap$.apply(Map.scala:99)
	at scala.collection.MapLike.$anonfun$applyOrElse$1(MapLike.scala:166)
	at scala.collection.MapLike.getOrElse(MapLike.scala:131)
	at scala.collection.MapLike.getOrElse$(MapLike.scala:129)
	at scala.collection.AbstractMap.getOrElse(Map.scala:63)
	at scala.collection.MapLike.applyOrElse(MapLike.scala:166)
	at scala.collection.MapLike.applyOrElse$(MapLike.scala:165)
	at scala.collection.AbstractMap.applyOrElse(Map.scala:63)
	at scala.PartialFunction$OrElse.apply(PartialFunction.scala:172)
	at scala.collection.MapLike.$anonfun$applyOrElse$1(MapLike.scala:166)
	at scala.collection.immutable.Map$Map3.getOrElse(Map.scala:181)
	at scala.collection.MapLike.applyOrElse(MapLike.scala:166)
	at scala.collection.MapLike.applyOrElse$(MapLike.scala:165)
	at scala.collection.AbstractMap.applyOrElse(Map.scala:63)
	at scala.PartialFunction$OrElse.apply(PartialFunction.scala:172)
	at scala.collection.MapLike.$anonfun$applyOrElse$1(MapLike.scala:166)
	at scala.collection.immutable.Map$Map1.getOrElse(Map.scala:119)
	at scala.collection.MapLike.applyOrElse(MapLike.scala:166)
	at scala.collection.MapLike.applyOrElse$(MapLike.scala:165)
	at scala.collection.AbstractMap.applyOrElse(Map.scala:63)
	at scala.PartialFunction$OrElse.apply(PartialFunction.scala:172)
	at scala.collection.MapLike.$anonfun$applyOrElse$1(MapLike.scala:166)
	at scala.collection.immutable.Map$Map1.getOrElse(Map.scala:119)
	at scala.collection.MapLike.applyOrElse(MapLike.scala:166)
	at scala.collection.MapLike.applyOrElse$(MapLike.scala:165)
	at scala.collection.AbstractMap.applyOrElse(Map.scala:63)
	at scala.PartialFunction$OrElse.apply(PartialFunction.scala:172)
	at scala.collection.MapLike.$anonfun$applyOrElse$1(MapLike.scala:166)
	at scala.collection.MapLike.getOrElse(MapLike.scala:131)
	at scala.collection.MapLike.getOrElse$(MapLike.scala:129)
	at scala.collection.AbstractMap.getOrElse(Map.scala:63)
	at scala.collection.MapLike.applyOrElse(MapLike.scala:166)
	at scala.collection.MapLike.applyOrElse$(MapLike.scala:165)
	at scala.collection.AbstractMap.applyOrElse(Map.scala:63)
	at scala.PartialFunction$OrElse.apply(PartialFunction.scala:172)
	at scala.collection.MapLike.$anonfun$applyOrElse$1(MapLike.scala:166)
	at scala.collection.immutable.Map$Map1.getOrElse(Map.scala:119)
	at scala.collection.MapLike.applyOrElse(MapLike.scala:166)
	at scala.collection.MapLike.applyOrElse$(MapLike.scala:165)
	at scala.collection.AbstractMap.applyOrElse(Map.scala:63)
	at scala.PartialFunction$OrElse.apply(PartialFunction.scala:172)
	at scala.collection.MapLike.$anonfun$applyOrElse$1(MapLike.scala:166)
	at scala.collection.immutable.Map$Map1.getOrElse(Map.scala:119)
	at scala.collection.MapLike.applyOrElse(MapLike.scala:166)
	at scala.collection.MapLike.applyOrElse$(MapLike.scala:165)
	at scala.collection.AbstractMap.applyOrElse(Map.scala:63)
	at scala.PartialFunction$OrElse.apply(PartialFunction.scala:172)
	at scala.collection.TraversableLike.$anonfun$map$1(TraversableLike.scala:238)
	at scala.collection.immutable.List.foreach(List.scala:392)
	at scala.collection.TraversableLike.map(TraversableLike.scala:238)
	at scala.collection.TraversableLike.map$(TraversableLike.scala:231)
	at scala.collection.immutable.List.map(List.scala:298)
	at miniscala.CPSInterpreter.eval(CPSInterpreter.scala:40)
	at miniscala.CPSInterpreter.apply(CPSInterpreter.scala:18)
	at miniscala.CPSInterpreterLow.apply(CPSInterpreter.scala:183)
	at scala.Function1.$anonfun$andThen$1(Function1.scala:57)
	at miniscala.test.infrastructure.CompilerTest.compileInner(CompilerTest.scala:37)
	at miniscala.test.infrastructure.CompilerTest.$anonfun$compileUsingPipelineAndRedirect$1(CompilerTest.scala:44)
	at miniscala.test.infrastructure.SandboxedTest$$anon$1.run(SandboxedTest.scala:24)
	at java.base/java.security.AccessController.doPrivileged(AccessController.java:391)
	at miniscala.test.infrastructure.SandboxedTest.sandboxedTest(SandboxedTest.scala:34)
	at miniscala.test.infrastructure.SandboxedTest.sandboxedTestWithRedirectedIO(SandboxedTest.scala:45)
	at miniscala.test.infrastructure.CompilerTest.compileUsingPipelineAndRedirect(CompilerTest.scala:44)
	at miniscala.test.infrastructure.CompilerTest.compileUsingPipelineAndRedirect$(CompilerTest.scala:43)
	at miniscala.test.infrastructure.CPSTest.compileUsingPipelineAndRedirect(CPSTest.scala:11)
	at miniscala.test.infrastructure.CPSLowTest.testCPSLowProgramOutput(CPSLowTest.scala:40)
	at miniscala.test.CPSValueRepresentation_Blackbox.$anonfun$compileAndInterpret$1(CPSValueRepresentation_Blackbox.scala:9)
	at miniscala.test.CPSValueRepresentation_Blackbox.$anonfun$compileAndInterpret$1$adapted(CPSValueRepresentation_Blackbox.scala:9)
	at miniscala.test.ok.LibraryOKTests.$anonfun$compileAndInterpretWithLib$1(LibraryOKTests.scala:18)
	at miniscala.test.ok.LibraryOKTests.$anonfun$compileAndInterpretWithLib$1$adapted(LibraryOKTests.scala:18)
	at miniscala.test.ok.LibraryOKTests.testLibFunctions3(LibraryOKTests.scala:21)
	at miniscala.test.ok.LibraryOKTests.testLibFunctions3$(LibraryOKTests.scala:20)
	at miniscala.test.CPSValueRepresentation_Blackbox.testLibFunctions3(CPSValueRepresentation_Blackbox.scala:7)
	at java.base/jdk.internal.reflect.NativeMethodAccessorImpl.invoke0(Native Method)
	at java.base/jdk.internal.reflect.NativeMethodAccessorImpl.invoke(NativeMethodAccessorImpl.java:62)
	at java.base/jdk.internal.reflect.DelegatingMethodAccessorImpl.invoke(DelegatingMethodAccessorImpl.java:43)
	at java.base/java.lang.reflect.Method.invoke(Method.java:567)
	at org.junit.runners.model.FrameworkMethod$1.runReflectiveCall(FrameworkMethod.java:47)
	at org.junit.internal.runners.model.ReflectiveCallable.run(ReflectiveCallable.java:12)
	at org.junit.runners.model.FrameworkMethod.invokeExplosively(FrameworkMethod.java:44)
	at org.junit.internal.runners.statements.InvokeMethod.evaluate(InvokeMethod.java:17)
	at org.junit.runners.ParentRunner.runLeaf(ParentRunner.java:271)
	at org.junit.runners.BlockJUnit4ClassRunner.runChild(BlockJUnit4ClassRunner.java:70)
	at org.junit.runners.BlockJUnit4ClassRunner.runChild(BlockJUnit4ClassRunner.java:50)
	at org.junit.runners.ParentRunner$3.run(ParentRunner.java:238)
	at org.junit.runners.ParentRunner$1.schedule(ParentRunner.java:63)
	at org.junit.runners.ParentRunner.runChildren(ParentRunner.java:236)
	at org.junit.runners.ParentRunner.access$000(ParentRunner.java:53)
	at org.junit.runners.ParentRunner$2.evaluate(ParentRunner.java:229)
	at org.junit.runners.ParentRunner.run(ParentRunner.java:309)
	at org.junit.runners.Suite.runChild(Suite.java:127)
	at org.junit.runners.Suite.runChild(Suite.java:26)
	at org.junit.runners.ParentRunner$3.run(ParentRunner.java:238)
	at org.junit.runners.ParentRunner$1.schedule(ParentRunner.java:63)
	at org.junit.runners.ParentRunner.runChildren(ParentRunner.java:236)
	at org.junit.runners.ParentRunner.access$000(ParentRunner.java:53)
	at org.junit.runners.ParentRunner$2.evaluate(ParentRunner.java:229)
	at org.junit.runners.ParentRunner.run(ParentRunner.java:309)
	at org.junit.runner.JUnitCore.run(JUnitCore.java:160)
	at org.junit.runner.JUnitCore.run(JUnitCore.java:138)
	at com.novocode.junit.JUnitRunner$1.execute(JUnitRunner.java:132)
	at sbt.ForkMain$Run.lambda$runTest$1(ForkMain.java:304)
	at java.base/java.util.concurrent.FutureTask.run(FutureTask.java:264)
	at java.base/java.util.concurrent.ThreadPoolExecutor.runWorker(ThreadPoolExecutor.java:1128)
	at java.base/java.util.concurrent.ThreadPoolExecutor$Worker.run(ThreadPoolExecutor.java:628)
	at java.base/java.lang.Thread.run(Thread.java:830)
</failure>
                                               </testcase><testcase classname="miniscala.test.CPSValueRepresentation_Blackbox" name="testSideEffectingCondition" time="0.005">
                                                 <failure message="java.lang.AssertionError: assertion failed: 
Output is different: (whitespace is always ignored)
source: 

      if (putchar('O'.toInt) == ()) {
        if (putchar('K'.toInt) == ()) {
          if (putchar(10) == ()) // don't optimize this away!
            true
          else
            true
        } else {
          true
        }
      } else {
        true
      }
    
output: 
O
expected output: 
OK" type="sbt.ForkMain$ForkError">sbt.ForkMain$ForkError: java.lang.AssertionError: assertion failed: 
Output is different: (whitespace is always ignored)
source: 

      if (putchar('O'.toInt) == ()) {
        if (putchar('K'.toInt) == ()) {
          if (putchar(10) == ()) // don't optimize this away!
            true
          else
            true
        } else {
          true
        }
      } else {
        true
      }
    
output: 
O
expected output: 
OK
	at scala.Predef$.assert(Predef.scala:223)
	at miniscala.test.infrastructure.BasicTest.assertEqual(BasicTest.scala:24)
	at miniscala.test.infrastructure.BasicTest.assertEqual$(BasicTest.scala:10)
	at miniscala.test.infrastructure.CPSTest.assertEqual(CPSTest.scala:11)
	at miniscala.test.infrastructure.CPSLowTest.testCPSLowProgramOutput(CPSLowTest.scala:41)
	at miniscala.test.CPSValueRepresentation_Blackbox.$anonfun$compileAndInterpret$1(CPSValueRepresentation_Blackbox.scala:9)
	at miniscala.test.CPSValueRepresentation_Blackbox.$anonfun$compileAndInterpret$1$adapted(CPSValueRepresentation_Blackbox.scala:9)
	at miniscala.test.ok.ConditionalOKTests.testSideEffectingCondition(ConditionalOKTests.scala:23)
	at miniscala.test.ok.ConditionalOKTests.testSideEffectingCondition$(ConditionalOKTests.scala:22)
	at miniscala.test.CPSValueRepresentation_Blackbox.testSideEffectingCondition(CPSValueRepresentation_Blackbox.scala:7)
	at java.base/jdk.internal.reflect.NativeMethodAccessorImpl.invoke0(Native Method)
	at java.base/jdk.internal.reflect.NativeMethodAccessorImpl.invoke(NativeMethodAccessorImpl.java:62)
	at java.base/jdk.internal.reflect.DelegatingMethodAccessorImpl.invoke(DelegatingMethodAccessorImpl.java:43)
	at java.base/java.lang.reflect.Method.invoke(Method.java:567)
	at org.junit.runners.model.FrameworkMethod$1.runReflectiveCall(FrameworkMethod.java:47)
	at org.junit.internal.runners.model.ReflectiveCallable.run(ReflectiveCallable.java:12)
	at org.junit.runners.model.FrameworkMethod.invokeExplosively(FrameworkMethod.java:44)
	at org.junit.internal.runners.statements.InvokeMethod.evaluate(InvokeMethod.java:17)
	at org.junit.runners.ParentRunner.runLeaf(ParentRunner.java:271)
	at org.junit.runners.BlockJUnit4ClassRunner.runChild(BlockJUnit4ClassRunner.java:70)
	at org.junit.runners.BlockJUnit4ClassRunner.runChild(BlockJUnit4ClassRunner.java:50)
	at org.junit.runners.ParentRunner$3.run(ParentRunner.java:238)
	at org.junit.runners.ParentRunner$1.schedule(ParentRunner.java:63)
	at org.junit.runners.ParentRunner.runChildren(ParentRunner.java:236)
	at org.junit.runners.ParentRunner.access$000(ParentRunner.java:53)
	at org.junit.runners.ParentRunner$2.evaluate(ParentRunner.java:229)
	at org.junit.runners.ParentRunner.run(ParentRunner.java:309)
	at org.junit.runners.Suite.runChild(Suite.java:127)
	at org.junit.runners.Suite.runChild(Suite.java:26)
	at org.junit.runners.ParentRunner$3.run(ParentRunner.java:238)
	at org.junit.runners.ParentRunner$1.schedule(ParentRunner.java:63)
	at org.junit.runners.ParentRunner.runChildren(ParentRunner.java:236)
	at org.junit.runners.ParentRunner.access$000(ParentRunner.java:53)
	at org.junit.runners.ParentRunner$2.evaluate(ParentRunner.java:229)
	at org.junit.runners.ParentRunner.run(ParentRunner.java:309)
	at org.junit.runner.JUnitCore.run(JUnitCore.java:160)
	at org.junit.runner.JUnitCore.run(JUnitCore.java:138)
	at com.novocode.junit.JUnitRunner$1.execute(JUnitRunner.java:132)
	at sbt.ForkMain$Run.lambda$runTest$1(ForkMain.java:304)
	at java.base/java.util.concurrent.FutureTask.run(FutureTask.java:264)
	at java.base/java.util.concurrent.ThreadPoolExecutor.runWorker(ThreadPoolExecutor.java:1128)
	at java.base/java.util.concurrent.ThreadPoolExecutor$Worker.run(ThreadPoolExecutor.java:628)
	at java.base/java.lang.Thread.run(Thread.java:830)
</failure>
                                               </testcase><testcase classname="miniscala.test.CPSValueRepresentation_Blackbox" name="testPrimitiveLogic3" time="0.006">
                                                 
                                               </testcase><testcase classname="miniscala.test.CPSValueRepresentation_Blackbox" name="testPrimitiveLogic4" time="0.006">
                                                 
                                               </testcase><testcase classname="miniscala.test.CPSValueRepresentation_Blackbox" name="testPrimitiveLogic5" time="0.005">
                                                 
                                               </testcase><testcase classname="miniscala.test.CPSValueRepresentation_Blackbox" name="testPrimitiveLogic6" time="0.01">
                                                 
                                               </testcase><testcase classname="miniscala.test.CPSValueRepresentation_Blackbox" name="testPrimitiveLogic7" time="0.005">
                                                 
                                               </testcase><testcase classname="miniscala.test.CPSValueRepresentation_Blackbox" name="testPrimitiveLogic8" time="0.003">
                                                 
                                               </testcase><testcase classname="miniscala.test.CPSValueRepresentation_Blackbox" name="testPrimitiveLogic9" time="0.004">
                                                 
                                               </testcase><testcase classname="miniscala.test.CPSValueRepresentation_Blackbox" name="testLibLists10" time="0.13">
                                                 
                                               </testcase><testcase classname="miniscala.test.CPSValueRepresentation_Blackbox" name="testLibLists11" time="0.084">
                                                 <failure message="java.util.NoSuchElementException: key not found: f" type="sbt.ForkMain$ForkError">sbt.ForkMain$ForkError: java.util.NoSuchElementException: key not found: f
	at scala.collection.immutable.Map$EmptyMap$.apply(Map.scala:101)
	at scala.collection.immutable.Map$EmptyMap$.apply(Map.scala:99)
	at scala.collection.MapLike.$anonfun$applyOrElse$1(MapLike.scala:166)
	at scala.collection.MapLike.getOrElse(MapLike.scala:131)
	at scala.collection.MapLike.getOrElse$(MapLike.scala:129)
	at scala.collection.AbstractMap.getOrElse(Map.scala:63)
	at scala.collection.MapLike.applyOrElse(MapLike.scala:166)
	at scala.collection.MapLike.applyOrElse$(MapLike.scala:165)
	at scala.collection.AbstractMap.applyOrElse(Map.scala:63)
	at scala.PartialFunction$OrElse.apply(PartialFunction.scala:172)
	at scala.collection.MapLike.$anonfun$applyOrElse$1(MapLike.scala:166)
	at scala.collection.immutable.Map$Map3.getOrElse(Map.scala:181)
	at scala.collection.MapLike.applyOrElse(MapLike.scala:166)
	at scala.collection.MapLike.applyOrElse$(MapLike.scala:165)
	at scala.collection.AbstractMap.applyOrElse(Map.scala:63)
	at scala.PartialFunction$OrElse.apply(PartialFunction.scala:172)
	at scala.collection.MapLike.$anonfun$applyOrElse$1(MapLike.scala:166)
	at scala.collection.immutable.Map$Map1.getOrElse(Map.scala:119)
	at scala.collection.MapLike.applyOrElse(MapLike.scala:166)
	at scala.collection.MapLike.applyOrElse$(MapLike.scala:165)
	at scala.collection.AbstractMap.applyOrElse(Map.scala:63)
	at scala.PartialFunction$OrElse.apply(PartialFunction.scala:172)
	at scala.collection.MapLike.$anonfun$applyOrElse$1(MapLike.scala:166)
	at scala.collection.immutable.Map$Map1.getOrElse(Map.scala:119)
	at scala.collection.MapLike.applyOrElse(MapLike.scala:166)
	at scala.collection.MapLike.applyOrElse$(MapLike.scala:165)
	at scala.collection.AbstractMap.applyOrElse(Map.scala:63)
	at scala.PartialFunction$OrElse.apply(PartialFunction.scala:172)
	at scala.collection.MapLike.$anonfun$applyOrElse$1(MapLike.scala:166)
	at scala.collection.MapLike.getOrElse(MapLike.scala:131)
	at scala.collection.MapLike.getOrElse$(MapLike.scala:129)
	at scala.collection.AbstractMap.getOrElse(Map.scala:63)
	at scala.collection.MapLike.applyOrElse(MapLike.scala:166)
	at scala.collection.MapLike.applyOrElse$(MapLike.scala:165)
	at scala.collection.AbstractMap.applyOrElse(Map.scala:63)
	at scala.PartialFunction$OrElse.apply(PartialFunction.scala:172)
	at scala.collection.MapLike.$anonfun$applyOrElse$1(MapLike.scala:166)
	at scala.collection.immutable.Map$Map1.getOrElse(Map.scala:119)
	at scala.collection.MapLike.applyOrElse(MapLike.scala:166)
	at scala.collection.MapLike.applyOrElse$(MapLike.scala:165)
	at scala.collection.AbstractMap.applyOrElse(Map.scala:63)
	at scala.PartialFunction$OrElse.apply(PartialFunction.scala:172)
	at scala.collection.MapLike.$anonfun$applyOrElse$1(MapLike.scala:166)
	at scala.collection.immutable.Map$Map1.getOrElse(Map.scala:119)
	at scala.collection.MapLike.applyOrElse(MapLike.scala:166)
	at scala.collection.MapLike.applyOrElse$(MapLike.scala:165)
	at scala.collection.AbstractMap.applyOrElse(Map.scala:63)
	at scala.PartialFunction$OrElse.apply(PartialFunction.scala:172)
	at scala.collection.TraversableLike.$anonfun$map$1(TraversableLike.scala:238)
	at scala.collection.immutable.List.foreach(List.scala:392)
	at scala.collection.TraversableLike.map(TraversableLike.scala:238)
	at scala.collection.TraversableLike.map$(TraversableLike.scala:231)
	at scala.collection.immutable.List.map(List.scala:298)
	at miniscala.CPSInterpreter.eval(CPSInterpreter.scala:40)
	at miniscala.CPSInterpreter.apply(CPSInterpreter.scala:18)
	at miniscala.CPSInterpreterLow.apply(CPSInterpreter.scala:183)
	at scala.Function1.$anonfun$andThen$1(Function1.scala:57)
	at miniscala.test.infrastructure.CompilerTest.compileInner(CompilerTest.scala:37)
	at miniscala.test.infrastructure.CompilerTest.$anonfun$compileUsingPipelineAndRedirect$1(CompilerTest.scala:44)
	at miniscala.test.infrastructure.SandboxedTest$$anon$1.run(SandboxedTest.scala:24)
	at java.base/java.security.AccessController.doPrivileged(AccessController.java:391)
	at miniscala.test.infrastructure.SandboxedTest.sandboxedTest(SandboxedTest.scala:34)
	at miniscala.test.infrastructure.SandboxedTest.sandboxedTestWithRedirectedIO(SandboxedTest.scala:45)
	at miniscala.test.infrastructure.CompilerTest.compileUsingPipelineAndRedirect(CompilerTest.scala:44)
	at miniscala.test.infrastructure.CompilerTest.compileUsingPipelineAndRedirect$(CompilerTest.scala:43)
	at miniscala.test.infrastructure.CPSTest.compileUsingPipelineAndRedirect(CPSTest.scala:11)
	at miniscala.test.infrastructure.CPSLowTest.testCPSLowProgramOutput(CPSLowTest.scala:40)
	at miniscala.test.CPSValueRepresentation_Blackbox.$anonfun$compileAndInterpret$1(CPSValueRepresentation_Blackbox.scala:9)
	at miniscala.test.CPSValueRepresentation_Blackbox.$anonfun$compileAndInterpret$1$adapted(CPSValueRepresentation_Blackbox.scala:9)
	at miniscala.test.ok.LibraryOKTests.$anonfun$compileAndInterpretWithLib$1(LibraryOKTests.scala:18)
	at miniscala.test.ok.LibraryOKTests.$anonfun$compileAndInterpretWithLib$1$adapted(LibraryOKTests.scala:18)
	at miniscala.test.ok.LibraryOKTests.testLibLists11(LibraryOKTests.scala:110)
	at miniscala.test.ok.LibraryOKTests.testLibLists11$(LibraryOKTests.scala:109)
	at miniscala.test.CPSValueRepresentation_Blackbox.testLibLists11(CPSValueRepresentation_Blackbox.scala:7)
	at java.base/jdk.internal.reflect.NativeMethodAccessorImpl.invoke0(Native Method)
	at java.base/jdk.internal.reflect.NativeMethodAccessorImpl.invoke(NativeMethodAccessorImpl.java:62)
	at java.base/jdk.internal.reflect.DelegatingMethodAccessorImpl.invoke(DelegatingMethodAccessorImpl.java:43)
	at java.base/java.lang.reflect.Method.invoke(Method.java:567)
	at org.junit.runners.model.FrameworkMethod$1.runReflectiveCall(FrameworkMethod.java:47)
	at org.junit.internal.runners.model.ReflectiveCallable.run(ReflectiveCallable.java:12)
	at org.junit.runners.model.FrameworkMethod.invokeExplosively(FrameworkMethod.java:44)
	at org.junit.internal.runners.statements.InvokeMethod.evaluate(InvokeMethod.java:17)
	at org.junit.runners.ParentRunner.runLeaf(ParentRunner.java:271)
	at org.junit.runners.BlockJUnit4ClassRunner.runChild(BlockJUnit4ClassRunner.java:70)
	at org.junit.runners.BlockJUnit4ClassRunner.runChild(BlockJUnit4ClassRunner.java:50)
	at org.junit.runners.ParentRunner$3.run(ParentRunner.java:238)
	at org.junit.runners.ParentRunner$1.schedule(ParentRunner.java:63)
	at org.junit.runners.ParentRunner.runChildren(ParentRunner.java:236)
	at org.junit.runners.ParentRunner.access$000(ParentRunner.java:53)
	at org.junit.runners.ParentRunner$2.evaluate(ParentRunner.java:229)
	at org.junit.runners.ParentRunner.run(ParentRunner.java:309)
	at org.junit.runners.Suite.runChild(Suite.java:127)
	at org.junit.runners.Suite.runChild(Suite.java:26)
	at org.junit.runners.ParentRunner$3.run(ParentRunner.java:238)
	at org.junit.runners.ParentRunner$1.schedule(ParentRunner.java:63)
	at org.junit.runners.ParentRunner.runChildren(ParentRunner.java:236)
	at org.junit.runners.ParentRunner.access$000(ParentRunner.java:53)
	at org.junit.runners.ParentRunner$2.evaluate(ParentRunner.java:229)
	at org.junit.runners.ParentRunner.run(ParentRunner.java:309)
	at org.junit.runner.JUnitCore.run(JUnitCore.java:160)
	at org.junit.runner.JUnitCore.run(JUnitCore.java:138)
	at com.novocode.junit.JUnitRunner$1.execute(JUnitRunner.java:132)
	at sbt.ForkMain$Run.lambda$runTest$1(ForkMain.java:304)
	at java.base/java.util.concurrent.FutureTask.run(FutureTask.java:264)
	at java.base/java.util.concurrent.ThreadPoolExecutor.runWorker(ThreadPoolExecutor.java:1128)
	at java.base/java.util.concurrent.ThreadPoolExecutor$Worker.run(ThreadPoolExecutor.java:628)
	at java.base/java.lang.Thread.run(Thread.java:830)
</failure>
                                               </testcase><testcase classname="miniscala.test.CPSValueRepresentation_Blackbox" name="testLibLists12" time="0.058">
                                                 
                                               </testcase><testcase classname="miniscala.test.CPSValueRepresentation_Blackbox" name="testLibLists13" time="0.057">
                                                 
                                               </testcase><testcase classname="miniscala.test.CPSValueRepresentation_Blackbox" name="testConditional1" time="0.002">
                                                 
                                               </testcase><testcase classname="miniscala.test.CPSValueRepresentation_Blackbox" name="testConditional2" time="0.001">
                                                 
                                               </testcase><testcase classname="miniscala.test.CPSValueRepresentation_Blackbox" name="testConditional4" time="0.0">
                                                 
                                               </testcase><testcase classname="miniscala.test.CPSValueRepresentation_Blackbox" name="testLibStrings1" time="0.056">
                                                 <failure message="java.util.NoSuchElementException: key not found: printChar" type="sbt.ForkMain$ForkError">sbt.ForkMain$ForkError: java.util.NoSuchElementException: key not found: printChar
	at scala.collection.immutable.Map$EmptyMap$.apply(Map.scala:101)
	at scala.collection.immutable.Map$EmptyMap$.apply(Map.scala:99)
	at scala.collection.MapLike.$anonfun$applyOrElse$1(MapLike.scala:166)
	at scala.collection.MapLike.getOrElse(MapLike.scala:131)
	at scala.collection.MapLike.getOrElse$(MapLike.scala:129)
	at scala.collection.AbstractMap.getOrElse(Map.scala:63)
	at scala.collection.MapLike.applyOrElse(MapLike.scala:166)
	at scala.collection.MapLike.applyOrElse$(MapLike.scala:165)
	at scala.collection.AbstractMap.applyOrElse(Map.scala:63)
	at scala.PartialFunction$OrElse.apply(PartialFunction.scala:172)
	at scala.collection.MapLike.$anonfun$applyOrElse$1(MapLike.scala:166)
	at scala.collection.immutable.Map$Map3.getOrElse(Map.scala:181)
	at scala.collection.MapLike.applyOrElse(MapLike.scala:166)
	at scala.collection.MapLike.applyOrElse$(MapLike.scala:165)
	at scala.collection.AbstractMap.applyOrElse(Map.scala:63)
	at scala.PartialFunction$OrElse.apply(PartialFunction.scala:172)
	at scala.collection.MapLike.$anonfun$applyOrElse$1(MapLike.scala:166)
	at scala.collection.immutable.Map$Map1.getOrElse(Map.scala:119)
	at scala.collection.MapLike.applyOrElse(MapLike.scala:166)
	at scala.collection.MapLike.applyOrElse$(MapLike.scala:165)
	at scala.collection.AbstractMap.applyOrElse(Map.scala:63)
	at scala.PartialFunction$OrElse.apply(PartialFunction.scala:172)
	at scala.collection.MapLike.$anonfun$applyOrElse$1(MapLike.scala:166)
	at scala.collection.immutable.Map$Map1.getOrElse(Map.scala:119)
	at scala.collection.MapLike.applyOrElse(MapLike.scala:166)
	at scala.collection.MapLike.applyOrElse$(MapLike.scala:165)
	at scala.collection.AbstractMap.applyOrElse(Map.scala:63)
	at scala.PartialFunction$OrElse.apply(PartialFunction.scala:172)
	at scala.collection.MapLike.$anonfun$applyOrElse$1(MapLike.scala:166)
	at scala.collection.immutable.Map$Map1.getOrElse(Map.scala:119)
	at scala.collection.MapLike.applyOrElse(MapLike.scala:166)
	at scala.collection.MapLike.applyOrElse$(MapLike.scala:165)
	at scala.collection.AbstractMap.applyOrElse(Map.scala:63)
	at scala.PartialFunction$OrElse.apply(PartialFunction.scala:172)
	at scala.collection.MapLike.$anonfun$applyOrElse$1(MapLike.scala:166)
	at scala.collection.immutable.Map$Map1.getOrElse(Map.scala:119)
	at scala.collection.MapLike.applyOrElse(MapLike.scala:166)
	at scala.collection.MapLike.applyOrElse$(MapLike.scala:165)
	at scala.collection.AbstractMap.applyOrElse(Map.scala:63)
	at scala.PartialFunction$OrElse.apply(PartialFunction.scala:172)
	at scala.collection.MapLike.$anonfun$applyOrElse$1(MapLike.scala:166)
	at scala.collection.immutable.Map$Map1.getOrElse(Map.scala:119)
	at scala.collection.MapLike.applyOrElse(MapLike.scala:166)
	at scala.collection.MapLike.applyOrElse$(MapLike.scala:165)
	at scala.collection.AbstractMap.applyOrElse(Map.scala:63)
	at scala.PartialFunction$OrElse.apply(PartialFunction.scala:172)
	at scala.collection.MapLike.$anonfun$applyOrElse$1(MapLike.scala:166)
	at scala.collection.immutable.Map$Map1.getOrElse(Map.scala:119)
	at scala.collection.MapLike.applyOrElse(MapLike.scala:166)
	at scala.collection.MapLike.applyOrElse$(MapLike.scala:165)
	at scala.collection.AbstractMap.applyOrElse(Map.scala:63)
	at scala.PartialFunction$OrElse.apply(PartialFunction.scala:172)
	at scala.collection.MapLike.$anonfun$applyOrElse$1(MapLike.scala:166)
	at scala.collection.immutable.Map$Map1.getOrElse(Map.scala:119)
	at scala.collection.MapLike.applyOrElse(MapLike.scala:166)
	at scala.collection.MapLike.applyOrElse$(MapLike.scala:165)
	at scala.collection.AbstractMap.applyOrElse(Map.scala:63)
	at scala.PartialFunction$OrElse.apply(PartialFunction.scala:172)
	at scala.collection.MapLike.$anonfun$applyOrElse$1(MapLike.scala:166)
	at scala.collection.immutable.Map$Map1.getOrElse(Map.scala:119)
	at scala.collection.MapLike.applyOrElse(MapLike.scala:166)
	at scala.collection.MapLike.applyOrElse$(MapLike.scala:165)
	at scala.collection.AbstractMap.applyOrElse(Map.scala:63)
	at scala.PartialFunction$OrElse.apply(PartialFunction.scala:172)
	at scala.collection.MapLike.$anonfun$applyOrElse$1(MapLike.scala:166)
	at scala.collection.immutable.Map$Map1.getOrElse(Map.scala:119)
	at scala.collection.MapLike.applyOrElse(MapLike.scala:166)
	at scala.collection.MapLike.applyOrElse$(MapLike.scala:165)
	at scala.collection.AbstractMap.applyOrElse(Map.scala:63)
	at scala.PartialFunction$OrElse.apply(PartialFunction.scala:172)
	at scala.collection.MapLike.$anonfun$applyOrElse$1(MapLike.scala:166)
	at scala.collection.MapLike.getOrElse(MapLike.scala:131)
	at scala.collection.MapLike.getOrElse$(MapLike.scala:129)
	at scala.collection.AbstractMap.getOrElse(Map.scala:63)
	at scala.collection.MapLike.applyOrElse(MapLike.scala:166)
	at scala.collection.MapLike.applyOrElse$(MapLike.scala:165)
	at scala.collection.AbstractMap.applyOrElse(Map.scala:63)
	at scala.PartialFunction$OrElse.apply(PartialFunction.scala:172)
	at scala.collection.MapLike.$anonfun$applyOrElse$1(MapLike.scala:166)
	at scala.collection.immutable.Map$Map1.getOrElse(Map.scala:119)
	at scala.collection.MapLike.applyOrElse(MapLike.scala:166)
	at scala.collection.MapLike.applyOrElse$(MapLike.scala:165)
	at scala.collection.AbstractMap.applyOrElse(Map.scala:63)
	at scala.PartialFunction$OrElse.apply(PartialFunction.scala:172)
	at scala.collection.MapLike.$anonfun$applyOrElse$1(MapLike.scala:166)
	at scala.collection.MapLike.getOrElse(MapLike.scala:131)
	at scala.collection.MapLike.getOrElse$(MapLike.scala:129)
	at scala.collection.AbstractMap.getOrElse(Map.scala:63)
	at scala.collection.MapLike.applyOrElse(MapLike.scala:166)
	at scala.collection.MapLike.applyOrElse$(MapLike.scala:165)
	at scala.collection.AbstractMap.applyOrElse(Map.scala:63)
	at scala.PartialFunction$OrElse.apply(PartialFunction.scala:172)
	at scala.collection.MapLike.$anonfun$applyOrElse$1(MapLike.scala:166)
	at scala.collection.MapLike.getOrElse(MapLike.scala:131)
	at scala.collection.MapLike.getOrElse$(MapLike.scala:129)
	at scala.collection.AbstractMap.getOrElse(Map.scala:63)
	at scala.collection.MapLike.applyOrElse(MapLike.scala:166)
	at scala.collection.MapLike.applyOrElse$(MapLike.scala:165)
	at scala.collection.AbstractMap.applyOrElse(Map.scala:63)
	at scala.PartialFunction$OrElse.apply(PartialFunction.scala:172)
	at scala.collection.MapLike.$anonfun$applyOrElse$1(MapLike.scala:166)
	at scala.collection.immutable.Map$Map1.getOrElse(Map.scala:119)
	at scala.collection.MapLike.applyOrElse(MapLike.scala:166)
	at scala.collection.MapLike.applyOrElse$(MapLike.scala:165)
	at scala.collection.AbstractMap.applyOrElse(Map.scala:63)
	at scala.PartialFunction$OrElse.apply(PartialFunction.scala:172)
	at scala.collection.MapLike.$anonfun$applyOrElse$1(MapLike.scala:166)
	at scala.collection.immutable.Map$Map1.getOrElse(Map.scala:119)
	at scala.collection.MapLike.applyOrElse(MapLike.scala:166)
	at scala.collection.MapLike.applyOrElse$(MapLike.scala:165)
	at scala.collection.AbstractMap.applyOrElse(Map.scala:63)
	at scala.PartialFunction$OrElse.apply(PartialFunction.scala:172)
	at scala.collection.MapLike.$anonfun$applyOrElse$1(MapLike.scala:166)
	at scala.collection.immutable.Map$Map1.getOrElse(Map.scala:119)
	at scala.collection.MapLike.applyOrElse(MapLike.scala:166)
	at scala.collection.MapLike.applyOrElse$(MapLike.scala:165)
	at scala.collection.AbstractMap.applyOrElse(Map.scala:63)
	at scala.PartialFunction$OrElse.apply(PartialFunction.scala:172)
	at scala.collection.MapLike.$anonfun$applyOrElse$1(MapLike.scala:166)
	at scala.collection.immutable.Map$Map1.getOrElse(Map.scala:119)
	at scala.collection.MapLike.applyOrElse(MapLike.scala:166)
	at scala.collection.MapLike.applyOrElse$(MapLike.scala:165)
	at scala.collection.AbstractMap.applyOrElse(Map.scala:63)
	at scala.PartialFunction$OrElse.apply(PartialFunction.scala:172)
	at scala.collection.MapLike.$anonfun$applyOrElse$1(MapLike.scala:166)
	at scala.collection.immutable.Map$Map1.getOrElse(Map.scala:119)
	at scala.collection.MapLike.applyOrElse(MapLike.scala:166)
	at scala.collection.MapLike.applyOrElse$(MapLike.scala:165)
	at scala.collection.AbstractMap.applyOrElse(Map.scala:63)
	at scala.PartialFunction$OrElse.apply(PartialFunction.scala:172)
	at scala.collection.MapLike.$anonfun$applyOrElse$1(MapLike.scala:166)
	at scala.collection.immutable.Map$Map1.getOrElse(Map.scala:119)
	at scala.collection.MapLike.applyOrElse(MapLike.scala:166)
	at scala.collection.MapLike.applyOrElse$(MapLike.scala:165)
	at scala.collection.AbstractMap.applyOrElse(Map.scala:63)
	at scala.PartialFunction$OrElse.apply(PartialFunction.scala:172)
	at scala.collection.MapLike.$anonfun$applyOrElse$1(MapLike.scala:166)
	at scala.collection.immutable.Map$Map1.getOrElse(Map.scala:119)
	at scala.collection.MapLike.applyOrElse(MapLike.scala:166)
	at scala.collection.MapLike.applyOrElse$(MapLike.scala:165)
	at scala.collection.AbstractMap.applyOrElse(Map.scala:63)
	at scala.PartialFunction$OrElse.apply(PartialFunction.scala:172)
	at scala.collection.MapLike.$anonfun$applyOrElse$1(MapLike.scala:166)
	at scala.collection.MapLike.getOrElse(MapLike.scala:131)
	at scala.collection.MapLike.getOrElse$(MapLike.scala:129)
	at scala.collection.AbstractMap.getOrElse(Map.scala:63)
	at scala.collection.MapLike.applyOrElse(MapLike.scala:166)
	at scala.collection.MapLike.applyOrElse$(MapLike.scala:165)
	at scala.collection.AbstractMap.applyOrElse(Map.scala:63)
	at scala.PartialFunction$OrElse.apply(PartialFunction.scala:172)
	at scala.collection.MapLike.$anonfun$applyOrElse$1(MapLike.scala:166)
	at scala.collection.immutable.Map$Map1.getOrElse(Map.scala:119)
	at scala.collection.MapLike.applyOrElse(MapLike.scala:166)
	at scala.collection.MapLike.applyOrElse$(MapLike.scala:165)
	at scala.collection.AbstractMap.applyOrElse(Map.scala:63)
	at scala.PartialFunction$OrElse.apply(PartialFunction.scala:172)
	at scala.collection.TraversableLike.$anonfun$map$1(TraversableLike.scala:238)
	at scala.collection.immutable.List.foreach(List.scala:392)
	at scala.collection.TraversableLike.map(TraversableLike.scala:238)
	at scala.collection.TraversableLike.map$(TraversableLike.scala:231)
	at scala.collection.immutable.List.map(List.scala:298)
	at miniscala.CPSInterpreter.eval(CPSInterpreter.scala:40)
	at miniscala.CPSInterpreter.apply(CPSInterpreter.scala:18)
	at miniscala.CPSInterpreterLow.apply(CPSInterpreter.scala:183)
	at scala.Function1.$anonfun$andThen$1(Function1.scala:57)
	at miniscala.test.infrastructure.CompilerTest.compileInner(CompilerTest.scala:37)
	at miniscala.test.infrastructure.CompilerTest.$anonfun$compileUsingPipelineAndRedirect$1(CompilerTest.scala:44)
	at miniscala.test.infrastructure.SandboxedTest$$anon$1.run(SandboxedTest.scala:24)
	at java.base/java.security.AccessController.doPrivileged(AccessController.java:391)
	at miniscala.test.infrastructure.SandboxedTest.sandboxedTest(SandboxedTest.scala:34)
	at miniscala.test.infrastructure.SandboxedTest.sandboxedTestWithRedirectedIO(SandboxedTest.scala:45)
	at miniscala.test.infrastructure.CompilerTest.compileUsingPipelineAndRedirect(CompilerTest.scala:44)
	at miniscala.test.infrastructure.CompilerTest.compileUsingPipelineAndRedirect$(CompilerTest.scala:43)
	at miniscala.test.infrastructure.CPSTest.compileUsingPipelineAndRedirect(CPSTest.scala:11)
	at miniscala.test.infrastructure.CPSLowTest.testCPSLowProgramOutput(CPSLowTest.scala:40)
	at miniscala.test.CPSValueRepresentation_Blackbox.$anonfun$compileAndInterpret$1(CPSValueRepresentation_Blackbox.scala:9)
	at miniscala.test.CPSValueRepresentation_Blackbox.$anonfun$compileAndInterpret$1$adapted(CPSValueRepresentation_Blackbox.scala:9)
	at miniscala.test.ok.LibraryOKTests.$anonfun$compileAndInterpretWithLib$1(LibraryOKTests.scala:18)
	at miniscala.test.ok.LibraryOKTests.$anonfun$compileAndInterpretWithLib$1$adapted(LibraryOKTests.scala:18)
	at miniscala.test.ok.LibraryOKTests.testLibStrings1(LibraryOKTests.scala:133)
	at miniscala.test.ok.LibraryOKTests.testLibStrings1$(LibraryOKTests.scala:132)
	at miniscala.test.CPSValueRepresentation_Blackbox.testLibStrings1(CPSValueRepresentation_Blackbox.scala:7)
	at java.base/jdk.internal.reflect.NativeMethodAccessorImpl.invoke0(Native Method)
	at java.base/jdk.internal.reflect.NativeMethodAccessorImpl.invoke(NativeMethodAccessorImpl.java:62)
	at java.base/jdk.internal.reflect.DelegatingMethodAccessorImpl.invoke(DelegatingMethodAccessorImpl.java:43)
	at java.base/java.lang.reflect.Method.invoke(Method.java:567)
	at org.junit.runners.model.FrameworkMethod$1.runReflectiveCall(FrameworkMethod.java:47)
	at org.junit.internal.runners.model.ReflectiveCallable.run(ReflectiveCallable.java:12)
	at org.junit.runners.model.FrameworkMethod.invokeExplosively(FrameworkMethod.java:44)
	at org.junit.internal.runners.statements.InvokeMethod.evaluate(InvokeMethod.java:17)
	at org.junit.runners.ParentRunner.runLeaf(ParentRunner.java:271)
	at org.junit.runners.BlockJUnit4ClassRunner.runChild(BlockJUnit4ClassRunner.java:70)
	at org.junit.runners.BlockJUnit4ClassRunner.runChild(BlockJUnit4ClassRunner.java:50)
	at org.junit.runners.ParentRunner$3.run(ParentRunner.java:238)
	at org.junit.runners.ParentRunner$1.schedule(ParentRunner.java:63)
	at org.junit.runners.ParentRunner.runChildren(ParentRunner.java:236)
	at org.junit.runners.ParentRunner.access$000(ParentRunner.java:53)
	at org.junit.runners.ParentRunner$2.evaluate(ParentRunner.java:229)
	at org.junit.runners.ParentRunner.run(ParentRunner.java:309)
	at org.junit.runners.Suite.runChild(Suite.java:127)
	at org.junit.runners.Suite.runChild(Suite.java:26)
	at org.junit.runners.ParentRunner$3.run(ParentRunner.java:238)
	at org.junit.runners.ParentRunner$1.schedule(ParentRunner.java:63)
	at org.junit.runners.ParentRunner.runChildren(ParentRunner.java:236)
	at org.junit.runners.ParentRunner.access$000(ParentRunner.java:53)
	at org.junit.runners.ParentRunner$2.evaluate(ParentRunner.java:229)
	at org.junit.runners.ParentRunner.run(ParentRunner.java:309)
	at org.junit.runner.JUnitCore.run(JUnitCore.java:160)
	at org.junit.runner.JUnitCore.run(JUnitCore.java:138)
	at com.novocode.junit.JUnitRunner$1.execute(JUnitRunner.java:132)
	at sbt.ForkMain$Run.lambda$runTest$1(ForkMain.java:304)
	at java.base/java.util.concurrent.FutureTask.run(FutureTask.java:264)
	at java.base/java.util.concurrent.ThreadPoolExecutor.runWorker(ThreadPoolExecutor.java:1128)
	at java.base/java.util.concurrent.ThreadPoolExecutor$Worker.run(ThreadPoolExecutor.java:628)
	at java.base/java.lang.Thread.run(Thread.java:830)
</failure>
                                               </testcase><testcase classname="miniscala.test.CPSValueRepresentation_Blackbox" name="testLibStrings2" time="0.064">
                                                 
                                               </testcase><testcase classname="miniscala.test.CPSValueRepresentation_Blackbox" name="testLibStrings3" time="0.077">
                                                 
                                               </testcase><testcase classname="miniscala.test.CPSValueRepresentation_Blackbox" name="testLibLists1" time="0.046">
                                                 
                                               </testcase><testcase classname="miniscala.test.CPSValueRepresentation_Blackbox" name="testLibLists2" time="0.045">
                                                 
                                               </testcase><testcase classname="miniscala.test.CPSValueRepresentation_Blackbox" name="testLibLists3" time="0.065">
                                                 
                                               </testcase><testcase classname="miniscala.test.CPSValueRepresentation_Blackbox" name="testLibLists4" time="0.035">
                                                 <failure message="java.util.NoSuchElementException: key not found: f" type="sbt.ForkMain$ForkError">sbt.ForkMain$ForkError: java.util.NoSuchElementException: key not found: f
	at scala.collection.immutable.Map$EmptyMap$.apply(Map.scala:101)
	at scala.collection.immutable.Map$EmptyMap$.apply(Map.scala:99)
	at scala.collection.MapLike.$anonfun$applyOrElse$1(MapLike.scala:166)
	at scala.collection.MapLike.getOrElse(MapLike.scala:131)
	at scala.collection.MapLike.getOrElse$(MapLike.scala:129)
	at scala.collection.AbstractMap.getOrElse(Map.scala:63)
	at scala.collection.MapLike.applyOrElse(MapLike.scala:166)
	at scala.collection.MapLike.applyOrElse$(MapLike.scala:165)
	at scala.collection.AbstractMap.applyOrElse(Map.scala:63)
	at scala.PartialFunction$OrElse.apply(PartialFunction.scala:172)
	at scala.collection.MapLike.$anonfun$applyOrElse$1(MapLike.scala:166)
	at scala.collection.immutable.Map$Map3.getOrElse(Map.scala:181)
	at scala.collection.MapLike.applyOrElse(MapLike.scala:166)
	at scala.collection.MapLike.applyOrElse$(MapLike.scala:165)
	at scala.collection.AbstractMap.applyOrElse(Map.scala:63)
	at scala.PartialFunction$OrElse.apply(PartialFunction.scala:172)
	at scala.collection.MapLike.$anonfun$applyOrElse$1(MapLike.scala:166)
	at scala.collection.immutable.Map$Map1.getOrElse(Map.scala:119)
	at scala.collection.MapLike.applyOrElse(MapLike.scala:166)
	at scala.collection.MapLike.applyOrElse$(MapLike.scala:165)
	at scala.collection.AbstractMap.applyOrElse(Map.scala:63)
	at scala.PartialFunction$OrElse.apply(PartialFunction.scala:172)
	at scala.collection.MapLike.$anonfun$applyOrElse$1(MapLike.scala:166)
	at scala.collection.immutable.Map$Map1.getOrElse(Map.scala:119)
	at scala.collection.MapLike.applyOrElse(MapLike.scala:166)
	at scala.collection.MapLike.applyOrElse$(MapLike.scala:165)
	at scala.collection.AbstractMap.applyOrElse(Map.scala:63)
	at scala.PartialFunction$OrElse.apply(PartialFunction.scala:172)
	at scala.collection.MapLike.$anonfun$applyOrElse$1(MapLike.scala:166)
	at scala.collection.MapLike.getOrElse(MapLike.scala:131)
	at scala.collection.MapLike.getOrElse$(MapLike.scala:129)
	at scala.collection.AbstractMap.getOrElse(Map.scala:63)
	at scala.collection.MapLike.applyOrElse(MapLike.scala:166)
	at scala.collection.MapLike.applyOrElse$(MapLike.scala:165)
	at scala.collection.AbstractMap.applyOrElse(Map.scala:63)
	at scala.PartialFunction$OrElse.apply(PartialFunction.scala:172)
	at scala.collection.MapLike.$anonfun$applyOrElse$1(MapLike.scala:166)
	at scala.collection.immutable.Map$Map1.getOrElse(Map.scala:119)
	at scala.collection.MapLike.applyOrElse(MapLike.scala:166)
	at scala.collection.MapLike.applyOrElse$(MapLike.scala:165)
	at scala.collection.AbstractMap.applyOrElse(Map.scala:63)
	at scala.PartialFunction$OrElse.apply(PartialFunction.scala:172)
	at scala.collection.MapLike.$anonfun$applyOrElse$1(MapLike.scala:166)
	at scala.collection.immutable.Map$Map1.getOrElse(Map.scala:119)
	at scala.collection.MapLike.applyOrElse(MapLike.scala:166)
	at scala.collection.MapLike.applyOrElse$(MapLike.scala:165)
	at scala.collection.AbstractMap.applyOrElse(Map.scala:63)
	at scala.PartialFunction$OrElse.apply(PartialFunction.scala:172)
	at scala.collection.TraversableLike.$anonfun$map$1(TraversableLike.scala:238)
	at scala.collection.immutable.List.foreach(List.scala:392)
	at scala.collection.TraversableLike.map(TraversableLike.scala:238)
	at scala.collection.TraversableLike.map$(TraversableLike.scala:231)
	at scala.collection.immutable.List.map(List.scala:298)
	at miniscala.CPSInterpreter.eval(CPSInterpreter.scala:40)
	at miniscala.CPSInterpreter.apply(CPSInterpreter.scala:18)
	at miniscala.CPSInterpreterLow.apply(CPSInterpreter.scala:183)
	at scala.Function1.$anonfun$andThen$1(Function1.scala:57)
	at miniscala.test.infrastructure.CompilerTest.compileInner(CompilerTest.scala:37)
	at miniscala.test.infrastructure.CompilerTest.$anonfun$compileUsingPipelineAndRedirect$1(CompilerTest.scala:44)
	at miniscala.test.infrastructure.SandboxedTest$$anon$1.run(SandboxedTest.scala:24)
	at java.base/java.security.AccessController.doPrivileged(AccessController.java:391)
	at miniscala.test.infrastructure.SandboxedTest.sandboxedTest(SandboxedTest.scala:34)
	at miniscala.test.infrastructure.SandboxedTest.sandboxedTestWithRedirectedIO(SandboxedTest.scala:45)
	at miniscala.test.infrastructure.CompilerTest.compileUsingPipelineAndRedirect(CompilerTest.scala:44)
	at miniscala.test.infrastructure.CompilerTest.compileUsingPipelineAndRedirect$(CompilerTest.scala:43)
	at miniscala.test.infrastructure.CPSTest.compileUsingPipelineAndRedirect(CPSTest.scala:11)
	at miniscala.test.infrastructure.CPSLowTest.testCPSLowProgramOutput(CPSLowTest.scala:40)
	at miniscala.test.CPSValueRepresentation_Blackbox.$anonfun$compileAndInterpret$1(CPSValueRepresentation_Blackbox.scala:9)
	at miniscala.test.CPSValueRepresentation_Blackbox.$anonfun$compileAndInterpret$1$adapted(CPSValueRepresentation_Blackbox.scala:9)
	at miniscala.test.ok.LibraryOKTests.$anonfun$compileAndInterpretWithLib$1(LibraryOKTests.scala:18)
	at miniscala.test.ok.LibraryOKTests.$anonfun$compileAndInterpretWithLib$1$adapted(LibraryOKTests.scala:18)
	at miniscala.test.ok.LibraryOKTests.testLibLists4(LibraryOKTests.scala:51)
	at miniscala.test.ok.LibraryOKTests.testLibLists4$(LibraryOKTests.scala:50)
	at miniscala.test.CPSValueRepresentation_Blackbox.testLibLists4(CPSValueRepresentation_Blackbox.scala:7)
	at java.base/jdk.internal.reflect.NativeMethodAccessorImpl.invoke0(Native Method)
	at java.base/jdk.internal.reflect.NativeMethodAccessorImpl.invoke(NativeMethodAccessorImpl.java:62)
	at java.base/jdk.internal.reflect.DelegatingMethodAccessorImpl.invoke(DelegatingMethodAccessorImpl.java:43)
	at java.base/java.lang.reflect.Method.invoke(Method.java:567)
	at org.junit.runners.model.FrameworkMethod$1.runReflectiveCall(FrameworkMethod.java:47)
	at org.junit.internal.runners.model.ReflectiveCallable.run(ReflectiveCallable.java:12)
	at org.junit.runners.model.FrameworkMethod.invokeExplosively(FrameworkMethod.java:44)
	at org.junit.internal.runners.statements.InvokeMethod.evaluate(InvokeMethod.java:17)
	at org.junit.runners.ParentRunner.runLeaf(ParentRunner.java:271)
	at org.junit.runners.BlockJUnit4ClassRunner.runChild(BlockJUnit4ClassRunner.java:70)
	at org.junit.runners.BlockJUnit4ClassRunner.runChild(BlockJUnit4ClassRunner.java:50)
	at org.junit.runners.ParentRunner$3.run(ParentRunner.java:238)
	at org.junit.runners.ParentRunner$1.schedule(ParentRunner.java:63)
	at org.junit.runners.ParentRunner.runChildren(ParentRunner.java:236)
	at org.junit.runners.ParentRunner.access$000(ParentRunner.java:53)
	at org.junit.runners.ParentRunner$2.evaluate(ParentRunner.java:229)
	at org.junit.runners.ParentRunner.run(ParentRunner.java:309)
	at org.junit.runners.Suite.runChild(Suite.java:127)
	at org.junit.runners.Suite.runChild(Suite.java:26)
	at org.junit.runners.ParentRunner$3.run(ParentRunner.java:238)
	at org.junit.runners.ParentRunner$1.schedule(ParentRunner.java:63)
	at org.junit.runners.ParentRunner.runChildren(ParentRunner.java:236)
	at org.junit.runners.ParentRunner.access$000(ParentRunner.java:53)
	at org.junit.runners.ParentRunner$2.evaluate(ParentRunner.java:229)
	at org.junit.runners.ParentRunner.run(ParentRunner.java:309)
	at org.junit.runner.JUnitCore.run(JUnitCore.java:160)
	at org.junit.runner.JUnitCore.run(JUnitCore.java:138)
	at com.novocode.junit.JUnitRunner$1.execute(JUnitRunner.java:132)
	at sbt.ForkMain$Run.lambda$runTest$1(ForkMain.java:304)
	at java.base/java.util.concurrent.FutureTask.run(FutureTask.java:264)
	at java.base/java.util.concurrent.ThreadPoolExecutor.runWorker(ThreadPoolExecutor.java:1128)
	at java.base/java.util.concurrent.ThreadPoolExecutor$Worker.run(ThreadPoolExecutor.java:628)
	at java.base/java.lang.Thread.run(Thread.java:830)
</failure>
                                               </testcase><testcase classname="miniscala.test.CPSValueRepresentation_Blackbox" name="testLibLists5" time="0.058">
                                                 <failure message="java.util.NoSuchElementException: key not found: f" type="sbt.ForkMain$ForkError">sbt.ForkMain$ForkError: java.util.NoSuchElementException: key not found: f
	at scala.collection.immutable.Map$EmptyMap$.apply(Map.scala:101)
	at scala.collection.immutable.Map$EmptyMap$.apply(Map.scala:99)
	at scala.collection.MapLike.$anonfun$applyOrElse$1(MapLike.scala:166)
	at scala.collection.MapLike.getOrElse(MapLike.scala:131)
	at scala.collection.MapLike.getOrElse$(MapLike.scala:129)
	at scala.collection.AbstractMap.getOrElse(Map.scala:63)
	at scala.collection.MapLike.applyOrElse(MapLike.scala:166)
	at scala.collection.MapLike.applyOrElse$(MapLike.scala:165)
	at scala.collection.AbstractMap.applyOrElse(Map.scala:63)
	at scala.PartialFunction$OrElse.apply(PartialFunction.scala:172)
	at scala.collection.MapLike.$anonfun$applyOrElse$1(MapLike.scala:166)
	at scala.collection.immutable.Map$Map3.getOrElse(Map.scala:181)
	at scala.collection.MapLike.applyOrElse(MapLike.scala:166)
	at scala.collection.MapLike.applyOrElse$(MapLike.scala:165)
	at scala.collection.AbstractMap.applyOrElse(Map.scala:63)
	at scala.PartialFunction$OrElse.apply(PartialFunction.scala:172)
	at scala.collection.MapLike.$anonfun$applyOrElse$1(MapLike.scala:166)
	at scala.collection.immutable.Map$Map1.getOrElse(Map.scala:119)
	at scala.collection.MapLike.applyOrElse(MapLike.scala:166)
	at scala.collection.MapLike.applyOrElse$(MapLike.scala:165)
	at scala.collection.AbstractMap.applyOrElse(Map.scala:63)
	at scala.PartialFunction$OrElse.apply(PartialFunction.scala:172)
	at scala.collection.MapLike.$anonfun$applyOrElse$1(MapLike.scala:166)
	at scala.collection.immutable.Map$Map1.getOrElse(Map.scala:119)
	at scala.collection.MapLike.applyOrElse(MapLike.scala:166)
	at scala.collection.MapLike.applyOrElse$(MapLike.scala:165)
	at scala.collection.AbstractMap.applyOrElse(Map.scala:63)
	at scala.PartialFunction$OrElse.apply(PartialFunction.scala:172)
	at scala.collection.MapLike.$anonfun$applyOrElse$1(MapLike.scala:166)
	at scala.collection.MapLike.getOrElse(MapLike.scala:131)
	at scala.collection.MapLike.getOrElse$(MapLike.scala:129)
	at scala.collection.AbstractMap.getOrElse(Map.scala:63)
	at scala.collection.MapLike.applyOrElse(MapLike.scala:166)
	at scala.collection.MapLike.applyOrElse$(MapLike.scala:165)
	at scala.collection.AbstractMap.applyOrElse(Map.scala:63)
	at scala.PartialFunction$OrElse.apply(PartialFunction.scala:172)
	at scala.collection.MapLike.$anonfun$applyOrElse$1(MapLike.scala:166)
	at scala.collection.immutable.Map$Map1.getOrElse(Map.scala:119)
	at scala.collection.MapLike.applyOrElse(MapLike.scala:166)
	at scala.collection.MapLike.applyOrElse$(MapLike.scala:165)
	at scala.collection.AbstractMap.applyOrElse(Map.scala:63)
	at scala.PartialFunction$OrElse.apply(PartialFunction.scala:172)
	at scala.collection.MapLike.$anonfun$applyOrElse$1(MapLike.scala:166)
	at scala.collection.immutable.Map$Map1.getOrElse(Map.scala:119)
	at scala.collection.MapLike.applyOrElse(MapLike.scala:166)
	at scala.collection.MapLike.applyOrElse$(MapLike.scala:165)
	at scala.collection.AbstractMap.applyOrElse(Map.scala:63)
	at scala.PartialFunction$OrElse.apply(PartialFunction.scala:172)
	at scala.collection.TraversableLike.$anonfun$map$1(TraversableLike.scala:238)
	at scala.collection.immutable.List.foreach(List.scala:392)
	at scala.collection.TraversableLike.map(TraversableLike.scala:238)
	at scala.collection.TraversableLike.map$(TraversableLike.scala:231)
	at scala.collection.immutable.List.map(List.scala:298)
	at miniscala.CPSInterpreter.eval(CPSInterpreter.scala:40)
	at miniscala.CPSInterpreter.apply(CPSInterpreter.scala:18)
	at miniscala.CPSInterpreterLow.apply(CPSInterpreter.scala:183)
	at scala.Function1.$anonfun$andThen$1(Function1.scala:57)
	at miniscala.test.infrastructure.CompilerTest.compileInner(CompilerTest.scala:37)
	at miniscala.test.infrastructure.CompilerTest.$anonfun$compileUsingPipelineAndRedirect$1(CompilerTest.scala:44)
	at miniscala.test.infrastructure.SandboxedTest$$anon$1.run(SandboxedTest.scala:24)
	at java.base/java.security.AccessController.doPrivileged(AccessController.java:391)
	at miniscala.test.infrastructure.SandboxedTest.sandboxedTest(SandboxedTest.scala:34)
	at miniscala.test.infrastructure.SandboxedTest.sandboxedTestWithRedirectedIO(SandboxedTest.scala:45)
	at miniscala.test.infrastructure.CompilerTest.compileUsingPipelineAndRedirect(CompilerTest.scala:44)
	at miniscala.test.infrastructure.CompilerTest.compileUsingPipelineAndRedirect$(CompilerTest.scala:43)
	at miniscala.test.infrastructure.CPSTest.compileUsingPipelineAndRedirect(CPSTest.scala:11)
	at miniscala.test.infrastructure.CPSLowTest.testCPSLowProgramOutput(CPSLowTest.scala:40)
	at miniscala.test.CPSValueRepresentation_Blackbox.$anonfun$compileAndInterpret$1(CPSValueRepresentation_Blackbox.scala:9)
	at miniscala.test.CPSValueRepresentation_Blackbox.$anonfun$compileAndInterpret$1$adapted(CPSValueRepresentation_Blackbox.scala:9)
	at miniscala.test.ok.LibraryOKTests.$anonfun$compileAndInterpretWithLib$1(LibraryOKTests.scala:18)
	at miniscala.test.ok.LibraryOKTests.$anonfun$compileAndInterpretWithLib$1$adapted(LibraryOKTests.scala:18)
	at miniscala.test.ok.LibraryOKTests.testLibLists5(LibraryOKTests.scala:58)
	at miniscala.test.ok.LibraryOKTests.testLibLists5$(LibraryOKTests.scala:57)
	at miniscala.test.CPSValueRepresentation_Blackbox.testLibLists5(CPSValueRepresentation_Blackbox.scala:7)
	at java.base/jdk.internal.reflect.NativeMethodAccessorImpl.invoke0(Native Method)
	at java.base/jdk.internal.reflect.NativeMethodAccessorImpl.invoke(NativeMethodAccessorImpl.java:62)
	at java.base/jdk.internal.reflect.DelegatingMethodAccessorImpl.invoke(DelegatingMethodAccessorImpl.java:43)
	at java.base/java.lang.reflect.Method.invoke(Method.java:567)
	at org.junit.runners.model.FrameworkMethod$1.runReflectiveCall(FrameworkMethod.java:47)
	at org.junit.internal.runners.model.ReflectiveCallable.run(ReflectiveCallable.java:12)
	at org.junit.runners.model.FrameworkMethod.invokeExplosively(FrameworkMethod.java:44)
	at org.junit.internal.runners.statements.InvokeMethod.evaluate(InvokeMethod.java:17)
	at org.junit.runners.ParentRunner.runLeaf(ParentRunner.java:271)
	at org.junit.runners.BlockJUnit4ClassRunner.runChild(BlockJUnit4ClassRunner.java:70)
	at org.junit.runners.BlockJUnit4ClassRunner.runChild(BlockJUnit4ClassRunner.java:50)
	at org.junit.runners.ParentRunner$3.run(ParentRunner.java:238)
	at org.junit.runners.ParentRunner$1.schedule(ParentRunner.java:63)
	at org.junit.runners.ParentRunner.runChildren(ParentRunner.java:236)
	at org.junit.runners.ParentRunner.access$000(ParentRunner.java:53)
	at org.junit.runners.ParentRunner$2.evaluate(ParentRunner.java:229)
	at org.junit.runners.ParentRunner.run(ParentRunner.java:309)
	at org.junit.runners.Suite.runChild(Suite.java:127)
	at org.junit.runners.Suite.runChild(Suite.java:26)
	at org.junit.runners.ParentRunner$3.run(ParentRunner.java:238)
	at org.junit.runners.ParentRunner$1.schedule(ParentRunner.java:63)
	at org.junit.runners.ParentRunner.runChildren(ParentRunner.java:236)
	at org.junit.runners.ParentRunner.access$000(ParentRunner.java:53)
	at org.junit.runners.ParentRunner$2.evaluate(ParentRunner.java:229)
	at org.junit.runners.ParentRunner.run(ParentRunner.java:309)
	at org.junit.runner.JUnitCore.run(JUnitCore.java:160)
	at org.junit.runner.JUnitCore.run(JUnitCore.java:138)
	at com.novocode.junit.JUnitRunner$1.execute(JUnitRunner.java:132)
	at sbt.ForkMain$Run.lambda$runTest$1(ForkMain.java:304)
	at java.base/java.util.concurrent.FutureTask.run(FutureTask.java:264)
	at java.base/java.util.concurrent.ThreadPoolExecutor.runWorker(ThreadPoolExecutor.java:1128)
	at java.base/java.util.concurrent.ThreadPoolExecutor$Worker.run(ThreadPoolExecutor.java:628)
	at java.base/java.lang.Thread.run(Thread.java:830)
</failure>
                                               </testcase><testcase classname="miniscala.test.CPSValueRepresentation_Blackbox" name="testLibLists6" time="0.051">
                                                 <failure message="java.util.NoSuchElementException: key not found: f" type="sbt.ForkMain$ForkError">sbt.ForkMain$ForkError: java.util.NoSuchElementException: key not found: f
	at scala.collection.immutable.Map$EmptyMap$.apply(Map.scala:101)
	at scala.collection.immutable.Map$EmptyMap$.apply(Map.scala:99)
	at scala.collection.MapLike.$anonfun$applyOrElse$1(MapLike.scala:166)
	at scala.collection.MapLike.getOrElse(MapLike.scala:131)
	at scala.collection.MapLike.getOrElse$(MapLike.scala:129)
	at scala.collection.AbstractMap.getOrElse(Map.scala:63)
	at scala.collection.MapLike.applyOrElse(MapLike.scala:166)
	at scala.collection.MapLike.applyOrElse$(MapLike.scala:165)
	at scala.collection.AbstractMap.applyOrElse(Map.scala:63)
	at scala.PartialFunction$OrElse.apply(PartialFunction.scala:172)
	at scala.collection.MapLike.$anonfun$applyOrElse$1(MapLike.scala:166)
	at scala.collection.immutable.Map$Map3.getOrElse(Map.scala:181)
	at scala.collection.MapLike.applyOrElse(MapLike.scala:166)
	at scala.collection.MapLike.applyOrElse$(MapLike.scala:165)
	at scala.collection.AbstractMap.applyOrElse(Map.scala:63)
	at scala.PartialFunction$OrElse.apply(PartialFunction.scala:172)
	at scala.collection.MapLike.$anonfun$applyOrElse$1(MapLike.scala:166)
	at scala.collection.immutable.Map$Map1.getOrElse(Map.scala:119)
	at scala.collection.MapLike.applyOrElse(MapLike.scala:166)
	at scala.collection.MapLike.applyOrElse$(MapLike.scala:165)
	at scala.collection.AbstractMap.applyOrElse(Map.scala:63)
	at scala.PartialFunction$OrElse.apply(PartialFunction.scala:172)
	at scala.collection.MapLike.$anonfun$applyOrElse$1(MapLike.scala:166)
	at scala.collection.immutable.Map$Map1.getOrElse(Map.scala:119)
	at scala.collection.MapLike.applyOrElse(MapLike.scala:166)
	at scala.collection.MapLike.applyOrElse$(MapLike.scala:165)
	at scala.collection.AbstractMap.applyOrElse(Map.scala:63)
	at scala.PartialFunction$OrElse.apply(PartialFunction.scala:172)
	at scala.collection.MapLike.$anonfun$applyOrElse$1(MapLike.scala:166)
	at scala.collection.MapLike.getOrElse(MapLike.scala:131)
	at scala.collection.MapLike.getOrElse$(MapLike.scala:129)
	at scala.collection.AbstractMap.getOrElse(Map.scala:63)
	at scala.collection.MapLike.applyOrElse(MapLike.scala:166)
	at scala.collection.MapLike.applyOrElse$(MapLike.scala:165)
	at scala.collection.AbstractMap.applyOrElse(Map.scala:63)
	at scala.PartialFunction$OrElse.apply(PartialFunction.scala:172)
	at scala.collection.MapLike.$anonfun$applyOrElse$1(MapLike.scala:166)
	at scala.collection.immutable.Map$Map1.getOrElse(Map.scala:119)
	at scala.collection.MapLike.applyOrElse(MapLike.scala:166)
	at scala.collection.MapLike.applyOrElse$(MapLike.scala:165)
	at scala.collection.AbstractMap.applyOrElse(Map.scala:63)
	at scala.PartialFunction$OrElse.apply(PartialFunction.scala:172)
	at scala.collection.MapLike.$anonfun$applyOrElse$1(MapLike.scala:166)
	at scala.collection.immutable.Map$Map1.getOrElse(Map.scala:119)
	at scala.collection.MapLike.applyOrElse(MapLike.scala:166)
	at scala.collection.MapLike.applyOrElse$(MapLike.scala:165)
	at scala.collection.AbstractMap.applyOrElse(Map.scala:63)
	at scala.PartialFunction$OrElse.apply(PartialFunction.scala:172)
	at scala.collection.TraversableLike.$anonfun$map$1(TraversableLike.scala:238)
	at scala.collection.immutable.List.foreach(List.scala:392)
	at scala.collection.TraversableLike.map(TraversableLike.scala:238)
	at scala.collection.TraversableLike.map$(TraversableLike.scala:231)
	at scala.collection.immutable.List.map(List.scala:298)
	at miniscala.CPSInterpreter.eval(CPSInterpreter.scala:40)
	at miniscala.CPSInterpreter.apply(CPSInterpreter.scala:18)
	at miniscala.CPSInterpreterLow.apply(CPSInterpreter.scala:183)
	at scala.Function1.$anonfun$andThen$1(Function1.scala:57)
	at miniscala.test.infrastructure.CompilerTest.compileInner(CompilerTest.scala:37)
	at miniscala.test.infrastructure.CompilerTest.$anonfun$compileUsingPipelineAndRedirect$1(CompilerTest.scala:44)
	at miniscala.test.infrastructure.SandboxedTest$$anon$1.run(SandboxedTest.scala:24)
	at java.base/java.security.AccessController.doPrivileged(AccessController.java:391)
	at miniscala.test.infrastructure.SandboxedTest.sandboxedTest(SandboxedTest.scala:34)
	at miniscala.test.infrastructure.SandboxedTest.sandboxedTestWithRedirectedIO(SandboxedTest.scala:45)
	at miniscala.test.infrastructure.CompilerTest.compileUsingPipelineAndRedirect(CompilerTest.scala:44)
	at miniscala.test.infrastructure.CompilerTest.compileUsingPipelineAndRedirect$(CompilerTest.scala:43)
	at miniscala.test.infrastructure.CPSTest.compileUsingPipelineAndRedirect(CPSTest.scala:11)
	at miniscala.test.infrastructure.CPSLowTest.testCPSLowProgramOutput(CPSLowTest.scala:40)
	at miniscala.test.CPSValueRepresentation_Blackbox.$anonfun$compileAndInterpret$1(CPSValueRepresentation_Blackbox.scala:9)
	at miniscala.test.CPSValueRepresentation_Blackbox.$anonfun$compileAndInterpret$1$adapted(CPSValueRepresentation_Blackbox.scala:9)
	at miniscala.test.ok.LibraryOKTests.$anonfun$compileAndInterpretWithLib$1(LibraryOKTests.scala:18)
	at miniscala.test.ok.LibraryOKTests.$anonfun$compileAndInterpretWithLib$1$adapted(LibraryOKTests.scala:18)
	at miniscala.test.ok.LibraryOKTests.testLibLists6(LibraryOKTests.scala:70)
	at miniscala.test.ok.LibraryOKTests.testLibLists6$(LibraryOKTests.scala:69)
	at miniscala.test.CPSValueRepresentation_Blackbox.testLibLists6(CPSValueRepresentation_Blackbox.scala:7)
	at java.base/jdk.internal.reflect.NativeMethodAccessorImpl.invoke0(Native Method)
	at java.base/jdk.internal.reflect.NativeMethodAccessorImpl.invoke(NativeMethodAccessorImpl.java:62)
	at java.base/jdk.internal.reflect.DelegatingMethodAccessorImpl.invoke(DelegatingMethodAccessorImpl.java:43)
	at java.base/java.lang.reflect.Method.invoke(Method.java:567)
	at org.junit.runners.model.FrameworkMethod$1.runReflectiveCall(FrameworkMethod.java:47)
	at org.junit.internal.runners.model.ReflectiveCallable.run(ReflectiveCallable.java:12)
	at org.junit.runners.model.FrameworkMethod.invokeExplosively(FrameworkMethod.java:44)
	at org.junit.internal.runners.statements.InvokeMethod.evaluate(InvokeMethod.java:17)
	at org.junit.runners.ParentRunner.runLeaf(ParentRunner.java:271)
	at org.junit.runners.BlockJUnit4ClassRunner.runChild(BlockJUnit4ClassRunner.java:70)
	at org.junit.runners.BlockJUnit4ClassRunner.runChild(BlockJUnit4ClassRunner.java:50)
	at org.junit.runners.ParentRunner$3.run(ParentRunner.java:238)
	at org.junit.runners.ParentRunner$1.schedule(ParentRunner.java:63)
	at org.junit.runners.ParentRunner.runChildren(ParentRunner.java:236)
	at org.junit.runners.ParentRunner.access$000(ParentRunner.java:53)
	at org.junit.runners.ParentRunner$2.evaluate(ParentRunner.java:229)
	at org.junit.runners.ParentRunner.run(ParentRunner.java:309)
	at org.junit.runners.Suite.runChild(Suite.java:127)
	at org.junit.runners.Suite.runChild(Suite.java:26)
	at org.junit.runners.ParentRunner$3.run(ParentRunner.java:238)
	at org.junit.runners.ParentRunner$1.schedule(ParentRunner.java:63)
	at org.junit.runners.ParentRunner.runChildren(ParentRunner.java:236)
	at org.junit.runners.ParentRunner.access$000(ParentRunner.java:53)
	at org.junit.runners.ParentRunner$2.evaluate(ParentRunner.java:229)
	at org.junit.runners.ParentRunner.run(ParentRunner.java:309)
	at org.junit.runner.JUnitCore.run(JUnitCore.java:160)
	at org.junit.runner.JUnitCore.run(JUnitCore.java:138)
	at com.novocode.junit.JUnitRunner$1.execute(JUnitRunner.java:132)
	at sbt.ForkMain$Run.lambda$runTest$1(ForkMain.java:304)
	at java.base/java.util.concurrent.FutureTask.run(FutureTask.java:264)
	at java.base/java.util.concurrent.ThreadPoolExecutor.runWorker(ThreadPoolExecutor.java:1128)
	at java.base/java.util.concurrent.ThreadPoolExecutor$Worker.run(ThreadPoolExecutor.java:628)
	at java.base/java.lang.Thread.run(Thread.java:830)
</failure>
                                               </testcase><testcase classname="miniscala.test.CPSValueRepresentation_Blackbox" name="testLibLists7" time="0.052">
                                                 <failure message="java.util.NoSuchElementException: key not found: f" type="sbt.ForkMain$ForkError">sbt.ForkMain$ForkError: java.util.NoSuchElementException: key not found: f
	at scala.collection.immutable.Map$EmptyMap$.apply(Map.scala:101)
	at scala.collection.immutable.Map$EmptyMap$.apply(Map.scala:99)
	at scala.collection.MapLike.$anonfun$applyOrElse$1(MapLike.scala:166)
	at scala.collection.MapLike.getOrElse(MapLike.scala:131)
	at scala.collection.MapLike.getOrElse$(MapLike.scala:129)
	at scala.collection.AbstractMap.getOrElse(Map.scala:63)
	at scala.collection.MapLike.applyOrElse(MapLike.scala:166)
	at scala.collection.MapLike.applyOrElse$(MapLike.scala:165)
	at scala.collection.AbstractMap.applyOrElse(Map.scala:63)
	at scala.PartialFunction$OrElse.apply(PartialFunction.scala:172)
	at scala.collection.MapLike.$anonfun$applyOrElse$1(MapLike.scala:166)
	at scala.collection.immutable.Map$Map3.getOrElse(Map.scala:181)
	at scala.collection.MapLike.applyOrElse(MapLike.scala:166)
	at scala.collection.MapLike.applyOrElse$(MapLike.scala:165)
	at scala.collection.AbstractMap.applyOrElse(Map.scala:63)
	at scala.PartialFunction$OrElse.apply(PartialFunction.scala:172)
	at scala.collection.MapLike.$anonfun$applyOrElse$1(MapLike.scala:166)
	at scala.collection.immutable.Map$Map1.getOrElse(Map.scala:119)
	at scala.collection.MapLike.applyOrElse(MapLike.scala:166)
	at scala.collection.MapLike.applyOrElse$(MapLike.scala:165)
	at scala.collection.AbstractMap.applyOrElse(Map.scala:63)
	at scala.PartialFunction$OrElse.apply(PartialFunction.scala:172)
	at scala.collection.MapLike.$anonfun$applyOrElse$1(MapLike.scala:166)
	at scala.collection.immutable.Map$Map1.getOrElse(Map.scala:119)
	at scala.collection.MapLike.applyOrElse(MapLike.scala:166)
	at scala.collection.MapLike.applyOrElse$(MapLike.scala:165)
	at scala.collection.AbstractMap.applyOrElse(Map.scala:63)
	at scala.PartialFunction$OrElse.apply(PartialFunction.scala:172)
	at scala.collection.MapLike.$anonfun$applyOrElse$1(MapLike.scala:166)
	at scala.collection.MapLike.getOrElse(MapLike.scala:131)
	at scala.collection.MapLike.getOrElse$(MapLike.scala:129)
	at scala.collection.AbstractMap.getOrElse(Map.scala:63)
	at scala.collection.MapLike.applyOrElse(MapLike.scala:166)
	at scala.collection.MapLike.applyOrElse$(MapLike.scala:165)
	at scala.collection.AbstractMap.applyOrElse(Map.scala:63)
	at scala.PartialFunction$OrElse.apply(PartialFunction.scala:172)
	at scala.collection.MapLike.$anonfun$applyOrElse$1(MapLike.scala:166)
	at scala.collection.immutable.Map$Map1.getOrElse(Map.scala:119)
	at scala.collection.MapLike.applyOrElse(MapLike.scala:166)
	at scala.collection.MapLike.applyOrElse$(MapLike.scala:165)
	at scala.collection.AbstractMap.applyOrElse(Map.scala:63)
	at scala.PartialFunction$OrElse.apply(PartialFunction.scala:172)
	at scala.collection.MapLike.$anonfun$applyOrElse$1(MapLike.scala:166)
	at scala.collection.immutable.Map$Map1.getOrElse(Map.scala:119)
	at scala.collection.MapLike.applyOrElse(MapLike.scala:166)
	at scala.collection.MapLike.applyOrElse$(MapLike.scala:165)
	at scala.collection.AbstractMap.applyOrElse(Map.scala:63)
	at scala.PartialFunction$OrElse.apply(PartialFunction.scala:172)
	at scala.collection.TraversableLike.$anonfun$map$1(TraversableLike.scala:238)
	at scala.collection.immutable.List.foreach(List.scala:392)
	at scala.collection.TraversableLike.map(TraversableLike.scala:238)
	at scala.collection.TraversableLike.map$(TraversableLike.scala:231)
	at scala.collection.immutable.List.map(List.scala:298)
	at miniscala.CPSInterpreter.eval(CPSInterpreter.scala:40)
	at miniscala.CPSInterpreter.apply(CPSInterpreter.scala:18)
	at miniscala.CPSInterpreterLow.apply(CPSInterpreter.scala:183)
	at scala.Function1.$anonfun$andThen$1(Function1.scala:57)
	at miniscala.test.infrastructure.CompilerTest.compileInner(CompilerTest.scala:37)
	at miniscala.test.infrastructure.CompilerTest.$anonfun$compileUsingPipelineAndRedirect$1(CompilerTest.scala:44)
	at miniscala.test.infrastructure.SandboxedTest$$anon$1.run(SandboxedTest.scala:24)
	at java.base/java.security.AccessController.doPrivileged(AccessController.java:391)
	at miniscala.test.infrastructure.SandboxedTest.sandboxedTest(SandboxedTest.scala:34)
	at miniscala.test.infrastructure.SandboxedTest.sandboxedTestWithRedirectedIO(SandboxedTest.scala:45)
	at miniscala.test.infrastructure.CompilerTest.compileUsingPipelineAndRedirect(CompilerTest.scala:44)
	at miniscala.test.infrastructure.CompilerTest.compileUsingPipelineAndRedirect$(CompilerTest.scala:43)
	at miniscala.test.infrastructure.CPSTest.compileUsingPipelineAndRedirect(CPSTest.scala:11)
	at miniscala.test.infrastructure.CPSLowTest.testCPSLowProgramOutput(CPSLowTest.scala:40)
	at miniscala.test.CPSValueRepresentation_Blackbox.$anonfun$compileAndInterpret$1(CPSValueRepresentation_Blackbox.scala:9)
	at miniscala.test.CPSValueRepresentation_Blackbox.$anonfun$compileAndInterpret$1$adapted(CPSValueRepresentation_Blackbox.scala:9)
	at miniscala.test.ok.LibraryOKTests.$anonfun$compileAndInterpretWithLib$1(LibraryOKTests.scala:18)
	at miniscala.test.ok.LibraryOKTests.$anonfun$compileAndInterpretWithLib$1$adapted(LibraryOKTests.scala:18)
	at miniscala.test.ok.LibraryOKTests.testLibLists7(LibraryOKTests.scala:82)
	at miniscala.test.ok.LibraryOKTests.testLibLists7$(LibraryOKTests.scala:81)
	at miniscala.test.CPSValueRepresentation_Blackbox.testLibLists7(CPSValueRepresentation_Blackbox.scala:7)
	at java.base/jdk.internal.reflect.NativeMethodAccessorImpl.invoke0(Native Method)
	at java.base/jdk.internal.reflect.NativeMethodAccessorImpl.invoke(NativeMethodAccessorImpl.java:62)
	at java.base/jdk.internal.reflect.DelegatingMethodAccessorImpl.invoke(DelegatingMethodAccessorImpl.java:43)
	at java.base/java.lang.reflect.Method.invoke(Method.java:567)
	at org.junit.runners.model.FrameworkMethod$1.runReflectiveCall(FrameworkMethod.java:47)
	at org.junit.internal.runners.model.ReflectiveCallable.run(ReflectiveCallable.java:12)
	at org.junit.runners.model.FrameworkMethod.invokeExplosively(FrameworkMethod.java:44)
	at org.junit.internal.runners.statements.InvokeMethod.evaluate(InvokeMethod.java:17)
	at org.junit.runners.ParentRunner.runLeaf(ParentRunner.java:271)
	at org.junit.runners.BlockJUnit4ClassRunner.runChild(BlockJUnit4ClassRunner.java:70)
	at org.junit.runners.BlockJUnit4ClassRunner.runChild(BlockJUnit4ClassRunner.java:50)
	at org.junit.runners.ParentRunner$3.run(ParentRunner.java:238)
	at org.junit.runners.ParentRunner$1.schedule(ParentRunner.java:63)
	at org.junit.runners.ParentRunner.runChildren(ParentRunner.java:236)
	at org.junit.runners.ParentRunner.access$000(ParentRunner.java:53)
	at org.junit.runners.ParentRunner$2.evaluate(ParentRunner.java:229)
	at org.junit.runners.ParentRunner.run(ParentRunner.java:309)
	at org.junit.runners.Suite.runChild(Suite.java:127)
	at org.junit.runners.Suite.runChild(Suite.java:26)
	at org.junit.runners.ParentRunner$3.run(ParentRunner.java:238)
	at org.junit.runners.ParentRunner$1.schedule(ParentRunner.java:63)
	at org.junit.runners.ParentRunner.runChildren(ParentRunner.java:236)
	at org.junit.runners.ParentRunner.access$000(ParentRunner.java:53)
	at org.junit.runners.ParentRunner$2.evaluate(ParentRunner.java:229)
	at org.junit.runners.ParentRunner.run(ParentRunner.java:309)
	at org.junit.runner.JUnitCore.run(JUnitCore.java:160)
	at org.junit.runner.JUnitCore.run(JUnitCore.java:138)
	at com.novocode.junit.JUnitRunner$1.execute(JUnitRunner.java:132)
	at sbt.ForkMain$Run.lambda$runTest$1(ForkMain.java:304)
	at java.base/java.util.concurrent.FutureTask.run(FutureTask.java:264)
	at java.base/java.util.concurrent.ThreadPoolExecutor.runWorker(ThreadPoolExecutor.java:1128)
	at java.base/java.util.concurrent.ThreadPoolExecutor$Worker.run(ThreadPoolExecutor.java:628)
	at java.base/java.lang.Thread.run(Thread.java:830)
</failure>
                                               </testcase><testcase classname="miniscala.test.CPSValueRepresentation_Blackbox" name="testLibLists8" time="0.039">
                                                 <failure message="java.util.NoSuchElementException: key not found: f" type="sbt.ForkMain$ForkError">sbt.ForkMain$ForkError: java.util.NoSuchElementException: key not found: f
	at scala.collection.immutable.Map$EmptyMap$.apply(Map.scala:101)
	at scala.collection.immutable.Map$EmptyMap$.apply(Map.scala:99)
	at scala.collection.MapLike.$anonfun$applyOrElse$1(MapLike.scala:166)
	at scala.collection.MapLike.getOrElse(MapLike.scala:131)
	at scala.collection.MapLike.getOrElse$(MapLike.scala:129)
	at scala.collection.AbstractMap.getOrElse(Map.scala:63)
	at scala.collection.MapLike.applyOrElse(MapLike.scala:166)
	at scala.collection.MapLike.applyOrElse$(MapLike.scala:165)
	at scala.collection.AbstractMap.applyOrElse(Map.scala:63)
	at scala.PartialFunction$OrElse.apply(PartialFunction.scala:172)
	at scala.collection.MapLike.$anonfun$applyOrElse$1(MapLike.scala:166)
	at scala.collection.immutable.Map$Map3.getOrElse(Map.scala:181)
	at scala.collection.MapLike.applyOrElse(MapLike.scala:166)
	at scala.collection.MapLike.applyOrElse$(MapLike.scala:165)
	at scala.collection.AbstractMap.applyOrElse(Map.scala:63)
	at scala.PartialFunction$OrElse.apply(PartialFunction.scala:172)
	at scala.collection.MapLike.$anonfun$applyOrElse$1(MapLike.scala:166)
	at scala.collection.immutable.Map$Map1.getOrElse(Map.scala:119)
	at scala.collection.MapLike.applyOrElse(MapLike.scala:166)
	at scala.collection.MapLike.applyOrElse$(MapLike.scala:165)
	at scala.collection.AbstractMap.applyOrElse(Map.scala:63)
	at scala.PartialFunction$OrElse.apply(PartialFunction.scala:172)
	at scala.collection.MapLike.$anonfun$applyOrElse$1(MapLike.scala:166)
	at scala.collection.immutable.Map$Map1.getOrElse(Map.scala:119)
	at scala.collection.MapLike.applyOrElse(MapLike.scala:166)
	at scala.collection.MapLike.applyOrElse$(MapLike.scala:165)
	at scala.collection.AbstractMap.applyOrElse(Map.scala:63)
	at scala.PartialFunction$OrElse.apply(PartialFunction.scala:172)
	at scala.collection.MapLike.$anonfun$applyOrElse$1(MapLike.scala:166)
	at scala.collection.MapLike.getOrElse(MapLike.scala:131)
	at scala.collection.MapLike.getOrElse$(MapLike.scala:129)
	at scala.collection.AbstractMap.getOrElse(Map.scala:63)
	at scala.collection.MapLike.applyOrElse(MapLike.scala:166)
	at scala.collection.MapLike.applyOrElse$(MapLike.scala:165)
	at scala.collection.AbstractMap.applyOrElse(Map.scala:63)
	at scala.PartialFunction$OrElse.apply(PartialFunction.scala:172)
	at scala.collection.MapLike.$anonfun$applyOrElse$1(MapLike.scala:166)
	at scala.collection.immutable.Map$Map1.getOrElse(Map.scala:119)
	at scala.collection.MapLike.applyOrElse(MapLike.scala:166)
	at scala.collection.MapLike.applyOrElse$(MapLike.scala:165)
	at scala.collection.AbstractMap.applyOrElse(Map.scala:63)
	at scala.PartialFunction$OrElse.apply(PartialFunction.scala:172)
	at scala.collection.MapLike.$anonfun$applyOrElse$1(MapLike.scala:166)
	at scala.collection.immutable.Map$Map1.getOrElse(Map.scala:119)
	at scala.collection.MapLike.applyOrElse(MapLike.scala:166)
	at scala.collection.MapLike.applyOrElse$(MapLike.scala:165)
	at scala.collection.AbstractMap.applyOrElse(Map.scala:63)
	at scala.PartialFunction$OrElse.apply(PartialFunction.scala:172)
	at scala.collection.TraversableLike.$anonfun$map$1(TraversableLike.scala:238)
	at scala.collection.immutable.List.foreach(List.scala:392)
	at scala.collection.TraversableLike.map(TraversableLike.scala:238)
	at scala.collection.TraversableLike.map$(TraversableLike.scala:231)
	at scala.collection.immutable.List.map(List.scala:298)
	at miniscala.CPSInterpreter.eval(CPSInterpreter.scala:40)
	at miniscala.CPSInterpreter.apply(CPSInterpreter.scala:18)
	at miniscala.CPSInterpreterLow.apply(CPSInterpreter.scala:183)
	at scala.Function1.$anonfun$andThen$1(Function1.scala:57)
	at miniscala.test.infrastructure.CompilerTest.compileInner(CompilerTest.scala:37)
	at miniscala.test.infrastructure.CompilerTest.$anonfun$compileUsingPipelineAndRedirect$1(CompilerTest.scala:44)
	at miniscala.test.infrastructure.SandboxedTest$$anon$1.run(SandboxedTest.scala:24)
	at java.base/java.security.AccessController.doPrivileged(AccessController.java:391)
	at miniscala.test.infrastructure.SandboxedTest.sandboxedTest(SandboxedTest.scala:34)
	at miniscala.test.infrastructure.SandboxedTest.sandboxedTestWithRedirectedIO(SandboxedTest.scala:45)
	at miniscala.test.infrastructure.CompilerTest.compileUsingPipelineAndRedirect(CompilerTest.scala:44)
	at miniscala.test.infrastructure.CompilerTest.compileUsingPipelineAndRedirect$(CompilerTest.scala:43)
	at miniscala.test.infrastructure.CPSTest.compileUsingPipelineAndRedirect(CPSTest.scala:11)
	at miniscala.test.infrastructure.CPSLowTest.testCPSLowProgramOutput(CPSLowTest.scala:40)
	at miniscala.test.CPSValueRepresentation_Blackbox.$anonfun$compileAndInterpret$1(CPSValueRepresentation_Blackbox.scala:9)
	at miniscala.test.CPSValueRepresentation_Blackbox.$anonfun$compileAndInterpret$1$adapted(CPSValueRepresentation_Blackbox.scala:9)
	at miniscala.test.ok.LibraryOKTests.$anonfun$compileAndInterpretWithLib$1(LibraryOKTests.scala:18)
	at miniscala.test.ok.LibraryOKTests.$anonfun$compileAndInterpretWithLib$1$adapted(LibraryOKTests.scala:18)
	at miniscala.test.ok.LibraryOKTests.testLibLists8(LibraryOKTests.scala:89)
	at miniscala.test.ok.LibraryOKTests.testLibLists8$(LibraryOKTests.scala:88)
	at miniscala.test.CPSValueRepresentation_Blackbox.testLibLists8(CPSValueRepresentation_Blackbox.scala:7)
	at java.base/jdk.internal.reflect.NativeMethodAccessorImpl.invoke0(Native Method)
	at java.base/jdk.internal.reflect.NativeMethodAccessorImpl.invoke(NativeMethodAccessorImpl.java:62)
	at java.base/jdk.internal.reflect.DelegatingMethodAccessorImpl.invoke(DelegatingMethodAccessorImpl.java:43)
	at java.base/java.lang.reflect.Method.invoke(Method.java:567)
	at org.junit.runners.model.FrameworkMethod$1.runReflectiveCall(FrameworkMethod.java:47)
	at org.junit.internal.runners.model.ReflectiveCallable.run(ReflectiveCallable.java:12)
	at org.junit.runners.model.FrameworkMethod.invokeExplosively(FrameworkMethod.java:44)
	at org.junit.internal.runners.statements.InvokeMethod.evaluate(InvokeMethod.java:17)
	at org.junit.runners.ParentRunner.runLeaf(ParentRunner.java:271)
	at org.junit.runners.BlockJUnit4ClassRunner.runChild(BlockJUnit4ClassRunner.java:70)
	at org.junit.runners.BlockJUnit4ClassRunner.runChild(BlockJUnit4ClassRunner.java:50)
	at org.junit.runners.ParentRunner$3.run(ParentRunner.java:238)
	at org.junit.runners.ParentRunner$1.schedule(ParentRunner.java:63)
	at org.junit.runners.ParentRunner.runChildren(ParentRunner.java:236)
	at org.junit.runners.ParentRunner.access$000(ParentRunner.java:53)
	at org.junit.runners.ParentRunner$2.evaluate(ParentRunner.java:229)
	at org.junit.runners.ParentRunner.run(ParentRunner.java:309)
	at org.junit.runners.Suite.runChild(Suite.java:127)
	at org.junit.runners.Suite.runChild(Suite.java:26)
	at org.junit.runners.ParentRunner$3.run(ParentRunner.java:238)
	at org.junit.runners.ParentRunner$1.schedule(ParentRunner.java:63)
	at org.junit.runners.ParentRunner.runChildren(ParentRunner.java:236)
	at org.junit.runners.ParentRunner.access$000(ParentRunner.java:53)
	at org.junit.runners.ParentRunner$2.evaluate(ParentRunner.java:229)
	at org.junit.runners.ParentRunner.run(ParentRunner.java:309)
	at org.junit.runner.JUnitCore.run(JUnitCore.java:160)
	at org.junit.runner.JUnitCore.run(JUnitCore.java:138)
	at com.novocode.junit.JUnitRunner$1.execute(JUnitRunner.java:132)
	at sbt.ForkMain$Run.lambda$runTest$1(ForkMain.java:304)
	at java.base/java.util.concurrent.FutureTask.run(FutureTask.java:264)
	at java.base/java.util.concurrent.ThreadPoolExecutor.runWorker(ThreadPoolExecutor.java:1128)
	at java.base/java.util.concurrent.ThreadPoolExecutor$Worker.run(ThreadPoolExecutor.java:628)
	at java.base/java.lang.Thread.run(Thread.java:830)
</failure>
                                               </testcase><testcase classname="miniscala.test.CPSValueRepresentation_Blackbox" name="testLibLists9" time="0.047">
                                                 
                                               </testcase><testcase classname="miniscala.test.CPSValueRepresentation_Blackbox" name="testPrimitiveArithmetic1" time="0.001">
                                                 
                                               </testcase><testcase classname="miniscala.test.CPSValueRepresentation_Blackbox" name="testPrimitiveArithmetic2" time="0.001">
                                                 
                                               </testcase><testcase classname="miniscala.test.CPSValueRepresentation_Blackbox" name="testPrimitiveArithmetic3" time="0.001">
                                                 
                                               </testcase><testcase classname="miniscala.test.CPSValueRepresentation_Blackbox" name="testPrimitiveArithmetic4" time="0.001">
                                                 
                                               </testcase><testcase classname="miniscala.test.CPSValueRepresentation_Blackbox" name="testPrimitiveArithmetic5" time="0.001">
                                                 
                                               </testcase><testcase classname="miniscala.test.CPSValueRepresentation_Blackbox" name="testPrimitiveArithmetic6" time="0.001">
                                                 
                                               </testcase><testcase classname="miniscala.test.CPSValueRepresentation_Blackbox" name="testPrimitiveArithmetic7" time="0.001">
                                                 
                                               </testcase><testcase classname="miniscala.test.CPSValueRepresentation_Blackbox" name="testPrimitiveArithmetic8" time="0.001">
                                                 
                                               </testcase><testcase classname="miniscala.test.CPSValueRepresentation_Blackbox" name="testPrimitiveArithmetic9" time="0.001">
                                                 
                                               </testcase><testcase classname="miniscala.test.CPSValueRepresentation_Blackbox" name="testPrimitiveArithmetic10" time="0.001">
                                                 
                                               </testcase><testcase classname="miniscala.test.CPSValueRepresentation_Blackbox" name="testPrimitiveBlocks1" time="0.002">
                                                 
                                               </testcase><testcase classname="miniscala.test.CPSValueRepresentation_Blackbox" name="testPrimitiveBlocks2" time="0.003">
                                                 
                                               </testcase><testcase classname="miniscala.test.CPSValueRepresentation_Blackbox" name="testPrimitiveBlocks3" time="0.001">
                                                 
                                               </testcase><testcase classname="miniscala.test.CPSValueRepresentation_Blackbox" name="testPrimitiveBlocks4" time="0.001">
                                                 
                                               </testcase><testcase classname="miniscala.test.CPSValueRepresentation_Blackbox" name="testPrimitiveBlocks5" time="0.001">
                                                 
                                               </testcase><testcase classname="miniscala.test.CPSValueRepresentation_Blackbox" name="testPrimitiveBlocks7" time="0.001">
                                                 
                                               </testcase><testcase classname="miniscala.test.CPSValueRepresentation_Blackbox" name="testPrimitiveLogic10" time="0.001">
                                                 
                                               </testcase><testcase classname="miniscala.test.CPSValueRepresentation_Blackbox" name="testPrimitiveLogic11" time="0.002">
                                                 
                                               </testcase><testcase classname="miniscala.test.CPSValueRepresentation_Blackbox" name="testPrimitiveLogic12" time="0.001">
                                                 
                                               </testcase><testcase classname="miniscala.test.CPSValueRepresentation_Blackbox" name="testPrimitiveLogic13" time="0.002">
                                                 
                                               </testcase><testcase classname="miniscala.test.CPSValueRepresentation_Blackbox" name="testPrimitiveLogic14" time="0.001">
                                                 
                                               </testcase><testcase classname="miniscala.test.CPSValueRepresentation_Blackbox" name="testPrimitiveLogic15" time="0.002">
                                                 
                                               </testcase><testcase classname="miniscala.test.CPSValueRepresentation_Blackbox" name="testPrimitiveLogic16" time="0.004">
                                                 
                                               </testcase><testcase classname="miniscala.test.CPSValueRepresentation_Blackbox" name="testPrimitiveLogic17" time="0.002">
                                                 
                                               </testcase><testcase classname="miniscala.test.CPSValueRepresentation_Blackbox" name="testPrimitiveLogic18" time="0.002">
                                                 
                                               </testcase><testcase classname="miniscala.test.CPSValueRepresentation_Blackbox" name="testPrimitiveLogic19" time="0.002">
                                                 
                                               </testcase><testcase classname="miniscala.test.CPSValueRepresentation_Blackbox" name="testPrimitiveLogic22" time="0.001">
                                                 
                                               </testcase><testcase classname="miniscala.test.CPSValueRepresentation_Blackbox" name="testPrimitiveLog20" time="0.001">
                                                 
                                               </testcase><testcase classname="miniscala.test.CPSValueRepresentation_Blackbox" name="testPrimitiveLog21" time="0.003">
                                                 
                                               </testcase><testcase classname="miniscala.test.CPSValueRepresentation_Blackbox" name="testLetrec" time="0.038">
                                                 <failure message="java.util.NoSuchElementException: key not found: g" type="sbt.ForkMain$ForkError">sbt.ForkMain$ForkError: java.util.NoSuchElementException: key not found: g
	at scala.collection.immutable.Map$EmptyMap$.apply(Map.scala:101)
	at scala.collection.immutable.Map$EmptyMap$.apply(Map.scala:99)
	at scala.collection.MapLike.$anonfun$applyOrElse$1(MapLike.scala:166)
	at scala.collection.MapLike.getOrElse(MapLike.scala:131)
	at scala.collection.MapLike.getOrElse$(MapLike.scala:129)
	at scala.collection.AbstractMap.getOrElse(Map.scala:63)
	at scala.collection.MapLike.applyOrElse(MapLike.scala:166)
	at scala.collection.MapLike.applyOrElse$(MapLike.scala:165)
	at scala.collection.AbstractMap.applyOrElse(Map.scala:63)
	at scala.PartialFunction$OrElse.apply(PartialFunction.scala:172)
	at scala.collection.MapLike.$anonfun$applyOrElse$1(MapLike.scala:166)
	at scala.collection.immutable.Map$Map3.getOrElse(Map.scala:181)
	at scala.collection.MapLike.applyOrElse(MapLike.scala:166)
	at scala.collection.MapLike.applyOrElse$(MapLike.scala:165)
	at scala.collection.AbstractMap.applyOrElse(Map.scala:63)
	at scala.PartialFunction$OrElse.apply(PartialFunction.scala:172)
	at scala.collection.MapLike.$anonfun$applyOrElse$1(MapLike.scala:166)
	at scala.collection.MapLike.getOrElse(MapLike.scala:131)
	at scala.collection.MapLike.getOrElse$(MapLike.scala:129)
	at scala.collection.AbstractMap.getOrElse(Map.scala:63)
	at scala.collection.MapLike.applyOrElse(MapLike.scala:166)
	at scala.collection.MapLike.applyOrElse$(MapLike.scala:165)
	at scala.collection.AbstractMap.applyOrElse(Map.scala:63)
	at scala.PartialFunction$OrElse.apply(PartialFunction.scala:172)
	at scala.collection.MapLike.$anonfun$applyOrElse$1(MapLike.scala:166)
	at scala.collection.immutable.Map$Map1.getOrElse(Map.scala:119)
	at scala.collection.MapLike.applyOrElse(MapLike.scala:166)
	at scala.collection.MapLike.applyOrElse$(MapLike.scala:165)
	at scala.collection.AbstractMap.applyOrElse(Map.scala:63)
	at scala.PartialFunction$OrElse.apply(PartialFunction.scala:172)
	at scala.collection.TraversableLike.$anonfun$map$1(TraversableLike.scala:238)
	at scala.collection.immutable.List.foreach(List.scala:392)
	at scala.collection.TraversableLike.map(TraversableLike.scala:238)
	at scala.collection.TraversableLike.map$(TraversableLike.scala:231)
	at scala.collection.immutable.List.map(List.scala:298)
	at miniscala.CPSInterpreter.eval(CPSInterpreter.scala:40)
	at miniscala.CPSInterpreter.apply(CPSInterpreter.scala:18)
	at miniscala.CPSInterpreterLow.apply(CPSInterpreter.scala:183)
	at scala.Function1.$anonfun$andThen$1(Function1.scala:57)
	at miniscala.test.infrastructure.CompilerTest.compileInner(CompilerTest.scala:37)
	at miniscala.test.infrastructure.CompilerTest.$anonfun$compileUsingPipelineAndRedirect$1(CompilerTest.scala:44)
	at miniscala.test.infrastructure.SandboxedTest$$anon$1.run(SandboxedTest.scala:24)
	at java.base/java.security.AccessController.doPrivileged(AccessController.java:391)
	at miniscala.test.infrastructure.SandboxedTest.sandboxedTest(SandboxedTest.scala:34)
	at miniscala.test.infrastructure.SandboxedTest.sandboxedTestWithRedirectedIO(SandboxedTest.scala:45)
	at miniscala.test.infrastructure.CompilerTest.compileUsingPipelineAndRedirect(CompilerTest.scala:44)
	at miniscala.test.infrastructure.CompilerTest.compileUsingPipelineAndRedirect$(CompilerTest.scala:43)
	at miniscala.test.infrastructure.CPSTest.compileUsingPipelineAndRedirect(CPSTest.scala:11)
	at miniscala.test.infrastructure.CPSLowTest.testCPSLowProgramOutput(CPSLowTest.scala:40)
	at miniscala.test.CPSValueRepresentation_Blackbox.$anonfun$compileAndInterpret$1(CPSValueRepresentation_Blackbox.scala:9)
	at miniscala.test.CPSValueRepresentation_Blackbox.$anonfun$compileAndInterpret$1$adapted(CPSValueRepresentation_Blackbox.scala:9)
	at miniscala.test.ok.LibraryOKTests.$anonfun$compileAndInterpretWithLib$1(LibraryOKTests.scala:18)
	at miniscala.test.ok.LibraryOKTests.$anonfun$compileAndInterpretWithLib$1$adapted(LibraryOKTests.scala:18)
	at miniscala.test.ok.ConstructsOKTests.testLetrec(ConstructsOKTests.scala:20)
	at miniscala.test.ok.ConstructsOKTests.testLetrec$(ConstructsOKTests.scala:19)
	at miniscala.test.CPSValueRepresentation_Blackbox.testLetrec(CPSValueRepresentation_Blackbox.scala:7)
	at java.base/jdk.internal.reflect.NativeMethodAccessorImpl.invoke0(Native Method)
	at java.base/jdk.internal.reflect.NativeMethodAccessorImpl.invoke(NativeMethodAccessorImpl.java:62)
	at java.base/jdk.internal.reflect.DelegatingMethodAccessorImpl.invoke(DelegatingMethodAccessorImpl.java:43)
	at java.base/java.lang.reflect.Method.invoke(Method.java:567)
	at org.junit.runners.model.FrameworkMethod$1.runReflectiveCall(FrameworkMethod.java:47)
	at org.junit.internal.runners.model.ReflectiveCallable.run(ReflectiveCallable.java:12)
	at org.junit.runners.model.FrameworkMethod.invokeExplosively(FrameworkMethod.java:44)
	at org.junit.internal.runners.statements.InvokeMethod.evaluate(InvokeMethod.java:17)
	at org.junit.runners.ParentRunner.runLeaf(ParentRunner.java:271)
	at org.junit.runners.BlockJUnit4ClassRunner.runChild(BlockJUnit4ClassRunner.java:70)
	at org.junit.runners.BlockJUnit4ClassRunner.runChild(BlockJUnit4ClassRunner.java:50)
	at org.junit.runners.ParentRunner$3.run(ParentRunner.java:238)
	at org.junit.runners.ParentRunner$1.schedule(ParentRunner.java:63)
	at org.junit.runners.ParentRunner.runChildren(ParentRunner.java:236)
	at org.junit.runners.ParentRunner.access$000(ParentRunner.java:53)
	at org.junit.runners.ParentRunner$2.evaluate(ParentRunner.java:229)
	at org.junit.runners.ParentRunner.run(ParentRunner.java:309)
	at org.junit.runners.Suite.runChild(Suite.java:127)
	at org.junit.runners.Suite.runChild(Suite.java:26)
	at org.junit.runners.ParentRunner$3.run(ParentRunner.java:238)
	at org.junit.runners.ParentRunner$1.schedule(ParentRunner.java:63)
	at org.junit.runners.ParentRunner.runChildren(ParentRunner.java:236)
	at org.junit.runners.ParentRunner.access$000(ParentRunner.java:53)
	at org.junit.runners.ParentRunner$2.evaluate(ParentRunner.java:229)
	at org.junit.runners.ParentRunner.run(ParentRunner.java:309)
	at org.junit.runner.JUnitCore.run(JUnitCore.java:160)
	at org.junit.runner.JUnitCore.run(JUnitCore.java:138)
	at com.novocode.junit.JUnitRunner$1.execute(JUnitRunner.java:132)
	at sbt.ForkMain$Run.lambda$runTest$1(ForkMain.java:304)
	at java.base/java.util.concurrent.FutureTask.run(FutureTask.java:264)
	at java.base/java.util.concurrent.ThreadPoolExecutor.runWorker(ThreadPoolExecutor.java:1128)
	at java.base/java.util.concurrent.ThreadPoolExecutor$Worker.run(ThreadPoolExecutor.java:628)
	at java.base/java.lang.Thread.run(Thread.java:830)
</failure>
                                               </testcase><testcase classname="miniscala.test.CPSValueRepresentation_Blackbox" name="testAppOrder" time="0.039">
                                                 
                                               </testcase>
                     <system-out><![CDATA[]]></system-out>
                     <system-err><![CDATA[]]></system-err>
                   </testsuite>