<?xml version='1.0' encoding='UTF-8'?>
<testsuite hostname="Stevens-MacBook-Pro.local" name="miniscala.test.CPSOptimizer_Greybox" tests="42" errors="0" failures="4" skipped="0" time="0.213" timestamp="2020-03-31T14:37:32">
                     <properties>
[...]
</properties>
                     <testcase classname="miniscala.test.CPSOptimizer_Greybox" name="testConstantFoldingCharInt" time="0.01">
                                                 
                                               </testcase><testcase classname="miniscala.test.CPSOptimizer_Greybox" name="testNeutralElementsDivOne" time="0.006">
                                                 
                                               </testcase><testcase classname="miniscala.test.CPSOptimizer_Greybox" name="testFunInliningRecursiveTrick" time="0.003">
                                                 
                                               </testcase><testcase classname="miniscala.test.CPSOptimizer_Greybox" name="testDCEFunsRecursive3WithEtaReduction" time="0.003">
                                                 
                                               </testcase><testcase classname="miniscala.test.CPSOptimizer_Greybox" name="testInliningConstantFoldingDCE" time="0.003">
                                                 <failure message="java.util.NoSuchElementException: key not found: x" type="sbt.ForkMain$ForkError">sbt.ForkMain$ForkError: java.util.NoSuchElementException: key not found: x
	at scala.collection.immutable.Map$Map4.apply(Map.scala:207)
	at miniscala.CPSOptimizer.$anonfun$newVaribleHelperFunction$11(CPSOptimizer.scala:357)
	at scala.collection.TraversableLike.$anonfun$map$1(TraversableLike.scala:238)
	at scala.collection.immutable.List.foreach(List.scala:392)
	at scala.collection.TraversableLike.map(TraversableLike.scala:238)
	at scala.collection.TraversableLike.map$(TraversableLike.scala:231)
	at scala.collection.immutable.List.map(List.scala:298)
	at miniscala.CPSOptimizer.$anonfun$newVaribleHelperFunction$10(CPSOptimizer.scala:357)
	at scala.collection.TraversableLike.$anonfun$map$1(TraversableLike.scala:238)
	at scala.collection.immutable.List.foreach(List.scala:392)
	at scala.collection.TraversableLike.map(TraversableLike.scala:238)
	at scala.collection.TraversableLike.map$(TraversableLike.scala:231)
	at scala.collection.immutable.List.map(List.scala:298)
	at miniscala.CPSOptimizer.newVaribleHelperFunction(CPSOptimizer.scala:355)
	at miniscala.CPSOptimizer.inlineT$1(CPSOptimizer.scala:302)
	at miniscala.CPSOptimizer.inlineT$1(CPSOptimizer.scala:285)
	at miniscala.CPSOptimizer.inlineT$1(CPSOptimizer.scala:272)
	at miniscala.CPSOptimizer.$anonfun$inline$7(CPSOptimizer.scala:283)
	at scala.collection.TraversableLike.$anonfun$map$1(TraversableLike.scala:238)
	at scala.collection.immutable.List.foreach(List.scala:392)
	at scala.collection.TraversableLike.map(TraversableLike.scala:238)
	at scala.collection.TraversableLike.map$(TraversableLike.scala:231)
	at scala.collection.immutable.List.map(List.scala:298)
	at miniscala.CPSOptimizer.inlineT$1(CPSOptimizer.scala:283)
	at miniscala.CPSOptimizer.inlineT$1(CPSOptimizer.scala:268)
	at miniscala.CPSOptimizer.$anonfun$inline$7(CPSOptimizer.scala:283)
	at scala.collection.TraversableLike.$anonfun$map$1(TraversableLike.scala:238)
	at scala.collection.immutable.List.foreach(List.scala:392)
	at scala.collection.TraversableLike.map(TraversableLike.scala:238)
	at scala.collection.TraversableLike.map$(TraversableLike.scala:231)
	at scala.collection.immutable.List.map(List.scala:298)
	at miniscala.CPSOptimizer.inlineT$1(CPSOptimizer.scala:283)
	at miniscala.CPSOptimizer.inlineT$1(CPSOptimizer.scala:272)
	at miniscala.CPSOptimizer.$anonfun$inline$7(CPSOptimizer.scala:283)
	at scala.collection.TraversableLike.$anonfun$map$1(TraversableLike.scala:238)
	at scala.collection.immutable.List.foreach(List.scala:392)
	at scala.collection.TraversableLike.map(TraversableLike.scala:238)
	at scala.collection.TraversableLike.map$(TraversableLike.scala:231)
	at scala.collection.immutable.List.map(List.scala:298)
	at miniscala.CPSOptimizer.inlineT$1(CPSOptimizer.scala:283)
	at miniscala.CPSOptimizer.inlineT$1(CPSOptimizer.scala:268)
	at miniscala.CPSOptimizer.$anonfun$inline$7(CPSOptimizer.scala:283)
	at scala.collection.TraversableLike.$anonfun$map$1(TraversableLike.scala:238)
	at scala.collection.immutable.List.foreach(List.scala:392)
	at scala.collection.TraversableLike.map(TraversableLike.scala:238)
	at scala.collection.TraversableLike.map$(TraversableLike.scala:231)
	at scala.collection.immutable.List.map(List.scala:298)
	at miniscala.CPSOptimizer.inlineT$1(CPSOptimizer.scala:283)
	at miniscala.CPSOptimizer.inlineT$1(CPSOptimizer.scala:279)
	at miniscala.CPSOptimizer.$anonfun$inline$1(CPSOptimizer.scala:310)
	at scala.collection.immutable.Stream$.$anonfun$iterate$1(Stream.scala:1207)
	at scala.collection.immutable.Stream$Cons.tail(Stream.scala:1171)
	at scala.collection.immutable.Stream$Cons.tail(Stream.scala:1161)
	at scala.collection.immutable.Stream.$anonfun$take$2(Stream.scala:792)
	at scala.collection.immutable.Stream$Cons.tail(Stream.scala:1171)
	at scala.collection.immutable.Stream$Cons.tail(Stream.scala:1161)
	at scala.collection.immutable.Stream.$anonfun$takeWhile$1(Stream.scala:880)
	at scala.collection.immutable.Stream$Cons.tail(Stream.scala:1171)
	at scala.collection.immutable.Stream$Cons.tail(Stream.scala:1161)
	at scala.collection.LinearSeqOptimized.last(LinearSeqOptimized.scala:155)
	at scala.collection.LinearSeqOptimized.last$(LinearSeqOptimized.scala:149)
	at scala.collection.immutable.Stream.last(Stream.scala:204)
	at miniscala.CPSOptimizer.inline(CPSOptimizer.scala:313)
	at miniscala.CPSOptimizer.$anonfun$apply$2(CPSOptimizer.scala:13)
	at scala.collection.immutable.Stream$.$anonfun$iterate$1(Stream.scala:1207)
	at scala.collection.immutable.Stream$Cons.tail(Stream.scala:1171)
	at scala.collection.immutable.Stream$Cons.tail(Stream.scala:1161)
	at scala.collection.immutable.Stream.$anonfun$take$2(Stream.scala:792)
	at scala.collection.immutable.Stream$Cons.tail(Stream.scala:1171)
	at scala.collection.immutable.Stream$Cons.tail(Stream.scala:1161)
	at miniscala.package$.fixedPoint(package.scala:4)
	at miniscala.package$.fixedPoint(package.scala:12)
	at miniscala.CPSOptimizer.apply(CPSOptimizer.scala:13)
	at miniscala.CPSOptimizerHigh$.apply(CPSOptimizer.scala:465)
	at scala.Function1.$anonfun$andThen$1(Function1.scala:57)
	at scala.Function1.$anonfun$andThen$1(Function1.scala:57)
	at scala.Function1.$anonfun$andThen$1(Function1.scala:57)
	at scala.Function1.$anonfun$andThen$1(Function1.scala:57)
	at scala.Function1.$anonfun$andThen$1(Function1.scala:57)
	at scala.Function1.$anonfun$andThen$1(Function1.scala:57)
	at miniscala.test.infrastructure.CompilerTest.compileInner(CompilerTest.scala:37)
	at miniscala.test.infrastructure.CompilerTest.$anonfun$compileUsingPipeline$1(CompilerTest.scala:41)
	at miniscala.test.infrastructure.SandboxedTest$$anon$1.run(SandboxedTest.scala:24)
	at java.base/java.security.AccessController.doPrivileged(AccessController.java:391)
	at miniscala.test.infrastructure.SandboxedTest.sandboxedTest(SandboxedTest.scala:34)
	at miniscala.test.infrastructure.CompilerTest.compileUsingPipeline(CompilerTest.scala:41)
	at miniscala.test.infrastructure.CompilerTest.compileUsingPipeline$(CompilerTest.scala:40)
	at miniscala.test.infrastructure.CPSTest.compileUsingPipeline(CPSTest.scala:11)
	at miniscala.test.infrastructure.CPSOptTest.testCPSOptTreeEquality(CPSOptTest.scala:43)
	at miniscala.test.CPSOptimizer_Greybox.testInliningConstantFoldingDCE(CPSOptimizer_Greybox.scala:165)
	at java.base/jdk.internal.reflect.NativeMethodAccessorImpl.invoke0(Native Method)
	at java.base/jdk.internal.reflect.NativeMethodAccessorImpl.invoke(NativeMethodAccessorImpl.java:62)
	at java.base/jdk.internal.reflect.DelegatingMethodAccessorImpl.invoke(DelegatingMethodAccessorImpl.java:43)
	at java.base/java.lang.reflect.Method.invoke(Method.java:567)
	at org.junit.runners.model.FrameworkMethod$1.runReflectiveCall(FrameworkMethod.java:47)
	at org.junit.internal.runners.model.ReflectiveCallable.run(ReflectiveCallable.java:12)
	at org.junit.runners.model.FrameworkMethod.invokeExplosively(FrameworkMethod.java:44)
	at org.junit.internal.runners.statements.InvokeMethod.evaluate(InvokeMethod.java:17)
	at org.junit.runners.ParentRunner.runLeaf(ParentRunner.java:271)
	at org.junit.runners.BlockJUnit4ClassRunner.runChild(BlockJUnit4ClassRunner.java:70)
	at org.junit.runners.BlockJUnit4ClassRunner.runChild(BlockJUnit4ClassRunner.java:50)
	at org.junit.runners.ParentRunner$3.run(ParentRunner.java:238)
	at org.junit.runners.ParentRunner$1.schedule(ParentRunner.java:63)
	at org.junit.runners.ParentRunner.runChildren(ParentRunner.java:236)
	at org.junit.runners.ParentRunner.access$000(ParentRunner.java:53)
	at org.junit.runners.ParentRunner$2.evaluate(ParentRunner.java:229)
	at org.junit.runners.ParentRunner.run(ParentRunner.java:309)
	at org.junit.runners.Suite.runChild(Suite.java:127)
	at org.junit.runners.Suite.runChild(Suite.java:26)
	at org.junit.runners.ParentRunner$3.run(ParentRunner.java:238)
	at org.junit.runners.ParentRunner$1.schedule(ParentRunner.java:63)
	at org.junit.runners.ParentRunner.runChildren(ParentRunner.java:236)
	at org.junit.runners.ParentRunner.access$000(ParentRunner.java:53)
	at org.junit.runners.ParentRunner$2.evaluate(ParentRunner.java:229)
	at org.junit.runners.ParentRunner.run(ParentRunner.java:309)
	at org.junit.runner.JUnitCore.run(JUnitCore.java:160)
	at org.junit.runner.JUnitCore.run(JUnitCore.java:138)
	at com.novocode.junit.JUnitRunner$1.execute(JUnitRunner.java:132)
	at sbt.ForkMain$Run.lambda$runTest$1(ForkMain.java:304)
	at java.base/java.util.concurrent.FutureTask.run(FutureTask.java:264)
	at java.base/java.util.concurrent.ThreadPoolExecutor.runWorker(ThreadPoolExecutor.java:1128)
	at java.base/java.util.concurrent.ThreadPoolExecutor$Worker.run(ThreadPoolExecutor.java:628)
	at java.base/java.lang.Thread.run(Thread.java:830)
</failure>
                                               </testcase><testcase classname="miniscala.test.CPSOptimizer_Greybox" name="testConstantPropagationSimple" time="0.01">
                                                 
                                               </testcase><testcase classname="miniscala.test.CPSOptimizer_Greybox" name="testNeutralElementsMulZero1" time="0.003">
                                                 
                                               </testcase><testcase classname="miniscala.test.CPSOptimizer_Greybox" name="testNeutralElementsMulZero2" time="0.006">
                                                 
                                               </testcase><testcase classname="miniscala.test.CPSOptimizer_Greybox" name="testFunInlining" time="0.004">
                                                 
                                               </testcase><testcase classname="miniscala.test.CPSOptimizer_Greybox" name="testConstantFoldingDiv" time="0.005">
                                                 
                                               </testcase><testcase classname="miniscala.test.CPSOptimizer_Greybox" name="testConstantFoldingMod" time="0.004">
                                                 
                                               </testcase><testcase classname="miniscala.test.CPSOptimizer_Greybox" name="testCommonSubexpressionEliminationSimpleBlockTag" time="0.015">
                                                 
                                               </testcase><testcase classname="miniscala.test.CPSOptimizer_Greybox" name="testConstantFoldingBooleanAnd" time="0.001">
                                                 
                                               </testcase><testcase classname="miniscala.test.CPSOptimizer_Greybox" name="testEtaReductionInfintelyRecursiveFunction" time="0.006">
                                                 
                                               </testcase><testcase classname="miniscala.test.CPSOptimizer_Greybox" name="testConstantFoldingIntChar" time="0.001">
                                                 
                                               </testcase><testcase classname="miniscala.test.CPSOptimizer_Greybox" name="testConstantFoldingIntPNot" time="0.002">
                                                 
                                               </testcase><testcase classname="miniscala.test.CPSOptimizer_Greybox" name="testConstantFoldDCEContinuations" time="0.001">
                                                 
                                               </testcase><testcase classname="miniscala.test.CPSOptimizer_Greybox" name="testConstantFoldingIntP" time="0.002">
                                                 
                                               </testcase><testcase classname="miniscala.test.CPSOptimizer_Greybox" name="testConstantFoldingPlus" time="0.002">
                                                 
                                               </testcase><testcase classname="miniscala.test.CPSOptimizer_Greybox" name="testFunInliningInsideFunctionBodyDifferentLetRecs" time="0.002">
                                                 
                                               </testcase><testcase classname="miniscala.test.CPSOptimizer_Greybox" name="testFunInlingAndDCE" time="0.002">
                                                 
                                               </testcase><testcase classname="miniscala.test.CPSOptimizer_Greybox" name="testConstantFoldingTypePrims" time="0.023">
                                                 
                                               </testcase><testcase classname="miniscala.test.CPSOptimizer_Greybox" name="testDCEFunsRecursive1" time="0.002">
                                                 
                                               </testcase><testcase classname="miniscala.test.CPSOptimizer_Greybox" name="testDCEFunsRecursive2" time="0.002">
                                                 
                                               </testcase><testcase classname="miniscala.test.CPSOptimizer_Greybox" name="testConstantCapturingInFunction1" time="0.003">
                                                 <failure message="java.util.NoSuchElementException: key not found: l_39913" type="sbt.ForkMain$ForkError">sbt.ForkMain$ForkError: java.util.NoSuchElementException: key not found: l_39913
	at scala.collection.immutable.Map$Map4.apply(Map.scala:207)
	at miniscala.CPSOptimizer.$anonfun$newVaribleHelperFunction$2(CPSOptimizer.scala:329)
	at scala.collection.TraversableLike.$anonfun$map$1(TraversableLike.scala:238)
	at scala.collection.immutable.List.foreach(List.scala:392)
	at scala.collection.TraversableLike.map(TraversableLike.scala:238)
	at scala.collection.TraversableLike.map$(TraversableLike.scala:231)
	at scala.collection.immutable.List.map(List.scala:298)
	at miniscala.CPSOptimizer.newVaribleHelperFunction(CPSOptimizer.scala:329)
	at miniscala.CPSOptimizer.newVaribleHelperFunction(CPSOptimizer.scala:330)
	at miniscala.CPSOptimizer.inlineT$1(CPSOptimizer.scala:302)
	at miniscala.CPSOptimizer.inlineT$1(CPSOptimizer.scala:285)
	at miniscala.CPSOptimizer.inlineT$1(CPSOptimizer.scala:272)
	at miniscala.CPSOptimizer.$anonfun$inline$7(CPSOptimizer.scala:283)
	at scala.collection.TraversableLike.$anonfun$map$1(TraversableLike.scala:238)
	at scala.collection.immutable.List.foreach(List.scala:392)
	at scala.collection.TraversableLike.map(TraversableLike.scala:238)
	at scala.collection.TraversableLike.map$(TraversableLike.scala:231)
	at scala.collection.immutable.List.map(List.scala:298)
	at miniscala.CPSOptimizer.inlineT$1(CPSOptimizer.scala:283)
	at miniscala.CPSOptimizer.$anonfun$inline$7(CPSOptimizer.scala:283)
	at scala.collection.TraversableLike.$anonfun$map$1(TraversableLike.scala:238)
	at scala.collection.immutable.List.foreach(List.scala:392)
	at scala.collection.TraversableLike.map(TraversableLike.scala:238)
	at scala.collection.TraversableLike.map$(TraversableLike.scala:231)
	at scala.collection.immutable.List.map(List.scala:298)
	at miniscala.CPSOptimizer.inlineT$1(CPSOptimizer.scala:283)
	at miniscala.CPSOptimizer.inlineT$1(CPSOptimizer.scala:272)
	at miniscala.CPSOptimizer.inlineT$1(CPSOptimizer.scala:279)
	at miniscala.CPSOptimizer.inlineT$1(CPSOptimizer.scala:268)
	at miniscala.CPSOptimizer.inlineT$1(CPSOptimizer.scala:268)
	at miniscala.CPSOptimizer.inlineT$1(CPSOptimizer.scala:268)
	at miniscala.CPSOptimizer.$anonfun$inline$1(CPSOptimizer.scala:310)
	at scala.collection.immutable.Stream$.$anonfun$iterate$1(Stream.scala:1207)
	at scala.collection.immutable.Stream$Cons.tail(Stream.scala:1171)
	at scala.collection.immutable.Stream$Cons.tail(Stream.scala:1161)
	at scala.collection.immutable.Stream.$anonfun$take$2(Stream.scala:792)
	at scala.collection.immutable.Stream$Cons.tail(Stream.scala:1171)
	at scala.collection.immutable.Stream$Cons.tail(Stream.scala:1161)
	at scala.collection.immutable.Stream.$anonfun$takeWhile$1(Stream.scala:880)
	at scala.collection.immutable.Stream$Cons.tail(Stream.scala:1171)
	at scala.collection.immutable.Stream$Cons.tail(Stream.scala:1161)
	at scala.collection.LinearSeqOptimized.last(LinearSeqOptimized.scala:155)
	at scala.collection.LinearSeqOptimized.last$(LinearSeqOptimized.scala:149)
	at scala.collection.immutable.Stream.last(Stream.scala:204)
	at miniscala.CPSOptimizer.inline(CPSOptimizer.scala:313)
	at miniscala.CPSOptimizer.$anonfun$apply$2(CPSOptimizer.scala:13)
	at scala.collection.immutable.Stream$.$anonfun$iterate$1(Stream.scala:1207)
	at scala.collection.immutable.Stream$Cons.tail(Stream.scala:1171)
	at scala.collection.immutable.Stream$Cons.tail(Stream.scala:1161)
	at scala.collection.immutable.Stream.$anonfun$take$2(Stream.scala:792)
	at scala.collection.immutable.Stream$Cons.tail(Stream.scala:1171)
	at scala.collection.immutable.Stream$Cons.tail(Stream.scala:1161)
	at miniscala.package$.fixedPoint(package.scala:4)
	at miniscala.package$.fixedPoint(package.scala:12)
	at miniscala.CPSOptimizer.apply(CPSOptimizer.scala:13)
	at miniscala.CPSOptimizerHigh$.apply(CPSOptimizer.scala:465)
	at scala.Function1.$anonfun$andThen$1(Function1.scala:57)
	at scala.Function1.$anonfun$andThen$1(Function1.scala:57)
	at scala.Function1.$anonfun$andThen$1(Function1.scala:57)
	at scala.Function1.$anonfun$andThen$1(Function1.scala:57)
	at scala.Function1.$anonfun$andThen$1(Function1.scala:57)
	at scala.Function1.$anonfun$andThen$1(Function1.scala:57)
	at scala.Function1.$anonfun$andThen$1(Function1.scala:57)
	at scala.Function1.$anonfun$andThen$1(Function1.scala:57)
	at miniscala.test.infrastructure.CompilerTest.compileInner(CompilerTest.scala:37)
	at miniscala.test.infrastructure.CompilerTest.$anonfun$compileUsingPipelineAndRedirect$1(CompilerTest.scala:44)
	at miniscala.test.infrastructure.SandboxedTest$$anon$1.run(SandboxedTest.scala:24)
	at java.base/java.security.AccessController.doPrivileged(AccessController.java:391)
	at miniscala.test.infrastructure.SandboxedTest.sandboxedTest(SandboxedTest.scala:34)
	at miniscala.test.infrastructure.SandboxedTest.sandboxedTestWithRedirectedIO(SandboxedTest.scala:45)
	at miniscala.test.infrastructure.CompilerTest.compileUsingPipelineAndRedirect(CompilerTest.scala:44)
	at miniscala.test.infrastructure.CompilerTest.compileUsingPipelineAndRedirect$(CompilerTest.scala:43)
	at miniscala.test.infrastructure.CPSTest.compileUsingPipelineAndRedirect(CPSTest.scala:11)
	at miniscala.test.infrastructure.CPSOptTest.testCPSOptStats(CPSOptTest.scala:60)
	at miniscala.test.infrastructure.CPSOptTest.testCPSBothSeq(CPSOptTest.scala:73)
	at miniscala.test.CPSOptimizer_Greybox.testConstantCapturingInFunction1(CPSOptimizer_Greybox.scala:110)
	at java.base/jdk.internal.reflect.NativeMethodAccessorImpl.invoke0(Native Method)
	at java.base/jdk.internal.reflect.NativeMethodAccessorImpl.invoke(NativeMethodAccessorImpl.java:62)
	at java.base/jdk.internal.reflect.DelegatingMethodAccessorImpl.invoke(DelegatingMethodAccessorImpl.java:43)
	at java.base/java.lang.reflect.Method.invoke(Method.java:567)
	at org.junit.runners.model.FrameworkMethod$1.runReflectiveCall(FrameworkMethod.java:47)
	at org.junit.internal.runners.model.ReflectiveCallable.run(ReflectiveCallable.java:12)
	at org.junit.runners.model.FrameworkMethod.invokeExplosively(FrameworkMethod.java:44)
	at org.junit.internal.runners.statements.InvokeMethod.evaluate(InvokeMethod.java:17)
	at org.junit.runners.ParentRunner.runLeaf(ParentRunner.java:271)
	at org.junit.runners.BlockJUnit4ClassRunner.runChild(BlockJUnit4ClassRunner.java:70)
	at org.junit.runners.BlockJUnit4ClassRunner.runChild(BlockJUnit4ClassRunner.java:50)
	at org.junit.runners.ParentRunner$3.run(ParentRunner.java:238)
	at org.junit.runners.ParentRunner$1.schedule(ParentRunner.java:63)
	at org.junit.runners.ParentRunner.runChildren(ParentRunner.java:236)
	at org.junit.runners.ParentRunner.access$000(ParentRunner.java:53)
	at org.junit.runners.ParentRunner$2.evaluate(ParentRunner.java:229)
	at org.junit.runners.ParentRunner.run(ParentRunner.java:309)
	at org.junit.runners.Suite.runChild(Suite.java:127)
	at org.junit.runners.Suite.runChild(Suite.java:26)
	at org.junit.runners.ParentRunner$3.run(ParentRunner.java:238)
	at org.junit.runners.ParentRunner$1.schedule(ParentRunner.java:63)
	at org.junit.runners.ParentRunner.runChildren(ParentRunner.java:236)
	at org.junit.runners.ParentRunner.access$000(ParentRunner.java:53)
	at org.junit.runners.ParentRunner$2.evaluate(ParentRunner.java:229)
	at org.junit.runners.ParentRunner.run(ParentRunner.java:309)
	at org.junit.runner.JUnitCore.run(JUnitCore.java:160)
	at org.junit.runner.JUnitCore.run(JUnitCore.java:138)
	at com.novocode.junit.JUnitRunner$1.execute(JUnitRunner.java:132)
	at sbt.ForkMain$Run.lambda$runTest$1(ForkMain.java:304)
	at java.base/java.util.concurrent.FutureTask.run(FutureTask.java:264)
	at java.base/java.util.concurrent.ThreadPoolExecutor.runWorker(ThreadPoolExecutor.java:1128)
	at java.base/java.util.concurrent.ThreadPoolExecutor$Worker.run(ThreadPoolExecutor.java:628)
	at java.base/java.lang.Thread.run(Thread.java:830)
</failure>
                                               </testcase><testcase classname="miniscala.test.CPSOptimizer_Greybox" name="testConstantCapturingInFunction2" time="0.003">
                                                 <failure message="java.util.NoSuchElementException: key not found: l_39920" type="sbt.ForkMain$ForkError">sbt.ForkMain$ForkError: java.util.NoSuchElementException: key not found: l_39920
	at scala.collection.immutable.Map$Map3.apply(Map.scala:170)
	at miniscala.CPSOptimizer.$anonfun$newVaribleHelperFunction$2(CPSOptimizer.scala:329)
	at scala.collection.TraversableLike.$anonfun$map$1(TraversableLike.scala:238)
	at scala.collection.immutable.List.foreach(List.scala:392)
	at scala.collection.TraversableLike.map(TraversableLike.scala:238)
	at scala.collection.TraversableLike.map$(TraversableLike.scala:231)
	at scala.collection.immutable.List.map(List.scala:298)
	at miniscala.CPSOptimizer.newVaribleHelperFunction(CPSOptimizer.scala:329)
	at miniscala.CPSOptimizer.inlineT$1(CPSOptimizer.scala:302)
	at miniscala.CPSOptimizer.inlineT$1(CPSOptimizer.scala:285)
	at miniscala.CPSOptimizer.inlineT$1(CPSOptimizer.scala:268)
	at miniscala.CPSOptimizer.$anonfun$inline$7(CPSOptimizer.scala:283)
	at scala.collection.TraversableLike.$anonfun$map$1(TraversableLike.scala:238)
	at scala.collection.immutable.List.foreach(List.scala:392)
	at scala.collection.TraversableLike.map(TraversableLike.scala:238)
	at scala.collection.TraversableLike.map$(TraversableLike.scala:231)
	at scala.collection.immutable.List.map(List.scala:298)
	at miniscala.CPSOptimizer.inlineT$1(CPSOptimizer.scala:283)
	at miniscala.CPSOptimizer.inlineT$1(CPSOptimizer.scala:268)
	at miniscala.CPSOptimizer.$anonfun$inline$7(CPSOptimizer.scala:283)
	at scala.collection.TraversableLike.$anonfun$map$1(TraversableLike.scala:238)
	at scala.collection.immutable.List.foreach(List.scala:392)
	at scala.collection.TraversableLike.map(TraversableLike.scala:238)
	at scala.collection.TraversableLike.map$(TraversableLike.scala:231)
	at scala.collection.immutable.List.map(List.scala:298)
	at miniscala.CPSOptimizer.inlineT$1(CPSOptimizer.scala:283)
	at miniscala.CPSOptimizer.inlineT$1(CPSOptimizer.scala:279)
	at miniscala.CPSOptimizer.inlineT$1(CPSOptimizer.scala:268)
	at miniscala.CPSOptimizer.$anonfun$inline$1(CPSOptimizer.scala:310)
	at scala.collection.immutable.Stream$.$anonfun$iterate$1(Stream.scala:1207)
	at scala.collection.immutable.Stream$Cons.tail(Stream.scala:1171)
	at scala.collection.immutable.Stream$Cons.tail(Stream.scala:1161)
	at scala.collection.immutable.Stream.$anonfun$take$2(Stream.scala:792)
	at scala.collection.immutable.Stream$Cons.tail(Stream.scala:1171)
	at scala.collection.immutable.Stream$Cons.tail(Stream.scala:1161)
	at scala.collection.immutable.Stream.$anonfun$takeWhile$1(Stream.scala:880)
	at scala.collection.immutable.Stream$Cons.tail(Stream.scala:1171)
	at scala.collection.immutable.Stream$Cons.tail(Stream.scala:1161)
	at scala.collection.LinearSeqOptimized.last(LinearSeqOptimized.scala:155)
	at scala.collection.LinearSeqOptimized.last$(LinearSeqOptimized.scala:149)
	at scala.collection.immutable.Stream.last(Stream.scala:204)
	at miniscala.CPSOptimizer.inline(CPSOptimizer.scala:313)
	at miniscala.CPSOptimizer.$anonfun$apply$2(CPSOptimizer.scala:13)
	at scala.collection.immutable.Stream$.$anonfun$iterate$1(Stream.scala:1207)
	at scala.collection.immutable.Stream$Cons.tail(Stream.scala:1171)
	at scala.collection.immutable.Stream$Cons.tail(Stream.scala:1161)
	at scala.collection.immutable.Stream.$anonfun$take$2(Stream.scala:792)
	at scala.collection.immutable.Stream$Cons.tail(Stream.scala:1171)
	at scala.collection.immutable.Stream$Cons.tail(Stream.scala:1161)
	at miniscala.package$.fixedPoint(package.scala:4)
	at miniscala.package$.fixedPoint(package.scala:12)
	at miniscala.CPSOptimizer.apply(CPSOptimizer.scala:13)
	at miniscala.CPSOptimizerHigh$.apply(CPSOptimizer.scala:465)
	at scala.Function1.$anonfun$andThen$1(Function1.scala:57)
	at scala.Function1.$anonfun$andThen$1(Function1.scala:57)
	at scala.Function1.$anonfun$andThen$1(Function1.scala:57)
	at scala.Function1.$anonfun$andThen$1(Function1.scala:57)
	at scala.Function1.$anonfun$andThen$1(Function1.scala:57)
	at scala.Function1.$anonfun$andThen$1(Function1.scala:57)
	at scala.Function1.$anonfun$andThen$1(Function1.scala:57)
	at scala.Function1.$anonfun$andThen$1(Function1.scala:57)
	at miniscala.test.infrastructure.CompilerTest.compileInner(CompilerTest.scala:37)
	at miniscala.test.infrastructure.CompilerTest.$anonfun$compileUsingPipelineAndRedirect$1(CompilerTest.scala:44)
	at miniscala.test.infrastructure.SandboxedTest$$anon$1.run(SandboxedTest.scala:24)
	at java.base/java.security.AccessController.doPrivileged(AccessController.java:391)
	at miniscala.test.infrastructure.SandboxedTest.sandboxedTest(SandboxedTest.scala:34)
	at miniscala.test.infrastructure.SandboxedTest.sandboxedTestWithRedirectedIO(SandboxedTest.scala:45)
	at miniscala.test.infrastructure.CompilerTest.compileUsingPipelineAndRedirect(CompilerTest.scala:44)
	at miniscala.test.infrastructure.CompilerTest.compileUsingPipelineAndRedirect$(CompilerTest.scala:43)
	at miniscala.test.infrastructure.CPSTest.compileUsingPipelineAndRedirect(CPSTest.scala:11)
	at miniscala.test.infrastructure.CPSOptTest.testCPSOptStats(CPSOptTest.scala:60)
	at miniscala.test.infrastructure.CPSOptTest.testCPSBothSeq(CPSOptTest.scala:73)
	at miniscala.test.CPSOptimizer_Greybox.testConstantCapturingInFunction2(CPSOptimizer_Greybox.scala:113)
	at java.base/jdk.internal.reflect.NativeMethodAccessorImpl.invoke0(Native Method)
	at java.base/jdk.internal.reflect.NativeMethodAccessorImpl.invoke(NativeMethodAccessorImpl.java:62)
	at java.base/jdk.internal.reflect.DelegatingMethodAccessorImpl.invoke(DelegatingMethodAccessorImpl.java:43)
	at java.base/java.lang.reflect.Method.invoke(Method.java:567)
	at org.junit.runners.model.FrameworkMethod$1.runReflectiveCall(FrameworkMethod.java:47)
	at org.junit.internal.runners.model.ReflectiveCallable.run(ReflectiveCallable.java:12)
	at org.junit.runners.model.FrameworkMethod.invokeExplosively(FrameworkMethod.java:44)
	at org.junit.internal.runners.statements.InvokeMethod.evaluate(InvokeMethod.java:17)
	at org.junit.runners.ParentRunner.runLeaf(ParentRunner.java:271)
	at org.junit.runners.BlockJUnit4ClassRunner.runChild(BlockJUnit4ClassRunner.java:70)
	at org.junit.runners.BlockJUnit4ClassRunner.runChild(BlockJUnit4ClassRunner.java:50)
	at org.junit.runners.ParentRunner$3.run(ParentRunner.java:238)
	at org.junit.runners.ParentRunner$1.schedule(ParentRunner.java:63)
	at org.junit.runners.ParentRunner.runChildren(ParentRunner.java:236)
	at org.junit.runners.ParentRunner.access$000(ParentRunner.java:53)
	at org.junit.runners.ParentRunner$2.evaluate(ParentRunner.java:229)
	at org.junit.runners.ParentRunner.run(ParentRunner.java:309)
	at org.junit.runners.Suite.runChild(Suite.java:127)
	at org.junit.runners.Suite.runChild(Suite.java:26)
	at org.junit.runners.ParentRunner$3.run(ParentRunner.java:238)
	at org.junit.runners.ParentRunner$1.schedule(ParentRunner.java:63)
	at org.junit.runners.ParentRunner.runChildren(ParentRunner.java:236)
	at org.junit.runners.ParentRunner.access$000(ParentRunner.java:53)
	at org.junit.runners.ParentRunner$2.evaluate(ParentRunner.java:229)
	at org.junit.runners.ParentRunner.run(ParentRunner.java:309)
	at org.junit.runner.JUnitCore.run(JUnitCore.java:160)
	at org.junit.runner.JUnitCore.run(JUnitCore.java:138)
	at com.novocode.junit.JUnitRunner$1.execute(JUnitRunner.java:132)
	at sbt.ForkMain$Run.lambda$runTest$1(ForkMain.java:304)
	at java.base/java.util.concurrent.FutureTask.run(FutureTask.java:264)
	at java.base/java.util.concurrent.ThreadPoolExecutor.runWorker(ThreadPoolExecutor.java:1128)
	at java.base/java.util.concurrent.ThreadPoolExecutor$Worker.run(ThreadPoolExecutor.java:628)
	at java.base/java.lang.Thread.run(Thread.java:830)
</failure>
                                               </testcase><testcase classname="miniscala.test.CPSOptimizer_Greybox" name="testNeutralElementsSubItself" time="0.006">
                                                 
                                               </testcase><testcase classname="miniscala.test.CPSOptimizer_Greybox" name="testConstantFoldingMinus" time="0.003">
                                                 
                                               </testcase><testcase classname="miniscala.test.CPSOptimizer_Greybox" name="testConstantFoldingTimes" time="0.004">
                                                 
                                               </testcase><testcase classname="miniscala.test.CPSOptimizer_Greybox" name="testNeutralElementsAddZero1" time="0.005">
                                                 
                                               </testcase><testcase classname="miniscala.test.CPSOptimizer_Greybox" name="testNeutralElementsAddZero2" time="0.005">
                                                 
                                               </testcase><testcase classname="miniscala.test.CPSOptimizer_Greybox" name="testCommonSubexpressionEliminationComplexBlockTag" time="0.032">
                                                 
                                               </testcase><testcase classname="miniscala.test.CPSOptimizer_Greybox" name="testDCELetPrimitive" time="0.001">
                                                 
                                               </testcase><testcase classname="miniscala.test.CPSOptimizer_Greybox" name="testNeutralElementsMulOne1" time="0.005">
                                                 
                                               </testcase><testcase classname="miniscala.test.CPSOptimizer_Greybox" name="testNeutralElementsMulOne2" time="0.006">
                                                 
                                               </testcase><testcase classname="miniscala.test.CPSOptimizer_Greybox" name="testEtaReduction" time="0.003">
                                                 <failure message="java.util.NoSuchElementException: key not found: g" type="sbt.ForkMain$ForkError">sbt.ForkMain$ForkError: java.util.NoSuchElementException: key not found: g
	at scala.collection.immutable.Map$Map3.apply(Map.scala:170)
	at miniscala.CPSOptimizer.newVaribleHelperFunction(CPSOptimizer.scala:371)
	at miniscala.CPSOptimizer.inlineT$1(CPSOptimizer.scala:302)
	at miniscala.CPSOptimizer.inlineT$1(CPSOptimizer.scala:285)
	at miniscala.CPSOptimizer.$anonfun$inline$7(CPSOptimizer.scala:283)
	at scala.collection.TraversableLike.$anonfun$map$1(TraversableLike.scala:238)
	at scala.collection.immutable.List.foreach(List.scala:392)
	at scala.collection.TraversableLike.map(TraversableLike.scala:238)
	at scala.collection.TraversableLike.map$(TraversableLike.scala:231)
	at scala.collection.immutable.List.map(List.scala:298)
	at miniscala.CPSOptimizer.inlineT$1(CPSOptimizer.scala:283)
	at miniscala.CPSOptimizer.$anonfun$inline$7(CPSOptimizer.scala:283)
	at scala.collection.TraversableLike.$anonfun$map$1(TraversableLike.scala:238)
	at scala.collection.immutable.List.foreach(List.scala:392)
	at scala.collection.TraversableLike.map(TraversableLike.scala:238)
	at scala.collection.TraversableLike.map$(TraversableLike.scala:231)
	at scala.collection.immutable.List.map(List.scala:298)
	at miniscala.CPSOptimizer.inlineT$1(CPSOptimizer.scala:283)
	at miniscala.CPSOptimizer.$anonfun$inline$7(CPSOptimizer.scala:283)
	at scala.collection.TraversableLike.$anonfun$map$1(TraversableLike.scala:238)
	at scala.collection.immutable.List.foreach(List.scala:392)
	at scala.collection.TraversableLike.map(TraversableLike.scala:238)
	at scala.collection.TraversableLike.map$(TraversableLike.scala:231)
	at scala.collection.immutable.List.map(List.scala:298)
	at miniscala.CPSOptimizer.inlineT$1(CPSOptimizer.scala:283)
	at miniscala.CPSOptimizer.inlineT$1(CPSOptimizer.scala:268)
	at miniscala.CPSOptimizer.$anonfun$inline$7(CPSOptimizer.scala:283)
	at scala.collection.TraversableLike.$anonfun$map$1(TraversableLike.scala:238)
	at scala.collection.immutable.List.foreach(List.scala:392)
	at scala.collection.TraversableLike.map(TraversableLike.scala:238)
	at scala.collection.TraversableLike.map$(TraversableLike.scala:231)
	at scala.collection.immutable.List.map(List.scala:298)
	at miniscala.CPSOptimizer.inlineT$1(CPSOptimizer.scala:283)
	at miniscala.CPSOptimizer.inlineT$1(CPSOptimizer.scala:268)
	at miniscala.CPSOptimizer.$anonfun$inline$7(CPSOptimizer.scala:283)
	at scala.collection.TraversableLike.$anonfun$map$1(TraversableLike.scala:238)
	at scala.collection.immutable.List.foreach(List.scala:392)
	at scala.collection.TraversableLike.map(TraversableLike.scala:238)
	at scala.collection.TraversableLike.map$(TraversableLike.scala:231)
	at scala.collection.immutable.List.map(List.scala:298)
	at miniscala.CPSOptimizer.inlineT$1(CPSOptimizer.scala:283)
	at miniscala.CPSOptimizer.inlineT$1(CPSOptimizer.scala:268)
	at miniscala.CPSOptimizer.inlineT$1(CPSOptimizer.scala:279)
	at miniscala.CPSOptimizer.$anonfun$inline$1(CPSOptimizer.scala:310)
	at scala.collection.immutable.Stream$.$anonfun$iterate$1(Stream.scala:1207)
	at scala.collection.immutable.Stream$Cons.tail(Stream.scala:1171)
	at scala.collection.immutable.Stream$Cons.tail(Stream.scala:1161)
	at scala.collection.immutable.Stream.$anonfun$take$2(Stream.scala:792)
	at scala.collection.immutable.Stream$Cons.tail(Stream.scala:1171)
	at scala.collection.immutable.Stream$Cons.tail(Stream.scala:1161)
	at scala.collection.immutable.Stream.$anonfun$takeWhile$1(Stream.scala:880)
	at scala.collection.immutable.Stream$Cons.tail(Stream.scala:1171)
	at scala.collection.immutable.Stream$Cons.tail(Stream.scala:1161)
	at scala.collection.LinearSeqOptimized.last(LinearSeqOptimized.scala:152)
	at scala.collection.LinearSeqOptimized.last$(LinearSeqOptimized.scala:149)
	at scala.collection.immutable.Stream.last(Stream.scala:204)
	at miniscala.CPSOptimizer.inline(CPSOptimizer.scala:313)
	at miniscala.CPSOptimizer.$anonfun$apply$2(CPSOptimizer.scala:13)
	at scala.collection.immutable.Stream$.$anonfun$iterate$1(Stream.scala:1207)
	at scala.collection.immutable.Stream$Cons.tail(Stream.scala:1171)
	at scala.collection.immutable.Stream$Cons.tail(Stream.scala:1161)
	at scala.collection.immutable.Stream.$anonfun$take$2(Stream.scala:792)
	at scala.collection.immutable.Stream$Cons.tail(Stream.scala:1171)
	at scala.collection.immutable.Stream$Cons.tail(Stream.scala:1161)
	at miniscala.package$.fixedPoint(package.scala:4)
	at miniscala.package$.fixedPoint(package.scala:12)
	at miniscala.CPSOptimizer.apply(CPSOptimizer.scala:13)
	at miniscala.CPSOptimizerHigh$.apply(CPSOptimizer.scala:465)
	at scala.Function1.$anonfun$andThen$1(Function1.scala:57)
	at scala.Function1.$anonfun$andThen$1(Function1.scala:57)
	at scala.Function1.$anonfun$andThen$1(Function1.scala:57)
	at scala.Function1.$anonfun$andThen$1(Function1.scala:57)
	at scala.Function1.$anonfun$andThen$1(Function1.scala:57)
	at scala.Function1.$anonfun$andThen$1(Function1.scala:57)
	at scala.Function1.$anonfun$andThen$1(Function1.scala:57)
	at scala.Function1.$anonfun$andThen$1(Function1.scala:57)
	at miniscala.test.infrastructure.CompilerTest.compileInner(CompilerTest.scala:37)
	at miniscala.test.infrastructure.CompilerTest.$anonfun$compileUsingPipelineAndRedirect$1(CompilerTest.scala:44)
	at miniscala.test.infrastructure.SandboxedTest$$anon$1.run(SandboxedTest.scala:24)
	at java.base/java.security.AccessController.doPrivileged(AccessController.java:391)
	at miniscala.test.infrastructure.SandboxedTest.sandboxedTest(SandboxedTest.scala:34)
	at miniscala.test.infrastructure.SandboxedTest.sandboxedTestWithRedirectedIO(SandboxedTest.scala:45)
	at miniscala.test.infrastructure.CompilerTest.compileUsingPipelineAndRedirect(CompilerTest.scala:44)
	at miniscala.test.infrastructure.CompilerTest.compileUsingPipelineAndRedirect$(CompilerTest.scala:43)
	at miniscala.test.infrastructure.CPSTest.compileUsingPipelineAndRedirect(CPSTest.scala:11)
	at miniscala.test.infrastructure.CPSOptTest.testCPSOptStats(CPSOptTest.scala:60)
	at miniscala.test.infrastructure.CPSOptTest.testCPSOptEarly(CPSOptTest.scala:67)
	at miniscala.test.CPSOptimizer_Greybox.testEtaReduction(CPSOptimizer_Greybox.scala:17)
	at java.base/jdk.internal.reflect.NativeMethodAccessorImpl.invoke0(Native Method)
	at java.base/jdk.internal.reflect.NativeMethodAccessorImpl.invoke(NativeMethodAccessorImpl.java:62)
	at java.base/jdk.internal.reflect.DelegatingMethodAccessorImpl.invoke(DelegatingMethodAccessorImpl.java:43)
	at java.base/java.lang.reflect.Method.invoke(Method.java:567)
	at org.junit.runners.model.FrameworkMethod$1.runReflectiveCall(FrameworkMethod.java:47)
	at org.junit.internal.runners.model.ReflectiveCallable.run(ReflectiveCallable.java:12)
	at org.junit.runners.model.FrameworkMethod.invokeExplosively(FrameworkMethod.java:44)
	at org.junit.internal.runners.statements.InvokeMethod.evaluate(InvokeMethod.java:17)
	at org.junit.runners.ParentRunner.runLeaf(ParentRunner.java:271)
	at org.junit.runners.BlockJUnit4ClassRunner.runChild(BlockJUnit4ClassRunner.java:70)
	at org.junit.runners.BlockJUnit4ClassRunner.runChild(BlockJUnit4ClassRunner.java:50)
	at org.junit.runners.ParentRunner$3.run(ParentRunner.java:238)
	at org.junit.runners.ParentRunner$1.schedule(ParentRunner.java:63)
	at org.junit.runners.ParentRunner.runChildren(ParentRunner.java:236)
	at org.junit.runners.ParentRunner.access$000(ParentRunner.java:53)
	at org.junit.runners.ParentRunner$2.evaluate(ParentRunner.java:229)
	at org.junit.runners.ParentRunner.run(ParentRunner.java:309)
	at org.junit.runners.Suite.runChild(Suite.java:127)
	at org.junit.runners.Suite.runChild(Suite.java:26)
	at org.junit.runners.ParentRunner$3.run(ParentRunner.java:238)
	at org.junit.runners.ParentRunner$1.schedule(ParentRunner.java:63)
	at org.junit.runners.ParentRunner.runChildren(ParentRunner.java:236)
	at org.junit.runners.ParentRunner.access$000(ParentRunner.java:53)
	at org.junit.runners.ParentRunner$2.evaluate(ParentRunner.java:229)
	at org.junit.runners.ParentRunner.run(ParentRunner.java:309)
	at org.junit.runner.JUnitCore.run(JUnitCore.java:160)
	at org.junit.runner.JUnitCore.run(JUnitCore.java:138)
	at com.novocode.junit.JUnitRunner$1.execute(JUnitRunner.java:132)
	at sbt.ForkMain$Run.lambda$runTest$1(ForkMain.java:304)
	at java.base/java.util.concurrent.FutureTask.run(FutureTask.java:264)
	at java.base/java.util.concurrent.ThreadPoolExecutor.runWorker(ThreadPoolExecutor.java:1128)
	at java.base/java.util.concurrent.ThreadPoolExecutor$Worker.run(ThreadPoolExecutor.java:628)
	at java.base/java.lang.Thread.run(Thread.java:830)
</failure>
                                               </testcase><testcase classname="miniscala.test.CPSOptimizer_Greybox" name="testDCELetLiteral" time="0.003">
                                                 
                                               </testcase><testcase classname="miniscala.test.CPSOptimizer_Greybox" name="testDCEFunsSimple" time="0.002">
                                                 
                                               </testcase><testcase classname="miniscala.test.CPSOptimizer_Greybox" name="testFunInliningInsideFunctionBodySameLetRec" time="0.002">
                                                 
                                               </testcase><testcase classname="miniscala.test.CPSOptimizer_Greybox" name="testConstantFoldingBooleanOr" time="0.002">
                                                 
                                               </testcase><testcase classname="miniscala.test.CPSOptimizer_Greybox" name="testFunInliningCrasher" time="0.003">
                                                 
                                               </testcase><testcase classname="miniscala.test.CPSOptimizer_Greybox" name="testNeutralElementsSubZero" time="0.007">
                                                 
                                               </testcase>
                     <system-out><![CDATA[]]></system-out>
                     <system-err><![CDATA[]]></system-err>
                   </testsuite>