<?xml version='1.0' encoding='UTF-8'?>
<testsuite hostname="Stevens-MacBook-Pro.local" name="miniscala.test.CPSOptimizer_Greybox" tests="42" errors="0" failures="42" skipped="0" time="0.212" timestamp="2020-03-28T14:07:14">
                     <properties>
[...]
</properties>
                     <testcase classname="miniscala.test.CPSOptimizer_Greybox" name="testConstantFoldingCharInt" time="0.084">
                                                 <failure message="scala.MatchError: Halt(t_3) (of class miniscala.CPSTreeModule$Halt)" type="sbt.ForkMain$ForkError">sbt.ForkMain$ForkError: scala.MatchError: Halt(t_3) (of class miniscala.CPSTreeModule$Halt)
	at miniscala.CPSOptimizer.shrinkT$1(CPSOptimizer.scala:93)
	at miniscala.CPSOptimizer.shrinkT$1(CPSOptimizer.scala:115)
	at miniscala.CPSOptimizer.shrinkT$1(CPSOptimizer.scala:102)
	at miniscala.CPSOptimizer.shrinkT$1(CPSOptimizer.scala:102)
	at miniscala.CPSOptimizer.shrinkT$1(CPSOptimizer.scala:115)
	at miniscala.CPSOptimizer.shrinkT$1(CPSOptimizer.scala:102)
	at miniscala.CPSOptimizer.shrinkT$1(CPSOptimizer.scala:102)
	at miniscala.CPSOptimizer.shrinkT$1(CPSOptimizer.scala:144)
	at miniscala.CPSOptimizer.shrink(CPSOptimizer.scala:168)
	at miniscala.CPSOptimizer.$anonfun$apply$1(CPSOptimizer.scala:10)
	at scala.collection.immutable.Stream$.$anonfun$iterate$1(Stream.scala:1207)
	at scala.collection.immutable.Stream$Cons.tail(Stream.scala:1171)
	at scala.collection.immutable.Stream$Cons.tail(Stream.scala:1161)
	at scala.collection.immutable.Stream.$anonfun$take$2(Stream.scala:792)
	at scala.collection.immutable.Stream$Cons.tail(Stream.scala:1171)
	at scala.collection.immutable.Stream$Cons.tail(Stream.scala:1161)
	at miniscala.package$.fixedPoint(package.scala:4)
	at miniscala.package$.fixedPoint(package.scala:9)
	at miniscala.CPSOptimizer.apply(CPSOptimizer.scala:10)
	at miniscala.CPSOptimizerLow$.apply(CPSOptimizer.scala:358)
	at scala.Function1.$anonfun$andThen$1(Function1.scala:57)
	at scala.Function1.$anonfun$andThen$1(Function1.scala:57)
	at scala.Function1.$anonfun$andThen$1(Function1.scala:57)
	at scala.Function1.$anonfun$andThen$1(Function1.scala:57)
	at scala.Function1.$anonfun$andThen$1(Function1.scala:57)
	at miniscala.test.infrastructure.CompilerTest.compileInner(CompilerTest.scala:37)
	at miniscala.test.infrastructure.CompilerTest.$anonfun$compileUsingPipelineAndRedirect$1(CompilerTest.scala:44)
	at miniscala.test.infrastructure.SandboxedTest$$anon$1.run(SandboxedTest.scala:24)
	at java.security.AccessController.doPrivileged(Native Method)
	at miniscala.test.infrastructure.SandboxedTest.sandboxedTest(SandboxedTest.scala:34)
	at miniscala.test.infrastructure.SandboxedTest.sandboxedTestWithRedirectedIO(SandboxedTest.scala:45)
	at miniscala.test.infrastructure.CompilerTest.compileUsingPipelineAndRedirect(CompilerTest.scala:44)
	at miniscala.test.infrastructure.CompilerTest.compileUsingPipelineAndRedirect$(CompilerTest.scala:43)
	at miniscala.test.infrastructure.CPSTest.compileUsingPipelineAndRedirect(CPSTest.scala:11)
	at miniscala.test.infrastructure.CPSOptTest.testCPSOptStats(CPSOptTest.scala:60)
	at miniscala.test.infrastructure.CPSOptTest.testCPSOptLate(CPSOptTest.scala:70)
	at miniscala.test.CPSOptimizer_Greybox.testConstantFoldingCharInt(CPSOptimizer_Greybox.scala:83)
	at sun.reflect.NativeMethodAccessorImpl.invoke0(Native Method)
	at sun.reflect.NativeMethodAccessorImpl.invoke(NativeMethodAccessorImpl.java:62)
	at sun.reflect.DelegatingMethodAccessorImpl.invoke(DelegatingMethodAccessorImpl.java:43)
	at java.lang.reflect.Method.invoke(Method.java:498)
	at org.junit.runners.model.FrameworkMethod$1.runReflectiveCall(FrameworkMethod.java:47)
	at org.junit.internal.runners.model.ReflectiveCallable.run(ReflectiveCallable.java:12)
	at org.junit.runners.model.FrameworkMethod.invokeExplosively(FrameworkMethod.java:44)
	at org.junit.internal.runners.statements.InvokeMethod.evaluate(InvokeMethod.java:17)
	at org.junit.runners.ParentRunner.runLeaf(ParentRunner.java:271)
	at org.junit.runners.BlockJUnit4ClassRunner.runChild(BlockJUnit4ClassRunner.java:70)
	at org.junit.runners.BlockJUnit4ClassRunner.runChild(BlockJUnit4ClassRunner.java:50)
	at org.junit.runners.ParentRunner$3.run(ParentRunner.java:238)
	at org.junit.runners.ParentRunner$1.schedule(ParentRunner.java:63)
	at org.junit.runners.ParentRunner.runChildren(ParentRunner.java:236)
	at org.junit.runners.ParentRunner.access$000(ParentRunner.java:53)
	at org.junit.runners.ParentRunner$2.evaluate(ParentRunner.java:229)
	at org.junit.runners.ParentRunner.run(ParentRunner.java:309)
	at org.junit.runners.Suite.runChild(Suite.java:127)
	at org.junit.runners.Suite.runChild(Suite.java:26)
	at org.junit.runners.ParentRunner$3.run(ParentRunner.java:238)
	at org.junit.runners.ParentRunner$1.schedule(ParentRunner.java:63)
	at org.junit.runners.ParentRunner.runChildren(ParentRunner.java:236)
	at org.junit.runners.ParentRunner.access$000(ParentRunner.java:53)
	at org.junit.runners.ParentRunner$2.evaluate(ParentRunner.java:229)
	at org.junit.runners.ParentRunner.run(ParentRunner.java:309)
	at org.junit.runner.JUnitCore.run(JUnitCore.java:160)
	at org.junit.runner.JUnitCore.run(JUnitCore.java:138)
	at com.novocode.junit.JUnitRunner$1.execute(JUnitRunner.java:132)
	at sbt.ForkMain$Run.lambda$runTest$1(ForkMain.java:304)
	at java.util.concurrent.FutureTask.run(FutureTask.java:266)
	at java.util.concurrent.ThreadPoolExecutor.runWorker(ThreadPoolExecutor.java:1149)
	at java.util.concurrent.ThreadPoolExecutor$Worker.run(ThreadPoolExecutor.java:624)
	at java.lang.Thread.run(Thread.java:748)
</failure>
                                               </testcase><testcase classname="miniscala.test.CPSOptimizer_Greybox" name="testNeutralElementsDivOne" time="0.002">
                                                 <failure message="java.util.NoSuchElementException: key not found: v_6018" type="sbt.ForkMain$ForkError">sbt.ForkMain$ForkError: java.util.NoSuchElementException: key not found: v_6018
	at scala.collection.immutable.Map$Map1.apply(Map.scala:114)
	at miniscala.CPSOptimizer.$anonfun$shrink$1(CPSOptimizer.scala:114)
	at scala.collection.TraversableLike.$anonfun$map$1(TraversableLike.scala:238)
	at scala.collection.immutable.List.foreach(List.scala:392)
	at scala.collection.TraversableLike.map(TraversableLike.scala:238)
	at scala.collection.TraversableLike.map$(TraversableLike.scala:231)
	at scala.collection.immutable.List.map(List.scala:298)
	at miniscala.CPSOptimizer.shrinkT$1(CPSOptimizer.scala:114)
	at miniscala.CPSOptimizer.shrinkT$1(CPSOptimizer.scala:102)
	at miniscala.CPSOptimizer.shrinkT$1(CPSOptimizer.scala:127)
	at miniscala.CPSOptimizer.shrink(CPSOptimizer.scala:168)
	at miniscala.CPSOptimizer.$anonfun$apply$1(CPSOptimizer.scala:10)
	at scala.collection.immutable.Stream$.$anonfun$iterate$1(Stream.scala:1207)
	at scala.collection.immutable.Stream$Cons.tail(Stream.scala:1171)
	at scala.collection.immutable.Stream$Cons.tail(Stream.scala:1161)
	at scala.collection.immutable.Stream.$anonfun$take$2(Stream.scala:792)
	at scala.collection.immutable.Stream$Cons.tail(Stream.scala:1171)
	at scala.collection.immutable.Stream$Cons.tail(Stream.scala:1161)
	at miniscala.package$.fixedPoint(package.scala:4)
	at miniscala.package$.fixedPoint(package.scala:9)
	at miniscala.CPSOptimizer.apply(CPSOptimizer.scala:10)
	at miniscala.CPSOptimizerHigh$.apply(CPSOptimizer.scala:279)
	at scala.Function1.$anonfun$andThen$1(Function1.scala:57)
	at scala.Function1.$anonfun$andThen$1(Function1.scala:57)
	at scala.Function1.$anonfun$andThen$1(Function1.scala:57)
	at scala.Function1.$anonfun$andThen$1(Function1.scala:57)
	at scala.Function1.$anonfun$andThen$1(Function1.scala:57)
	at scala.Function1.$anonfun$andThen$1(Function1.scala:57)
	at scala.Function1.$anonfun$andThen$1(Function1.scala:57)
	at scala.Function1.$anonfun$andThen$1(Function1.scala:57)
	at miniscala.test.infrastructure.CompilerTest.compileInner(CompilerTest.scala:37)
	at miniscala.test.infrastructure.CompilerTest.$anonfun$compileUsingPipelineAndRedirect$1(CompilerTest.scala:44)
	at miniscala.test.infrastructure.SandboxedTest$$anon$1.run(SandboxedTest.scala:24)
	at java.security.AccessController.doPrivileged(Native Method)
	at miniscala.test.infrastructure.SandboxedTest.sandboxedTest(SandboxedTest.scala:34)
	at miniscala.test.infrastructure.SandboxedTest.sandboxedTestWithRedirectedIO(SandboxedTest.scala:45)
	at miniscala.test.infrastructure.CompilerTest.compileUsingPipelineAndRedirect(CompilerTest.scala:44)
	at miniscala.test.infrastructure.CompilerTest.compileUsingPipelineAndRedirect$(CompilerTest.scala:43)
	at miniscala.test.infrastructure.CPSTest.compileUsingPipelineAndRedirect(CPSTest.scala:11)
	at miniscala.test.infrastructure.CPSOptTest.testCPSOptStats(CPSOptTest.scala:60)
	at miniscala.test.infrastructure.CPSOptTest.testCPSBothSeq(CPSOptTest.scala:73)
	at miniscala.test.CPSOptimizer_Greybox.testNeutralElementsDivOne(CPSOptimizer_Greybox.scala:141)
	at sun.reflect.NativeMethodAccessorImpl.invoke0(Native Method)
	at sun.reflect.NativeMethodAccessorImpl.invoke(NativeMethodAccessorImpl.java:62)
	at sun.reflect.DelegatingMethodAccessorImpl.invoke(DelegatingMethodAccessorImpl.java:43)
	at java.lang.reflect.Method.invoke(Method.java:498)
	at org.junit.runners.model.FrameworkMethod$1.runReflectiveCall(FrameworkMethod.java:47)
	at org.junit.internal.runners.model.ReflectiveCallable.run(ReflectiveCallable.java:12)
	at org.junit.runners.model.FrameworkMethod.invokeExplosively(FrameworkMethod.java:44)
	at org.junit.internal.runners.statements.InvokeMethod.evaluate(InvokeMethod.java:17)
	at org.junit.runners.ParentRunner.runLeaf(ParentRunner.java:271)
	at org.junit.runners.BlockJUnit4ClassRunner.runChild(BlockJUnit4ClassRunner.java:70)
	at org.junit.runners.BlockJUnit4ClassRunner.runChild(BlockJUnit4ClassRunner.java:50)
	at org.junit.runners.ParentRunner$3.run(ParentRunner.java:238)
	at org.junit.runners.ParentRunner$1.schedule(ParentRunner.java:63)
	at org.junit.runners.ParentRunner.runChildren(ParentRunner.java:236)
	at org.junit.runners.ParentRunner.access$000(ParentRunner.java:53)
	at org.junit.runners.ParentRunner$2.evaluate(ParentRunner.java:229)
	at org.junit.runners.ParentRunner.run(ParentRunner.java:309)
	at org.junit.runners.Suite.runChild(Suite.java:127)
	at org.junit.runners.Suite.runChild(Suite.java:26)
	at org.junit.runners.ParentRunner$3.run(ParentRunner.java:238)
	at org.junit.runners.ParentRunner$1.schedule(ParentRunner.java:63)
	at org.junit.runners.ParentRunner.runChildren(ParentRunner.java:236)
	at org.junit.runners.ParentRunner.access$000(ParentRunner.java:53)
	at org.junit.runners.ParentRunner$2.evaluate(ParentRunner.java:229)
	at org.junit.runners.ParentRunner.run(ParentRunner.java:309)
	at org.junit.runner.JUnitCore.run(JUnitCore.java:160)
	at org.junit.runner.JUnitCore.run(JUnitCore.java:138)
	at com.novocode.junit.JUnitRunner$1.execute(JUnitRunner.java:132)
	at sbt.ForkMain$Run.lambda$runTest$1(ForkMain.java:304)
	at java.util.concurrent.FutureTask.run(FutureTask.java:266)
	at java.util.concurrent.ThreadPoolExecutor.runWorker(ThreadPoolExecutor.java:1149)
	at java.util.concurrent.ThreadPoolExecutor$Worker.run(ThreadPoolExecutor.java:624)
	at java.lang.Thread.run(Thread.java:748)
</failure>
                                               </testcase><testcase classname="miniscala.test.CPSOptimizer_Greybox" name="testFunInliningRecursiveTrick" time="0.004">
                                                 <failure message="scala.MatchError: Halt(c0_65) (of class miniscala.CPSTreeModule$Halt)" type="sbt.ForkMain$ForkError">sbt.ForkMain$ForkError: scala.MatchError: Halt(c0_65) (of class miniscala.CPSTreeModule$Halt)
	at miniscala.CPSOptimizer.shrinkT$1(CPSOptimizer.scala:93)
	at miniscala.CPSOptimizer.shrinkT$1(CPSOptimizer.scala:102)
	at miniscala.CPSOptimizer.$anonfun$shrink$6(CPSOptimizer.scala:148)
	at scala.collection.TraversableLike.$anonfun$map$1(TraversableLike.scala:238)
	at scala.collection.immutable.List.foreach(List.scala:392)
	at scala.collection.TraversableLike.map(TraversableLike.scala:238)
	at scala.collection.TraversableLike.map$(TraversableLike.scala:231)
	at scala.collection.immutable.List.map(List.scala:298)
	at miniscala.CPSOptimizer.shrinkT$1(CPSOptimizer.scala:148)
	at miniscala.CPSOptimizer.shrinkT$1(CPSOptimizer.scala:102)
	at miniscala.CPSOptimizer.shrinkT$1(CPSOptimizer.scala:144)
	at miniscala.CPSOptimizer.shrink(CPSOptimizer.scala:168)
	at miniscala.CPSOptimizer.$anonfun$apply$1(CPSOptimizer.scala:10)
	at scala.collection.immutable.Stream$.$anonfun$iterate$1(Stream.scala:1207)
	at scala.collection.immutable.Stream$Cons.tail(Stream.scala:1171)
	at scala.collection.immutable.Stream$Cons.tail(Stream.scala:1161)
	at scala.collection.immutable.Stream.$anonfun$take$2(Stream.scala:792)
	at scala.collection.immutable.Stream$Cons.tail(Stream.scala:1171)
	at scala.collection.immutable.Stream$Cons.tail(Stream.scala:1161)
	at miniscala.package$.fixedPoint(package.scala:4)
	at miniscala.package$.fixedPoint(package.scala:9)
	at miniscala.CPSOptimizer.apply(CPSOptimizer.scala:10)
	at miniscala.CPSOptimizerHigh$.apply(CPSOptimizer.scala:279)
	at scala.Function1.$anonfun$andThen$1(Function1.scala:57)
	at scala.Function1.$anonfun$andThen$1(Function1.scala:57)
	at scala.Function1.$anonfun$andThen$1(Function1.scala:57)
	at scala.Function1.$anonfun$andThen$1(Function1.scala:57)
	at scala.Function1.$anonfun$andThen$1(Function1.scala:57)
	at scala.Function1.$anonfun$andThen$1(Function1.scala:57)
	at scala.Function1.$anonfun$andThen$1(Function1.scala:57)
	at scala.Function1.$anonfun$andThen$1(Function1.scala:57)
	at miniscala.test.infrastructure.CompilerTest.compileInner(CompilerTest.scala:37)
	at miniscala.test.infrastructure.CompilerTest.$anonfun$compileUsingPipelineAndRedirect$1(CompilerTest.scala:44)
	at miniscala.test.infrastructure.SandboxedTest$$anon$1.run(SandboxedTest.scala:24)
	at java.security.AccessController.doPrivileged(Native Method)
	at miniscala.test.infrastructure.SandboxedTest.sandboxedTest(SandboxedTest.scala:34)
	at miniscala.test.infrastructure.SandboxedTest.sandboxedTestWithRedirectedIO(SandboxedTest.scala:45)
	at miniscala.test.infrastructure.CompilerTest.compileUsingPipelineAndRedirect(CompilerTest.scala:44)
	at miniscala.test.infrastructure.CompilerTest.compileUsingPipelineAndRedirect$(CompilerTest.scala:43)
	at miniscala.test.infrastructure.CPSTest.compileUsingPipelineAndRedirect(CPSTest.scala:11)
	at miniscala.test.infrastructure.CPSOptTest.testCPSOptStats(CPSOptTest.scala:60)
	at miniscala.test.infrastructure.CPSOptTest.testCPSOptEarly(CPSOptTest.scala:67)
	at miniscala.test.CPSOptimizer_Greybox.testFunInliningRecursiveTrick(CPSOptimizer_Greybox.scala:55)
	at sun.reflect.NativeMethodAccessorImpl.invoke0(Native Method)
	at sun.reflect.NativeMethodAccessorImpl.invoke(NativeMethodAccessorImpl.java:62)
	at sun.reflect.DelegatingMethodAccessorImpl.invoke(DelegatingMethodAccessorImpl.java:43)
	at java.lang.reflect.Method.invoke(Method.java:498)
	at org.junit.runners.model.FrameworkMethod$1.runReflectiveCall(FrameworkMethod.java:47)
	at org.junit.internal.runners.model.ReflectiveCallable.run(ReflectiveCallable.java:12)
	at org.junit.runners.model.FrameworkMethod.invokeExplosively(FrameworkMethod.java:44)
	at org.junit.internal.runners.statements.InvokeMethod.evaluate(InvokeMethod.java:17)
	at org.junit.runners.ParentRunner.runLeaf(ParentRunner.java:271)
	at org.junit.runners.BlockJUnit4ClassRunner.runChild(BlockJUnit4ClassRunner.java:70)
	at org.junit.runners.BlockJUnit4ClassRunner.runChild(BlockJUnit4ClassRunner.java:50)
	at org.junit.runners.ParentRunner$3.run(ParentRunner.java:238)
	at org.junit.runners.ParentRunner$1.schedule(ParentRunner.java:63)
	at org.junit.runners.ParentRunner.runChildren(ParentRunner.java:236)
	at org.junit.runners.ParentRunner.access$000(ParentRunner.java:53)
	at org.junit.runners.ParentRunner$2.evaluate(ParentRunner.java:229)
	at org.junit.runners.ParentRunner.run(ParentRunner.java:309)
	at org.junit.runners.Suite.runChild(Suite.java:127)
	at org.junit.runners.Suite.runChild(Suite.java:26)
	at org.junit.runners.ParentRunner$3.run(ParentRunner.java:238)
	at org.junit.runners.ParentRunner$1.schedule(ParentRunner.java:63)
	at org.junit.runners.ParentRunner.runChildren(ParentRunner.java:236)
	at org.junit.runners.ParentRunner.access$000(ParentRunner.java:53)
	at org.junit.runners.ParentRunner$2.evaluate(ParentRunner.java:229)
	at org.junit.runners.ParentRunner.run(ParentRunner.java:309)
	at org.junit.runner.JUnitCore.run(JUnitCore.java:160)
	at org.junit.runner.JUnitCore.run(JUnitCore.java:138)
	at com.novocode.junit.JUnitRunner$1.execute(JUnitRunner.java:132)
	at sbt.ForkMain$Run.lambda$runTest$1(ForkMain.java:304)
	at java.util.concurrent.FutureTask.run(FutureTask.java:266)
	at java.util.concurrent.ThreadPoolExecutor.runWorker(ThreadPoolExecutor.java:1149)
	at java.util.concurrent.ThreadPoolExecutor$Worker.run(ThreadPoolExecutor.java:624)
	at java.lang.Thread.run(Thread.java:748)
</failure>
                                               </testcase><testcase classname="miniscala.test.CPSOptimizer_Greybox" name="testDCEFunsRecursive3WithEtaReduction" time="0.003">
                                                 <failure message="java.util.NoSuchElementException: key not found: x" type="sbt.ForkMain$ForkError">sbt.ForkMain$ForkError: java.util.NoSuchElementException: key not found: x
	at scala.collection.immutable.Map$Map1.apply(Map.scala:114)
	at miniscala.CPSOptimizer.$anonfun$shrink$1(CPSOptimizer.scala:114)
	at scala.collection.TraversableLike.$anonfun$map$1(TraversableLike.scala:238)
	at scala.collection.immutable.List.foreach(List.scala:392)
	at scala.collection.TraversableLike.map(TraversableLike.scala:238)
	at scala.collection.TraversableLike.map$(TraversableLike.scala:231)
	at scala.collection.immutable.List.map(List.scala:298)
	at miniscala.CPSOptimizer.shrinkT$1(CPSOptimizer.scala:114)
	at miniscala.CPSOptimizer.shrinkT$1(CPSOptimizer.scala:102)
	at miniscala.CPSOptimizer.$anonfun$shrink$6(CPSOptimizer.scala:148)
	at scala.collection.TraversableLike.$anonfun$map$1(TraversableLike.scala:238)
	at scala.collection.immutable.List.foreach(List.scala:392)
	at scala.collection.TraversableLike.map(TraversableLike.scala:238)
	at scala.collection.TraversableLike.map$(TraversableLike.scala:231)
	at scala.collection.immutable.List.map(List.scala:298)
	at miniscala.CPSOptimizer.shrinkT$1(CPSOptimizer.scala:148)
	at miniscala.CPSOptimizer.shrinkT$1(CPSOptimizer.scala:149)
	at miniscala.CPSOptimizer.$anonfun$shrink$4(CPSOptimizer.scala:143)
	at scala.collection.TraversableLike.$anonfun$map$1(TraversableLike.scala:238)
	at scala.collection.immutable.List.foreach(List.scala:392)
	at scala.collection.TraversableLike.map(TraversableLike.scala:238)
	at scala.collection.TraversableLike.map$(TraversableLike.scala:231)
	at scala.collection.immutable.List.map(List.scala:298)
	at miniscala.CPSOptimizer.shrinkT$1(CPSOptimizer.scala:143)
	at miniscala.CPSOptimizer.shrink(CPSOptimizer.scala:168)
	at miniscala.CPSOptimizer.$anonfun$apply$1(CPSOptimizer.scala:10)
	at scala.collection.immutable.Stream$.$anonfun$iterate$1(Stream.scala:1207)
	at scala.collection.immutable.Stream$Cons.tail(Stream.scala:1171)
	at scala.collection.immutable.Stream$Cons.tail(Stream.scala:1161)
	at scala.collection.immutable.Stream.$anonfun$take$2(Stream.scala:792)
	at scala.collection.immutable.Stream$Cons.tail(Stream.scala:1171)
	at scala.collection.immutable.Stream$Cons.tail(Stream.scala:1161)
	at miniscala.package$.fixedPoint(package.scala:4)
	at miniscala.package$.fixedPoint(package.scala:9)
	at miniscala.CPSOptimizer.apply(CPSOptimizer.scala:10)
	at miniscala.CPSOptimizerHigh$.apply(CPSOptimizer.scala:279)
	at scala.Function1.$anonfun$andThen$1(Function1.scala:57)
	at scala.Function1.$anonfun$andThen$1(Function1.scala:57)
	at scala.Function1.$anonfun$andThen$1(Function1.scala:57)
	at scala.Function1.$anonfun$andThen$1(Function1.scala:57)
	at scala.Function1.$anonfun$andThen$1(Function1.scala:57)
	at scala.Function1.$anonfun$andThen$1(Function1.scala:57)
	at scala.Function1.$anonfun$andThen$1(Function1.scala:57)
	at scala.Function1.$anonfun$andThen$1(Function1.scala:57)
	at miniscala.test.infrastructure.CompilerTest.compileInner(CompilerTest.scala:37)
	at miniscala.test.infrastructure.CompilerTest.$anonfun$compileUsingPipelineAndRedirect$1(CompilerTest.scala:44)
	at miniscala.test.infrastructure.SandboxedTest$$anon$1.run(SandboxedTest.scala:24)
	at java.security.AccessController.doPrivileged(Native Method)
	at miniscala.test.infrastructure.SandboxedTest.sandboxedTest(SandboxedTest.scala:34)
	at miniscala.test.infrastructure.SandboxedTest.sandboxedTestWithRedirectedIO(SandboxedTest.scala:45)
	at miniscala.test.infrastructure.CompilerTest.compileUsingPipelineAndRedirect(CompilerTest.scala:44)
	at miniscala.test.infrastructure.CompilerTest.compileUsingPipelineAndRedirect$(CompilerTest.scala:43)
	at miniscala.test.infrastructure.CPSTest.compileUsingPipelineAndRedirect(CPSTest.scala:11)
	at miniscala.test.infrastructure.CPSOptTest.testCPSOptStats(CPSOptTest.scala:60)
	at miniscala.test.infrastructure.CPSOptTest.testCPSOptEarly(CPSOptTest.scala:67)
	at miniscala.test.CPSOptimizer_Greybox.testDCEFunsRecursive3WithEtaReduction(CPSOptimizer_Greybox.scala:33)
	at sun.reflect.NativeMethodAccessorImpl.invoke0(Native Method)
	at sun.reflect.NativeMethodAccessorImpl.invoke(NativeMethodAccessorImpl.java:62)
	at sun.reflect.DelegatingMethodAccessorImpl.invoke(DelegatingMethodAccessorImpl.java:43)
	at java.lang.reflect.Method.invoke(Method.java:498)
	at org.junit.runners.model.FrameworkMethod$1.runReflectiveCall(FrameworkMethod.java:47)
	at org.junit.internal.runners.model.ReflectiveCallable.run(ReflectiveCallable.java:12)
	at org.junit.runners.model.FrameworkMethod.invokeExplosively(FrameworkMethod.java:44)
	at org.junit.internal.runners.statements.InvokeMethod.evaluate(InvokeMethod.java:17)
	at org.junit.runners.ParentRunner.runLeaf(ParentRunner.java:271)
	at org.junit.runners.BlockJUnit4ClassRunner.runChild(BlockJUnit4ClassRunner.java:70)
	at org.junit.runners.BlockJUnit4ClassRunner.runChild(BlockJUnit4ClassRunner.java:50)
	at org.junit.runners.ParentRunner$3.run(ParentRunner.java:238)
	at org.junit.runners.ParentRunner$1.schedule(ParentRunner.java:63)
	at org.junit.runners.ParentRunner.runChildren(ParentRunner.java:236)
	at org.junit.runners.ParentRunner.access$000(ParentRunner.java:53)
	at org.junit.runners.ParentRunner$2.evaluate(ParentRunner.java:229)
	at org.junit.runners.ParentRunner.run(ParentRunner.java:309)
	at org.junit.runners.Suite.runChild(Suite.java:127)
	at org.junit.runners.Suite.runChild(Suite.java:26)
	at org.junit.runners.ParentRunner$3.run(ParentRunner.java:238)
	at org.junit.runners.ParentRunner$1.schedule(ParentRunner.java:63)
	at org.junit.runners.ParentRunner.runChildren(ParentRunner.java:236)
	at org.junit.runners.ParentRunner.access$000(ParentRunner.java:53)
	at org.junit.runners.ParentRunner$2.evaluate(ParentRunner.java:229)
	at org.junit.runners.ParentRunner.run(ParentRunner.java:309)
	at org.junit.runner.JUnitCore.run(JUnitCore.java:160)
	at org.junit.runner.JUnitCore.run(JUnitCore.java:138)
	at com.novocode.junit.JUnitRunner$1.execute(JUnitRunner.java:132)
	at sbt.ForkMain$Run.lambda$runTest$1(ForkMain.java:304)
	at java.util.concurrent.FutureTask.run(FutureTask.java:266)
	at java.util.concurrent.ThreadPoolExecutor.runWorker(ThreadPoolExecutor.java:1149)
	at java.util.concurrent.ThreadPoolExecutor$Worker.run(ThreadPoolExecutor.java:624)
	at java.lang.Thread.run(Thread.java:748)
</failure>
                                               </testcase><testcase classname="miniscala.test.CPSOptimizer_Greybox" name="testInliningConstantFoldingDCE" time="0.003">
                                                 <failure message="java.util.NoSuchElementException: key not found: x" type="sbt.ForkMain$ForkError">sbt.ForkMain$ForkError: java.util.NoSuchElementException: key not found: x
	at scala.collection.immutable.Map$Map1.apply(Map.scala:114)
	at miniscala.CPSOptimizer.$anonfun$shrink$1(CPSOptimizer.scala:114)
	at scala.collection.TraversableLike.$anonfun$map$1(TraversableLike.scala:238)
	at scala.collection.immutable.List.foreach(List.scala:392)
	at scala.collection.TraversableLike.map(TraversableLike.scala:238)
	at scala.collection.TraversableLike.map$(TraversableLike.scala:231)
	at scala.collection.immutable.List.map(List.scala:298)
	at miniscala.CPSOptimizer.shrinkT$1(CPSOptimizer.scala:114)
	at miniscala.CPSOptimizer.shrinkT$1(CPSOptimizer.scala:102)
	at miniscala.CPSOptimizer.$anonfun$shrink$4(CPSOptimizer.scala:143)
	at scala.collection.TraversableLike.$anonfun$map$1(TraversableLike.scala:238)
	at scala.collection.immutable.List.foreach(List.scala:392)
	at scala.collection.TraversableLike.map(TraversableLike.scala:238)
	at scala.collection.TraversableLike.map$(TraversableLike.scala:231)
	at scala.collection.immutable.List.map(List.scala:298)
	at miniscala.CPSOptimizer.shrinkT$1(CPSOptimizer.scala:143)
	at miniscala.CPSOptimizer.shrink(CPSOptimizer.scala:168)
	at miniscala.CPSOptimizer.$anonfun$apply$1(CPSOptimizer.scala:10)
	at scala.collection.immutable.Stream$.$anonfun$iterate$1(Stream.scala:1207)
	at scala.collection.immutable.Stream$Cons.tail(Stream.scala:1171)
	at scala.collection.immutable.Stream$Cons.tail(Stream.scala:1161)
	at scala.collection.immutable.Stream.$anonfun$take$2(Stream.scala:792)
	at scala.collection.immutable.Stream$Cons.tail(Stream.scala:1171)
	at scala.collection.immutable.Stream$Cons.tail(Stream.scala:1161)
	at miniscala.package$.fixedPoint(package.scala:4)
	at miniscala.package$.fixedPoint(package.scala:9)
	at miniscala.CPSOptimizer.apply(CPSOptimizer.scala:10)
	at miniscala.CPSOptimizerHigh$.apply(CPSOptimizer.scala:279)
	at scala.Function1.$anonfun$andThen$1(Function1.scala:57)
	at scala.Function1.$anonfun$andThen$1(Function1.scala:57)
	at scala.Function1.$anonfun$andThen$1(Function1.scala:57)
	at scala.Function1.$anonfun$andThen$1(Function1.scala:57)
	at scala.Function1.$anonfun$andThen$1(Function1.scala:57)
	at scala.Function1.$anonfun$andThen$1(Function1.scala:57)
	at miniscala.test.infrastructure.CompilerTest.compileInner(CompilerTest.scala:37)
	at miniscala.test.infrastructure.CompilerTest.$anonfun$compileUsingPipeline$1(CompilerTest.scala:41)
	at miniscala.test.infrastructure.SandboxedTest$$anon$1.run(SandboxedTest.scala:24)
	at java.security.AccessController.doPrivileged(Native Method)
	at miniscala.test.infrastructure.SandboxedTest.sandboxedTest(SandboxedTest.scala:34)
	at miniscala.test.infrastructure.CompilerTest.compileUsingPipeline(CompilerTest.scala:41)
	at miniscala.test.infrastructure.CompilerTest.compileUsingPipeline$(CompilerTest.scala:40)
	at miniscala.test.infrastructure.CPSTest.compileUsingPipeline(CPSTest.scala:11)
	at miniscala.test.infrastructure.CPSOptTest.testCPSOptTreeEquality(CPSOptTest.scala:43)
	at miniscala.test.CPSOptimizer_Greybox.testInliningConstantFoldingDCE(CPSOptimizer_Greybox.scala:165)
	at sun.reflect.NativeMethodAccessorImpl.invoke0(Native Method)
	at sun.reflect.NativeMethodAccessorImpl.invoke(NativeMethodAccessorImpl.java:62)
	at sun.reflect.DelegatingMethodAccessorImpl.invoke(DelegatingMethodAccessorImpl.java:43)
	at java.lang.reflect.Method.invoke(Method.java:498)
	at org.junit.runners.model.FrameworkMethod$1.runReflectiveCall(FrameworkMethod.java:47)
	at org.junit.internal.runners.model.ReflectiveCallable.run(ReflectiveCallable.java:12)
	at org.junit.runners.model.FrameworkMethod.invokeExplosively(FrameworkMethod.java:44)
	at org.junit.internal.runners.statements.InvokeMethod.evaluate(InvokeMethod.java:17)
	at org.junit.runners.ParentRunner.runLeaf(ParentRunner.java:271)
	at org.junit.runners.BlockJUnit4ClassRunner.runChild(BlockJUnit4ClassRunner.java:70)
	at org.junit.runners.BlockJUnit4ClassRunner.runChild(BlockJUnit4ClassRunner.java:50)
	at org.junit.runners.ParentRunner$3.run(ParentRunner.java:238)
	at org.junit.runners.ParentRunner$1.schedule(ParentRunner.java:63)
	at org.junit.runners.ParentRunner.runChildren(ParentRunner.java:236)
	at org.junit.runners.ParentRunner.access$000(ParentRunner.java:53)
	at org.junit.runners.ParentRunner$2.evaluate(ParentRunner.java:229)
	at org.junit.runners.ParentRunner.run(ParentRunner.java:309)
	at org.junit.runners.Suite.runChild(Suite.java:127)
	at org.junit.runners.Suite.runChild(Suite.java:26)
	at org.junit.runners.ParentRunner$3.run(ParentRunner.java:238)
	at org.junit.runners.ParentRunner$1.schedule(ParentRunner.java:63)
	at org.junit.runners.ParentRunner.runChildren(ParentRunner.java:236)
	at org.junit.runners.ParentRunner.access$000(ParentRunner.java:53)
	at org.junit.runners.ParentRunner$2.evaluate(ParentRunner.java:229)
	at org.junit.runners.ParentRunner.run(ParentRunner.java:309)
	at org.junit.runner.JUnitCore.run(JUnitCore.java:160)
	at org.junit.runner.JUnitCore.run(JUnitCore.java:138)
	at com.novocode.junit.JUnitRunner$1.execute(JUnitRunner.java:132)
	at sbt.ForkMain$Run.lambda$runTest$1(ForkMain.java:304)
	at java.util.concurrent.FutureTask.run(FutureTask.java:266)
	at java.util.concurrent.ThreadPoolExecutor.runWorker(ThreadPoolExecutor.java:1149)
	at java.util.concurrent.ThreadPoolExecutor$Worker.run(ThreadPoolExecutor.java:624)
	at java.lang.Thread.run(Thread.java:748)
</failure>
                                               </testcase><testcase classname="miniscala.test.CPSOptimizer_Greybox" name="testConstantPropagationSimple" time="0.002">
                                                 <failure message="java.util.NoSuchElementException: key not found: v_6032" type="sbt.ForkMain$ForkError">sbt.ForkMain$ForkError: java.util.NoSuchElementException: key not found: v_6032
	at scala.collection.immutable.Map$Map1.apply(Map.scala:114)
	at miniscala.CPSOptimizer.$anonfun$shrink$1(CPSOptimizer.scala:114)
	at scala.collection.TraversableLike.$anonfun$map$1(TraversableLike.scala:238)
	at scala.collection.immutable.List.foreach(List.scala:392)
	at scala.collection.TraversableLike.map(TraversableLike.scala:238)
	at scala.collection.TraversableLike.map$(TraversableLike.scala:231)
	at scala.collection.immutable.List.map(List.scala:298)
	at miniscala.CPSOptimizer.shrinkT$1(CPSOptimizer.scala:114)
	at miniscala.CPSOptimizer.shrinkT$1(CPSOptimizer.scala:102)
	at miniscala.CPSOptimizer.shrinkT$1(CPSOptimizer.scala:127)
	at miniscala.CPSOptimizer.shrink(CPSOptimizer.scala:168)
	at miniscala.CPSOptimizer.$anonfun$apply$1(CPSOptimizer.scala:10)
	at scala.collection.immutable.Stream$.$anonfun$iterate$1(Stream.scala:1207)
	at scala.collection.immutable.Stream$Cons.tail(Stream.scala:1171)
	at scala.collection.immutable.Stream$Cons.tail(Stream.scala:1161)
	at scala.collection.immutable.Stream.$anonfun$take$2(Stream.scala:792)
	at scala.collection.immutable.Stream$Cons.tail(Stream.scala:1171)
	at scala.collection.immutable.Stream$Cons.tail(Stream.scala:1161)
	at miniscala.package$.fixedPoint(package.scala:4)
	at miniscala.package$.fixedPoint(package.scala:9)
	at miniscala.CPSOptimizer.apply(CPSOptimizer.scala:10)
	at miniscala.CPSOptimizerHigh$.apply(CPSOptimizer.scala:279)
	at scala.Function1.$anonfun$andThen$1(Function1.scala:57)
	at scala.Function1.$anonfun$andThen$1(Function1.scala:57)
	at scala.Function1.$anonfun$andThen$1(Function1.scala:57)
	at scala.Function1.$anonfun$andThen$1(Function1.scala:57)
	at scala.Function1.$anonfun$andThen$1(Function1.scala:57)
	at scala.Function1.$anonfun$andThen$1(Function1.scala:57)
	at scala.Function1.$anonfun$andThen$1(Function1.scala:57)
	at scala.Function1.$anonfun$andThen$1(Function1.scala:57)
	at miniscala.test.infrastructure.CompilerTest.compileInner(CompilerTest.scala:37)
	at miniscala.test.infrastructure.CompilerTest.$anonfun$compileUsingPipelineAndRedirect$1(CompilerTest.scala:44)
	at miniscala.test.infrastructure.SandboxedTest$$anon$1.run(SandboxedTest.scala:24)
	at java.security.AccessController.doPrivileged(Native Method)
	at miniscala.test.infrastructure.SandboxedTest.sandboxedTest(SandboxedTest.scala:34)
	at miniscala.test.infrastructure.SandboxedTest.sandboxedTestWithRedirectedIO(SandboxedTest.scala:45)
	at miniscala.test.infrastructure.CompilerTest.compileUsingPipelineAndRedirect(CompilerTest.scala:44)
	at miniscala.test.infrastructure.CompilerTest.compileUsingPipelineAndRedirect$(CompilerTest.scala:43)
	at miniscala.test.infrastructure.CPSTest.compileUsingPipelineAndRedirect(CPSTest.scala:11)
	at miniscala.test.infrastructure.CPSOptTest.testCPSOptStats(CPSOptTest.scala:60)
	at miniscala.test.infrastructure.CPSOptTest.testCPSBothSeq(CPSOptTest.scala:73)
	at miniscala.test.CPSOptimizer_Greybox.testConstantPropagationSimple(CPSOptimizer_Greybox.scala:105)
	at sun.reflect.NativeMethodAccessorImpl.invoke0(Native Method)
	at sun.reflect.NativeMethodAccessorImpl.invoke(NativeMethodAccessorImpl.java:62)
	at sun.reflect.DelegatingMethodAccessorImpl.invoke(DelegatingMethodAccessorImpl.java:43)
	at java.lang.reflect.Method.invoke(Method.java:498)
	at org.junit.runners.model.FrameworkMethod$1.runReflectiveCall(FrameworkMethod.java:47)
	at org.junit.internal.runners.model.ReflectiveCallable.run(ReflectiveCallable.java:12)
	at org.junit.runners.model.FrameworkMethod.invokeExplosively(FrameworkMethod.java:44)
	at org.junit.internal.runners.statements.InvokeMethod.evaluate(InvokeMethod.java:17)
	at org.junit.runners.ParentRunner.runLeaf(ParentRunner.java:271)
	at org.junit.runners.BlockJUnit4ClassRunner.runChild(BlockJUnit4ClassRunner.java:70)
	at org.junit.runners.BlockJUnit4ClassRunner.runChild(BlockJUnit4ClassRunner.java:50)
	at org.junit.runners.ParentRunner$3.run(ParentRunner.java:238)
	at org.junit.runners.ParentRunner$1.schedule(ParentRunner.java:63)
	at org.junit.runners.ParentRunner.runChildren(ParentRunner.java:236)
	at org.junit.runners.ParentRunner.access$000(ParentRunner.java:53)
	at org.junit.runners.ParentRunner$2.evaluate(ParentRunner.java:229)
	at org.junit.runners.ParentRunner.run(ParentRunner.java:309)
	at org.junit.runners.Suite.runChild(Suite.java:127)
	at org.junit.runners.Suite.runChild(Suite.java:26)
	at org.junit.runners.ParentRunner$3.run(ParentRunner.java:238)
	at org.junit.runners.ParentRunner$1.schedule(ParentRunner.java:63)
	at org.junit.runners.ParentRunner.runChildren(ParentRunner.java:236)
	at org.junit.runners.ParentRunner.access$000(ParentRunner.java:53)
	at org.junit.runners.ParentRunner$2.evaluate(ParentRunner.java:229)
	at org.junit.runners.ParentRunner.run(ParentRunner.java:309)
	at org.junit.runner.JUnitCore.run(JUnitCore.java:160)
	at org.junit.runner.JUnitCore.run(JUnitCore.java:138)
	at com.novocode.junit.JUnitRunner$1.execute(JUnitRunner.java:132)
	at sbt.ForkMain$Run.lambda$runTest$1(ForkMain.java:304)
	at java.util.concurrent.FutureTask.run(FutureTask.java:266)
	at java.util.concurrent.ThreadPoolExecutor.runWorker(ThreadPoolExecutor.java:1149)
	at java.util.concurrent.ThreadPoolExecutor$Worker.run(ThreadPoolExecutor.java:624)
	at java.lang.Thread.run(Thread.java:748)
</failure>
                                               </testcase><testcase classname="miniscala.test.CPSOptimizer_Greybox" name="testNeutralElementsMulZero1" time="0.002">
                                                 <failure message="java.util.NoSuchElementException: key not found: v_6033" type="sbt.ForkMain$ForkError">sbt.ForkMain$ForkError: java.util.NoSuchElementException: key not found: v_6033
	at scala.collection.immutable.Map$Map1.apply(Map.scala:114)
	at miniscala.CPSOptimizer.$anonfun$shrink$1(CPSOptimizer.scala:114)
	at scala.collection.TraversableLike.$anonfun$map$1(TraversableLike.scala:238)
	at scala.collection.immutable.List.foreach(List.scala:392)
	at scala.collection.TraversableLike.map(TraversableLike.scala:238)
	at scala.collection.TraversableLike.map$(TraversableLike.scala:231)
	at scala.collection.immutable.List.map(List.scala:298)
	at miniscala.CPSOptimizer.shrinkT$1(CPSOptimizer.scala:114)
	at miniscala.CPSOptimizer.shrinkT$1(CPSOptimizer.scala:102)
	at miniscala.CPSOptimizer.shrinkT$1(CPSOptimizer.scala:127)
	at miniscala.CPSOptimizer.shrink(CPSOptimizer.scala:168)
	at miniscala.CPSOptimizer.$anonfun$apply$1(CPSOptimizer.scala:10)
	at scala.collection.immutable.Stream$.$anonfun$iterate$1(Stream.scala:1207)
	at scala.collection.immutable.Stream$Cons.tail(Stream.scala:1171)
	at scala.collection.immutable.Stream$Cons.tail(Stream.scala:1161)
	at scala.collection.immutable.Stream.$anonfun$take$2(Stream.scala:792)
	at scala.collection.immutable.Stream$Cons.tail(Stream.scala:1171)
	at scala.collection.immutable.Stream$Cons.tail(Stream.scala:1161)
	at miniscala.package$.fixedPoint(package.scala:4)
	at miniscala.package$.fixedPoint(package.scala:9)
	at miniscala.CPSOptimizer.apply(CPSOptimizer.scala:10)
	at miniscala.CPSOptimizerHigh$.apply(CPSOptimizer.scala:279)
	at scala.Function1.$anonfun$andThen$1(Function1.scala:57)
	at scala.Function1.$anonfun$andThen$1(Function1.scala:57)
	at scala.Function1.$anonfun$andThen$1(Function1.scala:57)
	at scala.Function1.$anonfun$andThen$1(Function1.scala:57)
	at scala.Function1.$anonfun$andThen$1(Function1.scala:57)
	at scala.Function1.$anonfun$andThen$1(Function1.scala:57)
	at scala.Function1.$anonfun$andThen$1(Function1.scala:57)
	at scala.Function1.$anonfun$andThen$1(Function1.scala:57)
	at miniscala.test.infrastructure.CompilerTest.compileInner(CompilerTest.scala:37)
	at miniscala.test.infrastructure.CompilerTest.$anonfun$compileUsingPipelineAndRedirect$1(CompilerTest.scala:44)
	at miniscala.test.infrastructure.SandboxedTest$$anon$1.run(SandboxedTest.scala:24)
	at java.security.AccessController.doPrivileged(Native Method)
	at miniscala.test.infrastructure.SandboxedTest.sandboxedTest(SandboxedTest.scala:34)
	at miniscala.test.infrastructure.SandboxedTest.sandboxedTestWithRedirectedIO(SandboxedTest.scala:45)
	at miniscala.test.infrastructure.CompilerTest.compileUsingPipelineAndRedirect(CompilerTest.scala:44)
	at miniscala.test.infrastructure.CompilerTest.compileUsingPipelineAndRedirect$(CompilerTest.scala:43)
	at miniscala.test.infrastructure.CPSTest.compileUsingPipelineAndRedirect(CPSTest.scala:11)
	at miniscala.test.infrastructure.CPSOptTest.testCPSOptStats(CPSOptTest.scala:60)
	at miniscala.test.infrastructure.CPSOptTest.testCPSBothSeq(CPSOptTest.scala:73)
	at miniscala.test.CPSOptimizer_Greybox.testNeutralElementsMulZero1(CPSOptimizer_Greybox.scala:135)
	at sun.reflect.NativeMethodAccessorImpl.invoke0(Native Method)
	at sun.reflect.NativeMethodAccessorImpl.invoke(NativeMethodAccessorImpl.java:62)
	at sun.reflect.DelegatingMethodAccessorImpl.invoke(DelegatingMethodAccessorImpl.java:43)
	at java.lang.reflect.Method.invoke(Method.java:498)
	at org.junit.runners.model.FrameworkMethod$1.runReflectiveCall(FrameworkMethod.java:47)
	at org.junit.internal.runners.model.ReflectiveCallable.run(ReflectiveCallable.java:12)
	at org.junit.runners.model.FrameworkMethod.invokeExplosively(FrameworkMethod.java:44)
	at org.junit.internal.runners.statements.InvokeMethod.evaluate(InvokeMethod.java:17)
	at org.junit.runners.ParentRunner.runLeaf(ParentRunner.java:271)
	at org.junit.runners.BlockJUnit4ClassRunner.runChild(BlockJUnit4ClassRunner.java:70)
	at org.junit.runners.BlockJUnit4ClassRunner.runChild(BlockJUnit4ClassRunner.java:50)
	at org.junit.runners.ParentRunner$3.run(ParentRunner.java:238)
	at org.junit.runners.ParentRunner$1.schedule(ParentRunner.java:63)
	at org.junit.runners.ParentRunner.runChildren(ParentRunner.java:236)
	at org.junit.runners.ParentRunner.access$000(ParentRunner.java:53)
	at org.junit.runners.ParentRunner$2.evaluate(ParentRunner.java:229)
	at org.junit.runners.ParentRunner.run(ParentRunner.java:309)
	at org.junit.runners.Suite.runChild(Suite.java:127)
	at org.junit.runners.Suite.runChild(Suite.java:26)
	at org.junit.runners.ParentRunner$3.run(ParentRunner.java:238)
	at org.junit.runners.ParentRunner$1.schedule(ParentRunner.java:63)
	at org.junit.runners.ParentRunner.runChildren(ParentRunner.java:236)
	at org.junit.runners.ParentRunner.access$000(ParentRunner.java:53)
	at org.junit.runners.ParentRunner$2.evaluate(ParentRunner.java:229)
	at org.junit.runners.ParentRunner.run(ParentRunner.java:309)
	at org.junit.runner.JUnitCore.run(JUnitCore.java:160)
	at org.junit.runner.JUnitCore.run(JUnitCore.java:138)
	at com.novocode.junit.JUnitRunner$1.execute(JUnitRunner.java:132)
	at sbt.ForkMain$Run.lambda$runTest$1(ForkMain.java:304)
	at java.util.concurrent.FutureTask.run(FutureTask.java:266)
	at java.util.concurrent.ThreadPoolExecutor.runWorker(ThreadPoolExecutor.java:1149)
	at java.util.concurrent.ThreadPoolExecutor$Worker.run(ThreadPoolExecutor.java:624)
	at java.lang.Thread.run(Thread.java:748)
</failure>
                                               </testcase><testcase classname="miniscala.test.CPSOptimizer_Greybox" name="testNeutralElementsMulZero2" time="0.002">
                                                 <failure message="java.util.NoSuchElementException: key not found: v_6036" type="sbt.ForkMain$ForkError">sbt.ForkMain$ForkError: java.util.NoSuchElementException: key not found: v_6036
	at scala.collection.immutable.Map$Map1.apply(Map.scala:114)
	at miniscala.CPSOptimizer.$anonfun$shrink$1(CPSOptimizer.scala:114)
	at scala.collection.TraversableLike.$anonfun$map$1(TraversableLike.scala:238)
	at scala.collection.immutable.List.foreach(List.scala:392)
	at scala.collection.TraversableLike.map(TraversableLike.scala:238)
	at scala.collection.TraversableLike.map$(TraversableLike.scala:231)
	at scala.collection.immutable.List.map(List.scala:298)
	at miniscala.CPSOptimizer.shrinkT$1(CPSOptimizer.scala:114)
	at miniscala.CPSOptimizer.shrinkT$1(CPSOptimizer.scala:102)
	at miniscala.CPSOptimizer.shrinkT$1(CPSOptimizer.scala:127)
	at miniscala.CPSOptimizer.shrink(CPSOptimizer.scala:168)
	at miniscala.CPSOptimizer.$anonfun$apply$1(CPSOptimizer.scala:10)
	at scala.collection.immutable.Stream$.$anonfun$iterate$1(Stream.scala:1207)
	at scala.collection.immutable.Stream$Cons.tail(Stream.scala:1171)
	at scala.collection.immutable.Stream$Cons.tail(Stream.scala:1161)
	at scala.collection.immutable.Stream.$anonfun$take$2(Stream.scala:792)
	at scala.collection.immutable.Stream$Cons.tail(Stream.scala:1171)
	at scala.collection.immutable.Stream$Cons.tail(Stream.scala:1161)
	at miniscala.package$.fixedPoint(package.scala:4)
	at miniscala.package$.fixedPoint(package.scala:9)
	at miniscala.CPSOptimizer.apply(CPSOptimizer.scala:10)
	at miniscala.CPSOptimizerHigh$.apply(CPSOptimizer.scala:279)
	at scala.Function1.$anonfun$andThen$1(Function1.scala:57)
	at scala.Function1.$anonfun$andThen$1(Function1.scala:57)
	at scala.Function1.$anonfun$andThen$1(Function1.scala:57)
	at scala.Function1.$anonfun$andThen$1(Function1.scala:57)
	at scala.Function1.$anonfun$andThen$1(Function1.scala:57)
	at scala.Function1.$anonfun$andThen$1(Function1.scala:57)
	at scala.Function1.$anonfun$andThen$1(Function1.scala:57)
	at scala.Function1.$anonfun$andThen$1(Function1.scala:57)
	at miniscala.test.infrastructure.CompilerTest.compileInner(CompilerTest.scala:37)
	at miniscala.test.infrastructure.CompilerTest.$anonfun$compileUsingPipelineAndRedirect$1(CompilerTest.scala:44)
	at miniscala.test.infrastructure.SandboxedTest$$anon$1.run(SandboxedTest.scala:24)
	at java.security.AccessController.doPrivileged(Native Method)
	at miniscala.test.infrastructure.SandboxedTest.sandboxedTest(SandboxedTest.scala:34)
	at miniscala.test.infrastructure.SandboxedTest.sandboxedTestWithRedirectedIO(SandboxedTest.scala:45)
	at miniscala.test.infrastructure.CompilerTest.compileUsingPipelineAndRedirect(CompilerTest.scala:44)
	at miniscala.test.infrastructure.CompilerTest.compileUsingPipelineAndRedirect$(CompilerTest.scala:43)
	at miniscala.test.infrastructure.CPSTest.compileUsingPipelineAndRedirect(CPSTest.scala:11)
	at miniscala.test.infrastructure.CPSOptTest.testCPSOptStats(CPSOptTest.scala:60)
	at miniscala.test.infrastructure.CPSOptTest.testCPSBothSeq(CPSOptTest.scala:73)
	at miniscala.test.CPSOptimizer_Greybox.testNeutralElementsMulZero2(CPSOptimizer_Greybox.scala:138)
	at sun.reflect.NativeMethodAccessorImpl.invoke0(Native Method)
	at sun.reflect.NativeMethodAccessorImpl.invoke(NativeMethodAccessorImpl.java:62)
	at sun.reflect.DelegatingMethodAccessorImpl.invoke(DelegatingMethodAccessorImpl.java:43)
	at java.lang.reflect.Method.invoke(Method.java:498)
	at org.junit.runners.model.FrameworkMethod$1.runReflectiveCall(FrameworkMethod.java:47)
	at org.junit.internal.runners.model.ReflectiveCallable.run(ReflectiveCallable.java:12)
	at org.junit.runners.model.FrameworkMethod.invokeExplosively(FrameworkMethod.java:44)
	at org.junit.internal.runners.statements.InvokeMethod.evaluate(InvokeMethod.java:17)
	at org.junit.runners.ParentRunner.runLeaf(ParentRunner.java:271)
	at org.junit.runners.BlockJUnit4ClassRunner.runChild(BlockJUnit4ClassRunner.java:70)
	at org.junit.runners.BlockJUnit4ClassRunner.runChild(BlockJUnit4ClassRunner.java:50)
	at org.junit.runners.ParentRunner$3.run(ParentRunner.java:238)
	at org.junit.runners.ParentRunner$1.schedule(ParentRunner.java:63)
	at org.junit.runners.ParentRunner.runChildren(ParentRunner.java:236)
	at org.junit.runners.ParentRunner.access$000(ParentRunner.java:53)
	at org.junit.runners.ParentRunner$2.evaluate(ParentRunner.java:229)
	at org.junit.runners.ParentRunner.run(ParentRunner.java:309)
	at org.junit.runners.Suite.runChild(Suite.java:127)
	at org.junit.runners.Suite.runChild(Suite.java:26)
	at org.junit.runners.ParentRunner$3.run(ParentRunner.java:238)
	at org.junit.runners.ParentRunner$1.schedule(ParentRunner.java:63)
	at org.junit.runners.ParentRunner.runChildren(ParentRunner.java:236)
	at org.junit.runners.ParentRunner.access$000(ParentRunner.java:53)
	at org.junit.runners.ParentRunner$2.evaluate(ParentRunner.java:229)
	at org.junit.runners.ParentRunner.run(ParentRunner.java:309)
	at org.junit.runner.JUnitCore.run(JUnitCore.java:160)
	at org.junit.runner.JUnitCore.run(JUnitCore.java:138)
	at com.novocode.junit.JUnitRunner$1.execute(JUnitRunner.java:132)
	at sbt.ForkMain$Run.lambda$runTest$1(ForkMain.java:304)
	at java.util.concurrent.FutureTask.run(FutureTask.java:266)
	at java.util.concurrent.ThreadPoolExecutor.runWorker(ThreadPoolExecutor.java:1149)
	at java.util.concurrent.ThreadPoolExecutor$Worker.run(ThreadPoolExecutor.java:624)
	at java.lang.Thread.run(Thread.java:748)
</failure>
                                               </testcase><testcase classname="miniscala.test.CPSOptimizer_Greybox" name="testFunInlining" time="0.002">
                                                 <failure message="scala.MatchError: Halt(c0_71) (of class miniscala.CPSTreeModule$Halt)" type="sbt.ForkMain$ForkError">sbt.ForkMain$ForkError: scala.MatchError: Halt(c0_71) (of class miniscala.CPSTreeModule$Halt)
	at miniscala.CPSOptimizer.shrinkT$1(CPSOptimizer.scala:93)
	at miniscala.CPSOptimizer.shrinkT$1(CPSOptimizer.scala:102)
	at miniscala.CPSOptimizer.$anonfun$shrink$6(CPSOptimizer.scala:148)
	at scala.collection.TraversableLike.$anonfun$map$1(TraversableLike.scala:238)
	at scala.collection.immutable.List.foreach(List.scala:392)
	at scala.collection.TraversableLike.map(TraversableLike.scala:238)
	at scala.collection.TraversableLike.map$(TraversableLike.scala:231)
	at scala.collection.immutable.List.map(List.scala:298)
	at miniscala.CPSOptimizer.shrinkT$1(CPSOptimizer.scala:148)
	at miniscala.CPSOptimizer.shrinkT$1(CPSOptimizer.scala:102)
	at miniscala.CPSOptimizer.shrinkT$1(CPSOptimizer.scala:144)
	at miniscala.CPSOptimizer.shrink(CPSOptimizer.scala:168)
	at miniscala.CPSOptimizer.$anonfun$apply$1(CPSOptimizer.scala:10)
	at scala.collection.immutable.Stream$.$anonfun$iterate$1(Stream.scala:1207)
	at scala.collection.immutable.Stream$Cons.tail(Stream.scala:1171)
	at scala.collection.immutable.Stream$Cons.tail(Stream.scala:1161)
	at scala.collection.immutable.Stream.$anonfun$take$2(Stream.scala:792)
	at scala.collection.immutable.Stream$Cons.tail(Stream.scala:1171)
	at scala.collection.immutable.Stream$Cons.tail(Stream.scala:1161)
	at miniscala.package$.fixedPoint(package.scala:4)
	at miniscala.package$.fixedPoint(package.scala:9)
	at miniscala.CPSOptimizer.apply(CPSOptimizer.scala:10)
	at miniscala.CPSOptimizerHigh$.apply(CPSOptimizer.scala:279)
	at scala.Function1.$anonfun$andThen$1(Function1.scala:57)
	at scala.Function1.$anonfun$andThen$1(Function1.scala:57)
	at scala.Function1.$anonfun$andThen$1(Function1.scala:57)
	at scala.Function1.$anonfun$andThen$1(Function1.scala:57)
	at scala.Function1.$anonfun$andThen$1(Function1.scala:57)
	at scala.Function1.$anonfun$andThen$1(Function1.scala:57)
	at scala.Function1.$anonfun$andThen$1(Function1.scala:57)
	at scala.Function1.$anonfun$andThen$1(Function1.scala:57)
	at miniscala.test.infrastructure.CompilerTest.compileInner(CompilerTest.scala:37)
	at miniscala.test.infrastructure.CompilerTest.$anonfun$compileUsingPipelineAndRedirect$1(CompilerTest.scala:44)
	at miniscala.test.infrastructure.SandboxedTest$$anon$1.run(SandboxedTest.scala:24)
	at java.security.AccessController.doPrivileged(Native Method)
	at miniscala.test.infrastructure.SandboxedTest.sandboxedTest(SandboxedTest.scala:34)
	at miniscala.test.infrastructure.SandboxedTest.sandboxedTestWithRedirectedIO(SandboxedTest.scala:45)
	at miniscala.test.infrastructure.CompilerTest.compileUsingPipelineAndRedirect(CompilerTest.scala:44)
	at miniscala.test.infrastructure.CompilerTest.compileUsingPipelineAndRedirect$(CompilerTest.scala:43)
	at miniscala.test.infrastructure.CPSTest.compileUsingPipelineAndRedirect(CPSTest.scala:11)
	at miniscala.test.infrastructure.CPSOptTest.testCPSOptStats(CPSOptTest.scala:60)
	at miniscala.test.infrastructure.CPSOptTest.testCPSOptEarly(CPSOptTest.scala:67)
	at miniscala.test.CPSOptimizer_Greybox.testFunInlining(CPSOptimizer_Greybox.scala:43)
	at sun.reflect.NativeMethodAccessorImpl.invoke0(Native Method)
	at sun.reflect.NativeMethodAccessorImpl.invoke(NativeMethodAccessorImpl.java:62)
	at sun.reflect.DelegatingMethodAccessorImpl.invoke(DelegatingMethodAccessorImpl.java:43)
	at java.lang.reflect.Method.invoke(Method.java:498)
	at org.junit.runners.model.FrameworkMethod$1.runReflectiveCall(FrameworkMethod.java:47)
	at org.junit.internal.runners.model.ReflectiveCallable.run(ReflectiveCallable.java:12)
	at org.junit.runners.model.FrameworkMethod.invokeExplosively(FrameworkMethod.java:44)
	at org.junit.internal.runners.statements.InvokeMethod.evaluate(InvokeMethod.java:17)
	at org.junit.runners.ParentRunner.runLeaf(ParentRunner.java:271)
	at org.junit.runners.BlockJUnit4ClassRunner.runChild(BlockJUnit4ClassRunner.java:70)
	at org.junit.runners.BlockJUnit4ClassRunner.runChild(BlockJUnit4ClassRunner.java:50)
	at org.junit.runners.ParentRunner$3.run(ParentRunner.java:238)
	at org.junit.runners.ParentRunner$1.schedule(ParentRunner.java:63)
	at org.junit.runners.ParentRunner.runChildren(ParentRunner.java:236)
	at org.junit.runners.ParentRunner.access$000(ParentRunner.java:53)
	at org.junit.runners.ParentRunner$2.evaluate(ParentRunner.java:229)
	at org.junit.runners.ParentRunner.run(ParentRunner.java:309)
	at org.junit.runners.Suite.runChild(Suite.java:127)
	at org.junit.runners.Suite.runChild(Suite.java:26)
	at org.junit.runners.ParentRunner$3.run(ParentRunner.java:238)
	at org.junit.runners.ParentRunner$1.schedule(ParentRunner.java:63)
	at org.junit.runners.ParentRunner.runChildren(ParentRunner.java:236)
	at org.junit.runners.ParentRunner.access$000(ParentRunner.java:53)
	at org.junit.runners.ParentRunner$2.evaluate(ParentRunner.java:229)
	at org.junit.runners.ParentRunner.run(ParentRunner.java:309)
	at org.junit.runner.JUnitCore.run(JUnitCore.java:160)
	at org.junit.runner.JUnitCore.run(JUnitCore.java:138)
	at com.novocode.junit.JUnitRunner$1.execute(JUnitRunner.java:132)
	at sbt.ForkMain$Run.lambda$runTest$1(ForkMain.java:304)
	at java.util.concurrent.FutureTask.run(FutureTask.java:266)
	at java.util.concurrent.ThreadPoolExecutor.runWorker(ThreadPoolExecutor.java:1149)
	at java.util.concurrent.ThreadPoolExecutor$Worker.run(ThreadPoolExecutor.java:624)
	at java.lang.Thread.run(Thread.java:748)
</failure>
                                               </testcase><testcase classname="miniscala.test.CPSOptimizer_Greybox" name="testConstantFoldingDiv" time="0.003">
                                                 <failure message="scala.MatchError: Halt(t_9) (of class miniscala.CPSTreeModule$Halt)" type="sbt.ForkMain$ForkError">sbt.ForkMain$ForkError: scala.MatchError: Halt(t_9) (of class miniscala.CPSTreeModule$Halt)
	at miniscala.CPSOptimizer.shrinkT$1(CPSOptimizer.scala:93)
	at miniscala.CPSOptimizer.shrinkT$1(CPSOptimizer.scala:115)
	at miniscala.CPSOptimizer.shrinkT$1(CPSOptimizer.scala:102)
	at miniscala.CPSOptimizer.shrinkT$1(CPSOptimizer.scala:102)
	at miniscala.CPSOptimizer.shrinkT$1(CPSOptimizer.scala:115)
	at miniscala.CPSOptimizer.shrinkT$1(CPSOptimizer.scala:115)
	at miniscala.CPSOptimizer.shrinkT$1(CPSOptimizer.scala:115)
	at miniscala.CPSOptimizer.shrinkT$1(CPSOptimizer.scala:115)
	at miniscala.CPSOptimizer.shrinkT$1(CPSOptimizer.scala:102)
	at miniscala.CPSOptimizer.shrinkT$1(CPSOptimizer.scala:102)
	at miniscala.CPSOptimizer.shrinkT$1(CPSOptimizer.scala:102)
	at miniscala.CPSOptimizer.shrinkT$1(CPSOptimizer.scala:144)
	at miniscala.CPSOptimizer.shrink(CPSOptimizer.scala:168)
	at miniscala.CPSOptimizer.$anonfun$apply$1(CPSOptimizer.scala:10)
	at scala.collection.immutable.Stream$.$anonfun$iterate$1(Stream.scala:1207)
	at scala.collection.immutable.Stream$Cons.tail(Stream.scala:1171)
	at scala.collection.immutable.Stream$Cons.tail(Stream.scala:1161)
	at scala.collection.immutable.Stream.$anonfun$take$2(Stream.scala:792)
	at scala.collection.immutable.Stream$Cons.tail(Stream.scala:1171)
	at scala.collection.immutable.Stream$Cons.tail(Stream.scala:1161)
	at miniscala.package$.fixedPoint(package.scala:4)
	at miniscala.package$.fixedPoint(package.scala:9)
	at miniscala.CPSOptimizer.apply(CPSOptimizer.scala:10)
	at miniscala.CPSOptimizerLow$.apply(CPSOptimizer.scala:358)
	at scala.Function1.$anonfun$andThen$1(Function1.scala:57)
	at scala.Function1.$anonfun$andThen$1(Function1.scala:57)
	at scala.Function1.$anonfun$andThen$1(Function1.scala:57)
	at scala.Function1.$anonfun$andThen$1(Function1.scala:57)
	at scala.Function1.$anonfun$andThen$1(Function1.scala:57)
	at miniscala.test.infrastructure.CompilerTest.compileInner(CompilerTest.scala:37)
	at miniscala.test.infrastructure.CompilerTest.$anonfun$compileUsingPipelineAndRedirect$1(CompilerTest.scala:44)
	at miniscala.test.infrastructure.SandboxedTest$$anon$1.run(SandboxedTest.scala:24)
	at java.security.AccessController.doPrivileged(Native Method)
	at miniscala.test.infrastructure.SandboxedTest.sandboxedTest(SandboxedTest.scala:34)
	at miniscala.test.infrastructure.SandboxedTest.sandboxedTestWithRedirectedIO(SandboxedTest.scala:45)
	at miniscala.test.infrastructure.CompilerTest.compileUsingPipelineAndRedirect(CompilerTest.scala:44)
	at miniscala.test.infrastructure.CompilerTest.compileUsingPipelineAndRedirect$(CompilerTest.scala:43)
	at miniscala.test.infrastructure.CPSTest.compileUsingPipelineAndRedirect(CPSTest.scala:11)
	at miniscala.test.infrastructure.CPSOptTest.testCPSOptStats(CPSOptTest.scala:60)
	at miniscala.test.infrastructure.CPSOptTest.testCPSOptLate(CPSOptTest.scala:70)
	at miniscala.test.CPSOptimizer_Greybox.testConstantFoldingDiv(CPSOptimizer_Greybox.scala:74)
	at sun.reflect.NativeMethodAccessorImpl.invoke0(Native Method)
	at sun.reflect.NativeMethodAccessorImpl.invoke(NativeMethodAccessorImpl.java:62)
	at sun.reflect.DelegatingMethodAccessorImpl.invoke(DelegatingMethodAccessorImpl.java:43)
	at java.lang.reflect.Method.invoke(Method.java:498)
	at org.junit.runners.model.FrameworkMethod$1.runReflectiveCall(FrameworkMethod.java:47)
	at org.junit.internal.runners.model.ReflectiveCallable.run(ReflectiveCallable.java:12)
	at org.junit.runners.model.FrameworkMethod.invokeExplosively(FrameworkMethod.java:44)
	at org.junit.internal.runners.statements.InvokeMethod.evaluate(InvokeMethod.java:17)
	at org.junit.runners.ParentRunner.runLeaf(ParentRunner.java:271)
	at org.junit.runners.BlockJUnit4ClassRunner.runChild(BlockJUnit4ClassRunner.java:70)
	at org.junit.runners.BlockJUnit4ClassRunner.runChild(BlockJUnit4ClassRunner.java:50)
	at org.junit.runners.ParentRunner$3.run(ParentRunner.java:238)
	at org.junit.runners.ParentRunner$1.schedule(ParentRunner.java:63)
	at org.junit.runners.ParentRunner.runChildren(ParentRunner.java:236)
	at org.junit.runners.ParentRunner.access$000(ParentRunner.java:53)
	at org.junit.runners.ParentRunner$2.evaluate(ParentRunner.java:229)
	at org.junit.runners.ParentRunner.run(ParentRunner.java:309)
	at org.junit.runners.Suite.runChild(Suite.java:127)
	at org.junit.runners.Suite.runChild(Suite.java:26)
	at org.junit.runners.ParentRunner$3.run(ParentRunner.java:238)
	at org.junit.runners.ParentRunner$1.schedule(ParentRunner.java:63)
	at org.junit.runners.ParentRunner.runChildren(ParentRunner.java:236)
	at org.junit.runners.ParentRunner.access$000(ParentRunner.java:53)
	at org.junit.runners.ParentRunner$2.evaluate(ParentRunner.java:229)
	at org.junit.runners.ParentRunner.run(ParentRunner.java:309)
	at org.junit.runner.JUnitCore.run(JUnitCore.java:160)
	at org.junit.runner.JUnitCore.run(JUnitCore.java:138)
	at com.novocode.junit.JUnitRunner$1.execute(JUnitRunner.java:132)
	at sbt.ForkMain$Run.lambda$runTest$1(ForkMain.java:304)
	at java.util.concurrent.FutureTask.run(FutureTask.java:266)
	at java.util.concurrent.ThreadPoolExecutor.runWorker(ThreadPoolExecutor.java:1149)
	at java.util.concurrent.ThreadPoolExecutor$Worker.run(ThreadPoolExecutor.java:624)
	at java.lang.Thread.run(Thread.java:748)
</failure>
                                               </testcase><testcase classname="miniscala.test.CPSOptimizer_Greybox" name="testConstantFoldingMod" time="0.008">
                                                 <failure message="scala.MatchError: Halt(t_15) (of class miniscala.CPSTreeModule$Halt)" type="sbt.ForkMain$ForkError">sbt.ForkMain$ForkError: scala.MatchError: Halt(t_15) (of class miniscala.CPSTreeModule$Halt)
	at miniscala.CPSOptimizer.shrinkT$1(CPSOptimizer.scala:93)
	at miniscala.CPSOptimizer.shrinkT$1(CPSOptimizer.scala:115)
	at miniscala.CPSOptimizer.shrinkT$1(CPSOptimizer.scala:102)
	at miniscala.CPSOptimizer.shrinkT$1(CPSOptimizer.scala:102)
	at miniscala.CPSOptimizer.shrinkT$1(CPSOptimizer.scala:115)
	at miniscala.CPSOptimizer.shrinkT$1(CPSOptimizer.scala:115)
	at miniscala.CPSOptimizer.shrinkT$1(CPSOptimizer.scala:115)
	at miniscala.CPSOptimizer.shrinkT$1(CPSOptimizer.scala:115)
	at miniscala.CPSOptimizer.shrinkT$1(CPSOptimizer.scala:102)
	at miniscala.CPSOptimizer.shrinkT$1(CPSOptimizer.scala:102)
	at miniscala.CPSOptimizer.shrinkT$1(CPSOptimizer.scala:102)
	at miniscala.CPSOptimizer.shrinkT$1(CPSOptimizer.scala:144)
	at miniscala.CPSOptimizer.shrink(CPSOptimizer.scala:168)
	at miniscala.CPSOptimizer.$anonfun$apply$1(CPSOptimizer.scala:10)
	at scala.collection.immutable.Stream$.$anonfun$iterate$1(Stream.scala:1207)
	at scala.collection.immutable.Stream$Cons.tail(Stream.scala:1171)
	at scala.collection.immutable.Stream$Cons.tail(Stream.scala:1161)
	at scala.collection.immutable.Stream.$anonfun$take$2(Stream.scala:792)
	at scala.collection.immutable.Stream$Cons.tail(Stream.scala:1171)
	at scala.collection.immutable.Stream$Cons.tail(Stream.scala:1161)
	at miniscala.package$.fixedPoint(package.scala:4)
	at miniscala.package$.fixedPoint(package.scala:9)
	at miniscala.CPSOptimizer.apply(CPSOptimizer.scala:10)
	at miniscala.CPSOptimizerLow$.apply(CPSOptimizer.scala:358)
	at scala.Function1.$anonfun$andThen$1(Function1.scala:57)
	at scala.Function1.$anonfun$andThen$1(Function1.scala:57)
	at scala.Function1.$anonfun$andThen$1(Function1.scala:57)
	at scala.Function1.$anonfun$andThen$1(Function1.scala:57)
	at scala.Function1.$anonfun$andThen$1(Function1.scala:57)
	at miniscala.test.infrastructure.CompilerTest.compileInner(CompilerTest.scala:37)
	at miniscala.test.infrastructure.CompilerTest.$anonfun$compileUsingPipelineAndRedirect$1(CompilerTest.scala:44)
	at miniscala.test.infrastructure.SandboxedTest$$anon$1.run(SandboxedTest.scala:24)
	at java.security.AccessController.doPrivileged(Native Method)
	at miniscala.test.infrastructure.SandboxedTest.sandboxedTest(SandboxedTest.scala:34)
	at miniscala.test.infrastructure.SandboxedTest.sandboxedTestWithRedirectedIO(SandboxedTest.scala:45)
	at miniscala.test.infrastructure.CompilerTest.compileUsingPipelineAndRedirect(CompilerTest.scala:44)
	at miniscala.test.infrastructure.CompilerTest.compileUsingPipelineAndRedirect$(CompilerTest.scala:43)
	at miniscala.test.infrastructure.CPSTest.compileUsingPipelineAndRedirect(CPSTest.scala:11)
	at miniscala.test.infrastructure.CPSOptTest.testCPSOptStats(CPSOptTest.scala:60)
	at miniscala.test.infrastructure.CPSOptTest.testCPSOptLate(CPSOptTest.scala:70)
	at miniscala.test.CPSOptimizer_Greybox.testConstantFoldingMod(CPSOptimizer_Greybox.scala:77)
	at sun.reflect.NativeMethodAccessorImpl.invoke0(Native Method)
	at sun.reflect.NativeMethodAccessorImpl.invoke(NativeMethodAccessorImpl.java:62)
	at sun.reflect.DelegatingMethodAccessorImpl.invoke(DelegatingMethodAccessorImpl.java:43)
	at java.lang.reflect.Method.invoke(Method.java:498)
	at org.junit.runners.model.FrameworkMethod$1.runReflectiveCall(FrameworkMethod.java:47)
	at org.junit.internal.runners.model.ReflectiveCallable.run(ReflectiveCallable.java:12)
	at org.junit.runners.model.FrameworkMethod.invokeExplosively(FrameworkMethod.java:44)
	at org.junit.internal.runners.statements.InvokeMethod.evaluate(InvokeMethod.java:17)
	at org.junit.runners.ParentRunner.runLeaf(ParentRunner.java:271)
	at org.junit.runners.BlockJUnit4ClassRunner.runChild(BlockJUnit4ClassRunner.java:70)
	at org.junit.runners.BlockJUnit4ClassRunner.runChild(BlockJUnit4ClassRunner.java:50)
	at org.junit.runners.ParentRunner$3.run(ParentRunner.java:238)
	at org.junit.runners.ParentRunner$1.schedule(ParentRunner.java:63)
	at org.junit.runners.ParentRunner.runChildren(ParentRunner.java:236)
	at org.junit.runners.ParentRunner.access$000(ParentRunner.java:53)
	at org.junit.runners.ParentRunner$2.evaluate(ParentRunner.java:229)
	at org.junit.runners.ParentRunner.run(ParentRunner.java:309)
	at org.junit.runners.Suite.runChild(Suite.java:127)
	at org.junit.runners.Suite.runChild(Suite.java:26)
	at org.junit.runners.ParentRunner$3.run(ParentRunner.java:238)
	at org.junit.runners.ParentRunner$1.schedule(ParentRunner.java:63)
	at org.junit.runners.ParentRunner.runChildren(ParentRunner.java:236)
	at org.junit.runners.ParentRunner.access$000(ParentRunner.java:53)
	at org.junit.runners.ParentRunner$2.evaluate(ParentRunner.java:229)
	at org.junit.runners.ParentRunner.run(ParentRunner.java:309)
	at org.junit.runner.JUnitCore.run(JUnitCore.java:160)
	at org.junit.runner.JUnitCore.run(JUnitCore.java:138)
	at com.novocode.junit.JUnitRunner$1.execute(JUnitRunner.java:132)
	at sbt.ForkMain$Run.lambda$runTest$1(ForkMain.java:304)
	at java.util.concurrent.FutureTask.run(FutureTask.java:266)
	at java.util.concurrent.ThreadPoolExecutor.runWorker(ThreadPoolExecutor.java:1149)
	at java.util.concurrent.ThreadPoolExecutor$Worker.run(ThreadPoolExecutor.java:624)
	at java.lang.Thread.run(Thread.java:748)
</failure>
                                               </testcase><testcase classname="miniscala.test.CPSOptimizer_Greybox" name="testCommonSubexpressionEliminationSimpleBlockTag" time="0.004">
                                                 <failure message="scala.MatchError: Halt(c0_74) (of class miniscala.CPSTreeModule$Halt)" type="sbt.ForkMain$ForkError">sbt.ForkMain$ForkError: scala.MatchError: Halt(c0_74) (of class miniscala.CPSTreeModule$Halt)
	at miniscala.CPSOptimizer.shrinkT$1(CPSOptimizer.scala:93)
	at miniscala.CPSOptimizer.shrinkT$1(CPSOptimizer.scala:102)
	at miniscala.CPSOptimizer.shrinkT$1(CPSOptimizer.scala:127)
	at miniscala.CPSOptimizer.$anonfun$shrink$6(CPSOptimizer.scala:148)
	at scala.collection.TraversableLike.$anonfun$map$1(TraversableLike.scala:238)
	at scala.collection.immutable.List.foreach(List.scala:392)
	at scala.collection.TraversableLike.map(TraversableLike.scala:238)
	at scala.collection.TraversableLike.map$(TraversableLike.scala:231)
	at scala.collection.immutable.List.map(List.scala:298)
	at miniscala.CPSOptimizer.shrinkT$1(CPSOptimizer.scala:148)
	at miniscala.CPSOptimizer.shrinkT$1(CPSOptimizer.scala:127)
	at miniscala.CPSOptimizer.shrinkT$1(CPSOptimizer.scala:102)
	at miniscala.CPSOptimizer.shrink(CPSOptimizer.scala:168)
	at miniscala.CPSOptimizer.$anonfun$apply$1(CPSOptimizer.scala:10)
	at scala.collection.immutable.Stream$.$anonfun$iterate$1(Stream.scala:1207)
	at scala.collection.immutable.Stream$Cons.tail(Stream.scala:1171)
	at scala.collection.immutable.Stream$Cons.tail(Stream.scala:1161)
	at scala.collection.immutable.Stream.$anonfun$take$2(Stream.scala:792)
	at scala.collection.immutable.Stream$Cons.tail(Stream.scala:1171)
	at scala.collection.immutable.Stream$Cons.tail(Stream.scala:1161)
	at miniscala.package$.fixedPoint(package.scala:4)
	at miniscala.package$.fixedPoint(package.scala:9)
	at miniscala.CPSOptimizer.apply(CPSOptimizer.scala:10)
	at miniscala.CPSOptimizerHigh$.apply(CPSOptimizer.scala:279)
	at scala.Function1.$anonfun$andThen$1(Function1.scala:57)
	at scala.Function1.$anonfun$andThen$1(Function1.scala:57)
	at scala.Function1.$anonfun$andThen$1(Function1.scala:57)
	at scala.Function1.$anonfun$andThen$1(Function1.scala:57)
	at scala.Function1.$anonfun$andThen$1(Function1.scala:57)
	at scala.Function1.$anonfun$andThen$1(Function1.scala:57)
	at scala.Function1.$anonfun$andThen$1(Function1.scala:57)
	at scala.Function1.$anonfun$andThen$1(Function1.scala:57)
	at miniscala.test.infrastructure.CompilerTest.compileInner(CompilerTest.scala:37)
	at miniscala.test.infrastructure.CompilerTest.$anonfun$compileUsingPipelineAndRedirect$1(CompilerTest.scala:44)
	at miniscala.test.infrastructure.SandboxedTest$$anon$1.run(SandboxedTest.scala:24)
	at java.security.AccessController.doPrivileged(Native Method)
	at miniscala.test.infrastructure.SandboxedTest.sandboxedTest(SandboxedTest.scala:34)
	at miniscala.test.infrastructure.SandboxedTest.sandboxedTestWithRedirectedIO(SandboxedTest.scala:45)
	at miniscala.test.infrastructure.CompilerTest.compileUsingPipelineAndRedirect(CompilerTest.scala:44)
	at miniscala.test.infrastructure.CompilerTest.compileUsingPipelineAndRedirect$(CompilerTest.scala:43)
	at miniscala.test.infrastructure.CPSTest.compileUsingPipelineAndRedirect(CPSTest.scala:11)
	at miniscala.test.infrastructure.CPSOptTest.testCPSOptStats(CPSOptTest.scala:60)
	at miniscala.test.infrastructure.CPSOptTest.testCPSBothSeq(CPSOptTest.scala:73)
	at miniscala.test.CPSOptimizer_Greybox.testCommonSubexpressionEliminationSimpleBlockTag(CPSOptimizer_Greybox.scala:145)
	at sun.reflect.NativeMethodAccessorImpl.invoke0(Native Method)
	at sun.reflect.NativeMethodAccessorImpl.invoke(NativeMethodAccessorImpl.java:62)
	at sun.reflect.DelegatingMethodAccessorImpl.invoke(DelegatingMethodAccessorImpl.java:43)
	at java.lang.reflect.Method.invoke(Method.java:498)
	at org.junit.runners.model.FrameworkMethod$1.runReflectiveCall(FrameworkMethod.java:47)
	at org.junit.internal.runners.model.ReflectiveCallable.run(ReflectiveCallable.java:12)
	at org.junit.runners.model.FrameworkMethod.invokeExplosively(FrameworkMethod.java:44)
	at org.junit.internal.runners.statements.InvokeMethod.evaluate(InvokeMethod.java:17)
	at org.junit.runners.ParentRunner.runLeaf(ParentRunner.java:271)
	at org.junit.runners.BlockJUnit4ClassRunner.runChild(BlockJUnit4ClassRunner.java:70)
	at org.junit.runners.BlockJUnit4ClassRunner.runChild(BlockJUnit4ClassRunner.java:50)
	at org.junit.runners.ParentRunner$3.run(ParentRunner.java:238)
	at org.junit.runners.ParentRunner$1.schedule(ParentRunner.java:63)
	at org.junit.runners.ParentRunner.runChildren(ParentRunner.java:236)
	at org.junit.runners.ParentRunner.access$000(ParentRunner.java:53)
	at org.junit.runners.ParentRunner$2.evaluate(ParentRunner.java:229)
	at org.junit.runners.ParentRunner.run(ParentRunner.java:309)
	at org.junit.runners.Suite.runChild(Suite.java:127)
	at org.junit.runners.Suite.runChild(Suite.java:26)
	at org.junit.runners.ParentRunner$3.run(ParentRunner.java:238)
	at org.junit.runners.ParentRunner$1.schedule(ParentRunner.java:63)
	at org.junit.runners.ParentRunner.runChildren(ParentRunner.java:236)
	at org.junit.runners.ParentRunner.access$000(ParentRunner.java:53)
	at org.junit.runners.ParentRunner$2.evaluate(ParentRunner.java:229)
	at org.junit.runners.ParentRunner.run(ParentRunner.java:309)
	at org.junit.runner.JUnitCore.run(JUnitCore.java:160)
	at org.junit.runner.JUnitCore.run(JUnitCore.java:138)
	at com.novocode.junit.JUnitRunner$1.execute(JUnitRunner.java:132)
	at sbt.ForkMain$Run.lambda$runTest$1(ForkMain.java:304)
	at java.util.concurrent.FutureTask.run(FutureTask.java:266)
	at java.util.concurrent.ThreadPoolExecutor.runWorker(ThreadPoolExecutor.java:1149)
	at java.util.concurrent.ThreadPoolExecutor$Worker.run(ThreadPoolExecutor.java:624)
	at java.lang.Thread.run(Thread.java:748)
</failure>
                                               </testcase><testcase classname="miniscala.test.CPSOptimizer_Greybox" name="testConstantFoldingBooleanAnd" time="0.002">
                                                 <failure message="scala.MatchError: Halt(c0_75) (of class miniscala.CPSTreeModule$Halt)" type="sbt.ForkMain$ForkError">sbt.ForkMain$ForkError: scala.MatchError: Halt(c0_75) (of class miniscala.CPSTreeModule$Halt)
	at miniscala.CPSOptimizer.shrinkT$1(CPSOptimizer.scala:93)
	at miniscala.CPSOptimizer.shrinkT$1(CPSOptimizer.scala:102)
	at miniscala.CPSOptimizer.$anonfun$shrink$6(CPSOptimizer.scala:148)
	at scala.collection.TraversableLike.$anonfun$map$1(TraversableLike.scala:238)
	at scala.collection.immutable.List.foreach(List.scala:392)
	at scala.collection.TraversableLike.map(TraversableLike.scala:238)
	at scala.collection.TraversableLike.map$(TraversableLike.scala:231)
	at scala.collection.immutable.List.map(List.scala:298)
	at miniscala.CPSOptimizer.shrinkT$1(CPSOptimizer.scala:148)
	at miniscala.CPSOptimizer.shrink(CPSOptimizer.scala:168)
	at miniscala.CPSOptimizer.$anonfun$apply$1(CPSOptimizer.scala:10)
	at scala.collection.immutable.Stream$.$anonfun$iterate$1(Stream.scala:1207)
	at scala.collection.immutable.Stream$Cons.tail(Stream.scala:1171)
	at scala.collection.immutable.Stream$Cons.tail(Stream.scala:1161)
	at scala.collection.immutable.Stream.$anonfun$take$2(Stream.scala:792)
	at scala.collection.immutable.Stream$Cons.tail(Stream.scala:1171)
	at scala.collection.immutable.Stream$Cons.tail(Stream.scala:1161)
	at miniscala.package$.fixedPoint(package.scala:4)
	at miniscala.package$.fixedPoint(package.scala:9)
	at miniscala.CPSOptimizer.apply(CPSOptimizer.scala:10)
	at miniscala.CPSOptimizerHigh$.apply(CPSOptimizer.scala:279)
	at scala.Function1.$anonfun$andThen$1(Function1.scala:57)
	at scala.Function1.$anonfun$andThen$1(Function1.scala:57)
	at scala.Function1.$anonfun$andThen$1(Function1.scala:57)
	at scala.Function1.$anonfun$andThen$1(Function1.scala:57)
	at scala.Function1.$anonfun$andThen$1(Function1.scala:57)
	at scala.Function1.$anonfun$andThen$1(Function1.scala:57)
	at scala.Function1.$anonfun$andThen$1(Function1.scala:57)
	at scala.Function1.$anonfun$andThen$1(Function1.scala:57)
	at miniscala.test.infrastructure.CompilerTest.compileInner(CompilerTest.scala:37)
	at miniscala.test.infrastructure.CompilerTest.$anonfun$compileUsingPipelineAndRedirect$1(CompilerTest.scala:44)
	at miniscala.test.infrastructure.SandboxedTest$$anon$1.run(SandboxedTest.scala:24)
	at java.security.AccessController.doPrivileged(Native Method)
	at miniscala.test.infrastructure.SandboxedTest.sandboxedTest(SandboxedTest.scala:34)
	at miniscala.test.infrastructure.SandboxedTest.sandboxedTestWithRedirectedIO(SandboxedTest.scala:45)
	at miniscala.test.infrastructure.CompilerTest.compileUsingPipelineAndRedirect(CompilerTest.scala:44)
	at miniscala.test.infrastructure.CompilerTest.compileUsingPipelineAndRedirect$(CompilerTest.scala:43)
	at miniscala.test.infrastructure.CPSTest.compileUsingPipelineAndRedirect(CPSTest.scala:11)
	at miniscala.test.infrastructure.CPSOptTest.testCPSOptStats(CPSOptTest.scala:60)
	at miniscala.test.infrastructure.CPSOptTest.testCPSOptEarly(CPSOptTest.scala:67)
	at miniscala.test.CPSOptimizer_Greybox.testConstantFoldingBooleanAnd(CPSOptimizer_Greybox.scala:95)
	at sun.reflect.NativeMethodAccessorImpl.invoke0(Native Method)
	at sun.reflect.NativeMethodAccessorImpl.invoke(NativeMethodAccessorImpl.java:62)
	at sun.reflect.DelegatingMethodAccessorImpl.invoke(DelegatingMethodAccessorImpl.java:43)
	at java.lang.reflect.Method.invoke(Method.java:498)
	at org.junit.runners.model.FrameworkMethod$1.runReflectiveCall(FrameworkMethod.java:47)
	at org.junit.internal.runners.model.ReflectiveCallable.run(ReflectiveCallable.java:12)
	at org.junit.runners.model.FrameworkMethod.invokeExplosively(FrameworkMethod.java:44)
	at org.junit.internal.runners.statements.InvokeMethod.evaluate(InvokeMethod.java:17)
	at org.junit.runners.ParentRunner.runLeaf(ParentRunner.java:271)
	at org.junit.runners.BlockJUnit4ClassRunner.runChild(BlockJUnit4ClassRunner.java:70)
	at org.junit.runners.BlockJUnit4ClassRunner.runChild(BlockJUnit4ClassRunner.java:50)
	at org.junit.runners.ParentRunner$3.run(ParentRunner.java:238)
	at org.junit.runners.ParentRunner$1.schedule(ParentRunner.java:63)
	at org.junit.runners.ParentRunner.runChildren(ParentRunner.java:236)
	at org.junit.runners.ParentRunner.access$000(ParentRunner.java:53)
	at org.junit.runners.ParentRunner$2.evaluate(ParentRunner.java:229)
	at org.junit.runners.ParentRunner.run(ParentRunner.java:309)
	at org.junit.runners.Suite.runChild(Suite.java:127)
	at org.junit.runners.Suite.runChild(Suite.java:26)
	at org.junit.runners.ParentRunner$3.run(ParentRunner.java:238)
	at org.junit.runners.ParentRunner$1.schedule(ParentRunner.java:63)
	at org.junit.runners.ParentRunner.runChildren(ParentRunner.java:236)
	at org.junit.runners.ParentRunner.access$000(ParentRunner.java:53)
	at org.junit.runners.ParentRunner$2.evaluate(ParentRunner.java:229)
	at org.junit.runners.ParentRunner.run(ParentRunner.java:309)
	at org.junit.runner.JUnitCore.run(JUnitCore.java:160)
	at org.junit.runner.JUnitCore.run(JUnitCore.java:138)
	at com.novocode.junit.JUnitRunner$1.execute(JUnitRunner.java:132)
	at sbt.ForkMain$Run.lambda$runTest$1(ForkMain.java:304)
	at java.util.concurrent.FutureTask.run(FutureTask.java:266)
	at java.util.concurrent.ThreadPoolExecutor.runWorker(ThreadPoolExecutor.java:1149)
	at java.util.concurrent.ThreadPoolExecutor$Worker.run(ThreadPoolExecutor.java:624)
	at java.lang.Thread.run(Thread.java:748)
</failure>
                                               </testcase><testcase classname="miniscala.test.CPSOptimizer_Greybox" name="testEtaReductionInfintelyRecursiveFunction" time="0.002">
                                                 <failure message="scala.MatchError: Halt(c0_76) (of class miniscala.CPSTreeModule$Halt)" type="sbt.ForkMain$ForkError">sbt.ForkMain$ForkError: scala.MatchError: Halt(c0_76) (of class miniscala.CPSTreeModule$Halt)
	at miniscala.CPSOptimizer.shrinkT$1(CPSOptimizer.scala:93)
	at miniscala.CPSOptimizer.shrinkT$1(CPSOptimizer.scala:102)
	at miniscala.CPSOptimizer.$anonfun$shrink$6(CPSOptimizer.scala:148)
	at scala.collection.TraversableLike.$anonfun$map$1(TraversableLike.scala:238)
	at scala.collection.immutable.List.foreach(List.scala:392)
	at scala.collection.TraversableLike.map(TraversableLike.scala:238)
	at scala.collection.TraversableLike.map$(TraversableLike.scala:231)
	at scala.collection.immutable.List.map(List.scala:298)
	at miniscala.CPSOptimizer.shrinkT$1(CPSOptimizer.scala:148)
	at miniscala.CPSOptimizer.shrinkT$1(CPSOptimizer.scala:144)
	at miniscala.CPSOptimizer.shrink(CPSOptimizer.scala:168)
	at miniscala.CPSOptimizer.$anonfun$apply$1(CPSOptimizer.scala:10)
	at scala.collection.immutable.Stream$.$anonfun$iterate$1(Stream.scala:1207)
	at scala.collection.immutable.Stream$Cons.tail(Stream.scala:1171)
	at scala.collection.immutable.Stream$Cons.tail(Stream.scala:1161)
	at scala.collection.immutable.Stream.$anonfun$take$2(Stream.scala:792)
	at scala.collection.immutable.Stream$Cons.tail(Stream.scala:1171)
	at scala.collection.immutable.Stream$Cons.tail(Stream.scala:1161)
	at miniscala.package$.fixedPoint(package.scala:4)
	at miniscala.package$.fixedPoint(package.scala:9)
	at miniscala.CPSOptimizer.apply(CPSOptimizer.scala:10)
	at miniscala.CPSOptimizerHigh$.apply(CPSOptimizer.scala:279)
	at scala.Function1.$anonfun$andThen$1(Function1.scala:57)
	at scala.Function1.$anonfun$andThen$1(Function1.scala:57)
	at scala.Function1.$anonfun$andThen$1(Function1.scala:57)
	at scala.Function1.$anonfun$andThen$1(Function1.scala:57)
	at scala.Function1.$anonfun$andThen$1(Function1.scala:57)
	at scala.Function1.$anonfun$andThen$1(Function1.scala:57)
	at scala.Function1.$anonfun$andThen$1(Function1.scala:57)
	at scala.Function1.$anonfun$andThen$1(Function1.scala:57)
	at miniscala.test.infrastructure.CompilerTest.compileInner(CompilerTest.scala:37)
	at miniscala.test.infrastructure.CompilerTest.$anonfun$compileUsingPipelineAndRedirect$1(CompilerTest.scala:44)
	at miniscala.test.infrastructure.SandboxedTest$$anon$1.run(SandboxedTest.scala:24)
	at java.security.AccessController.doPrivileged(Native Method)
	at miniscala.test.infrastructure.SandboxedTest.sandboxedTest(SandboxedTest.scala:34)
	at miniscala.test.infrastructure.SandboxedTest.sandboxedTestWithRedirectedIO(SandboxedTest.scala:45)
	at miniscala.test.infrastructure.CompilerTest.compileUsingPipelineAndRedirect(CompilerTest.scala:44)
	at miniscala.test.infrastructure.CompilerTest.compileUsingPipelineAndRedirect$(CompilerTest.scala:43)
	at miniscala.test.infrastructure.CPSTest.compileUsingPipelineAndRedirect(CPSTest.scala:11)
	at miniscala.test.infrastructure.CPSOptTest.testCPSOptStats(CPSOptTest.scala:60)
	at miniscala.test.infrastructure.CPSOptTest.testCPSOptEarly(CPSOptTest.scala:67)
	at miniscala.test.CPSOptimizer_Greybox.testEtaReductionInfintelyRecursiveFunction(CPSOptimizer_Greybox.scala:20)
	at sun.reflect.NativeMethodAccessorImpl.invoke0(Native Method)
	at sun.reflect.NativeMethodAccessorImpl.invoke(NativeMethodAccessorImpl.java:62)
	at sun.reflect.DelegatingMethodAccessorImpl.invoke(DelegatingMethodAccessorImpl.java:43)
	at java.lang.reflect.Method.invoke(Method.java:498)
	at org.junit.runners.model.FrameworkMethod$1.runReflectiveCall(FrameworkMethod.java:47)
	at org.junit.internal.runners.model.ReflectiveCallable.run(ReflectiveCallable.java:12)
	at org.junit.runners.model.FrameworkMethod.invokeExplosively(FrameworkMethod.java:44)
	at org.junit.internal.runners.statements.InvokeMethod.evaluate(InvokeMethod.java:17)
	at org.junit.runners.ParentRunner.runLeaf(ParentRunner.java:271)
	at org.junit.runners.BlockJUnit4ClassRunner.runChild(BlockJUnit4ClassRunner.java:70)
	at org.junit.runners.BlockJUnit4ClassRunner.runChild(BlockJUnit4ClassRunner.java:50)
	at org.junit.runners.ParentRunner$3.run(ParentRunner.java:238)
	at org.junit.runners.ParentRunner$1.schedule(ParentRunner.java:63)
	at org.junit.runners.ParentRunner.runChildren(ParentRunner.java:236)
	at org.junit.runners.ParentRunner.access$000(ParentRunner.java:53)
	at org.junit.runners.ParentRunner$2.evaluate(ParentRunner.java:229)
	at org.junit.runners.ParentRunner.run(ParentRunner.java:309)
	at org.junit.runners.Suite.runChild(Suite.java:127)
	at org.junit.runners.Suite.runChild(Suite.java:26)
	at org.junit.runners.ParentRunner$3.run(ParentRunner.java:238)
	at org.junit.runners.ParentRunner$1.schedule(ParentRunner.java:63)
	at org.junit.runners.ParentRunner.runChildren(ParentRunner.java:236)
	at org.junit.runners.ParentRunner.access$000(ParentRunner.java:53)
	at org.junit.runners.ParentRunner$2.evaluate(ParentRunner.java:229)
	at org.junit.runners.ParentRunner.run(ParentRunner.java:309)
[...]
	at org.junit.runners.model.FrameworkMethod.invokeExplosively(FrameworkMethod.java:44)
	at org.junit.internal.runners.statements.InvokeMethod.evaluate(InvokeMethod.java:17)
	at org.junit.runners.ParentRunner.runLeaf(ParentRunner.java:271)
	at org.junit.runners.BlockJUnit4ClassRunner.runChild(BlockJUnit4ClassRunner.java:70)
	at org.junit.runners.BlockJUnit4ClassRunner.runChild(BlockJUnit4ClassRunner.java:50)
	at org.junit.runners.ParentRunner$3.run(ParentRunner.java:238)
	at org.junit.runners.ParentRunner$1.schedule(ParentRunner.java:63)
	at org.junit.runners.ParentRunner.runChildren(ParentRunner.java:236)
	at org.junit.runners.ParentRunner.access$000(ParentRunner.java:53)
	at org.junit.runners.ParentRunner$2.evaluate(ParentRunner.java:229)
	at org.junit.runners.ParentRunner.run(ParentRunner.java:309)
	at org.junit.runners.Suite.runChild(Suite.java:127)
	at org.junit.runners.Suite.runChild(Suite.java:26)
	at org.junit.runners.ParentRunner$3.run(ParentRunner.java:238)
	at org.junit.runners.ParentRunner$1.schedule(ParentRunner.java:63)
	at org.junit.runners.ParentRunner.runChildren(ParentRunner.java:236)
	at org.junit.runners.ParentRunner.access$000(ParentRunner.java:53)
	at org.junit.runners.ParentRunner$2.evaluate(ParentRunner.java:229)
	at org.junit.runners.ParentRunner.run(ParentRunner.java:309)
	at org.junit.runner.JUnitCore.run(JUnitCore.java:160)
	at org.junit.runner.JUnitCore.run(JUnitCore.java:138)
	at com.novocode.junit.JUnitRunner$1.execute(JUnitRunner.java:132)
	at sbt.ForkMain$Run.lambda$runTest$1(ForkMain.java:304)
	at java.util.concurrent.FutureTask.run(FutureTask.java:266)
	at java.util.concurrent.ThreadPoolExecutor.runWorker(ThreadPoolExecutor.java:1149)
	at java.util.concurrent.ThreadPoolExecutor$Worker.run(ThreadPoolExecutor.java:624)
	at java.lang.Thread.run(Thread.java:748)
</failure>
                                               </testcase><testcase classname="miniscala.test.CPSOptimizer_Greybox" name="testConstantFoldingBooleanOr" time="0.002">
                                                 <failure message="scala.MatchError: Halt(c0_102) (of class miniscala.CPSTreeModule$Halt)" type="sbt.ForkMain$ForkError">sbt.ForkMain$ForkError: scala.MatchError: Halt(c0_102) (of class miniscala.CPSTreeModule$Halt)
	at miniscala.CPSOptimizer.shrinkT$1(CPSOptimizer.scala:93)
	at miniscala.CPSOptimizer.shrinkT$1(CPSOptimizer.scala:102)
	at miniscala.CPSOptimizer.$anonfun$shrink$6(CPSOptimizer.scala:148)
	at scala.collection.TraversableLike.$anonfun$map$1(TraversableLike.scala:238)
	at scala.collection.immutable.List.foreach(List.scala:392)
	at scala.collection.TraversableLike.map(TraversableLike.scala:238)
	at scala.collection.TraversableLike.map$(TraversableLike.scala:231)
	at scala.collection.immutable.List.map(List.scala:298)
	at miniscala.CPSOptimizer.shrinkT$1(CPSOptimizer.scala:148)
	at miniscala.CPSOptimizer.shrink(CPSOptimizer.scala:168)
	at miniscala.CPSOptimizer.$anonfun$apply$1(CPSOptimizer.scala:10)
	at scala.collection.immutable.Stream$.$anonfun$iterate$1(Stream.scala:1207)
	at scala.collection.immutable.Stream$Cons.tail(Stream.scala:1171)
	at scala.collection.immutable.Stream$Cons.tail(Stream.scala:1161)
	at scala.collection.immutable.Stream.$anonfun$take$2(Stream.scala:792)
	at scala.collection.immutable.Stream$Cons.tail(Stream.scala:1171)
	at scala.collection.immutable.Stream$Cons.tail(Stream.scala:1161)
	at miniscala.package$.fixedPoint(package.scala:4)
	at miniscala.package$.fixedPoint(package.scala:9)
	at miniscala.CPSOptimizer.apply(CPSOptimizer.scala:10)
	at miniscala.CPSOptimizerHigh$.apply(CPSOptimizer.scala:279)
	at scala.Function1.$anonfun$andThen$1(Function1.scala:57)
	at scala.Function1.$anonfun$andThen$1(Function1.scala:57)
	at scala.Function1.$anonfun$andThen$1(Function1.scala:57)
	at scala.Function1.$anonfun$andThen$1(Function1.scala:57)
	at scala.Function1.$anonfun$andThen$1(Function1.scala:57)
	at scala.Function1.$anonfun$andThen$1(Function1.scala:57)
	at scala.Function1.$anonfun$andThen$1(Function1.scala:57)
	at scala.Function1.$anonfun$andThen$1(Function1.scala:57)
	at miniscala.test.infrastructure.CompilerTest.compileInner(CompilerTest.scala:37)
	at miniscala.test.infrastructure.CompilerTest.$anonfun$compileUsingPipelineAndRedirect$1(CompilerTest.scala:44)
	at miniscala.test.infrastructure.SandboxedTest$$anon$1.run(SandboxedTest.scala:24)
	at java.security.AccessController.doPrivileged(Native Method)
	at miniscala.test.infrastructure.SandboxedTest.sandboxedTest(SandboxedTest.scala:34)
	at miniscala.test.infrastructure.SandboxedTest.sandboxedTestWithRedirectedIO(SandboxedTest.scala:45)
	at miniscala.test.infrastructure.CompilerTest.compileUsingPipelineAndRedirect(CompilerTest.scala:44)
	at miniscala.test.infrastructure.CompilerTest.compileUsingPipelineAndRedirect$(CompilerTest.scala:43)
	at miniscala.test.infrastructure.CPSTest.compileUsingPipelineAndRedirect(CPSTest.scala:11)
	at miniscala.test.infrastructure.CPSOptTest.testCPSOptStats(CPSOptTest.scala:60)
	at miniscala.test.infrastructure.CPSOptTest.testCPSOptEarly(CPSOptTest.scala:67)
	at miniscala.test.CPSOptimizer_Greybox.testConstantFoldingBooleanOr(CPSOptimizer_Greybox.scala:98)
	at sun.reflect.NativeMethodAccessorImpl.invoke0(Native Method)
	at sun.reflect.NativeMethodAccessorImpl.invoke(NativeMethodAccessorImpl.java:62)
	at sun.reflect.DelegatingMethodAccessorImpl.invoke(DelegatingMethodAccessorImpl.java:43)
	at java.lang.reflect.Method.invoke(Method.java:498)
	at org.junit.runners.model.FrameworkMethod$1.runReflectiveCall(FrameworkMethod.java:47)
	at org.junit.internal.runners.model.ReflectiveCallable.run(ReflectiveCallable.java:12)
	at org.junit.runners.model.FrameworkMethod.invokeExplosively(FrameworkMethod.java:44)
	at org.junit.internal.runners.statements.InvokeMethod.evaluate(InvokeMethod.java:17)
	at org.junit.runners.ParentRunner.runLeaf(ParentRunner.java:271)
	at org.junit.runners.BlockJUnit4ClassRunner.runChild(BlockJUnit4ClassRunner.java:70)
	at org.junit.runners.BlockJUnit4ClassRunner.runChild(BlockJUnit4ClassRunner.java:50)
	at org.junit.runners.ParentRunner$3.run(ParentRunner.java:238)
	at org.junit.runners.ParentRunner$1.schedule(ParentRunner.java:63)
	at org.junit.runners.ParentRunner.runChildren(ParentRunner.java:236)
	at org.junit.runners.ParentRunner.access$000(ParentRunner.java:53)
	at org.junit.runners.ParentRunner$2.evaluate(ParentRunner.java:229)
	at org.junit.runners.ParentRunner.run(ParentRunner.java:309)
	at org.junit.runners.Suite.runChild(Suite.java:127)
	at org.junit.runners.Suite.runChild(Suite.java:26)
	at org.junit.runners.ParentRunner$3.run(ParentRunner.java:238)
	at org.junit.runners.ParentRunner$1.schedule(ParentRunner.java:63)
	at org.junit.runners.ParentRunner.runChildren(ParentRunner.java:236)
	at org.junit.runners.ParentRunner.access$000(ParentRunner.java:53)
	at org.junit.runners.ParentRunner$2.evaluate(ParentRunner.java:229)
	at org.junit.runners.ParentRunner.run(ParentRunner.java:309)
	at org.junit.runner.JUnitCore.run(JUnitCore.java:160)
	at org.junit.runner.JUnitCore.run(JUnitCore.java:138)
	at com.novocode.junit.JUnitRunner$1.execute(JUnitRunner.java:132)
	at sbt.ForkMain$Run.lambda$runTest$1(ForkMain.java:304)
	at java.util.concurrent.FutureTask.run(FutureTask.java:266)
	at java.util.concurrent.ThreadPoolExecutor.runWorker(ThreadPoolExecutor.java:1149)
	at java.util.concurrent.ThreadPoolExecutor$Worker.run(ThreadPoolExecutor.java:624)
	at java.lang.Thread.run(Thread.java:748)
</failure>
                                               </testcase><testcase classname="miniscala.test.CPSOptimizer_Greybox" name="testFunInliningCrasher" time="0.001">
                                                 <failure message="java.util.NoSuchElementException: key not found: x" type="sbt.ForkMain$ForkError">sbt.ForkMain$ForkError: java.util.NoSuchElementException: key not found: x
	at scala.collection.immutable.Map$Map1.apply(Map.scala:114)
	at miniscala.CPSOptimizer.$anonfun$shrink$1(CPSOptimizer.scala:114)
	at scala.collection.TraversableLike.$anonfun$map$1(TraversableLike.scala:238)
	at scala.collection.immutable.List.foreach(List.scala:392)
	at scala.collection.TraversableLike.map(TraversableLike.scala:238)
	at scala.collection.TraversableLike.map$(TraversableLike.scala:231)
	at scala.collection.immutable.List.map(List.scala:298)
	at miniscala.CPSOptimizer.shrinkT$1(CPSOptimizer.scala:114)
	at miniscala.CPSOptimizer.shrinkT$1(CPSOptimizer.scala:102)
	at miniscala.CPSOptimizer.$anonfun$shrink$6(CPSOptimizer.scala:148)
	at scala.collection.TraversableLike.$anonfun$map$1(TraversableLike.scala:238)
	at scala.collection.immutable.List.foreach(List.scala:392)
	at scala.collection.TraversableLike.map(TraversableLike.scala:238)
	at scala.collection.TraversableLike.map$(TraversableLike.scala:231)
	at scala.collection.immutable.List.map(List.scala:298)
	at miniscala.CPSOptimizer.shrinkT$1(CPSOptimizer.scala:148)
	at miniscala.CPSOptimizer.shrinkT$1(CPSOptimizer.scala:149)
	at miniscala.CPSOptimizer.$anonfun$shrink$4(CPSOptimizer.scala:143)
	at scala.collection.TraversableLike.$anonfun$map$1(TraversableLike.scala:238)
	at scala.collection.immutable.List.foreach(List.scala:392)
	at scala.collection.TraversableLike.map(TraversableLike.scala:238)
	at scala.collection.TraversableLike.map$(TraversableLike.scala:231)
	at scala.collection.immutable.List.map(List.scala:298)
	at miniscala.CPSOptimizer.shrinkT$1(CPSOptimizer.scala:143)
	at miniscala.CPSOptimizer.shrink(CPSOptimizer.scala:168)
	at miniscala.CPSOptimizer.$anonfun$apply$1(CPSOptimizer.scala:10)
	at scala.collection.immutable.Stream$.$anonfun$iterate$1(Stream.scala:1207)
	at scala.collection.immutable.Stream$Cons.tail(Stream.scala:1171)
	at scala.collection.immutable.Stream$Cons.tail(Stream.scala:1161)
	at scala.collection.immutable.Stream.$anonfun$take$2(Stream.scala:792)
	at scala.collection.immutable.Stream$Cons.tail(Stream.scala:1171)
	at scala.collection.immutable.Stream$Cons.tail(Stream.scala:1161)
	at miniscala.package$.fixedPoint(package.scala:4)
	at miniscala.package$.fixedPoint(package.scala:9)
	at miniscala.CPSOptimizer.apply(CPSOptimizer.scala:10)
	at miniscala.CPSOptimizerHigh$.apply(CPSOptimizer.scala:279)
	at scala.Function1.$anonfun$andThen$1(Function1.scala:57)
	at scala.Function1.$anonfun$andThen$1(Function1.scala:57)
	at scala.Function1.$anonfun$andThen$1(Function1.scala:57)
	at scala.Function1.$anonfun$andThen$1(Function1.scala:57)
	at scala.Function1.$anonfun$andThen$1(Function1.scala:57)
	at scala.Function1.$anonfun$andThen$1(Function1.scala:57)
	at scala.Function1.$anonfun$andThen$1(Function1.scala:57)
	at scala.Function1.$anonfun$andThen$1(Function1.scala:57)
	at miniscala.test.infrastructure.CompilerTest.compileInner(CompilerTest.scala:37)
	at miniscala.test.infrastructure.CompilerTest.$anonfun$compileUsingPipelineAndRedirect$1(CompilerTest.scala:44)
	at miniscala.test.infrastructure.SandboxedTest$$anon$1.run(SandboxedTest.scala:24)
	at java.security.AccessController.doPrivileged(Native Method)
	at miniscala.test.infrastructure.SandboxedTest.sandboxedTest(SandboxedTest.scala:34)
	at miniscala.test.infrastructure.SandboxedTest.sandboxedTestWithRedirectedIO(SandboxedTest.scala:45)
	at miniscala.test.infrastructure.CompilerTest.compileUsingPipelineAndRedirect(CompilerTest.scala:44)
	at miniscala.test.infrastructure.CompilerTest.compileUsingPipelineAndRedirect$(CompilerTest.scala:43)
	at miniscala.test.infrastructure.CPSTest.compileUsingPipelineAndRedirect(CPSTest.scala:11)
	at miniscala.test.infrastructure.CPSOptTest.testCPSOptStats(CPSOptTest.scala:60)
	at miniscala.test.infrastructure.CPSOptTest.testCPSOptEarly(CPSOptTest.scala:67)
	at miniscala.test.CPSOptimizer_Greybox.testFunInliningCrasher(CPSOptimizer_Greybox.scala:52)
	at sun.reflect.NativeMethodAccessorImpl.invoke0(Native Method)
	at sun.reflect.NativeMethodAccessorImpl.invoke(NativeMethodAccessorImpl.java:62)
	at sun.reflect.DelegatingMethodAccessorImpl.invoke(DelegatingMethodAccessorImpl.java:43)
	at java.lang.reflect.Method.invoke(Method.java:498)
	at org.junit.runners.model.FrameworkMethod$1.runReflectiveCall(FrameworkMethod.java:47)
	at org.junit.internal.runners.model.ReflectiveCallable.run(ReflectiveCallable.java:12)
	at org.junit.runners.model.FrameworkMethod.invokeExplosively(FrameworkMethod.java:44)
	at org.junit.internal.runners.statements.InvokeMethod.evaluate(InvokeMethod.java:17)
	at org.junit.runners.ParentRunner.runLeaf(ParentRunner.java:271)
	at org.junit.runners.BlockJUnit4ClassRunner.runChild(BlockJUnit4ClassRunner.java:70)
	at org.junit.runners.BlockJUnit4ClassRunner.runChild(BlockJUnit4ClassRunner.java:50)
	at org.junit.runners.ParentRunner$3.run(ParentRunner.java:238)
	at org.junit.runners.ParentRunner$1.schedule(ParentRunner.java:63)
	at org.junit.runners.ParentRunner.runChildren(ParentRunner.java:236)
	at org.junit.runners.ParentRunner.access$000(ParentRunner.java:53)
	at org.junit.runners.ParentRunner$2.evaluate(ParentRunner.java:229)
	at org.junit.runners.ParentRunner.run(ParentRunner.java:309)
	at org.junit.runners.Suite.runChild(Suite.java:127)
	at org.junit.runners.Suite.runChild(Suite.java:26)
	at org.junit.runners.ParentRunner$3.run(ParentRunner.java:238)
	at org.junit.runners.ParentRunner$1.schedule(ParentRunner.java:63)
	at org.junit.runners.ParentRunner.runChildren(ParentRunner.java:236)
	at org.junit.runners.ParentRunner.access$000(ParentRunner.java:53)
	at org.junit.runners.ParentRunner$2.evaluate(ParentRunner.java:229)
	at org.junit.runners.ParentRunner.run(ParentRunner.java:309)
	at org.junit.runner.JUnitCore.run(JUnitCore.java:160)
	at org.junit.runner.JUnitCore.run(JUnitCore.java:138)
	at com.novocode.junit.JUnitRunner$1.execute(JUnitRunner.java:132)
	at sbt.ForkMain$Run.lambda$runTest$1(ForkMain.java:304)
	at java.util.concurrent.FutureTask.run(FutureTask.java:266)
	at java.util.concurrent.ThreadPoolExecutor.runWorker(ThreadPoolExecutor.java:1149)
	at java.util.concurrent.ThreadPoolExecutor$Worker.run(ThreadPoolExecutor.java:624)
	at java.lang.Thread.run(Thread.java:748)
</failure>
                                               </testcase><testcase classname="miniscala.test.CPSOptimizer_Greybox" name="testNeutralElementsSubZero" time="0.002">
                                                 <failure message="java.util.NoSuchElementException: key not found: v_6112" type="sbt.ForkMain$ForkError">sbt.ForkMain$ForkError: java.util.NoSuchElementException: key not found: v_6112
	at scala.collection.immutable.Map$Map1.apply(Map.scala:114)
	at miniscala.CPSOptimizer.$anonfun$shrink$1(CPSOptimizer.scala:114)
	at scala.collection.TraversableLike.$anonfun$map$1(TraversableLike.scala:238)
	at scala.collection.immutable.List.foreach(List.scala:392)
	at scala.collection.TraversableLike.map(TraversableLike.scala:238)
	at scala.collection.TraversableLike.map$(TraversableLike.scala:231)
	at scala.collection.immutable.List.map(List.scala:298)
	at miniscala.CPSOptimizer.shrinkT$1(CPSOptimizer.scala:114)
	at miniscala.CPSOptimizer.shrinkT$1(CPSOptimizer.scala:102)
	at miniscala.CPSOptimizer.shrinkT$1(CPSOptimizer.scala:127)
	at miniscala.CPSOptimizer.shrink(CPSOptimizer.scala:168)
	at miniscala.CPSOptimizer.$anonfun$apply$1(CPSOptimizer.scala:10)
	at scala.collection.immutable.Stream$.$anonfun$iterate$1(Stream.scala:1207)
	at scala.collection.immutable.Stream$Cons.tail(Stream.scala:1171)
	at scala.collection.immutable.Stream$Cons.tail(Stream.scala:1161)
	at scala.collection.immutable.Stream.$anonfun$take$2(Stream.scala:792)
	at scala.collection.immutable.Stream$Cons.tail(Stream.scala:1171)
	at scala.collection.immutable.Stream$Cons.tail(Stream.scala:1161)
	at miniscala.package$.fixedPoint(package.scala:4)
	at miniscala.package$.fixedPoint(package.scala:9)
	at miniscala.CPSOptimizer.apply(CPSOptimizer.scala:10)
	at miniscala.CPSOptimizerHigh$.apply(CPSOptimizer.scala:279)
	at scala.Function1.$anonfun$andThen$1(Function1.scala:57)
	at scala.Function1.$anonfun$andThen$1(Function1.scala:57)
	at scala.Function1.$anonfun$andThen$1(Function1.scala:57)
	at scala.Function1.$anonfun$andThen$1(Function1.scala:57)
	at scala.Function1.$anonfun$andThen$1(Function1.scala:57)
	at scala.Function1.$anonfun$andThen$1(Function1.scala:57)
	at scala.Function1.$anonfun$andThen$1(Function1.scala:57)
	at scala.Function1.$anonfun$andThen$1(Function1.scala:57)
	at miniscala.test.infrastructure.CompilerTest.compileInner(CompilerTest.scala:37)
	at miniscala.test.infrastructure.CompilerTest.$anonfun$compileUsingPipelineAndRedirect$1(CompilerTest.scala:44)
	at miniscala.test.infrastructure.SandboxedTest$$anon$1.run(SandboxedTest.scala:24)
	at java.security.AccessController.doPrivileged(Native Method)
	at miniscala.test.infrastructure.SandboxedTest.sandboxedTest(SandboxedTest.scala:34)
	at miniscala.test.infrastructure.SandboxedTest.sandboxedTestWithRedirectedIO(SandboxedTest.scala:45)
	at miniscala.test.infrastructure.CompilerTest.compileUsingPipelineAndRedirect(CompilerTest.scala:44)
	at miniscala.test.infrastructure.CompilerTest.compileUsingPipelineAndRedirect$(CompilerTest.scala:43)
	at miniscala.test.infrastructure.CPSTest.compileUsingPipelineAndRedirect(CPSTest.scala:11)
	at miniscala.test.infrastructure.CPSOptTest.testCPSOptStats(CPSOptTest.scala:60)
	at miniscala.test.infrastructure.CPSOptTest.testCPSBothSeq(CPSOptTest.scala:73)
	at miniscala.test.CPSOptimizer_Greybox.testNeutralElementsSubZero(CPSOptimizer_Greybox.scala:123)
	at sun.reflect.NativeMethodAccessorImpl.invoke0(Native Method)
	at sun.reflect.NativeMethodAccessorImpl.invoke(NativeMethodAccessorImpl.java:62)
	at sun.reflect.DelegatingMethodAccessorImpl.invoke(DelegatingMethodAccessorImpl.java:43)
	at java.lang.reflect.Method.invoke(Method.java:498)
	at org.junit.runners.model.FrameworkMethod$1.runReflectiveCall(FrameworkMethod.java:47)
	at org.junit.internal.runners.model.ReflectiveCallable.run(ReflectiveCallable.java:12)
	at org.junit.runners.model.FrameworkMethod.invokeExplosively(FrameworkMethod.java:44)
	at org.junit.internal.runners.statements.InvokeMethod.evaluate(InvokeMethod.java:17)
	at org.junit.runners.ParentRunner.runLeaf(ParentRunner.java:271)
	at org.junit.runners.BlockJUnit4ClassRunner.runChild(BlockJUnit4ClassRunner.java:70)
	at org.junit.runners.BlockJUnit4ClassRunner.runChild(BlockJUnit4ClassRunner.java:50)
	at org.junit.runners.ParentRunner$3.run(ParentRunner.java:238)
	at org.junit.runners.ParentRunner$1.schedule(ParentRunner.java:63)
	at org.junit.runners.ParentRunner.runChildren(ParentRunner.java:236)
	at org.junit.runners.ParentRunner.access$000(ParentRunner.java:53)
	at org.junit.runners.ParentRunner$2.evaluate(ParentRunner.java:229)
	at org.junit.runners.ParentRunner.run(ParentRunner.java:309)
	at org.junit.runners.Suite.runChild(Suite.java:127)
	at org.junit.runners.Suite.runChild(Suite.java:26)
	at org.junit.runners.ParentRunner$3.run(ParentRunner.java:238)
	at org.junit.runners.ParentRunner$1.schedule(ParentRunner.java:63)
	at org.junit.runners.ParentRunner.runChildren(ParentRunner.java:236)
	at org.junit.runners.ParentRunner.access$000(ParentRunner.java:53)
	at org.junit.runners.ParentRunner$2.evaluate(ParentRunner.java:229)
	at org.junit.runners.ParentRunner.run(ParentRunner.java:309)
	at org.junit.runner.JUnitCore.run(JUnitCore.java:160)
	at org.junit.runner.JUnitCore.run(JUnitCore.java:138)
	at com.novocode.junit.JUnitRunner$1.execute(JUnitRunner.java:132)
	at sbt.ForkMain$Run.lambda$runTest$1(ForkMain.java:304)
	at java.util.concurrent.FutureTask.run(FutureTask.java:266)
	at java.util.concurrent.ThreadPoolExecutor.runWorker(ThreadPoolExecutor.java:1149)
	at java.util.concurrent.ThreadPoolExecutor$Worker.run(ThreadPoolExecutor.java:624)
	at java.lang.Thread.run(Thread.java:748)
</failure>
                                               </testcase>
                     <system-out><![CDATA[]]></system-out>
                     <system-err><![CDATA[]]></system-err>
                   </testsuite>