<?xml version='1.0' encoding='UTF-8'?>
<testsuite hostname="Stevens-MacBook-Pro.local" name="miniscala.test.CPSOptimizer_Blackbox" tests="62" errors="0" failures="2" skipped="0" time="2.543" timestamp="2020-03-31T14:53:12">
                     <properties>
[...]
</properties>
                     <testcase classname="miniscala.test.CPSOptimizer_Blackbox" name="testLibFunctions3" time="0.675">
                                                 
                                               </testcase><testcase classname="miniscala.test.CPSOptimizer_Blackbox" name="testSideEffectingCondition" time="0.046">
                                                 
                                               </testcase><testcase classname="miniscala.test.CPSOptimizer_Blackbox" name="testPrimitiveLogic3" time="0.02">
                                                 
                                               </testcase><testcase classname="miniscala.test.CPSOptimizer_Blackbox" name="testPrimitiveLogic4" time="0.01">
                                                 
                                               </testcase><testcase classname="miniscala.test.CPSOptimizer_Blackbox" name="testPrimitiveLogic5" time="0.013">
                                                 
                                               </testcase><testcase classname="miniscala.test.CPSOptimizer_Blackbox" name="testPrimitiveLogic6" time="0.012">
                                                 
                                               </testcase><testcase classname="miniscala.test.CPSOptimizer_Blackbox" name="testPrimitiveLogic7" time="0.013">
                                                 
                                               </testcase><testcase classname="miniscala.test.CPSOptimizer_Blackbox" name="testPrimitiveLogic8" time="0.011">
                                                 
                                               </testcase><testcase classname="miniscala.test.CPSOptimizer_Blackbox" name="testPrimitiveLogic9" time="0.01">
                                                 
                                               </testcase><testcase classname="miniscala.test.CPSOptimizer_Blackbox" name="testLibLists10" time="0.201">
                                                 
                                               </testcase><testcase classname="miniscala.test.CPSOptimizer_Blackbox" name="testLibLists11" time="0.127">
                                                 
                                               </testcase><testcase classname="miniscala.test.CPSOptimizer_Blackbox" name="testLibLists12" time="0.089">
                                                 
                                               </testcase><testcase classname="miniscala.test.CPSOptimizer_Blackbox" name="testLibLists13" time="0.055">
                                                 
                                               </testcase><testcase classname="miniscala.test.CPSOptimizer_Blackbox" name="testConditional1" time="0.004">
                                                 
                                               </testcase><testcase classname="miniscala.test.CPSOptimizer_Blackbox" name="testConditional2" time="0.003">
                                                 
                                               </testcase><testcase classname="miniscala.test.CPSOptimizer_Blackbox" name="testConditional4" time="0.004">
                                                 
                                               </testcase><testcase classname="miniscala.test.CPSOptimizer_Blackbox" name="testLibStrings1" time="0.041">
                                                 
                                               </testcase><testcase classname="miniscala.test.CPSOptimizer_Blackbox" name="testLibStrings2" time="0.026">
                                                 
                                               </testcase><testcase classname="miniscala.test.CPSOptimizer_Blackbox" name="testLibStrings3" time="0.515">
                                                 
                                               </testcase><testcase classname="miniscala.test.CPSOptimizer_Blackbox" name="testLibLists1" time="0.034">
                                                 
                                               </testcase><testcase classname="miniscala.test.CPSOptimizer_Blackbox" name="testLibLists2" time="0.029">
                                                 
                                               </testcase><testcase classname="miniscala.test.CPSOptimizer_Blackbox" name="testLibLists3" time="0.03">
                                                 
                                               </testcase><testcase classname="miniscala.test.CPSOptimizer_Blackbox" name="testLibLists4" time="0.051">
                                                 
                                               </testcase><testcase classname="miniscala.test.CPSOptimizer_Blackbox" name="testLibLists5" time="0.018">
                                                 <failure message="java.util.NoSuchElementException: key not found: listFoldLeft" type="sbt.ForkMain$ForkError">sbt.ForkMain$ForkError: java.util.NoSuchElementException: key not found: listFoldLeft
	at scala.collection.immutable.Map$Map4.apply(Map.scala:207)
	at miniscala.CPSOptimizer.newVaribleHelperFunction(CPSOptimizer.scala:375)
	at miniscala.CPSOptimizer.newVaribleHelperFunction(CPSOptimizer.scala:368)
	at miniscala.CPSOptimizer.inlineT$1(CPSOptimizer.scala:302)
	at miniscala.CPSOptimizer.inlineT$1(CPSOptimizer.scala:285)
	at miniscala.CPSOptimizer.$anonfun$inline$7(CPSOptimizer.scala:283)
	at scala.collection.TraversableLike.$anonfun$map$1(TraversableLike.scala:238)
	at scala.collection.immutable.List.foreach(List.scala:392)
	at scala.collection.TraversableLike.map(TraversableLike.scala:238)
	at scala.collection.TraversableLike.map$(TraversableLike.scala:231)
	at scala.collection.immutable.List.map(List.scala:298)
	at miniscala.CPSOptimizer.inlineT$1(CPSOptimizer.scala:283)
	at miniscala.CPSOptimizer.$anonfun$inline$7(CPSOptimizer.scala:283)
	at scala.collection.TraversableLike.$anonfun$map$1(TraversableLike.scala:238)
	at scala.collection.immutable.List.foreach(List.scala:392)
	at scala.collection.TraversableLike.map(TraversableLike.scala:238)
	at scala.collection.TraversableLike.map$(TraversableLike.scala:231)
	at scala.collection.immutable.List.map(List.scala:298)
	at miniscala.CPSOptimizer.inlineT$1(CPSOptimizer.scala:283)
	at miniscala.CPSOptimizer.$anonfun$inline$7(CPSOptimizer.scala:283)
	at scala.collection.TraversableLike.$anonfun$map$1(TraversableLike.scala:238)
	at scala.collection.immutable.List.foreach(List.scala:392)
	at scala.collection.TraversableLike.map(TraversableLike.scala:238)
	at scala.collection.TraversableLike.map$(TraversableLike.scala:231)
	at scala.collection.immutable.List.map(List.scala:298)
	at miniscala.CPSOptimizer.inlineT$1(CPSOptimizer.scala:283)
	at miniscala.CPSOptimizer.$anonfun$inline$7(CPSOptimizer.scala:283)
	at scala.collection.TraversableLike.$anonfun$map$1(TraversableLike.scala:238)
	at scala.collection.immutable.List.foreach(List.scala:392)
	at scala.collection.TraversableLike.map(TraversableLike.scala:238)
	at scala.collection.TraversableLike.map$(TraversableLike.scala:231)
	at scala.collection.immutable.List.map(List.scala:298)
	at miniscala.CPSOptimizer.inlineT$1(CPSOptimizer.scala:283)
	at miniscala.CPSOptimizer.inlineT$1(CPSOptimizer.scala:279)
	at miniscala.CPSOptimizer.$anonfun$inline$7(CPSOptimizer.scala:283)
	at scala.collection.TraversableLike.$anonfun$map$1(TraversableLike.scala:238)
	at scala.collection.immutable.List.foreach(List.scala:392)
	at scala.collection.TraversableLike.map(TraversableLike.scala:238)
	at scala.collection.TraversableLike.map$(TraversableLike.scala:231)
	at scala.collection.immutable.List.map(List.scala:298)
	at miniscala.CPSOptimizer.inlineT$1(CPSOptimizer.scala:283)
	at miniscala.CPSOptimizer.inlineT$1(CPSOptimizer.scala:272)
	at miniscala.CPSOptimizer.$anonfun$inline$7(CPSOptimizer.scala:283)
	at scala.collection.TraversableLike.$anonfun$map$1(TraversableLike.scala:238)
	at scala.collection.immutable.List.foreach(List.scala:392)
	at scala.collection.TraversableLike.map(TraversableLike.scala:238)
	at scala.collection.TraversableLike.map$(TraversableLike.scala:231)
	at scala.collection.immutable.List.map(List.scala:298)
	at miniscala.CPSOptimizer.inlineT$1(CPSOptimizer.scala:283)
	at miniscala.CPSOptimizer.inlineT$1(CPSOptimizer.scala:268)
	at miniscala.CPSOptimizer.inlineT$1(CPSOptimizer.scala:272)
	at miniscala.CPSOptimizer.inlineT$1(CPSOptimizer.scala:268)
	at miniscala.CPSOptimizer.inlineT$1(CPSOptimizer.scala:272)
	at miniscala.CPSOptimizer.inlineT$1(CPSOptimizer.scala:268)
	at miniscala.CPSOptimizer.inlineT$1(CPSOptimizer.scala:268)
	at miniscala.CPSOptimizer.inlineT$1(CPSOptimizer.scala:268)
	at miniscala.CPSOptimizer.$anonfun$inline$7(CPSOptimizer.scala:283)
	at scala.collection.TraversableLike.$anonfun$map$1(TraversableLike.scala:238)
	at scala.collection.immutable.List.foreach(List.scala:392)
	at scala.collection.TraversableLike.map(TraversableLike.scala:238)
	at scala.collection.TraversableLike.map$(TraversableLike.scala:231)
	at scala.collection.immutable.List.map(List.scala:298)
	at miniscala.CPSOptimizer.inlineT$1(CPSOptimizer.scala:283)
	at miniscala.CPSOptimizer.inlineT$1(CPSOptimizer.scala:268)
	at miniscala.CPSOptimizer.inlineT$1(CPSOptimizer.scala:279)
	at miniscala.CPSOptimizer.inlineT$1(CPSOptimizer.scala:279)
	at miniscala.CPSOptimizer.$anonfun$inline$1(CPSOptimizer.scala:310)
	at scala.collection.immutable.Stream$.$anonfun$iterate$1(Stream.scala:1207)
	at scala.collection.immutable.Stream$Cons.tail(Stream.scala:1171)
	at scala.collection.immutable.Stream$Cons.tail(Stream.scala:1161)
	at scala.collection.immutable.Stream.$anonfun$take$2(Stream.scala:792)
	at scala.collection.immutable.Stream$Cons.tail(Stream.scala:1171)
	at scala.collection.immutable.Stream$Cons.tail(Stream.scala:1161)
	at scala.collection.immutable.Stream.$anonfun$takeWhile$1(Stream.scala:880)
	at scala.collection.immutable.Stream$Cons.tail(Stream.scala:1171)
	at scala.collection.immutable.Stream$Cons.tail(Stream.scala:1161)
	at scala.collection.LinearSeqOptimized.last(LinearSeqOptimized.scala:155)
	at scala.collection.LinearSeqOptimized.last$(LinearSeqOptimized.scala:149)
	at scala.collection.immutable.Stream.last(Stream.scala:204)
	at miniscala.CPSOptimizer.inline(CPSOptimizer.scala:313)
	at miniscala.CPSOptimizer.$anonfun$apply$2(CPSOptimizer.scala:13)
	at scala.collection.immutable.Stream$.$anonfun$iterate$1(Stream.scala:1207)
	at scala.collection.immutable.Stream$Cons.tail(Stream.scala:1171)
	at scala.collection.immutable.Stream$Cons.tail(Stream.scala:1161)
	at scala.collection.immutable.Stream.$anonfun$take$2(Stream.scala:792)
	at scala.collection.immutable.Stream$Cons.tail(Stream.scala:1171)
	at scala.collection.immutable.Stream$Cons.tail(Stream.scala:1161)
	at miniscala.package$.fixedPoint(package.scala:4)
	at miniscala.package$.fixedPoint(package.scala:12)
	at miniscala.CPSOptimizer.apply(CPSOptimizer.scala:13)
	at miniscala.CPSOptimizerHigh$.apply(CPSOptimizer.scala:469)
	at scala.Function1.$anonfun$andThen$1(Function1.scala:57)
	at scala.Function1.$anonfun$andThen$1(Function1.scala:57)
	at scala.Function1.$anonfun$andThen$1(Function1.scala:57)
	at scala.Function1.$anonfun$andThen$1(Function1.scala:57)
	at scala.Function1.$anonfun$andThen$1(Function1.scala:57)
	at scala.Function1.$anonfun$andThen$1(Function1.scala:57)
	at miniscala.test.infrastructure.CompilerTest.compileInner(CompilerTest.scala:37)
	at miniscala.test.infrastructure.CompilerTest.$anonfun$compileUsingPipelineAndRedirect$1(CompilerTest.scala:44)
	at miniscala.test.infrastructure.SandboxedTest$$anon$1.run(SandboxedTest.scala:24)
	at java.base/java.security.AccessController.doPrivileged(AccessController.java:391)
	at miniscala.test.infrastructure.SandboxedTest.sandboxedTest(SandboxedTest.scala:34)
	at miniscala.test.infrastructure.SandboxedTest.sandboxedTestWithRedirectedIO(SandboxedTest.scala:45)
	at miniscala.test.infrastructure.CompilerTest.compileUsingPipelineAndRedirect(CompilerTest.scala:44)
	at miniscala.test.infrastructure.CompilerTest.compileUsingPipelineAndRedirect$(CompilerTest.scala:43)
	at miniscala.test.infrastructure.CPSTest.compileUsingPipelineAndRedirect(CPSTest.scala:11)
	at miniscala.test.infrastructure.CPSOptTest.testCPSLowProgramOutput(CPSOptTest.scala:91)
	at miniscala.test.CPSOptimizer_Blackbox.$anonfun$compileAndInterpret$1(CPSOptimizer_Blackbox.scala:9)
	at miniscala.test.CPSOptimizer_Blackbox.$anonfun$compileAndInterpret$1$adapted(CPSOptimizer_Blackbox.scala:9)
	at miniscala.test.ok.LibraryOKTests.$anonfun$compileAndInterpretWithLib$1(LibraryOKTests.scala:19)
	at miniscala.test.ok.LibraryOKTests.$anonfun$compileAndInterpretWithLib$1$adapted(LibraryOKTests.scala:19)
	at miniscala.test.ok.LibraryOKTests.testLibLists5(LibraryOKTests.scala:59)
	at miniscala.test.ok.LibraryOKTests.testLibLists5$(LibraryOKTests.scala:58)
	at miniscala.test.CPSOptimizer_Blackbox.testLibLists5(CPSOptimizer_Blackbox.scala:7)
	at java.base/jdk.internal.reflect.NativeMethodAccessorImpl.invoke0(Native Method)
	at java.base/jdk.internal.reflect.NativeMethodAccessorImpl.invoke(NativeMethodAccessorImpl.java:62)
	at java.base/jdk.internal.reflect.DelegatingMethodAccessorImpl.invoke(DelegatingMethodAccessorImpl.java:43)
	at java.base/java.lang.reflect.Method.invoke(Method.java:567)
	at org.junit.runners.model.FrameworkMethod$1.runReflectiveCall(FrameworkMethod.java:47)
	at org.junit.internal.runners.model.ReflectiveCallable.run(ReflectiveCallable.java:12)
	at org.junit.runners.model.FrameworkMethod.invokeExplosively(FrameworkMethod.java:44)
	at org.junit.internal.runners.statements.InvokeMethod.evaluate(InvokeMethod.java:17)
	at org.junit.runners.ParentRunner.runLeaf(ParentRunner.java:271)
	at org.junit.runners.BlockJUnit4ClassRunner.runChild(BlockJUnit4ClassRunner.java:70)
	at org.junit.runners.BlockJUnit4ClassRunner.runChild(BlockJUnit4ClassRunner.java:50)
	at org.junit.runners.ParentRunner$3.run(ParentRunner.java:238)
	at org.junit.runners.ParentRunner$1.schedule(ParentRunner.java:63)
	at org.junit.runners.ParentRunner.runChildren(ParentRunner.java:236)
	at org.junit.runners.ParentRunner.access$000(ParentRunner.java:53)
	at org.junit.runners.ParentRunner$2.evaluate(ParentRunner.java:229)
	at org.junit.runners.ParentRunner.run(ParentRunner.java:309)
	at org.junit.runners.Suite.runChild(Suite.java:127)
	at org.junit.runners.Suite.runChild(Suite.java:26)
	at org.junit.runners.ParentRunner$3.run(ParentRunner.java:238)
	at org.junit.runners.ParentRunner$1.schedule(ParentRunner.java:63)
	at org.junit.runners.ParentRunner.runChildren(ParentRunner.java:236)
	at org.junit.runners.ParentRunner.access$000(ParentRunner.java:53)
	at org.junit.runners.ParentRunner$2.evaluate(ParentRunner.java:229)
	at org.junit.runners.ParentRunner.run(ParentRunner.java:309)
	at org.junit.runner.JUnitCore.run(JUnitCore.java:160)
	at org.junit.runner.JUnitCore.run(JUnitCore.java:138)
	at com.novocode.junit.JUnitRunner$1.execute(JUnitRunner.java:132)
	at sbt.ForkMain$Run.lambda$runTest$1(ForkMain.java:304)
	at java.base/java.util.concurrent.FutureTask.run(FutureTask.java:264)
	at java.base/java.util.concurrent.ThreadPoolExecutor.runWorker(ThreadPoolExecutor.java:1128)
	at java.base/java.util.concurrent.ThreadPoolExecutor$Worker.run(ThreadPoolExecutor.java:628)
	at java.base/java.lang.Thread.run(Thread.java:830)
</failure>
                                               </testcase><testcase classname="miniscala.test.CPSOptimizer_Blackbox" name="testLibLists6" time="0.02">
                                                 <failure message="java.util.NoSuchElementException: key not found: listFoldRight" type="sbt.ForkMain$ForkError">sbt.ForkMain$ForkError: java.util.NoSuchElementException: key not found: listFoldRight
	at scala.collection.immutable.Map$Map4.apply(Map.scala:207)
	at miniscala.CPSOptimizer.newVaribleHelperFunction(CPSOptimizer.scala:375)
	at miniscala.CPSOptimizer.newVaribleHelperFunction(CPSOptimizer.scala:368)
	at miniscala.CPSOptimizer.inlineT$1(CPSOptimizer.scala:302)
	at miniscala.CPSOptimizer.inlineT$1(CPSOptimizer.scala:285)
	at miniscala.CPSOptimizer.$anonfun$inline$7(CPSOptimizer.scala:283)
	at scala.collection.TraversableLike.$anonfun$map$1(TraversableLike.scala:238)
	at scala.collection.immutable.List.foreach(List.scala:392)
	at scala.collection.TraversableLike.map(TraversableLike.scala:238)
	at scala.collection.TraversableLike.map$(TraversableLike.scala:231)
	at scala.collection.immutable.List.map(List.scala:298)
	at miniscala.CPSOptimizer.inlineT$1(CPSOptimizer.scala:283)
	at miniscala.CPSOptimizer.$anonfun$inline$7(CPSOptimizer.scala:283)
	at scala.collection.TraversableLike.$anonfun$map$1(TraversableLike.scala:238)
	at scala.collection.immutable.List.foreach(List.scala:392)
	at scala.collection.TraversableLike.map(TraversableLike.scala:238)
	at scala.collection.TraversableLike.map$(TraversableLike.scala:231)
	at scala.collection.immutable.List.map(List.scala:298)
	at miniscala.CPSOptimizer.inlineT$1(CPSOptimizer.scala:283)
	at miniscala.CPSOptimizer.$anonfun$inline$7(CPSOptimizer.scala:283)
	at scala.collection.TraversableLike.$anonfun$map$1(TraversableLike.scala:238)
	at scala.collection.immutable.List.foreach(List.scala:392)
	at scala.collection.TraversableLike.map(TraversableLike.scala:238)
	at scala.collection.TraversableLike.map$(TraversableLike.scala:231)
	at scala.collection.immutable.List.map(List.scala:298)
	at miniscala.CPSOptimizer.inlineT$1(CPSOptimizer.scala:283)
	at miniscala.CPSOptimizer.$anonfun$inline$7(CPSOptimizer.scala:283)
	at scala.collection.TraversableLike.$anonfun$map$1(TraversableLike.scala:238)
	at scala.collection.immutable.List.foreach(List.scala:392)
	at scala.collection.TraversableLike.map(TraversableLike.scala:238)
	at scala.collection.TraversableLike.map$(TraversableLike.scala:231)
	at scala.collection.immutable.List.map(List.scala:298)
	at miniscala.CPSOptimizer.inlineT$1(CPSOptimizer.scala:283)
	at miniscala.CPSOptimizer.inlineT$1(CPSOptimizer.scala:279)
	at miniscala.CPSOptimizer.$anonfun$inline$7(CPSOptimizer.scala:283)
	at scala.collection.TraversableLike.$anonfun$map$1(TraversableLike.scala:238)
	at scala.collection.immutable.List.foreach(List.scala:392)
	at scala.collection.TraversableLike.map(TraversableLike.scala:238)
	at scala.collection.TraversableLike.map$(TraversableLike.scala:231)
	at scala.collection.immutable.List.map(List.scala:298)
	at miniscala.CPSOptimizer.inlineT$1(CPSOptimizer.scala:283)
	at miniscala.CPSOptimizer.inlineT$1(CPSOptimizer.scala:272)
	at miniscala.CPSOptimizer.$anonfun$inline$7(CPSOptimizer.scala:283)
	at scala.collection.TraversableLike.$anonfun$map$1(TraversableLike.scala:238)
	at scala.collection.immutable.List.foreach(List.scala:392)
	at scala.collection.TraversableLike.map(TraversableLike.scala:238)
	at scala.collection.TraversableLike.map$(TraversableLike.scala:231)
	at scala.collection.immutable.List.map(List.scala:298)
	at miniscala.CPSOptimizer.inlineT$1(CPSOptimizer.scala:283)
	at miniscala.CPSOptimizer.inlineT$1(CPSOptimizer.scala:268)
	at miniscala.CPSOptimizer.inlineT$1(CPSOptimizer.scala:272)
	at miniscala.CPSOptimizer.inlineT$1(CPSOptimizer.scala:268)
	at miniscala.CPSOptimizer.inlineT$1(CPSOptimizer.scala:272)
	at miniscala.CPSOptimizer.inlineT$1(CPSOptimizer.scala:268)
	at miniscala.CPSOptimizer.inlineT$1(CPSOptimizer.scala:268)
	at miniscala.CPSOptimizer.inlineT$1(CPSOptimizer.scala:268)
	at miniscala.CPSOptimizer.$anonfun$inline$7(CPSOptimizer.scala:283)
	at scala.collection.TraversableLike.$anonfun$map$1(TraversableLike.scala:238)
	at scala.collection.immutable.List.foreach(List.scala:392)
	at scala.collection.TraversableLike.map(TraversableLike.scala:238)
	at scala.collection.TraversableLike.map$(TraversableLike.scala:231)
	at scala.collection.immutable.List.map(List.scala:298)
	at miniscala.CPSOptimizer.inlineT$1(CPSOptimizer.scala:283)
	at miniscala.CPSOptimizer.inlineT$1(CPSOptimizer.scala:268)
	at miniscala.CPSOptimizer.inlineT$1(CPSOptimizer.scala:279)
	at miniscala.CPSOptimizer.inlineT$1(CPSOptimizer.scala:279)
	at miniscala.CPSOptimizer.$anonfun$inline$1(CPSOptimizer.scala:310)
	at scala.collection.immutable.Stream$.$anonfun$iterate$1(Stream.scala:1207)
	at scala.collection.immutable.Stream$Cons.tail(Stream.scala:1171)
	at scala.collection.immutable.Stream$Cons.tail(Stream.scala:1161)
	at scala.collection.immutable.Stream.$anonfun$take$2(Stream.scala:792)
	at scala.collection.immutable.Stream$Cons.tail(Stream.scala:1171)
	at scala.collection.immutable.Stream$Cons.tail(Stream.scala:1161)
	at scala.collection.immutable.Stream.$anonfun$takeWhile$1(Stream.scala:880)
	at scala.collection.immutable.Stream$Cons.tail(Stream.scala:1171)
	at scala.collection.immutable.Stream$Cons.tail(Stream.scala:1161)
	at scala.collection.LinearSeqOptimized.last(LinearSeqOptimized.scala:155)
	at scala.collection.LinearSeqOptimized.last$(LinearSeqOptimized.scala:149)
	at scala.collection.immutable.Stream.last(Stream.scala:204)
	at miniscala.CPSOptimizer.inline(CPSOptimizer.scala:313)
	at miniscala.CPSOptimizer.$anonfun$apply$2(CPSOptimizer.scala:13)
	at scala.collection.immutable.Stream$.$anonfun$iterate$1(Stream.scala:1207)
	at scala.collection.immutable.Stream$Cons.tail(Stream.scala:1171)
	at scala.collection.immutable.Stream$Cons.tail(Stream.scala:1161)
	at scala.collection.immutable.Stream.$anonfun$take$2(Stream.scala:792)
	at scala.collection.immutable.Stream$Cons.tail(Stream.scala:1171)
	at scala.collection.immutable.Stream$Cons.tail(Stream.scala:1161)
	at miniscala.package$.fixedPoint(package.scala:4)
	at miniscala.package$.fixedPoint(package.scala:12)
	at miniscala.CPSOptimizer.apply(CPSOptimizer.scala:13)
	at miniscala.CPSOptimizerHigh$.apply(CPSOptimizer.scala:469)
	at scala.Function1.$anonfun$andThen$1(Function1.scala:57)
	at scala.Function1.$anonfun$andThen$1(Function1.scala:57)
	at scala.Function1.$anonfun$andThen$1(Function1.scala:57)
	at scala.Function1.$anonfun$andThen$1(Function1.scala:57)
	at scala.Function1.$anonfun$andThen$1(Function1.scala:57)
	at scala.Function1.$anonfun$andThen$1(Function1.scala:57)
	at miniscala.test.infrastructure.CompilerTest.compileInner(CompilerTest.scala:37)
	at miniscala.test.infrastructure.CompilerTest.$anonfun$compileUsingPipelineAndRedirect$1(CompilerTest.scala:44)
	at miniscala.test.infrastructure.SandboxedTest$$anon$1.run(SandboxedTest.scala:24)
	at java.base/java.security.AccessController.doPrivileged(AccessController.java:391)
	at miniscala.test.infrastructure.SandboxedTest.sandboxedTest(SandboxedTest.scala:34)
	at miniscala.test.infrastructure.SandboxedTest.sandboxedTestWithRedirectedIO(SandboxedTest.scala:45)
	at miniscala.test.infrastructure.CompilerTest.compileUsingPipelineAndRedirect(CompilerTest.scala:44)
	at miniscala.test.infrastructure.CompilerTest.compileUsingPipelineAndRedirect$(CompilerTest.scala:43)
	at miniscala.test.infrastructure.CPSTest.compileUsingPipelineAndRedirect(CPSTest.scala:11)
	at miniscala.test.infrastructure.CPSOptTest.testCPSLowProgramOutput(CPSOptTest.scala:91)
	at miniscala.test.CPSOptimizer_Blackbox.$anonfun$compileAndInterpret$1(CPSOptimizer_Blackbox.scala:9)
	at miniscala.test.CPSOptimizer_Blackbox.$anonfun$compileAndInterpret$1$adapted(CPSOptimizer_Blackbox.scala:9)
	at miniscala.test.ok.LibraryOKTests.$anonfun$compileAndInterpretWithLib$1(LibraryOKTests.scala:19)
	at miniscala.test.ok.LibraryOKTests.$anonfun$compileAndInterpretWithLib$1$adapted(LibraryOKTests.scala:19)
	at miniscala.test.ok.LibraryOKTests.testLibLists6(LibraryOKTests.scala:71)
	at miniscala.test.ok.LibraryOKTests.testLibLists6$(LibraryOKTests.scala:70)
	at miniscala.test.CPSOptimizer_Blackbox.testLibLists6(CPSOptimizer_Blackbox.scala:7)
	at java.base/jdk.internal.reflect.NativeMethodAccessorImpl.invoke0(Native Method)
	at java.base/jdk.internal.reflect.NativeMethodAccessorImpl.invoke(NativeMethodAccessorImpl.java:62)
	at java.base/jdk.internal.reflect.DelegatingMethodAccessorImpl.invoke(DelegatingMethodAccessorImpl.java:43)
	at java.base/java.lang.reflect.Method.invoke(Method.java:567)
	at org.junit.runners.model.FrameworkMethod$1.runReflectiveCall(FrameworkMethod.java:47)
	at org.junit.internal.runners.model.ReflectiveCallable.run(ReflectiveCallable.java:12)
	at org.junit.runners.model.FrameworkMethod.invokeExplosively(FrameworkMethod.java:44)
	at org.junit.internal.runners.statements.InvokeMethod.evaluate(InvokeMethod.java:17)
	at org.junit.runners.ParentRunner.runLeaf(ParentRunner.java:271)
	at org.junit.runners.BlockJUnit4ClassRunner.runChild(BlockJUnit4ClassRunner.java:70)
	at org.junit.runners.BlockJUnit4ClassRunner.runChild(BlockJUnit4ClassRunner.java:50)
	at org.junit.runners.ParentRunner$3.run(ParentRunner.java:238)
	at org.junit.runners.ParentRunner$1.schedule(ParentRunner.java:63)
	at org.junit.runners.ParentRunner.runChildren(ParentRunner.java:236)
	at org.junit.runners.ParentRunner.access$000(ParentRunner.java:53)
	at org.junit.runners.ParentRunner$2.evaluate(ParentRunner.java:229)
	at org.junit.runners.ParentRunner.run(ParentRunner.java:309)
	at org.junit.runners.Suite.runChild(Suite.java:127)
	at org.junit.runners.Suite.runChild(Suite.java:26)
	at org.junit.runners.ParentRunner$3.run(ParentRunner.java:238)
	at org.junit.runners.ParentRunner$1.schedule(ParentRunner.java:63)
	at org.junit.runners.ParentRunner.runChildren(ParentRunner.java:236)
	at org.junit.runners.ParentRunner.access$000(ParentRunner.java:53)
	at org.junit.runners.ParentRunner$2.evaluate(ParentRunner.java:229)
	at org.junit.runners.ParentRunner.run(ParentRunner.java:309)
	at org.junit.runner.JUnitCore.run(JUnitCore.java:160)
	at org.junit.runner.JUnitCore.run(JUnitCore.java:138)
	at com.novocode.junit.JUnitRunner$1.execute(JUnitRunner.java:132)
	at sbt.ForkMain$Run.lambda$runTest$1(ForkMain.java:304)
	at java.base/java.util.concurrent.FutureTask.run(FutureTask.java:264)
	at java.base/java.util.concurrent.ThreadPoolExecutor.runWorker(ThreadPoolExecutor.java:1128)
	at java.base/java.util.concurrent.ThreadPoolExecutor$Worker.run(ThreadPoolExecutor.java:628)
	at java.base/java.lang.Thread.run(Thread.java:830)
</failure>
                                               </testcase><testcase classname="miniscala.test.CPSOptimizer_Blackbox" name="testLibLists7" time="0.067">
                                                 
                                               </testcase><testcase classname="miniscala.test.CPSOptimizer_Blackbox" name="testLibLists8" time="0.06">
                                                 
                                               </testcase><testcase classname="miniscala.test.CPSOptimizer_Blackbox" name="testLibLists9" time="0.047">
                                                 
                                               </testcase><testcase classname="miniscala.test.CPSOptimizer_Blackbox" name="testPrimitiveArithmetic1" time="0.004">
                                                 
                                               </testcase><testcase classname="miniscala.test.CPSOptimizer_Blackbox" name="testPrimitiveArithmetic2" time="0.002">
                                                 
                                               </testcase><testcase classname="miniscala.test.CPSOptimizer_Blackbox" name="testPrimitiveArithmetic3" time="0.003">
                                                 
                                               </testcase><testcase classname="miniscala.test.CPSOptimizer_Blackbox" name="testPrimitiveArithmetic4" time="0.003">
                                                 
                                               </testcase><testcase classname="miniscala.test.CPSOptimizer_Blackbox" name="testPrimitiveArithmetic5" time="0.002">
                                                 
                                               </testcase><testcase classname="miniscala.test.CPSOptimizer_Blackbox" name="testPrimitiveArithmetic6" time="0.002">
                                                 
                                               </testcase><testcase classname="miniscala.test.CPSOptimizer_Blackbox" name="testPrimitiveArithmetic7" time="0.003">
                                                 
                                               </testcase><testcase classname="miniscala.test.CPSOptimizer_Blackbox" name="testPrimitiveArithmetic8" time="0.002">
                                                 
                                               </testcase><testcase classname="miniscala.test.CPSOptimizer_Blackbox" name="testPrimitiveArithmetic9" time="0.004">
                                                 
                                               </testcase><testcase classname="miniscala.test.CPSOptimizer_Blackbox" name="testPrimitiveArithmetic10" time="0.006">
                                                 
                                               </testcase><testcase classname="miniscala.test.CPSOptimizer_Blackbox" name="testPrimitiveBlocks1" time="0.019">
                                                 
                                               </testcase><testcase classname="miniscala.test.CPSOptimizer_Blackbox" name="testPrimitiveBlocks2" time="0.016">
                                                 
                                               </testcase><testcase classname="miniscala.test.CPSOptimizer_Blackbox" name="testPrimitiveBlocks3" time="0.009">
                                                 
                                               </testcase><testcase classname="miniscala.test.CPSOptimizer_Blackbox" name="testPrimitiveBlocks4" time="0.009">
                                                 
                                               </testcase><testcase classname="miniscala.test.CPSOptimizer_Blackbox" name="testPrimitiveBlocks5" time="0.018">
                                                 
                                               </testcase><testcase classname="miniscala.test.CPSOptimizer_Blackbox" name="testPrimitiveBlocks7" time="0.019">
                                                 
                                               </testcase><testcase classname="miniscala.test.CPSOptimizer_Blackbox" name="testPrimitiveLogic10" time="0.006">
                                                 
                                               </testcase><testcase classname="miniscala.test.CPSOptimizer_Blackbox" name="testPrimitiveLogic11" time="0.002">
                                                 
                                               </testcase><testcase classname="miniscala.test.CPSOptimizer_Blackbox" name="testPrimitiveLogic12" time="0.004">
                                                 
                                               </testcase><testcase classname="miniscala.test.CPSOptimizer_Blackbox" name="testPrimitiveLogic13" time="0.003">
                                                 
                                               </testcase><testcase classname="miniscala.test.CPSOptimizer_Blackbox" name="testPrimitiveLogic14" time="0.002">
                                                 
                                               </testcase><testcase classname="miniscala.test.CPSOptimizer_Blackbox" name="testPrimitiveLogic15" time="0.011">
                                                 
                                               </testcase><testcase classname="miniscala.test.CPSOptimizer_Blackbox" name="testPrimitiveLogic16" time="0.008">
                                                 
                                               </testcase><testcase classname="miniscala.test.CPSOptimizer_Blackbox" name="testPrimitiveLogic17" time="0.003">
                                                 
                                               </testcase><testcase classname="miniscala.test.CPSOptimizer_Blackbox" name="testPrimitiveLogic18" time="0.02">
                                                 
                                               </testcase><testcase classname="miniscala.test.CPSOptimizer_Blackbox" name="testPrimitiveLogic19" time="0.009">
                                                 
                                               </testcase><testcase classname="miniscala.test.CPSOptimizer_Blackbox" name="testPrimitiveLogic22" time="0.003">
                                                 
                                               </testcase><testcase classname="miniscala.test.CPSOptimizer_Blackbox" name="testPrimitiveLogic23" time="0.024">
                                                 
                                               </testcase><testcase classname="miniscala.test.CPSOptimizer_Blackbox" name="testPrimitiveLogic24" time="0.017">
                                                 
                                               </testcase><testcase classname="miniscala.test.CPSOptimizer_Blackbox" name="testPrimitiveLogic25" time="0.033">
                                                 
                                               </testcase><testcase classname="miniscala.test.CPSOptimizer_Blackbox" name="testPrimitiveLog20" time="0.004">
                                                 
                                               </testcase><testcase classname="miniscala.test.CPSOptimizer_Blackbox" name="testPrimitiveLog21" time="0.003">
                                                 
                                               </testcase><testcase classname="miniscala.test.CPSOptimizer_Blackbox" name="testLetrec" time="0.023">
                                                 
                                               </testcase><testcase classname="miniscala.test.CPSOptimizer_Blackbox" name="testAppOrder" time="0.016">
                                                 
                                               </testcase>
                     <system-out><![CDATA[]]></system-out>
                     <system-err><![CDATA[]]></system-err>
                   </testsuite>